[13:46:29] This is prokka 1.13.3
[13:46:29] Written by Torsten Seemann <torsten.seemann@gmail.com>
[13:46:29] Homepage is https://github.com/tseemann/prokka
[13:46:29] Local time is Wed Oct 17 13:46:29 2018
[13:46:29] You are ronson
[13:46:29] Operating system is linux
[13:46:29] You have BioPerl 1.007002
[13:46:29] System has 16 cores.
[13:46:29] Will use maximum of 14 cores.
[13:46:29] Annotating as >>> Bacteria <<<
[13:46:29] Creating new output folder: R88B_prokka_clean
[13:46:29] Running: mkdir -p R88B_prokka_clean
[13:46:29] Using filename prefix: R88B.XXX
[13:46:29] Setting HMMER_NCPU=1
[13:46:29] Writing log to: R88B_prokka_clean/R88B.log
[13:46:29] Command: /home/ronson/miniconda3/envs/py36/bin/prokka --rawproduct --outdir R88B_prokka_clean --prefix R88B --locustag R88B --genus Mesorhizobium --species loti --strain R88B --mincontiglen 10000 --cpus 14 R88B.hybrid.final.fasta
[13:46:29] Appending to PATH: /home/ronson/miniconda3/envs/py36/bin
[13:46:29] Looking for 'aragorn' - found /home/ronson/miniconda3/envs/py36/bin/aragorn
[13:46:29] Determined aragorn version is 1.2
[13:46:29] Looking for 'barrnap' - found /home/ronson/miniconda3/envs/py36/bin/barrnap
[13:46:29] Determined barrnap version is 0.9
[13:46:29] Looking for 'blastp' - found /home/ronson/miniconda3/envs/py36/bin/blastp
[13:46:30] Determined blastp version is 2.7
[13:46:30] Looking for 'cmpress' - found /home/ronson/miniconda3/envs/py36/bin/cmpress
[13:46:30] Determined cmpress version is 1.1
[13:46:30] Looking for 'cmscan' - found /home/ronson/miniconda3/envs/py36/bin/cmscan
[13:46:30] Determined cmscan version is 1.1
[13:46:30] Looking for 'egrep' - found /bin/egrep
[13:46:30] Looking for 'find' - found /usr/bin/find
[13:46:30] Looking for 'grep' - found /bin/grep
[13:46:30] Looking for 'hmmpress' - found /home/ronson/miniconda3/envs/py36/bin/hmmpress
[13:46:30] Determined hmmpress version is 3.2
[13:46:30] Looking for 'hmmscan' - found /home/ronson/miniconda3/envs/py36/bin/hmmscan
[13:46:30] Determined hmmscan version is 3.2
[13:46:30] Looking for 'java' - found /home/ronson/miniconda3/envs/py36/bin/java
[13:46:30] Looking for 'less' - found /usr/bin/less
[13:46:30] Looking for 'makeblastdb' - found /home/ronson/miniconda3/envs/py36/bin/makeblastdb
[13:46:30] Determined makeblastdb version is 2.7
[13:46:30] Looking for 'minced' - found /home/ronson/miniconda3/envs/py36/bin/minced
[13:46:30] Determined minced version is 3.0
[13:46:30] Looking for 'parallel' - found /home/ronson/miniconda3/envs/py36/bin/parallel
[13:46:30] Determined parallel version is 20180922
[13:46:30] Looking for 'prodigal' - found /home/ronson/miniconda3/envs/py36/bin/prodigal
[13:46:30] Determined prodigal version is 2.6
[13:46:30] Looking for 'prokka-genbank_to_fasta_db' - found /home/ronson/miniconda3/envs/py36/bin/prokka-genbank_to_fasta_db
[13:46:30] Looking for 'sed' - found /bin/sed
[13:46:30] Looking for 'tbl2asn' - found /home/ronson/miniconda3/envs/py36/bin/tbl2asn
[13:46:30] Determined tbl2asn version is 25.6
[13:46:30] Using genetic code table 11.
[13:46:30] Loading and checking input file: R88B.hybrid.final.fasta
[13:46:30] Wrote 1 contigs totalling 7207166 bp.
[13:46:30] Predicting tRNAs and tmRNAs
[13:46:30] Running: aragorn -l -gc11  -w R88B_prokka_clean\/R88B\.fna
[13:46:34] 1 tRNA-Thr [84024,84099] 34 (cgt)
[13:46:34] 2 tRNA-Ala c[355444,355519] 34 (ggc)
[13:46:34] 3 tRNA-Arg c[621812,621888] 35 (ccg)
[13:46:34] 4 tRNA-Arg [735735,735811] 35 (acg)
[13:46:34] tRNA c[867133,867227] is a pseudo/wacky gene - skipping.
[13:46:34] 6 tRNA-Leu c[921925,922009] 35 (cag)
[13:46:34] 7 tRNA-Gly c[1108744,1108818] 33 (gcc)
[13:46:34] 8 tRNA-Ala c[1326515,1326590] 34 (cgc)
[13:46:34] 9 tRNA-Ser c[1425114,1425203] 35 (cga)
[13:46:34] 10 tRNA-Glu [1638782,1638856] 34 (ctc)
[13:46:34] 11 tRNA-Arg c[1846446,1846522] 35 (cct)
[13:46:34] 12 tRNA-Leu [1933700,1933784] 35 (caa)
[13:46:34] 13 tRNA-Ile [1976850,1976926] 35 (gat)
[13:46:34] 14 tRNA-Ala [1976978,1977053] 34 (tgc)
[13:46:34] 15 tRNA-Met [1980938,1981014] 35 (cat)
[13:46:34] 16 tRNA-Ile [1984817,1984893] 35 (gat)
[13:46:34] 17 tRNA-Ala [1984945,1985020] 34 (tgc)
[13:46:34] 18 tRNA-Met [1988905,1988981] 35 (cat)
[13:46:34] 19 tRNA-Ser [2184920,2185009] 35 (gga)
[13:46:34] 20 tRNA-Val c[2310596,2310670] 33 (gac)
[13:46:34] 21 tRNA-Met c[2518511,2518587] 35 (cat)
[13:46:34] 22 tRNA-Met [2830970,2831045] 34 (cat)
[13:46:34] 23 tRNA-Cys [2999867,2999942] 33 (gca)
[13:46:34] 24 tRNA-Gln c[3404960,3405033] 33 (ttg)
[13:46:34] 25 tmRNA* c[3714059,3714401] 214,252 ANDNYAEARLAA*
[13:46:34] 26 tRNA-Lys [3781037,3781112] 34 (ctt)
[13:46:34] 27 tRNA-Leu [3828348,3828432] 35 (gag)
[13:46:34] 28 tRNA-Asn c[4093321,4093395] 33 (gtt)
[13:46:34] 29 tRNA-Cys [4094385,4094458] 33 (gca)
[13:46:34] 30 tRNA-Leu c[4138166,4138248] 35 (tag)
[13:46:34] 31 tRNA-Glu c[4162685,4162759] 34 (ttc)
[13:46:34] 32 tRNA-Asn c[4169506,4169605] 35 (gtt)
[13:46:34] 33 tRNA-Lys [4373079,4373154] 34 (ttt)
[13:46:34] 34 tRNA-Val c[4499547,4499621] 33 (cac)
[13:46:34] 35 tRNA-Ser c[4528507,4528596] 35 (tga)
[13:46:34] 36 tRNA-Trp c[4665229,4665304] 34 (cca)
[13:46:34] 37 tRNA-Gly c[4672544,4672617] 33 (tcc)
[13:46:34] 38 tRNA-Tyr c[4672717,4672801] 35 (gta)
[13:46:34] 39 tRNA-Thr [4680858,4680933] 34 (tgt)
[13:46:34] 40 tRNA-Leu [4761233,4761318] 35 (taa)
[13:46:34] 41 tRNA-Val c[4891049,4891124] 34 (tac)
[13:46:34] 42 tRNA-Asp [4891342,4891418] 35 (gtc)
[13:46:34] 43 tRNA-Pro [4945422,4945498] 35 (ggg)
[13:46:34] 44 tRNA-Gln [5055118,5055191] 33 (ctg)
[13:46:34] 45 tRNA-Cys [5091125,5091198] 33 (gca)
[13:46:34] 46 tRNA-Pro c[5255573,5255649] 35 (tgg)
[13:46:34] 47 tRNA-Arg [5256128,5256204] 35 (tct)
[13:46:34] 48 tRNA-Ser [5431868,5431958] 35 (gct)
[13:46:34] 49 tRNA-Pro [5530964,5531040] 35 (cgg)
[13:46:34] 50 tRNA-Gln [5602478,5602552] 33 (ttg)
[13:46:34] 51 tRNA-His c[6454169,6454245] 35 (gtg)
[13:46:34] 52 tRNA-Thr c[6529176,6529250] 33 (ggt)
[13:46:34] 53 tRNA-Phe [6552714,6552789] 34 (gaa)
[13:46:34] 54 tRNA-Gly [7132723,7132796] 33 (ccc)
[13:46:34] Found 53 tRNAs
[13:46:34] Predicting Ribosomal RNAs
[13:46:34] Running Barrnap with 14 threads
[13:46:39] 1 1 1975058 16S ribosomal RNA
[13:46:39] 2 1 1977533 23S ribosomal RNA
[13:46:39] 3 1 1980577 5S ribosomal RNA
[13:46:39] 4 1 1983025 16S ribosomal RNA
[13:46:39] 5 1 1985500 23S ribosomal RNA
[13:46:39] 6 1 1988544 5S ribosomal RNA
[13:46:39] Found 6 rRNAs
[13:46:39] Skipping ncRNA search, enable with --rfam if desired.
[13:46:39] Total of 58 tRNA + rRNA features
[13:46:39] Searching for CRISPR repeats
[13:46:40] Found 0 CRISPRs
[13:46:40] Predicting coding sequences
[13:46:40] Contigs total 7207166 bp, so using single mode
[13:46:40] Running: prodigal -i R88B_prokka_clean\/R88B\.fna -c -m -g 11 -p single -f sco -q
[13:46:54] Excluding CDS which overlaps existing RNA (tRNA) at 1:4169590..4169949 on + strand
[13:46:56] Found 6861 CDS
[13:46:56] Connecting features back to sequences
[13:46:56] Not using genus-specific database. Try --usegenus to enable it.
[13:46:56] Annotating CDS, please be patient.
[13:46:56] Will use 14 CPUs for similarity searching.
[13:47:01] There are still 6861 unannotated CDS left (started with 6861)
[13:47:01] Will use blast to search against /home/ronson/miniconda3/envs/py36/db/kingdom/Bacteria/IS with 14 CPUs
[13:47:01] Running: cat R88B_prokka_clean\/IS\.faa | parallel --gnu --plain -j 14 --block 77119 --recstart '>' --pipe blastp -query - -db /home/ronson/miniconda3/envs/py36/db/kingdom/Bacteria/IS -evalue 1e-30 -qcov_hsp_perc 90 -num_threads 1 -num_descriptions 1 -num_alignments 1 -seg no > R88B_prokka_clean\/IS\.blast 2> /dev/null
[13:47:15] Deleting unwanted file: R88B_prokka_clean/IS.faa
[13:47:15] Deleting unwanted file: R88B_prokka_clean/IS.blast
[13:47:20] There are still 6823 unannotated CDS left (started with 6861)
[13:47:20] Will use blast to search against /home/ronson/miniconda3/envs/py36/db/kingdom/Bacteria/AMR with 14 CPUs
[13:47:20] Running: cat R88B_prokka_clean\/AMR\.faa | parallel --gnu --plain -j 14 --block 76802 --recstart '>' --pipe blastp -query - -db /home/ronson/miniconda3/envs/py36/db/kingdom/Bacteria/AMR -evalue 9.99999999999999e-301 -qcov_hsp_perc 90 -num_threads 1 -num_descriptions 1 -num_alignments 1 -seg no > R88B_prokka_clean\/AMR\.blast 2> /dev/null
[13:47:31] Deleting unwanted file: R88B_prokka_clean/AMR.faa
[13:47:31] Deleting unwanted file: R88B_prokka_clean/AMR.blast
[13:47:36] There are still 6823 unannotated CDS left (started with 6861)
[13:47:36] Will use blast to search against /home/ronson/miniconda3/envs/py36/db/kingdom/Bacteria/sprot with 14 CPUs
[13:47:36] Running: cat R88B_prokka_clean\/sprot\.faa | parallel --gnu --plain -j 14 --block 76802 --recstart '>' --pipe blastp -query - -db /home/ronson/miniconda3/envs/py36/db/kingdom/Bacteria/sprot -evalue 1e-09 -qcov_hsp_perc 80 -num_threads 1 -num_descriptions 1 -num_alignments 1 -seg no > R88B_prokka_clean\/sprot\.blast 2> /dev/null
[13:48:30] Deleting unwanted file: R88B_prokka_clean/sprot.faa
[13:48:30] Deleting unwanted file: R88B_prokka_clean/sprot.blast
[13:48:33] There are still 3779 unannotated CDS left (started with 6861)
[13:48:33] Will use hmmer3 to search against /home/ronson/miniconda3/envs/py36/db/hmm/HAMAP.hmm with 14 CPUs
[13:48:33] Running: cat R88B_prokka_clean\/HAMAP\.hmm\.faa | parallel --gnu --plain -j 14 --block 37813 --recstart '>' --pipe hmmscan --noali --notextw --acc -E 1e-09 --cpu 1 /home/ronson/miniconda3/envs/py36/db/hmm/HAMAP.hmm /dev/stdin > R88B_prokka_clean\/HAMAP\.hmm\.hmmer3 2> /dev/null
[13:49:13] Deleting unwanted file: R88B_prokka_clean/HAMAP.hmm.faa
[13:49:13] Deleting unwanted file: R88B_prokka_clean/HAMAP.hmm.hmmer3
[13:49:13] Labelling remaining 3301 proteins as 'hypothetical protein'
[13:49:13] Possible /pseudo 'Nitrilotriacetate monooxygenase component A' at 1 position 426174
[13:49:13] Possible /pseudo 'L-cystine transport system permease protein YecS' at 1 position 580769
[13:49:13] Possible /pseudo 'Ribose import permease protein RbsC' at 1 position 583319
[13:49:13] Possible /pseudo '2-hydroxy-3-oxopropionate reductase' at 1 position 1687648
[13:49:13] Possible /pseudo 'Spermidine/putrescine-binding periplasmic protein' at 1 position 1720085
[13:49:13] Possible /pseudo 'Transcriptional regulatory protein OmpR' at 1 position 1735275
[13:49:13] Possible /pseudo '6-aminohexanoate-dimer hydrolase' at 1 position 2441003
[13:49:13] Possible /pseudo 'Cytochrome b/c1' at 1 position 2614156
[13:49:13] Possible /pseudo 'Cold shock protein CspA' at 1 position 2644297
[13:49:13] Possible /pseudo 'Putative serine protease HtrA' at 1 position 2822044
[13:49:13] Possible /pseudo 'HTH-type transcriptional regulator PgrR' at 1 position 3056762
[13:49:13] Possible /pseudo 'Maltose/maltodextrin import ATP-binding protein MalK' at 1 position 3479455
[13:49:13] Possible /pseudo 'Ribose import permease protein RbsC' at 1 position 3525061
[13:49:13] Possible /pseudo 'Low affinity potassium transport system protein kup' at 1 position 3756500
[13:49:13] Possible /pseudo 'Uncharacterized MFS-type transporter YcaD' at 1 position 3938405
[13:49:13] Possible /pseudo 'Regulator of nucleoside diphosphate kinase' at 1 position 4077097
[13:49:13] Possible /pseudo 'D-inositol-3-phosphate glycosyltransferase' at 1 position 5252902
[13:49:13] Possible /pseudo 'UDP-glucose 4-epimerase' at 1 position 5310393
[13:49:13] Possible /pseudo 'ATP synthase subunit b' at 1 position 5690061
[13:49:13] Possible /pseudo 'Non-heme chloroperoxidase' at 1 position 6304071
[13:49:13] Possible /pseudo 'Tyrosine recombinase XerC' at 1 position 6827555
[13:49:13] Possible /pseudo 'Tyrosine recombinase XerC' at 1 position 6831769
[13:49:13] Possible /pseudo 'IS3 family transposase ISSme1' at 1 position 7031370
[13:49:13] Found 2029 unique /gene codes.
[13:49:13] Fixed 6 duplicate /gene - soxB_1 soxB_2 soxB_3 soxB_4 soxB_5 soxB_6
[13:49:13] Fixed 2 duplicate /gene - metH_1 metH_2
[13:49:13] Fixed 2 duplicate /gene - traC_1 traC_2
[13:49:13] Fixed 2 duplicate /gene - nemA_1 nemA_2
[13:49:13] Fixed 2 duplicate /gene - pdaA_1 pdaA_2
[13:49:13] Fixed 3 duplicate /gene - yedK_1 yedK_2 yedK_3
[13:49:13] Fixed 2 duplicate /gene - rutD_1 rutD_2
[13:49:13] Fixed 4 duplicate /gene - qseB_1 qseB_2 qseB_3 qseB_4
[13:49:13] Fixed 18 duplicate /gene - btuD_1 btuD_2 btuD_3 btuD_4 btuD_5 btuD_6 btuD_7 btuD_8 btuD_9 btuD_10 btuD_11 btuD_12 btuD_13 btuD_14 btuD_15 btuD_16 btuD_17 btuD_18
[13:49:13] Fixed 12 duplicate /gene - frcA_1 frcA_2 frcA_3 frcA_4 frcA_5 frcA_6 frcA_7 frcA_8 frcA_9 frcA_10 frcA_11 frcA_12
[13:49:13] Fixed 2 duplicate /gene - glnM_1 glnM_2
[13:49:13] Fixed 2 duplicate /gene - thpA_1 thpA_2
[13:49:13] Fixed 3 duplicate /gene - rbsK_1 rbsK_2 rbsK_3
[13:49:13] Fixed 17 duplicate /gene - sasA_1 sasA_2 sasA_3 sasA_4 sasA_5 sasA_6 sasA_7 sasA_8 sasA_9 sasA_10 sasA_11 sasA_12 sasA_13 sasA_14 sasA_15 sasA_16 sasA_17
[13:49:13] Fixed 2 duplicate /gene - malL_1 malL_2
[13:49:13] Fixed 3 duplicate /gene - map_1 map_2 map_3
[13:49:13] Fixed 2 duplicate /gene - murG_1 murG_2
[13:49:13] Fixed 2 duplicate /gene - gpmA_1 gpmA_2
[13:49:13] Fixed 2 duplicate /gene - dat_1 dat_2
[13:49:13] Fixed 2 duplicate /gene - trmL_1 trmL_2
[13:49:13] Fixed 2 duplicate /gene - gloB_1 gloB_2
[13:49:13] Fixed 2 duplicate /gene - fmt_1 fmt_2
[13:49:13] Fixed 3 duplicate /gene - cpo_1 cpo_2 cpo_3
[13:49:13] Fixed 2 duplicate /gene - lolD_1 lolD_2
[13:49:13] Fixed 2 duplicate /gene - otnK_1 otnK_2
[13:49:13] Fixed 2 duplicate /gene - yphB_1 yphB_2
[13:49:13] Fixed 2 duplicate /gene - fitB_1 fitB_2
[13:49:13] Fixed 8 duplicate /gene - rutB_1 rutB_2 rutB_3 rutB_4 rutB_5 rutB_6 rutB_7 rutB_8
[13:49:13] Fixed 3 duplicate /gene - yvoA_1 yvoA_2 yvoA_3
[13:49:13] Fixed 3 duplicate /gene - dapH_1 dapH_2 dapH_3
[13:49:13] Fixed 3 duplicate /gene - entS_1 entS_2 entS_3
[13:49:13] Fixed 3 duplicate /gene - acoA_1 acoA_2 acoA_3
[13:49:13] Fixed 2 duplicate /gene - sucC_1 sucC_2
[13:49:13] Fixed 3 duplicate /gene - lgoD_1 lgoD_2 lgoD_3
[13:49:13] Fixed 2 duplicate /gene - cpdR_1 cpdR_2
[13:49:13] Fixed 2 duplicate /gene - hcaE_1 hcaE_2
[13:49:13] Fixed 9 duplicate /gene - soxA_1 soxA_2 soxA_3 soxA_4 soxA_5 soxA_6 soxA_7 soxA_8 soxA_9
[13:49:13] Fixed 2 duplicate /gene - dhaK_1 dhaK_2
[13:49:13] Fixed 2 duplicate /gene - argH_1 argH_2
[13:49:13] Fixed 2 duplicate /gene - lrpC_1 lrpC_2
[13:49:13] Fixed 5 duplicate /gene - rspR_1 rspR_2 rspR_3 rspR_4 rspR_5
[13:49:13] Fixed 2 duplicate /gene - mdoB_1 mdoB_2
[13:49:13] Fixed 2 duplicate /gene - nhhA_1 nhhA_2
[13:49:13] Fixed 2 duplicate /gene - occP_1 occP_2
[13:49:13] Fixed 3 duplicate /gene - hipO_1 hipO_2 hipO_3
[13:49:13] Fixed 2 duplicate /gene - menF_1 menF_2
[13:49:13] Fixed 2 duplicate /gene - mmgC_1 mmgC_2
[13:49:13] Fixed 2 duplicate /gene - gltD_1 gltD_2
[13:49:13] Fixed 6 duplicate /gene - ucpA_1 ucpA_2 ucpA_3 ucpA_4 ucpA_5 ucpA_6
[13:49:13] Fixed 3 duplicate /gene - sigK_1 sigK_2 sigK_3
[13:49:13] Fixed 3 duplicate /gene - azoB_1 azoB_2 azoB_3
[13:49:13] Fixed 6 duplicate /gene - potD_1 potD_2 potD_3 potD_4 potD_5 potD_6
[13:49:13] Fixed 6 duplicate /gene - oxyR_1 oxyR_2 oxyR_3 oxyR_4 oxyR_5 oxyR_6
[13:49:13] Fixed 2 duplicate /gene - accA1_1 accA1_2
[13:49:13] Fixed 9 duplicate /gene - cdhR_1 cdhR_2 cdhR_3 cdhR_4 cdhR_5 cdhR_6 cdhR_7 cdhR_8 cdhR_9
[13:49:13] Fixed 2 duplicate /gene - caiD_1 caiD_2
[13:49:13] Fixed 2 duplicate /gene - macB_1 macB_2
[13:49:13] Fixed 3 duplicate /gene - yyaP_1 yyaP_2 yyaP_3
[13:49:13] Fixed 2 duplicate /gene - echA8_1 echA8_2
[13:49:13] Fixed 8 duplicate /gene - betI_1 betI_2 betI_3 betI_4 betI_5 betI_6 betI_7 betI_8
[13:49:13] Fixed 3 duplicate /gene - fcl_1 fcl_2 fcl_3
[13:49:13] Fixed 2 duplicate /gene - phnF_1 phnF_2
[13:49:13] Fixed 9 duplicate /gene - rhtB_1 rhtB_2 rhtB_3 rhtB_4 rhtB_5 rhtB_6 rhtB_7 rhtB_8 rhtB_9
[13:49:13] Fixed 2 duplicate /gene - aphA_1 aphA_2
[13:49:13] Fixed 2 duplicate /gene - phnL_1 phnL_2
[13:49:13] Fixed 3 duplicate /gene - decR_1 decR_2 decR_3
[13:49:13] Fixed 5 duplicate /gene - lutR_1 lutR_2 lutR_3 lutR_4 lutR_5
[13:49:13] Fixed 6 duplicate /gene - xerC_1 xerC_2 xerC_3 xerC_4 xerC_5 xerC_6
[13:49:13] Fixed 2 duplicate /gene - sigE_1 sigE_2
[13:49:13] Fixed 2 duplicate /gene - bla_1 bla_2
[13:49:13] Fixed 2 duplicate /gene - cyoC_1 cyoC_2
[13:49:13] Fixed 4 duplicate /gene - rplU_1 rplU_2 rplU_3 rplU_4
[13:49:13] Fixed 2 duplicate /gene - efeO_1 efeO_2
[13:49:13] Fixed 2 duplicate /gene - thpR_1 thpR_2
[13:49:13] Fixed 2 duplicate /gene - phnH_1 phnH_2
[13:49:13] Fixed 3 duplicate /gene - Hgd_1 Hgd_2 Hgd_3
[13:49:13] Fixed 3 duplicate /gene - czcO_1 czcO_2 czcO_3
[13:49:13] Fixed 3 duplicate /gene - nepI_1 nepI_2 nepI_3
[13:49:13] Fixed 2 duplicate /gene - regB_1 regB_2
[13:49:13] Fixed 17 duplicate /gene - potA_1 potA_2 potA_3 potA_4 potA_5 potA_6 potA_7 potA_8 potA_9 potA_10 potA_11 potA_12 potA_13 potA_14 potA_15 potA_16 potA_17
[13:49:13] Fixed 2 duplicate /gene - nudC_1 nudC_2
[13:49:13] Fixed 2 duplicate /gene - folD_1 folD_2
[13:49:13] Fixed 2 duplicate /gene - cetB_1 cetB_2
[13:49:13] Fixed 2 duplicate /gene - groS1_1 groS1_2
[13:49:13] Fixed 2 duplicate /gene - lsrD_1 lsrD_2
[13:49:13] Fixed 12 duplicate /gene - dmlR_1 dmlR_2 dmlR_3 dmlR_4 dmlR_5 dmlR_6 dmlR_7 dmlR_8 dmlR_9 dmlR_10 dmlR_11 dmlR_12
[13:49:13] Fixed 2 duplicate /gene - sufS_1 sufS_2
[13:49:13] Fixed 10 duplicate /gene - hcaB_1 hcaB_2 hcaB_3 hcaB_4 hcaB_5 hcaB_6 hcaB_7 hcaB_8 hcaB_9 hcaB_10
[13:49:13] Fixed 2 duplicate /gene - yhaJ_1 yhaJ_2
[13:49:13] Fixed 2 duplicate /gene - gst_1 gst_2
[13:49:13] Fixed 2 duplicate /gene - hyuC_1 hyuC_2
[13:49:13] Fixed 2 duplicate /gene - hemF_1 hemF_2
[13:49:13] Fixed 4 duplicate /gene - gph_1 gph_2 gph_3 gph_4
[13:49:13] Fixed 2 duplicate /gene - aspC_1 aspC_2
[13:49:13] Fixed 2 duplicate /gene - ltaE_1 ltaE_2
[13:49:13] Fixed 3 duplicate /gene - gutB_1 gutB_2 gutB_3
[13:49:13] Fixed 2 duplicate /gene - spuE_1 spuE_2
[13:49:13] Fixed 2 duplicate /gene - galE_1 galE_2
[13:49:13] Fixed 2 duplicate /gene - rpaR_1 rpaR_2
[13:49:13] Fixed 2 duplicate /gene - tag_1 tag_2
[13:49:13] Fixed 2 duplicate /gene - lysN_1 lysN_2
[13:49:13] Fixed 3 duplicate /gene - ghrB_1 ghrB_2 ghrB_3
[13:49:13] Fixed 3 duplicate /gene - fusA_1 fusA_2 fusA_3
[13:49:13] Fixed 2 duplicate /gene - sgrR_1 sgrR_2
[13:49:13] Fixed 2 duplicate /gene - rob_1 rob_2
[13:49:13] Fixed 7 duplicate /gene - ddpC_1 ddpC_2 ddpC_3 ddpC_4 ddpC_5 ddpC_6 ddpC_7
[13:49:13] Fixed 2 duplicate /gene - tmd_1 tmd_2
[13:49:13] Fixed 2 duplicate /gene - gfo_1 gfo_2
[13:49:13] Fixed 3 duplicate /gene - recD2_1 recD2_2 recD2_3
[13:49:13] Fixed 2 duplicate /gene - nhaK_1 nhaK_2
[13:49:13] Fixed 3 duplicate /gene - phzF_1 phzF_2 phzF_3
[13:49:13] Fixed 2 duplicate /gene - ftsH_1 ftsH_2
[13:49:13] Fixed 4 duplicate /gene - lcdH_1 lcdH_2 lcdH_3 lcdH_4
[13:49:13] Fixed 2 duplicate /gene - cyoB_1 cyoB_2
[13:49:13] Fixed 2 duplicate /gene - nifK_1 nifK_2
[13:49:13] Fixed 2 duplicate /gene - fhuA_1 fhuA_2
[13:49:13] Fixed 2 duplicate /gene - paiB_1 paiB_2
[13:49:13] Fixed 2 duplicate /gene - bepE_1 bepE_2
[13:49:13] Fixed 3 duplicate /gene - xylA_1 xylA_2 xylA_3
[13:49:13] Fixed 2 duplicate /gene - cutM_1 cutM_2
[13:49:13] Fixed 2 duplicate /gene - rutF_1 rutF_2
[13:49:13] Fixed 2 duplicate /gene - phaB_1 phaB_2
[13:49:13] Fixed 2 duplicate /gene - pdhR_1 pdhR_2
[13:49:13] Fixed 3 duplicate /gene - nanR_1 nanR_2 nanR_3
[13:49:13] Fixed 2 duplicate /gene - rhaM_1 rhaM_2
[13:49:13] Fixed 2 duplicate /gene - ppa_1 ppa_2
[13:49:13] Fixed 2 duplicate /gene - mdeA_1 mdeA_2
[13:49:13] Fixed 3 duplicate /gene - xylG_1 xylG_2 xylG_3
[13:49:13] Fixed 2 duplicate /gene - slmA_1 slmA_2
[13:49:13] Fixed 2 duplicate /gene - bepF_1 bepF_2
[13:49:13] Fixed 2 duplicate /gene - srlR_1 srlR_2
[13:49:13] Fixed 9 duplicate /gene - rhaR_1 rhaR_2 rhaR_3 rhaR_4 rhaR_5 rhaR_6 rhaR_7 rhaR_8 rhaR_9
[13:49:13] Fixed 2 duplicate /gene - ldc_1 ldc_2
[13:49:13] Fixed 2 duplicate /gene - qorA_1 qorA_2
[13:49:13] Fixed 2 duplicate /gene - lldD_1 lldD_2
[13:49:13] Fixed 3 duplicate /gene - hbpA_1 hbpA_2 hbpA_3
[13:49:13] Fixed 3 duplicate /gene - xylH_1 xylH_2 xylH_3
[13:49:13] Fixed 3 duplicate /gene - rbn_1 rbn_2 rbn_3
[13:49:13] Fixed 2 duplicate /gene - clpP_1 clpP_2
[13:49:13] Fixed 2 duplicate /gene - vdh_1 vdh_2
[13:49:13] Fixed 2 duplicate /gene - gppA_1 gppA_2
[13:49:13] Fixed 6 duplicate /gene - ycaD_1 ycaD_2 ycaD_3 ycaD_4 ycaD_5 ycaD_6
[13:49:13] Fixed 2 duplicate /gene - rutA_1 rutA_2
[13:49:13] Fixed 9 duplicate /gene - lptB_1 lptB_2 lptB_3 lptB_4 lptB_5 lptB_6 lptB_7 lptB_8 lptB_9
[13:49:13] Fixed 2 duplicate /gene - lysDH_1 lysDH_2
[13:49:13] Fixed 4 duplicate /gene - artJ_1 artJ_2 artJ_3 artJ_4
[13:49:13] Fixed 8 duplicate /gene - dppB_1 dppB_2 dppB_3 dppB_4 dppB_5 dppB_6 dppB_7 dppB_8
[13:49:13] Fixed 2 duplicate /gene - rnd_1 rnd_2
[13:49:13] Fixed 5 duplicate /gene - ros_1 ros_2 ros_3 ros_4 ros_5
[13:49:13] Fixed 2 duplicate /gene - hemA_1 hemA_2
[13:49:13] Fixed 3 duplicate /gene - htrA_1 htrA_2 htrA_3
[13:49:13] Fixed 3 duplicate /gene - ycjO_1 ycjO_2 ycjO_3
[13:49:13] Fixed 3 duplicate /gene - murF_1 murF_2 murF_3
[13:49:13] Fixed 3 duplicate /gene - virB4_1 virB4_2 virB4_3
[13:49:13] Fixed 2 duplicate /gene - nifA_1 nifA_2
[13:49:13] Fixed 2 duplicate /gene - hlyU_1 hlyU_2
[13:49:13] Fixed 3 duplicate /gene - degP_1 degP_2 degP_3
[13:49:13] Fixed 6 duplicate /gene - oppD_1 oppD_2 oppD_3 oppD_4 oppD_5 oppD_6
[13:49:13] Fixed 3 duplicate /gene - gabD_1 gabD_2 gabD_3
[13:49:13] Fixed 4 duplicate /gene - gltC_1 gltC_2 gltC_3 gltC_4
[13:49:13] Fixed 2 duplicate /gene - soxC_1 soxC_2
[13:49:13] Fixed 4 duplicate /gene - acsA_1 acsA_2 acsA_3 acsA_4
[13:49:13] Fixed 2 duplicate /gene - srkA_1 srkA_2
[13:49:13] Fixed 3 duplicate /gene - gmd_1 gmd_2 gmd_3
[13:49:13] Fixed 5 duplicate /gene - dapA_1 dapA_2 dapA_3 dapA_4 dapA_5
[13:49:13] Fixed 3 duplicate /gene - otcC_1 otcC_2 otcC_3
[13:49:13] Fixed 12 duplicate /gene - rcsC_1 rcsC_2 rcsC_3 rcsC_4 rcsC_5 rcsC_6 rcsC_7 rcsC_8 rcsC_9 rcsC_10 rcsC_11 rcsC_12
[13:49:13] Fixed 22 duplicate /gene - fabG_1 fabG_2 fabG_3 fabG_4 fabG_5 fabG_6 fabG_7 fabG_8 fabG_9 fabG_10 fabG_11 fabG_12 fabG_13 fabG_14 fabG_15 fabG_16 fabG_17 fabG_18 fabG_19 fabG_20 fabG_21 fabG_22
[13:49:13] Fixed 2 duplicate /gene - efp_1 efp_2
[13:49:13] Fixed 3 duplicate /gene - ydjH_1 ydjH_2 ydjH_3
[13:49:13] Fixed 5 duplicate /gene - mdtC_1 mdtC_2 mdtC_3 mdtC_4 mdtC_5
[13:49:13] Fixed 2 duplicate /gene - hpf_1 hpf_2
[13:49:13] Fixed 3 duplicate /gene - araC_1 araC_2 araC_3
[13:49:13] Fixed 2 duplicate /gene - lov_1 lov_2
[13:49:13] Fixed 2 duplicate /gene - ilvD_1 ilvD_2
[13:49:13] Fixed 2 duplicate /gene - yegS_1 yegS_2
[13:49:13] Fixed 2 duplicate /gene - mtlK_1 mtlK_2
[13:49:13] Fixed 2 duplicate /gene - sppA_1 sppA_2
[13:49:13] Fixed 5 duplicate /gene - amiC_1 amiC_2 amiC_3 amiC_4 amiC_5
[13:49:13] Fixed 4 duplicate /gene - dppD_1 dppD_2 dppD_3 dppD_4
[13:49:13] Fixed 3 duplicate /gene - garR_1 garR_2 garR_3
[13:49:13] Fixed 3 duplicate /gene - mtgA_1 mtgA_2 mtgA_3
[13:49:13] Fixed 2 duplicate /gene - ybjJ_1 ybjJ_2
[13:49:13] Fixed 2 duplicate /gene - mqnB_1 mqnB_2
[13:49:13] Fixed 2 duplicate /gene - lig_1 lig_2
[13:49:13] Fixed 4 duplicate /gene - betA_1 betA_2 betA_3 betA_4
[13:49:13] Fixed 3 duplicate /gene - kduD_1 kduD_2 kduD_3
[13:49:13] Fixed 3 duplicate /gene - rnk_1 rnk_2 rnk_3
[13:49:13] Fixed 2 duplicate /gene - dadA_1 dadA_2
[13:49:13] Fixed 2 duplicate /gene - dmg_1 dmg_2
[13:49:13] Fixed 2 duplicate /gene - gatA_1 gatA_2
[13:49:13] Fixed 2 duplicate /gene - purK_1 purK_2
[13:49:13] Fixed 3 duplicate /gene - ald_1 ald_2 ald_3
[13:49:13] Fixed 3 duplicate /gene - tas_1 tas_2 tas_3
[13:49:13] Fixed 2 duplicate /gene - gtaB_1 gtaB_2
[13:49:13] Fixed 3 duplicate /gene - ibpA_1 ibpA_2 ibpA_3
[13:49:13] Fixed 2 duplicate /gene - lcfB_1 lcfB_2
[13:49:13] Fixed 2 duplicate /gene - nagC_1 nagC_2
[13:49:13] Fixed 2 duplicate /gene - prr_1 prr_2
[13:49:13] Fixed 2 duplicate /gene - lexA_1 lexA_2
[13:49:13] Fixed 2 duplicate /gene - adc_1 adc_2
[13:49:13] Fixed 7 duplicate /gene - ribN_1 ribN_2 ribN_3 ribN_4 ribN_5 ribN_6 ribN_7
[13:49:13] Fixed 2 duplicate /gene - queE_1 queE_2
[13:49:13] Fixed 2 duplicate /gene - cmpR_1 cmpR_2
[13:49:13] Fixed 5 duplicate /gene - ugpA_1 ugpA_2 ugpA_3 ugpA_4 ugpA_5
[13:49:13] Fixed 2 duplicate /gene - kdgK_1 kdgK_2
[13:49:13] Fixed 2 duplicate /gene - yagR_1 yagR_2
[13:49:13] Fixed 2 duplicate /gene - dapB_1 dapB_2
[13:49:13] Fixed 3 duplicate /gene - gno_1 gno_2 gno_3
[13:49:13] Fixed 10 duplicate /gene - iolG_1 iolG_2 iolG_3 iolG_4 iolG_5 iolG_6 iolG_7 iolG_8 iolG_9 iolG_10
[13:49:13] Fixed 5 duplicate /gene - mcbR_1 mcbR_2 mcbR_3 mcbR_4 mcbR_5
[13:49:13] Fixed 2 duplicate /gene - kup_1 kup_2
[13:49:13] Fixed 2 duplicate /gene - dnaJ_1 dnaJ_2
[13:49:13] Fixed 3 duplicate /gene - metC_1 metC_2 metC_3
[13:49:13] Fixed 2 duplicate /gene - lsrR_1 lsrR_2
[13:49:13] Fixed 2 duplicate /gene - ampR_1 ampR_2
[13:49:13] Fixed 2 duplicate /gene - ulaR_1 ulaR_2
[13:49:13] Fixed 2 duplicate /gene - tspO_1 tspO_2
[13:49:13] Fixed 2 duplicate /gene - srpC_1 srpC_2
[13:49:13] Fixed 2 duplicate /gene - blh_1 blh_2
[13:49:13] Fixed 14 duplicate /gene - ugpC_1 ugpC_2 ugpC_3 ugpC_4 ugpC_5 ugpC_6 ugpC_7 ugpC_8 ugpC_9 ugpC_10 ugpC_11 ugpC_12 ugpC_13 ugpC_14
[13:49:13] Fixed 2 duplicate /gene - gbsA_1 gbsA_2
[13:49:13] Fixed 2 duplicate /gene - pepA_1 pepA_2
[13:49:13] Fixed 5 duplicate /gene - ntaA_1 ntaA_2 ntaA_3 ntaA_4 ntaA_5
[13:49:13] Fixed 7 duplicate /gene - sugB_1 sugB_2 sugB_3 sugB_4 sugB_5 sugB_6 sugB_7
[13:49:13] Fixed 2 duplicate /gene - fdxB_1 fdxB_2
[13:49:13] Fixed 2 duplicate /gene - kefG_1 kefG_2
[13:49:13] Fixed 2 duplicate /gene - cyoD_1 cyoD_2
[13:49:13] Fixed 2 duplicate /gene - bcr_1 bcr_2
[13:49:13] Fixed 7 duplicate /gene - spuC_1 spuC_2 spuC_3 spuC_4 spuC_5 spuC_6 spuC_7
[13:49:13] Fixed 2 duplicate /gene - spuD_1 spuD_2
[13:49:13] Fixed 3 duplicate /gene - yabJ_1 yabJ_2 yabJ_3
[13:49:13] Fixed 2 duplicate /gene - ybhL_1 ybhL_2
[13:49:13] Fixed 2 duplicate /gene - drrA_1 drrA_2
[13:49:13] Fixed 2 duplicate /gene - cfa_1 cfa_2
[13:49:13] Fixed 2 duplicate /gene - phnI_1 phnI_2
[13:49:13] Fixed 5 duplicate /gene - pcm_1 pcm_2 pcm_3 pcm_4 pcm_5
[13:49:13] Fixed 2 duplicate /gene - dnaK_1 dnaK_2
[13:49:13] Fixed 3 duplicate /gene - ecfG_1 ecfG_2 ecfG_3
[13:49:13] Fixed 2 duplicate /gene - purN_1 purN_2
[13:49:13] Fixed 2 duplicate /gene - actIII_1 actIII_2
[13:49:13] Fixed 11 duplicate /gene - ubiE_1 ubiE_2 ubiE_3 ubiE_4 ubiE_5 ubiE_6 ubiE_7 ubiE_8 ubiE_9 ubiE_10 ubiE_11
[13:49:13] Fixed 4 duplicate /gene - puuC_1 puuC_2 puuC_3 puuC_4
[13:49:13] Fixed 2 duplicate /gene - paaF_1 paaF_2
[13:49:13] Fixed 2 duplicate /gene - gntR_1 gntR_2
[13:49:13] Fixed 2 duplicate /gene - thiE_1 thiE_2
[13:49:13] Fixed 2 duplicate /gene - dppE_1 dppE_2
[13:49:13] Fixed 2 duplicate /gene - ftsZ_1 ftsZ_2
[13:49:13] Fixed 2 duplicate /gene - araB_1 araB_2
[13:49:13] Fixed 2 duplicate /gene - aas_1 aas_2
[13:49:13] Fixed 2 duplicate /gene - crcB_1 crcB_2
[13:49:13] Fixed 2 duplicate /gene - pucC_1 pucC_2
[13:49:13] Fixed 2 duplicate /gene - eltP_1 eltP_2
[13:49:13] Fixed 2 duplicate /gene - yfdE_1 yfdE_2
[13:49:13] Fixed 2 duplicate /gene - rhlE_1 rhlE_2
[13:49:13] Fixed 4 duplicate /gene - yieH_1 yieH_2 yieH_3 yieH_4
[13:49:13] Fixed 2 duplicate /gene - csd_1 csd_2
[13:49:13] Fixed 2 duplicate /gene - dmdC_1 dmdC_2
[13:49:13] Fixed 3 duplicate /gene - rffG_1 rffG_2 rffG_3
[13:49:13] Fixed 2 duplicate /gene - fbcH_1 fbcH_2
[13:49:13] Fixed 2 duplicate /gene - nicR_1 nicR_2
[13:49:13] Fixed 2 duplicate /gene - mobA_1 mobA_2
[13:49:13] Fixed 2 duplicate /gene - fieF_1 fieF_2
[13:49:13] Fixed 9 duplicate /gene - hdfR_1 hdfR_2 hdfR_3 hdfR_4 hdfR_5 hdfR_6 hdfR_7 hdfR_8 hdfR_9
[13:49:13] Fixed 2 duplicate /gene - dgdA_1 dgdA_2
[13:49:13] Fixed 2 duplicate /gene - tam_1 tam_2
[13:49:13] Fixed 2 duplicate /gene - kmo_1 kmo_2
[13:49:13] Fixed 2 duplicate /gene - msbA_1 msbA_2
[13:49:13] Fixed 2 duplicate /gene - ku_1 ku_2
[13:49:13] Fixed 2 duplicate /gene - carA_1 carA_2
[13:49:13] Fixed 7 duplicate /gene - ompR_1 ompR_2 ompR_3 ompR_4 ompR_5 ompR_6 ompR_7
[13:49:13] Fixed 2 duplicate /gene - lgoR_1 lgoR_2
[13:49:13] Fixed 2 duplicate /gene - cckA_1 cckA_2
[13:49:13] Fixed 2 duplicate /gene - flhA_1 flhA_2
[13:49:13] Fixed 2 duplicate /gene - gatC_1 gatC_2
[13:49:13] Fixed 2 duplicate /gene - crt_1 crt_2
[13:49:13] Fixed 2 duplicate /gene - ycf3_1 ycf3_2
[13:49:13] Fixed 2 duplicate /gene - fixJ_1 fixJ_2
[13:49:13] Fixed 2 duplicate /gene - rsmB_1 rsmB_2
[13:49:13] Fixed 7 duplicate /gene - alkJ_1 alkJ_2 alkJ_3 alkJ_4 alkJ_5 alkJ_6 alkJ_7
[13:49:13] Fixed 3 duplicate /gene - panB_1 panB_2 panB_3
[13:49:13] Fixed 12 duplicate /gene - rbsA_1 rbsA_2 rbsA_3 rbsA_4 rbsA_5 rbsA_6 rbsA_7 rbsA_8 rbsA_9 rbsA_10 rbsA_11 rbsA_12
[13:49:13] Fixed 2 duplicate /gene - nifD_1 nifD_2
[13:49:13] Fixed 16 duplicate /gene - pgrR_1 pgrR_2 pgrR_3 pgrR_4 pgrR_5 pgrR_6 pgrR_7 pgrR_8 pgrR_9 pgrR_10 pgrR_11 pgrR_12 pgrR_13 pgrR_14 pgrR_15 pgrR_16
[13:49:13] Fixed 2 duplicate /gene - ugpB_1 ugpB_2
[13:49:13] Fixed 9 duplicate /gene - gsiD_1 gsiD_2 gsiD_3 gsiD_4 gsiD_5 gsiD_6 gsiD_7 gsiD_8 gsiD_9
[13:49:13] Fixed 3 duplicate /gene - mhqD_1 mhqD_2 mhqD_3
[13:49:13] Fixed 2 duplicate /gene - fabI_1 fabI_2
[13:49:13] Fixed 11 duplicate /gene - mglA_1 mglA_2 mglA_3 mglA_4 mglA_5 mglA_6 mglA_7 mglA_8 mglA_9 mglA_10 mglA_11
[13:49:13] Fixed 2 duplicate /gene - bmr3_1 bmr3_2
[13:49:13] Fixed 2 duplicate /gene - norG_1 norG_2
[13:49:13] Fixed 2 duplicate /gene - mgtA_1 mgtA_2
[13:49:13] Fixed 2 duplicate /gene - kdgR_1 kdgR_2
[13:49:13] Fixed 3 duplicate /gene - dddP_1 dddP_2 dddP_3
[13:49:13] Fixed 2 duplicate /gene - fabH_1 fabH_2
[13:49:13] Fixed 2 duplicate /gene - arcB_1 arcB_2
[13:49:13] Fixed 2 duplicate /gene - yibF_1 yibF_2
[13:49:13] Fixed 5 duplicate /gene - intA_1 intA_2 intA_3 intA_4 intA_5
[13:49:13] Fixed 2 duplicate /gene - phoU_1 phoU_2
[13:49:13] Fixed 6 duplicate /gene - araQ_1 araQ_2 araQ_3 araQ_4 araQ_5 araQ_6
[13:49:13] Fixed 3 duplicate /gene - corA_1 corA_2 corA_3
[13:49:13] Fixed 2 duplicate /gene - metG_1 metG_2
[13:49:13] Fixed 2 duplicate /gene - iclR_1 iclR_2
[13:49:13] Fixed 2 duplicate /gene - yhjE_1 yhjE_2
[13:49:13] Fixed 2 duplicate /gene - ribF_1 ribF_2
[13:49:13] Fixed 2 duplicate /gene - suhB_1 suhB_2
[13:49:13] Fixed 2 duplicate /gene - cydA_1 cydA_2
[13:49:13] Fixed 2 duplicate /gene - doeB_1 doeB_2
[13:49:13] Fixed 3 duplicate /gene - aes_1 aes_2 aes_3
[13:49:13] Fixed 2 duplicate /gene - queC_1 queC_2
[13:49:13] Fixed 2 duplicate /gene - cypM_1 cypM_2
[13:49:13] Fixed 3 duplicate /gene - hutH_1 hutH_2 hutH_3
[13:49:13] Fixed 2 duplicate /gene - atpF_1 atpF_2
[13:49:13] Fixed 4 duplicate /gene - puuA_1 puuA_2 puuA_3 puuA_4
[13:49:13] Fixed 3 duplicate /gene - yejF_1 yejF_2 yejF_3
[13:49:13] Fixed 2 duplicate /gene - menH_1 menH_2
[13:49:13] Fixed 4 duplicate /gene - iolE_1 iolE_2 iolE_3 iolE_4
[13:49:13] Fixed 5 duplicate /gene - cpdA_1 cpdA_2 cpdA_3 cpdA_4 cpdA_5
[13:49:13] Fixed 3 duplicate /gene - yybR_1 yybR_2 yybR_3
[13:49:13] Fixed 3 duplicate /gene - mhpC_1 mhpC_2 mhpC_3
[13:49:13] Fixed 2 duplicate /gene - thadh_1 thadh_2
[13:49:13] Fixed 2 duplicate /gene - lasI_1 lasI_2
[13:49:13] Fixed 4 duplicate /gene - emrB_1 emrB_2 emrB_3 emrB_4
[13:49:13] Fixed 7 duplicate /gene - puuB_1 puuB_2 puuB_3 puuB_4 puuB_5 puuB_6 puuB_7
[13:49:13] Fixed 2 duplicate /gene - algA_1 algA_2
[13:49:13] Fixed 6 duplicate /gene - bepA_1 bepA_2 bepA_3 bepA_4 bepA_5 bepA_6
[13:49:13] Fixed 2 duplicate /gene - galE1_1 galE1_2
[13:49:13] Fixed 2 duplicate /gene - tuf1_1 tuf1_2
[13:49:13] Fixed 2 duplicate /gene - fucU_1 fucU_2
[13:49:13] Fixed 2 duplicate /gene - coaA_1 coaA_2
[13:49:13] Fixed 3 duplicate /gene - kce_1 kce_2 kce_3
[13:49:13] Fixed 2 duplicate /gene - phoB_1 phoB_2
[13:49:13] Fixed 5 duplicate /gene - soxD_1 soxD_2 soxD_3 soxD_4 soxD_5
[13:49:13] Fixed 2 duplicate /gene - uppP_1 uppP_2
[13:49:13] Fixed 7 duplicate /gene - hisC_1 hisC_2 hisC_3 hisC_4 hisC_5 hisC_6 hisC_7
[13:49:13] Fixed 5 duplicate /gene - stp_1 stp_2 stp_3 stp_4 stp_5
[13:49:13] Fixed 4 duplicate /gene - fabF_1 fabF_2 fabF_3 fabF_4
[13:49:13] Fixed 2 duplicate /gene - davD_1 davD_2
[13:49:13] Fixed 2 duplicate /gene - rutC_1 rutC_2
[13:49:13] Fixed 2 duplicate /gene - scpB_1 scpB_2
[13:49:13] Fixed 2 duplicate /gene - bfmBAB_1 bfmBAB_2
[13:49:13] Fixed 3 duplicate /gene - hcnC_1 hcnC_2 hcnC_3
[13:49:13] Fixed 2 duplicate /gene - hpcG_1 hpcG_2
[13:49:13] Fixed 3 duplicate /gene - afr_1 afr_2 afr_3
[13:49:13] Fixed 7 duplicate /gene - mtgB_1 mtgB_2 mtgB_3 mtgB_4 mtgB_5 mtgB_6 mtgB_7
[13:49:13] Fixed 2 duplicate /gene - gloA_1 gloA_2
[13:49:13] Fixed 12 duplicate /gene - livF_1 livF_2 livF_3 livF_4 livF_5 livF_6 livF_7 livF_8 livF_9 livF_10 livF_11 livF_12
[13:49:13] Fixed 8 duplicate /gene - doeA_1 doeA_2 doeA_3 doeA_4 doeA_5 doeA_6 doeA_7 doeA_8
[13:49:13] Fixed 2 duplicate /gene - ptsI_1 ptsI_2
[13:49:13] Fixed 2 duplicate /gene - bdhA_1 bdhA_2
[13:49:13] Fixed 4 duplicate /gene - oppF_1 oppF_2 oppF_3 oppF_4
[13:49:13] Fixed 3 duplicate /gene - comR_1 comR_2 comR_3
[13:49:13] Fixed 2 duplicate /gene - cobU_1 cobU_2
[13:49:13] Fixed 2 duplicate /gene - glpD_1 glpD_2
[13:49:13] Fixed 5 duplicate /gene - omp2b_1 omp2b_2 omp2b_3 omp2b_4 omp2b_5
[13:49:13] Fixed 4 duplicate /gene - dapE_1 dapE_2 dapE_3 dapE_4
[13:49:13] Fixed 4 duplicate /gene - ligD_1 ligD_2 ligD_3 ligD_4
[13:49:13] Fixed 3 duplicate /gene - glmM_1 glmM_2 glmM_3
[13:49:13] Fixed 2 duplicate /gene - asnB_1 asnB_2
[13:49:13] Fixed 6 duplicate /gene - ycjP_1 ycjP_2 ycjP_3 ycjP_4 ycjP_5 ycjP_6
[13:49:13] Fixed 4 duplicate /gene - potH_1 potH_2 potH_3 potH_4
[13:49:13] Fixed 2 duplicate /gene - nylA_1 nylA_2
[13:49:13] Fixed 8 duplicate /gene - rbsB_1 rbsB_2 rbsB_3 rbsB_4 rbsB_5 rbsB_6 rbsB_7 rbsB_8
[13:49:13] Fixed 2 duplicate /gene - gpuA_1 gpuA_2
[13:49:13] Fixed 2 duplicate /gene - uxaB_1 uxaB_2
[13:49:13] Fixed 3 duplicate /gene - nsrR_1 nsrR_2 nsrR_3
[13:49:13] Fixed 2 duplicate /gene - surE_1 surE_2
[13:49:13] Fixed 2 duplicate /gene - flgG_1 flgG_2
[13:49:13] Fixed 3 duplicate /gene - deoR_1 deoR_2 deoR_3
[13:49:13] Fixed 2 duplicate /gene - ymdB_1 ymdB_2
[13:49:13] Fixed 6 duplicate /gene - dppA_1 dppA_2 dppA_3 dppA_4 dppA_5 dppA_6
[13:49:13] Fixed 12 duplicate /gene - ydcV_1 ydcV_2 ydcV_3 ydcV_4 ydcV_5 ydcV_6 ydcV_7 ydcV_8 ydcV_9 ydcV_10 ydcV_11 ydcV_12
[13:49:13] Fixed 5 duplicate /gene - slyA_1 slyA_2 slyA_3 slyA_4 slyA_5
[13:49:13] Fixed 2 duplicate /gene - namA_1 namA_2
[13:49:13] Fixed 2 duplicate /gene - hemC_1 hemC_2
[13:49:13] Fixed 2 duplicate /gene - nanK_1 nanK_2
[13:49:13] Fixed 2 duplicate /gene - queD_1 queD_2
[13:49:13] Fixed 2 duplicate /gene - nthB_1 nthB_2
[13:49:13] Fixed 2 duplicate /gene - rhmD_1 rhmD_2
[13:49:13] Fixed 2 duplicate /gene - groL1_1 groL1_2
[13:49:13] Fixed 4 duplicate /gene - uctC_1 uctC_2 uctC_3 uctC_4
[13:49:13] Fixed 2 duplicate /gene - arsC_1 arsC_2
[13:49:13] Fixed 2 duplicate /gene - alaS_1 alaS_2
[13:49:13] Fixed 2 duplicate /gene - emrK_1 emrK_2
[13:49:13] Fixed 2 duplicate /gene - gltX1_1 gltX1_2
[13:49:13] Fixed 2 duplicate /gene - regA_1 regA_2
[13:49:13] Fixed 3 duplicate /gene - leuE_1 leuE_2 leuE_3
[13:49:13] Fixed 3 duplicate /gene - fixK_1 fixK_2 fixK_3
[13:49:13] Fixed 2 duplicate /gene - wcaJ_1 wcaJ_2
[13:49:13] Fixed 2 duplicate /gene - nylB'_1 nylB'_2
[13:49:13] Fixed 12 duplicate /gene - lrp_1 lrp_2 lrp_3 lrp_4 lrp_5 lrp_6 lrp_7 lrp_8 lrp_9 lrp_10 lrp_11 lrp_12
[13:49:13] Fixed 3 duplicate /gene - dhaA_1 dhaA_2 dhaA_3
[13:49:13] Fixed 2 duplicate /gene - cbs_1 cbs_2
[13:49:13] Fixed 3 duplicate /gene - xthA_1 xthA_2 xthA_3
[13:49:13] Fixed 2 duplicate /gene - purR_1 purR_2
[13:49:13] Fixed 2 duplicate /gene - lvr_1 lvr_2
[13:49:13] Fixed 2 duplicate /gene - sucD_1 sucD_2
[13:49:13] Fixed 2 duplicate /gene - oleD_1 oleD_2
[13:49:13] Fixed 4 duplicate /gene - dgoD_1 dgoD_2 dgoD_3 dgoD_4
[13:49:13] Fixed 2 duplicate /gene - rpe_1 rpe_2
[13:49:13] Fixed 2 duplicate /gene - bamA_1 bamA_2
[13:49:13] Fixed 11 duplicate /gene - livH_1 livH_2 livH_3 livH_4 livH_5 livH_6 livH_7 livH_8 livH_9 livH_10 livH_11
[13:49:13] Fixed 2 duplicate /gene - fhuB_1 fhuB_2
[13:49:13] Fixed 4 duplicate /gene - xerD_1 xerD_2 xerD_3 xerD_4
[13:49:13] Fixed 2 duplicate /gene - acm_1 acm_2
[13:49:13] Fixed 3 duplicate /gene - polS_1 polS_2 polS_3
[13:49:13] Fixed 4 duplicate /gene - aam_1 aam_2 aam_3 aam_4
[13:49:13] Fixed 2 duplicate /gene - prsD_1 prsD_2
[13:49:13] Fixed 3 duplicate /gene - crtI_1 crtI_2 crtI_3
[13:49:13] Fixed 3 duplicate /gene - ssuD_1 ssuD_2 ssuD_3
[13:49:13] Fixed 6 duplicate /gene - fliY_1 fliY_2 fliY_3 fliY_4 fliY_5 fliY_6
[13:49:13] Fixed 4 duplicate /gene - gabR_1 gabR_2 gabR_3 gabR_4
[13:49:13] Fixed 3 duplicate /gene - dhmA_1 dhmA_2 dhmA_3
[13:49:13] Fixed 9 duplicate /gene - mdtA_1 mdtA_2 mdtA_3 mdtA_4 mdtA_5 mdtA_6 mdtA_7 mdtA_8 mdtA_9
[13:49:13] Fixed 2 duplicate /gene - phnJ_1 phnJ_2
[13:49:13] Fixed 2 duplicate /gene - fgd_1 fgd_2
[13:49:13] Fixed 2 duplicate /gene - frcC_1 frcC_2
[13:49:13] Fixed 3 duplicate /gene - gsiB_1 gsiB_2 gsiB_3
[13:49:13] Fixed 2 duplicate /gene - araG_1 araG_2
[13:49:13] Fixed 3 duplicate /gene - greA_1 greA_2 greA_3
[13:49:13] Fixed 4 duplicate /gene - tdh_1 tdh_2 tdh_3 tdh_4
[13:49:13] Fixed 7 duplicate /gene - lacF_1 lacF_2 lacF_3 lacF_4 lacF_5 lacF_6 lacF_7
[13:49:13] Fixed 2 duplicate /gene - nodM_1 nodM_2
[13:49:13] Fixed 2 duplicate /gene - hmuV_1 hmuV_2
[13:49:13] Fixed 3 duplicate /gene - hemN_1 hemN_2 hemN_3
[13:49:13] Fixed 2 duplicate /gene - plsY_1 plsY_2
[13:49:13] Fixed 2 duplicate /gene - hpxO_1 hpxO_2
[13:49:13] Fixed 3 duplicate /gene - cmpD_1 cmpD_2 cmpD_3
[13:49:13] Fixed 5 duplicate /gene - gcvT_1 gcvT_2 gcvT_3 gcvT_4 gcvT_5
[13:49:13] Fixed 4 duplicate /gene - hsrA_1 hsrA_2 hsrA_3 hsrA_4
[13:49:13] Fixed 19 duplicate /gene - gcvA_1 gcvA_2 gcvA_3 gcvA_4 gcvA_5 gcvA_6 gcvA_7 gcvA_8 gcvA_9 gcvA_10 gcvA_11 gcvA_12 gcvA_13 gcvA_14 gcvA_15 gcvA_16 gcvA_17 gcvA_18 gcvA_19
[13:49:13] Fixed 2 duplicate /gene - pdhC_1 pdhC_2
[13:49:13] Fixed 7 duplicate /gene - dxs_1 dxs_2 dxs_3 dxs_4 dxs_5 dxs_6 dxs_7
[13:49:13] Fixed 4 duplicate /gene - dadA1_1 dadA1_2 dadA1_3 dadA1_4
[13:49:13] Fixed 8 duplicate /gene - potB_1 potB_2 potB_3 potB_4 potB_5 potB_6 potB_7 potB_8
[13:49:13] Fixed 3 duplicate /gene - occM_1 occM_2 occM_3
[13:49:13] Fixed 5 duplicate /gene - cspA_1 cspA_2 cspA_3 cspA_4 cspA_5
[13:49:13] Fixed 2 duplicate /gene - argE_1 argE_2
[13:49:13] Fixed 4 duplicate /gene - yjiA_1 yjiA_2 yjiA_3 yjiA_4
[13:49:13] Fixed 3 duplicate /gene - acdA_1 acdA_2 acdA_3
[13:49:13] Fixed 6 duplicate /gene - glnQ_1 glnQ_2 glnQ_3 glnQ_4 glnQ_5 glnQ_6
[13:49:13] Fixed 3 duplicate /gene - ydhP_1 ydhP_2 ydhP_3
[13:49:13] Fixed 5 duplicate /gene - glpR_1 glpR_2 glpR_3 glpR_4 glpR_5
[13:49:13] Fixed 3 duplicate /gene - ada_1 ada_2 ada_3
[13:49:13] Fixed 4 duplicate /gene - sugC_1 sugC_2 sugC_3 sugC_4
[13:49:13] Fixed 2 duplicate /gene - budC_1 budC_2
[13:49:13] Fixed 2 duplicate /gene - perR_1 perR_2
[13:49:13] Fixed 2 duplicate /gene - dctD_1 dctD_2
[13:49:13] Fixed 2 duplicate /gene - ndoA_1 ndoA_2
[13:49:13] Fixed 2 duplicate /gene - hilA_1 hilA_2
[13:49:13] Fixed 7 duplicate /gene - yecS_1 yecS_2 yecS_3 yecS_4 yecS_5 yecS_6 yecS_7
[13:49:13] Fixed 2 duplicate /gene - mcl2_1 mcl2_2
[13:49:13] Fixed 2 duplicate /gene - glnP_1 glnP_2
[13:49:13] Fixed 3 duplicate /gene - phnM_1 phnM_2 phnM_3
[13:49:13] Fixed 2 duplicate /gene - npcC_1 npcC_2
[13:49:13] Fixed 2 duplicate /gene - rihA_1 rihA_2
[13:49:13] Fixed 4 duplicate /gene - prmA_1 prmA_2 prmA_3 prmA_4
[13:49:13] Fixed 2 duplicate /gene - yagS_1 yagS_2
[13:49:13] Fixed 2 duplicate /gene - pgsA_1 pgsA_2
[13:49:13] Fixed 2 duplicate /gene - yddA_1 yddA_2
[13:49:13] Fixed 2 duplicate /gene - nodD2_1 nodD2_2
[13:49:13] Fixed 2 duplicate /gene - catD_1 catD_2
[13:49:13] Fixed 2 duplicate /gene - guaB_1 guaB_2
[13:49:13] Fixed 2 duplicate /gene - msmE_1 msmE_2
[13:49:13] Fixed 2 duplicate /gene - thrB_1 thrB_2
[13:49:13] Fixed 2 duplicate /gene - hisD_1 hisD_2
[13:49:13] Fixed 3 duplicate /gene - yfcG_1 yfcG_2 yfcG_3
[13:49:13] Fixed 2 duplicate /gene - glmS_1 glmS_2
[13:49:13] Fixed 2 duplicate /gene - gfa_1 gfa_2
[13:49:13] Fixed 2 duplicate /gene - fdhL_1 fdhL_2
[13:49:13] Fixed 3 duplicate /gene - gbpR_1 gbpR_2 gbpR_3
[13:49:13] Fixed 2 duplicate /gene - rlmB_1 rlmB_2
[13:49:13] Fixed 7 duplicate /gene - ssuB_1 ssuB_2 ssuB_3 ssuB_4 ssuB_5 ssuB_6 ssuB_7
[13:49:13] Fixed 2 duplicate /gene - ccpA_1 ccpA_2
[13:49:13] Fixed 4 duplicate /gene - bacC_1 bacC_2 bacC_3 bacC_4
[13:49:13] Fixed 3 duplicate /gene - ilvE_1 ilvE_2 ilvE_3
[13:49:13] Fixed 2 duplicate /gene - yheS_1 yheS_2
[13:49:13] Fixed 2 duplicate /gene - def_1 def_2
[13:49:13] Fixed 2 duplicate /gene - pitA_1 pitA_2
[13:49:13] Fixed 2 duplicate /gene - hemE_1 hemE_2
[13:49:13] Fixed 4 duplicate /gene - rbsR_1 rbsR_2 rbsR_3 rbsR_4
[13:49:13] Fixed 2 duplicate /gene - purC_1 purC_2
[13:49:13] Fixed 2 duplicate /gene - fni_1 fni_2
[13:49:13] Fixed 2 duplicate /gene - pyrC_1 pyrC_2
[13:49:13] Fixed 2 duplicate /gene - rnr_1 rnr_2
[13:49:13] Fixed 2 duplicate /gene - atzC_1 atzC_2
[13:49:13] Fixed 2 duplicate /gene - rpoH_1 rpoH_2
[13:49:13] Fixed 6 duplicate /gene - ribX_1 ribX_2 ribX_3 ribX_4 ribX_5 ribX_6
[13:49:13] Fixed 2 duplicate /gene - purF_1 purF_2
[13:49:13] Fixed 2 duplicate /gene - rihB_1 rihB_2
[13:49:13] Fixed 3 duplicate /gene - ubiG_1 ubiG_2 ubiG_3
[13:49:13] Fixed 3 duplicate /gene - alsB_1 alsB_2 alsB_3
[13:49:13] Fixed 2 duplicate /gene - azoR_1 azoR_2
[13:49:13] Fixed 2 duplicate /gene - kbl_1 kbl_2
[13:49:13] Fixed 8 duplicate /gene - gsiA_1 gsiA_2 gsiA_3 gsiA_4 gsiA_5 gsiA_6 gsiA_7 gsiA_8
[13:49:13] Fixed 3 duplicate /gene - alsC_1 alsC_2 alsC_3
[13:49:13] Fixed 2 duplicate /gene - nfdA_1 nfdA_2
[13:49:13] Fixed 12 duplicate /gene - rhaS_1 rhaS_2 rhaS_3 rhaS_4 rhaS_5 rhaS_6 rhaS_7 rhaS_8 rhaS_9 rhaS_10 rhaS_11 rhaS_12
[13:49:13] Fixed 2 duplicate /gene - metXA_1 metXA_2
[13:49:13] Fixed 2 duplicate /gene - miaB_1 miaB_2
[13:49:13] Fixed 2 duplicate /gene - gtf1_1 gtf1_2
[13:49:13] Fixed 7 duplicate /gene - malK_1 malK_2 malK_3 malK_4 malK_5 malK_6 malK_7
[13:49:13] Fixed 27 duplicate /gene - rbsC_1 rbsC_2 rbsC_3 rbsC_4 rbsC_5 rbsC_6 rbsC_7 rbsC_8 rbsC_9 rbsC_10 rbsC_11 rbsC_12 rbsC_13 rbsC_14 rbsC_15 rbsC_16 rbsC_17 rbsC_18 rbsC_19 rbsC_20 rbsC_21 rbsC_22 rbsC_23 rbsC_24 rbsC_25 rbsC_26 rbsC_27
[13:49:13] Fixed 2 duplicate /gene - yoaE_1 yoaE_2
[13:49:13] Fixed 2 duplicate /gene - dctB_1 dctB_2
[13:49:13] Fixed 3 duplicate /gene - prsE_1 prsE_2 prsE_3
[13:49:13] Fixed 4 duplicate /gene - degU_1 degU_2 degU_3 degU_4
[13:49:13] Fixed 5 duplicate /gene - betB_1 betB_2 betB_3 betB_4 betB_5
[13:49:13] Fixed 2 duplicate /gene - yagT_1 yagT_2
[13:49:13] Fixed 3 duplicate /gene - yihV_1 yihV_2 yihV_3
[13:49:13] Fixed 2 duplicate /gene - msrB_1 msrB_2
[13:49:13] Fixed 2 duplicate /gene - melA_1 melA_2
[13:49:13] Fixed 3 duplicate /gene - rafR_1 rafR_2 rafR_3
[13:49:13] Fixed 2 duplicate /gene - cnbH_1 cnbH_2
[13:49:13] Fixed 10 duplicate /gene - mshA_1 mshA_2 mshA_3 mshA_4 mshA_5 mshA_6 mshA_7 mshA_8 mshA_9 mshA_10
[13:49:13] Fixed 2 duplicate /gene - yhdN_1 yhdN_2
[13:49:13] Fixed 3 duplicate /gene - ddpA_1 ddpA_2 ddpA_3
[13:49:13] Fixed 4 duplicate /gene - chrR_1 chrR_2 chrR_3 chrR_4
[13:49:13] Fixed 4 duplicate /gene - ssuC_1 ssuC_2 ssuC_3 ssuC_4
[13:49:13] Fixed 2 duplicate /gene - hexR_1 hexR_2
[13:49:13] Fixed 2 duplicate /gene - tadA_1 tadA_2
[13:49:13] Fixed 6 duplicate /gene - iolS_1 iolS_2 iolS_3 iolS_4 iolS_5 iolS_6
[13:49:13] Fixed 2 duplicate /gene - ispG_1 ispG_2
[13:49:13] Fixed 2 duplicate /gene - ghrA_1 ghrA_2
[13:49:13] Fixed 2 duplicate /gene - tsaC1_1 tsaC1_2
[13:49:13] Fixed 8 duplicate /gene - abo_1 abo_2 abo_3 abo_4 abo_5 abo_6 abo_7 abo_8
[13:49:13] Fixed 2 duplicate /gene - phnK_1 phnK_2
[13:49:13] Fixed 2 duplicate /gene - pld1_1 pld1_2
[13:49:13] Fixed 3 duplicate /gene - occQ_1 occQ_2 occQ_3
[13:49:13] Fixed 2 duplicate /gene - fhuD_1 fhuD_2
[13:49:13] Fixed 2 duplicate /gene - wbpA_1 wbpA_2
[13:49:13] Fixed 4 duplicate /gene - sugA_1 sugA_2 sugA_3 sugA_4
[13:49:13] Fixed 2 duplicate /gene - comM_1 comM_2
[13:49:13] Fixed 2 duplicate /gene - purD_1 purD_2
[13:49:13] Fixed 11 duplicate /gene - gsiC_1 gsiC_2 gsiC_3 gsiC_4 gsiC_5 gsiC_6 gsiC_7 gsiC_8 gsiC_9 gsiC_10 gsiC_11
[13:49:13] Fixed 2 duplicate /gene - atm1_1 atm1_2
[13:49:13] Fixed 3 duplicate /gene - metK_1 metK_2 metK_3
[13:49:13] Fixed 3 duplicate /gene - proC_1 proC_2 proC_3
[13:49:13] Fixed 3 duplicate /gene - msrA_1 msrA_2 msrA_3
[13:49:13] Fixed 2 duplicate /gene - mdtB_1 mdtB_2
[13:49:13] Fixed 540 colliding /gene names.
[13:49:13] Adding /locus_tag identifiers
[13:49:13] Assigned 6920 locus_tags to CDS and RNA features.
[13:49:13] Writing outputs to R88B_prokka_clean/
[13:49:19] Generating annotation statistics file
[13:49:19] Generating Genbank and Sequin files
[13:49:19] Running: tbl2asn -V b -a r10k -l paired-ends -M n -N 1 -y 'Annotated using prokka 1.13.3 from https://github.com/tseemann/prokka' -Z R88B_prokka_clean\/R88B\.err -i R88B_prokka_clean\/R88B\.fsa 2> /dev/null
[13:49:31] Deleting unwanted file: R88B_prokka_clean/errorsummary.val
[13:49:31] Deleting unwanted file: R88B_prokka_clean/R88B.dr
[13:49:31] Deleting unwanted file: R88B_prokka_clean/R88B.fixedproducts
[13:49:31] Deleting unwanted file: R88B_prokka_clean/R88B.ecn
[13:49:31] Deleting unwanted file: R88B_prokka_clean/R88B.val
[13:49:31] Repairing broken .GBK output that tbl2asn produces...
[13:49:31] Running: sed 's/COORDINATES: profile/COORDINATES:profile/' < R88B_prokka_clean\/R88B\.gbf > R88B_prokka_clean\/R88B\.gbk
[13:49:31] Deleting unwanted file: R88B_prokka_clean/R88B.gbf
[13:49:31] Output files:
[13:49:31] R88B_prokka_clean/R88B.ffn
[13:49:31] R88B_prokka_clean/R88B.tbl
[13:49:31] R88B_prokka_clean/R88B.gff
[13:49:31] R88B_prokka_clean/R88B.err
[13:49:31] R88B_prokka_clean/R88B.fna
[13:49:31] R88B_prokka_clean/R88B.faa
[13:49:31] R88B_prokka_clean/R88B.log
[13:49:31] R88B_prokka_clean/R88B.gbk
[13:49:31] R88B_prokka_clean/R88B.txt
[13:49:31] R88B_prokka_clean/R88B.fsa
[13:49:31] R88B_prokka_clean/R88B.tsv
[13:49:31] R88B_prokka_clean/R88B.sqn
[13:49:31] Annotation finished successfully.
[13:49:31] Walltime used: 3.03 minutes
[13:49:31] If you use this result please cite the Prokka paper:
[13:49:31] Seemann T (2014) Prokka: rapid prokaryotic genome annotation. Bioinformatics. 30(14):2068-9.
[13:49:31] Type 'prokka --citation' for more details.
[13:49:31] Thank you, come again.
