[13:40:44] This is prokka 1.13.3
[13:40:44] Written by Torsten Seemann <torsten.seemann@gmail.com>
[13:40:44] Homepage is https://github.com/tseemann/prokka
[13:40:44] Local time is Wed Oct 17 13:40:44 2018
[13:40:44] You are ronson
[13:40:44] Operating system is linux
[13:40:44] You have BioPerl 1.007002
[13:40:44] System has 16 cores.
[13:40:44] Will use maximum of 14 cores.
[13:40:44] Annotating as >>> Bacteria <<<
[13:40:44] Creating new output folder: NZP2298_prokka_clean
[13:40:44] Running: mkdir -p NZP2298_prokka_clean
[13:40:44] Using filename prefix: NZP2298.XXX
[13:40:44] Setting HMMER_NCPU=1
[13:40:44] Writing log to: NZP2298_prokka_clean/NZP2298.log
[13:40:44] Command: /home/ronson/miniconda3/envs/py36/bin/prokka --rawproduct --outdir NZP2298_prokka_clean --prefix NZP2298 --locustag NZP2298 --genus Mesorhizobium --species loti --strain NZP2298 --mincontiglen 10000 --cpus 14 NZP2298.hybrid.final.fasta
[13:40:44] Appending to PATH: /home/ronson/miniconda3/envs/py36/bin
[13:40:44] Looking for 'aragorn' - found /home/ronson/miniconda3/envs/py36/bin/aragorn
[13:40:44] Determined aragorn version is 1.2
[13:40:44] Looking for 'barrnap' - found /home/ronson/miniconda3/envs/py36/bin/barrnap
[13:40:44] Determined barrnap version is 0.9
[13:40:44] Looking for 'blastp' - found /home/ronson/miniconda3/envs/py36/bin/blastp
[13:40:44] Determined blastp version is 2.7
[13:40:44] Looking for 'cmpress' - found /home/ronson/miniconda3/envs/py36/bin/cmpress
[13:40:44] Determined cmpress version is 1.1
[13:40:44] Looking for 'cmscan' - found /home/ronson/miniconda3/envs/py36/bin/cmscan
[13:40:44] Determined cmscan version is 1.1
[13:40:44] Looking for 'egrep' - found /bin/egrep
[13:40:44] Looking for 'find' - found /usr/bin/find
[13:40:44] Looking for 'grep' - found /bin/grep
[13:40:44] Looking for 'hmmpress' - found /home/ronson/miniconda3/envs/py36/bin/hmmpress
[13:40:44] Determined hmmpress version is 3.2
[13:40:44] Looking for 'hmmscan' - found /home/ronson/miniconda3/envs/py36/bin/hmmscan
[13:40:44] Determined hmmscan version is 3.2
[13:40:44] Looking for 'java' - found /home/ronson/miniconda3/envs/py36/bin/java
[13:40:44] Looking for 'less' - found /usr/bin/less
[13:40:44] Looking for 'makeblastdb' - found /home/ronson/miniconda3/envs/py36/bin/makeblastdb
[13:40:44] Determined makeblastdb version is 2.7
[13:40:44] Looking for 'minced' - found /home/ronson/miniconda3/envs/py36/bin/minced
[13:40:44] Determined minced version is 3.0
[13:40:44] Looking for 'parallel' - found /home/ronson/miniconda3/envs/py36/bin/parallel
[13:40:44] Determined parallel version is 20180922
[13:40:44] Looking for 'prodigal' - found /home/ronson/miniconda3/envs/py36/bin/prodigal
[13:40:44] Determined prodigal version is 2.6
[13:40:44] Looking for 'prokka-genbank_to_fasta_db' - found /home/ronson/miniconda3/envs/py36/bin/prokka-genbank_to_fasta_db
[13:40:44] Looking for 'sed' - found /bin/sed
[13:40:44] Looking for 'tbl2asn' - found /home/ronson/miniconda3/envs/py36/bin/tbl2asn
[13:40:44] Determined tbl2asn version is 25.6
[13:40:44] Using genetic code table 11.
[13:40:44] Loading and checking input file: NZP2298.hybrid.final.fasta
[13:40:45] Wrote 1 contigs totalling 7336816 bp.
[13:40:45] Predicting tRNAs and tmRNAs
[13:40:45] Running: aragorn -l -gc11  -w NZP2298_prokka_clean\/NZP2298\.fna
[13:40:49] 1 tRNA-Thr [82832,82907] 34 (cgt)
[13:40:49] 2 tRNA-Ala c[327546,327621] 34 (ggc)
[13:40:49] 3 tRNA-Arg c[620832,620908] 35 (ccg)
[13:40:49] 4 tRNA-Arg [734389,734465] 35 (acg)
[13:40:49] 5 tRNA-Leu c[859133,859217] 35 (cag)
[13:40:49] 6 tRNA-Gly c[1011987,1012061] 33 (gcc)
[13:40:49] 7 tRNA-Ala c[1206206,1206281] 34 (cgc)
[13:40:49] 8 tRNA-Ser c[1295422,1295511] 35 (cga)
[13:40:49] 9 tRNA-Glu [1502161,1502235] 34 (ctc)
[13:40:49] 10 tRNA-Arg c[1675517,1675593] 35 (cct)
[13:40:49] 11 tRNA-Leu [1760250,1760334] 35 (caa)
[13:40:49] 12 tRNA-Ile [1800739,1800815] 35 (gat)
[13:40:49] 13 tRNA-Ala [1800864,1800939] 34 (tgc)
[13:40:49] 14 tRNA-Met [1804723,1804799] 35 (cat)
[13:40:49] 15 tRNA-Ile [1808373,1808449] 35 (gat)
[13:40:49] 16 tRNA-Ala [1808498,1808573] 34 (tgc)
[13:40:49] 17 tRNA-Met [1812357,1812433] 35 (cat)
[13:40:49] 18 tRNA-Ser [2019204,2019293] 35 (gga)
[13:40:49] 19 tRNA-Val c[2103177,2103251] 33 (gac)
[13:40:49] 20 tRNA-Leu [2181445,2181533] 34 (gag)
[13:40:49] 21 tRNA-Met c[2338054,2338130] 35 (cat)
[13:40:49] 22 tRNA-Ala [2362714,2362782] 35 (cgc)
[13:40:49] 23 tRNA-Met [2652073,2652148] 34 (cat)
[13:40:49] 24 tRNA-Ala [2914407,2914485] 37 (ggc)
[13:40:49] 25 tRNA-Cys [2937949,2938024] 33 (gca)
[13:40:49] 26 tRNA-Asn [3052671,3052755] 31 (gtt)
[13:40:49] 27 tRNA-Gln c[3275895,3275968] 33 (ttg)
[13:40:49] 28 tmRNA* c[3566345,3566687] 214,252 ANDNYAEARLAA*
[13:40:49] 29 tRNA-Lys [3631547,3631622] 34 (ctt)
[13:40:49] 30 tRNA-Leu [3675934,3676018] 35 (gag)
[13:40:49] 31 tRNA-Thr c[3810413,3810487] 34 (tgt)
[13:40:49] tRNA c[3810485,3810559] is a pseudo/wacky gene - skipping.
[13:40:49] 33 tRNA-Asn c[3863344,3863418] 33 (gtt)
[13:40:49] 34 tRNA-Cys [3864424,3864497] 33 (gca)
[13:40:49] 35 tRNA-Leu c[3907143,3907225] 35 (tag)
[13:40:49] 36 tRNA-Glu c[3979029,3979103] 34 (ttc)
[13:40:49] 37 tRNA-Lys [4183566,4183641] 34 (ttt)
[13:40:49] 38 tRNA-Val c[4336573,4336647] 33 (cac)
[13:40:49] 39 tRNA-Ser c[4364132,4364221] 35 (tga)
[13:40:49] 40 tRNA-Trp c[4490371,4490446] 34 (cca)
[13:40:49] 41 tRNA-Gly c[4496566,4496639] 33 (tcc)
[13:40:49] 42 tRNA-Tyr c[4496729,4496813] 35 (gta)
[13:40:49] 43 tRNA-Thr [4504511,4504586] 34 (tgt)
[13:40:49] 44 tRNA-Leu [4574059,4574144] 35 (taa)
[13:40:49] 45 tRNA-Thr c[4727231,4727326] 38 (ggt)
[13:40:49] 46 tRNA-Val c[4733826,4733901] 34 (tac)
[13:40:49] 47 tRNA-Asp [4734118,4734194] 35 (gtc)
[13:40:49] 48 tRNA-Gly [4741762,4741835] 36 (tcc)
[13:40:49] 49 tRNA-Pro c[4792773,4792849] 35 (ggg)
[13:40:49] 50 tRNA-Gln [4859946,4860019] 33 (ctg)
[13:40:49] 51 tRNA-Arg c[5072629,5072705] 35 (tct)
[13:40:49] 52 tRNA-Pro [5073185,5073261] 35 (tgg)
[13:40:49] 53 tRNA-Ser [5222499,5222589] 35 (gct)
[13:40:49] 54 tRNA-Pro [5319660,5319736] 35 (cgg)
[13:40:49] 55 tRNA-Gln [5402264,5402338] 33 (ttg)
[13:40:49] 56 tRNA-His c[6489063,6489139] 35 (gtg)
[13:40:49] 57 tRNA-Thr c[6589227,6589301] 33 (ggt)
[13:40:49] 58 tRNA-Phe [6602365,6602440] 34 (gaa)
[13:40:49] 59 tRNA-Gly [7187530,7187603] 33 (ccc)
[13:40:49] 60 tRNA-Thr c[7271968,7272043] 34 (tgt)
[13:40:49] 61 tRNA-Ser c[7272049,7272134] 34 (tga)
[13:40:49] 62 tRNA-Ser c[7272147,7272234] 33 (gct)
[13:40:49] 63 tRNA-Met c[7272279,7272355] 35 (cat)
[13:40:49] tRNA [7301883,7301971] is a pseudo/wacky gene - skipping.
[13:40:49] Found 62 tRNAs
[13:40:49] Predicting Ribosomal RNAs
[13:40:49] Running Barrnap with 14 threads
[13:40:54] 1 1 1799022 16S ribosomal RNA
[13:40:54] 2 1 1801322 23S ribosomal RNA
[13:40:54] 3 1 1804313 5S ribosomal RNA
[13:40:54] 4 1 1806656 16S ribosomal RNA
[13:40:54] 5 1 1808956 23S ribosomal RNA
[13:40:54] 6 1 1811947 5S ribosomal RNA
[13:40:54] Found 6 rRNAs
[13:40:54] Skipping ncRNA search, enable with --rfam if desired.
[13:40:54] Total of 67 tRNA + rRNA features
[13:40:54] Searching for CRISPR repeats
[13:40:55] Found 0 CRISPRs
[13:40:55] Predicting coding sequences
[13:40:55] Contigs total 7336816 bp, so using single mode
[13:40:55] Running: prodigal -i NZP2298_prokka_clean\/NZP2298\.fna -c -m -g 11 -p single -f sco -q
[13:41:08] Excluding CDS which overlaps existing RNA (tRNA) at 1:1675245..1675718 on + strand
[13:41:08] Excluding CDS which overlaps existing RNA (tRNA) at 1:2181085..2182128 on - strand
[13:41:08] Excluding CDS which overlaps existing RNA (tRNA) at 1:2361824..2363356 on - strand
[13:41:08] Excluding CDS which overlaps existing RNA (tRNA) at 1:2652105..2652719 on - strand
[13:41:09] Excluding CDS which overlaps existing RNA (tRNA) at 1:2914170..2914958 on - strand
[13:41:09] Excluding CDS which overlaps existing RNA (tRNA) at 1:3052476..3053042 on + strand
[13:41:10] Excluding CDS which overlaps existing RNA (tRNA) at 1:4726675..4727853 on - strand
[13:41:12] Found 6903 CDS
[13:41:12] Connecting features back to sequences
[13:41:12] Not using genus-specific database. Try --usegenus to enable it.
[13:41:12] Annotating CDS, please be patient.
[13:41:12] Will use 14 CPUs for similarity searching.
[13:41:17] There are still 6903 unannotated CDS left (started with 6903)
[13:41:17] Will use blast to search against /home/ronson/miniconda3/envs/py36/db/kingdom/Bacteria/IS with 14 CPUs
[13:41:17] Running: cat NZP2298_prokka_clean\/IS\.faa | parallel --gnu --plain -j 14 --block 78370 --recstart '>' --pipe blastp -query - -db /home/ronson/miniconda3/envs/py36/db/kingdom/Bacteria/IS -evalue 1e-30 -qcov_hsp_perc 90 -num_threads 1 -num_descriptions 1 -num_alignments 1 -seg no > NZP2298_prokka_clean\/IS\.blast 2> /dev/null
[13:41:32] Deleting unwanted file: NZP2298_prokka_clean/IS.faa
[13:41:32] Deleting unwanted file: NZP2298_prokka_clean/IS.blast
[13:41:36] There are still 6881 unannotated CDS left (started with 6903)
[13:41:36] Will use blast to search against /home/ronson/miniconda3/envs/py36/db/kingdom/Bacteria/AMR with 14 CPUs
[13:41:36] Running: cat NZP2298_prokka_clean\/AMR\.faa | parallel --gnu --plain -j 14 --block 78166 --recstart '>' --pipe blastp -query - -db /home/ronson/miniconda3/envs/py36/db/kingdom/Bacteria/AMR -evalue 9.99999999999999e-301 -qcov_hsp_perc 90 -num_threads 1 -num_descriptions 1 -num_alignments 1 -seg no > NZP2298_prokka_clean\/AMR\.blast 2> /dev/null
[13:41:48] Deleting unwanted file: NZP2298_prokka_clean/AMR.faa
[13:41:48] Deleting unwanted file: NZP2298_prokka_clean/AMR.blast
[13:41:53] There are still 6881 unannotated CDS left (started with 6903)
[13:41:53] Will use blast to search against /home/ronson/miniconda3/envs/py36/db/kingdom/Bacteria/sprot with 14 CPUs
[13:41:53] Running: cat NZP2298_prokka_clean\/sprot\.faa | parallel --gnu --plain -j 14 --block 78166 --recstart '>' --pipe blastp -query - -db /home/ronson/miniconda3/envs/py36/db/kingdom/Bacteria/sprot -evalue 1e-09 -qcov_hsp_perc 80 -num_threads 1 -num_descriptions 1 -num_alignments 1 -seg no > NZP2298_prokka_clean\/sprot\.blast 2> /dev/null
[13:42:49] Deleting unwanted file: NZP2298_prokka_clean/sprot.faa
[13:42:49] Deleting unwanted file: NZP2298_prokka_clean/sprot.blast
[13:42:51] There are still 3658 unannotated CDS left (started with 6903)
[13:42:51] Will use hmmer3 to search against /home/ronson/miniconda3/envs/py36/db/hmm/HAMAP.hmm with 14 CPUs
[13:42:51] Running: cat NZP2298_prokka_clean\/HAMAP\.hmm\.faa | parallel --gnu --plain -j 14 --block 36445 --recstart '>' --pipe hmmscan --noali --notextw --acc -E 1e-09 --cpu 1 /home/ronson/miniconda3/envs/py36/db/hmm/HAMAP.hmm /dev/stdin > NZP2298_prokka_clean\/HAMAP\.hmm\.hmmer3 2> /dev/null
[13:43:30] Deleting unwanted file: NZP2298_prokka_clean/HAMAP.hmm.faa
[13:43:30] Deleting unwanted file: NZP2298_prokka_clean/HAMAP.hmm.hmmer3
[13:43:30] Labelling remaining 3190 proteins as 'hypothetical protein'
[13:43:30] Possible /pseudo 'Lipooligosaccharide biosynthesis protein lex-1' at 1 position 205051
[13:43:30] Possible /pseudo 'L-cystine-binding protein FliY' at 1 position 543754
[13:43:30] Possible /pseudo 'L-cystine transport system permease protein YecS' at 1 position 545300
[13:43:30] Possible /pseudo 'Ribose import permease protein RbsC' at 1 position 608885
[13:43:30] Possible /pseudo 'L-cystine transport system permease protein YecS' at 1 position 661129
[13:43:30] Possible /pseudo 'Regulator of nucleoside diphosphate kinase' at 1 position 1316316
[13:43:30] Possible /pseudo 'Probable glutamine ABC transporter permease protein GlnP' at 1 position 1451894
[13:43:30] Possible /pseudo 'Phytoene desaturase (lycopene-forming)' at 1 position 1544812
[13:43:30] Possible /pseudo 'Transcriptional regulatory protein OmpR' at 1 position 1563611
[13:43:30] Possible /pseudo 'Ribose import permease protein RbsC' at 1 position 1643737
[13:43:30] Possible /pseudo 'Ribose import permease protein RbsC' at 1 position 1667507
[13:43:30] Possible /pseudo '6-aminohexanoate-dimer hydrolase' at 1 position 2222005
[13:43:30] Possible /pseudo 'Cytochrome b/c1' at 1 position 2426933
[13:43:30] Possible /pseudo 'Cold shock protein CspA' at 1 position 2460360
[13:43:30] Possible /pseudo '2-iminobutanoate/2-iminopropanoate deaminase' at 1 position 2547740
[13:43:30] Possible /pseudo 'Putative serine protease HtrA' at 1 position 2644330
[13:43:30] Possible /pseudo 'Glutathione import ATP-binding protein GsiA' at 1 position 2758550
[13:43:30] Possible /pseudo 'Ribose import permease protein RbsC' at 1 position 2839402
[13:43:30] Possible /pseudo 'Ribose import permease protein RbsC' at 1 position 3391541
[13:43:30] Possible /pseudo 'Uncharacterized MFS-type transporter YcaD' at 1 position 3782450
[13:43:30] Possible /pseudo 'Ribose import permease protein RbsC' at 1 position 3912075
[13:43:30] Possible /pseudo 'Ribose import permease protein RbsC' at 1 position 3968120
[13:43:30] Possible /pseudo 'Glutamine synthetase' at 1 position 4439057
[13:43:30] Possible /pseudo 'L-cystine transport system permease protein YecS' at 1 position 4647618
[13:43:30] Possible /pseudo 'Inner membrane protein YqjF' at 1 position 5052584
[13:43:30] Possible /pseudo 'D-inositol-3-phosphate glycosyltransferase' at 1 position 5385549
[13:43:30] Possible /pseudo '3-methylmercaptopropionyl-CoA ligase' at 1 position 5394700
[13:43:30] Possible /pseudo 'ATP synthase subunit b' at 1 position 5498015
[13:43:30] Possible /pseudo 'Ribose import permease protein RbsC' at 1 position 5740359
[13:43:30] Possible /pseudo 'Arginine/ornithine antiporter' at 1 position 5937713
[13:43:30] Possible /pseudo 'Ribose import permease protein RbsC' at 1 position 6008933
[13:43:30] Possible /pseudo 'D-inositol-3-phosphate glycosyltransferase' at 1 position 6438973
[13:43:30] Possible /pseudo 'O-acetyltransferase OatA' at 1 position 6475574
[13:43:30] Possible /pseudo 'Dihydroanticapsin 7-dehydrogenase' at 1 position 6829872
[13:43:30] Possible /pseudo 'ISNCY family transposase ISBj12' at 1 position 6898257
[13:43:30] Found 2029 unique /gene codes.
[13:43:30] Fixed 13 duplicate /gene - lptB_1 lptB_2 lptB_3 lptB_4 lptB_5 lptB_6 lptB_7 lptB_8 lptB_9 lptB_10 lptB_11 lptB_12 lptB_13
[13:43:30] Fixed 2 duplicate /gene - lpd_1 lpd_2
[13:43:30] Fixed 2 duplicate /gene - phnM_1 phnM_2
[13:43:30] Fixed 2 duplicate /gene - cnbH_1 cnbH_2
[13:43:30] Fixed 4 duplicate /gene - ribX_1 ribX_2 ribX_3 ribX_4
[13:43:30] Fixed 5 duplicate /gene - ddpA_1 ddpA_2 ddpA_3 ddpA_4 ddpA_5
[13:43:30] Fixed 2 duplicate /gene - cetB_1 cetB_2
[13:43:30] Fixed 26 duplicate /gene - btuD_1 btuD_2 btuD_3 btuD_4 btuD_5 btuD_6 btuD_7 btuD_8 btuD_9 btuD_10 btuD_11 btuD_12 btuD_13 btuD_14 btuD_15 btuD_16 btuD_17 btuD_18 btuD_19 btuD_20 btuD_21 btuD_22 btuD_23 btuD_24 btuD_25 btuD_26
[13:43:30] Fixed 6 duplicate /gene - apc3_1 apc3_2 apc3_3 apc3_4 apc3_5 apc3_6
[13:43:30] Fixed 2 duplicate /gene - fadD_1 fadD_2
[13:43:30] Fixed 9 duplicate /gene - gsiD_1 gsiD_2 gsiD_3 gsiD_4 gsiD_5 gsiD_6 gsiD_7 gsiD_8 gsiD_9
[13:43:30] Fixed 7 duplicate /gene - cdhR_1 cdhR_2 cdhR_3 cdhR_4 cdhR_5 cdhR_6 cdhR_7
[13:43:30] Fixed 3 duplicate /gene - gbsA_1 gbsA_2 gbsA_3
[13:43:30] Fixed 3 duplicate /gene - gpuA_1 gpuA_2 gpuA_3
[13:43:30] Fixed 5 duplicate /gene - crt_1 crt_2 crt_3 crt_4 crt_5
[13:43:30] Fixed 5 duplicate /gene - ssuC_1 ssuC_2 ssuC_3 ssuC_4 ssuC_5
[13:43:30] Fixed 4 duplicate /gene - gmd_1 gmd_2 gmd_3 gmd_4
[13:43:30] Fixed 2 duplicate /gene - betC_1 betC_2
[13:43:30] Fixed 6 duplicate /gene - iolS_1 iolS_2 iolS_3 iolS_4 iolS_5 iolS_6
[13:43:30] Fixed 2 duplicate /gene - yciF_1 yciF_2
[13:43:30] Fixed 2 duplicate /gene - flhA_1 flhA_2
[13:43:30] Fixed 2 duplicate /gene - hmuT_1 hmuT_2
[13:43:30] Fixed 2 duplicate /gene - cckA_1 cckA_2
[13:43:30] Fixed 2 duplicate /gene - dhaA_1 dhaA_2
[13:43:30] Fixed 12 duplicate /gene - iolG_1 iolG_2 iolG_3 iolG_4 iolG_5 iolG_6 iolG_7 iolG_8 iolG_9 iolG_10 iolG_11 iolG_12
[13:43:30] Fixed 2 duplicate /gene - mtlK_1 mtlK_2
[13:43:30] Fixed 2 duplicate /gene - Hgd_1 Hgd_2
[13:43:30] Fixed 3 duplicate /gene - arcD_1 arcD_2 arcD_3
[13:43:30] Fixed 2 duplicate /gene - yxaF_1 yxaF_2
[13:43:30] Fixed 3 duplicate /gene - cysA_1 cysA_2 cysA_3
[13:43:30] Fixed 2 duplicate /gene - phyR_1 phyR_2
[13:43:30] Fixed 2 duplicate /gene - fusA_1 fusA_2
[13:43:30] Fixed 2 duplicate /gene - carA_1 carA_2
[13:43:30] Fixed 3 duplicate /gene - ipuC_1 ipuC_2 ipuC_3
[13:43:30] Fixed 4 duplicate /gene - aam_1 aam_2 aam_3 aam_4
[13:43:30] Fixed 2 duplicate /gene - atpF_1 atpF_2
[13:43:30] Fixed 2 duplicate /gene - thpA_1 thpA_2
[13:43:30] Fixed 2 duplicate /gene - dapH_1 dapH_2
[13:43:30] Fixed 3 duplicate /gene - csd_1 csd_2 csd_3
[13:43:30] Fixed 2 duplicate /gene - rbbA_1 rbbA_2
[13:43:30] Fixed 4 duplicate /gene - pat_1 pat_2 pat_3 pat_4
[13:43:30] Fixed 2 duplicate /gene - purK_1 purK_2
[13:43:30] Fixed 2 duplicate /gene - regA_1 regA_2
[13:43:30] Fixed 3 duplicate /gene - pepA_1 pepA_2 pepA_3
[13:43:30] Fixed 8 duplicate /gene - rbsB_1 rbsB_2 rbsB_3 rbsB_4 rbsB_5 rbsB_6 rbsB_7 rbsB_8
[13:43:30] Fixed 2 duplicate /gene - acrB_1 acrB_2
[13:43:30] Fixed 2 duplicate /gene - appB_1 appB_2
[13:43:30] Fixed 2 duplicate /gene - dhaK_1 dhaK_2
[13:43:30] Fixed 2 duplicate /gene - yhdW_1 yhdW_2
[13:43:30] Fixed 2 duplicate /gene - greA_1 greA_2
[13:43:30] Fixed 9 duplicate /gene - puuB_1 puuB_2 puuB_3 puuB_4 puuB_5 puuB_6 puuB_7 puuB_8 puuB_9
[13:43:30] Fixed 2 duplicate /gene - idnD_1 idnD_2
[13:43:30] Fixed 2 duplicate /gene - fadA_1 fadA_2
[13:43:30] Fixed 2 duplicate /gene - asnB_1 asnB_2
[13:43:30] Fixed 2 duplicate /gene - queD_1 queD_2
[13:43:30] Fixed 4 duplicate /gene - fcl_1 fcl_2 fcl_3 fcl_4
[13:43:30] Fixed 2 duplicate /gene - metXA_1 metXA_2
[13:43:30] Fixed 2 duplicate /gene - glnH_1 glnH_2
[13:43:30] Fixed 4 duplicate /gene - metC_1 metC_2 metC_3 metC_4
[13:43:30] Fixed 2 duplicate /gene - cutM_1 cutM_2
[13:43:30] Fixed 2 duplicate /gene - prsE_1 prsE_2
[13:43:30] Fixed 2 duplicate /gene - nhaP_1 nhaP_2
[13:43:30] Fixed 2 duplicate /gene - ddpD_1 ddpD_2
[13:43:30] Fixed 3 duplicate /gene - prmC_1 prmC_2 prmC_3
[13:43:30] Fixed 12 duplicate /gene - mshA_1 mshA_2 mshA_3 mshA_4 mshA_5 mshA_6 mshA_7 mshA_8 mshA_9 mshA_10 mshA_11 mshA_12
[13:43:30] Fixed 2 duplicate /gene - xerD_1 xerD_2
[13:43:30] Fixed 2 duplicate /gene - dhaL_1 dhaL_2
[13:43:30] Fixed 2 duplicate /gene - nudC_1 nudC_2
[13:43:30] Fixed 2 duplicate /gene - fdxB_1 fdxB_2
[13:43:30] Fixed 2 duplicate /gene - yhdY_1 yhdY_2
[13:43:30] Fixed 2 duplicate /gene - appC_1 appC_2
[13:43:30] Fixed 2 duplicate /gene - murR_1 murR_2
[13:43:30] Fixed 3 duplicate /gene - mshD_1 mshD_2 mshD_3
[13:43:30] Fixed 2 duplicate /gene - dinB_1 dinB_2
[13:43:30] Fixed 2 duplicate /gene - nepI_1 nepI_2
[13:43:30] Fixed 9 duplicate /gene - gsiA_1 gsiA_2 gsiA_3 gsiA_4 gsiA_5 gsiA_6 gsiA_7 gsiA_8 gsiA_9
[13:43:30] Fixed 2 duplicate /gene - dnaK_1 dnaK_2
[13:43:30] Fixed 2 duplicate /gene - emrA_1 emrA_2
[13:43:30] Fixed 2 duplicate /gene - thiE_1 thiE_2
[13:43:30] Fixed 2 duplicate /gene - acoR_1 acoR_2
[13:43:30] Fixed 2 duplicate /gene - dprE1_1 dprE1_2
[13:43:30] Fixed 3 duplicate /gene - kduD_1 kduD_2 kduD_3
[13:43:30] Fixed 8 duplicate /gene - pgrR_1 pgrR_2 pgrR_3 pgrR_4 pgrR_5 pgrR_6 pgrR_7 pgrR_8
[13:43:30] Fixed 2 duplicate /gene - malL_1 malL_2
[13:43:30] Fixed 5 duplicate /gene - pcm_1 pcm_2 pcm_3 pcm_4 pcm_5
[13:43:30] Fixed 2 duplicate /gene - ldc_1 ldc_2
[13:43:30] Fixed 2 duplicate /gene - rhlE_1 rhlE_2
[13:43:30] Fixed 2 duplicate /gene - msbA_1 msbA_2
[13:43:30] Fixed 3 duplicate /gene - kdgK_1 kdgK_2 kdgK_3
[13:43:30] Fixed 2 duplicate /gene - adc_1 adc_2
[13:43:30] Fixed 2 duplicate /gene - nifS_1 nifS_2
[13:43:30] Fixed 2 duplicate /gene - blh_1 blh_2
[13:43:30] Fixed 2 duplicate /gene - mltF_1 mltF_2
[13:43:30] Fixed 2 duplicate /gene - fixP_1 fixP_2
[13:43:30] Fixed 3 duplicate /gene - nsrR_1 nsrR_2 nsrR_3
[13:43:30] Fixed 5 duplicate /gene - cspA_1 cspA_2 cspA_3 cspA_4 cspA_5
[13:43:30] Fixed 12 duplicate /gene - rcsC_1 rcsC_2 rcsC_3 rcsC_4 rcsC_5 rcsC_6 rcsC_7 rcsC_8 rcsC_9 rcsC_10 rcsC_11 rcsC_12
[13:43:30] Fixed 2 duplicate /gene - gbpR_1 gbpR_2
[13:43:30] Fixed 2 duplicate /gene - appA_1 appA_2
[13:43:30] Fixed 2 duplicate /gene - rnk_1 rnk_2
[13:43:30] Fixed 3 duplicate /gene - cmpD_1 cmpD_2 cmpD_3
[13:43:30] Fixed 3 duplicate /gene - catD_1 catD_2 catD_3
[13:43:30] Fixed 3 duplicate /gene - polS_1 polS_2 polS_3
[13:43:30] Fixed 2 duplicate /gene - iolD_1 iolD_2
[13:43:30] Fixed 2 duplicate /gene - nicB_1 nicB_2
[13:43:30] Fixed 2 duplicate /gene - gpmA_1 gpmA_2
[13:43:30] Fixed 4 duplicate /gene - glxR_1 glxR_2 glxR_3 glxR_4
[13:43:30] Fixed 2 duplicate /gene - gloB_1 gloB_2
[13:43:30] Fixed 3 duplicate /gene - sigW_1 sigW_2 sigW_3
[13:43:30] Fixed 2 duplicate /gene - lpxD_1 lpxD_2
[13:43:30] Fixed 2 duplicate /gene - hpbD_1 hpbD_2
[13:43:30] Fixed 2 duplicate /gene - argE_1 argE_2
[13:43:30] Fixed 2 duplicate /gene - tmpC_1 tmpC_2
[13:43:30] Fixed 3 duplicate /gene - nagZ_1 nagZ_2 nagZ_3
[13:43:30] Fixed 9 duplicate /gene - mdtA_1 mdtA_2 mdtA_3 mdtA_4 mdtA_5 mdtA_6 mdtA_7 mdtA_8 mdtA_9
[13:43:30] Fixed 2 duplicate /gene - yhbO_1 yhbO_2
[13:43:30] Fixed 6 duplicate /gene - oppF_1 oppF_2 oppF_3 oppF_4 oppF_5 oppF_6
[13:43:30] Fixed 3 duplicate /gene - ligD_1 ligD_2 ligD_3
[13:43:30] Fixed 3 duplicate /gene - wbgU_1 wbgU_2 wbgU_3
[13:43:30] Fixed 4 duplicate /gene - degU_1 degU_2 degU_3 degU_4
[13:43:30] Fixed 2 duplicate /gene - ymdB_1 ymdB_2
[13:43:30] Fixed 2 duplicate /gene - gph_1 gph_2
[13:43:30] Fixed 17 duplicate /gene - rbsA_1 rbsA_2 rbsA_3 rbsA_4 rbsA_5 rbsA_6 rbsA_7 rbsA_8 rbsA_9 rbsA_10 rbsA_11 rbsA_12 rbsA_13 rbsA_14 rbsA_15 rbsA_16 rbsA_17
[13:43:30] Fixed 2 duplicate /gene - afr_1 afr_2
[13:43:30] Fixed 8 duplicate /gene - ubiE_1 ubiE_2 ubiE_3 ubiE_4 ubiE_5 ubiE_6 ubiE_7 ubiE_8
[13:43:30] Fixed 12 duplicate /gene - yecS_1 yecS_2 yecS_3 yecS_4 yecS_5 yecS_6 yecS_7 yecS_8 yecS_9 yecS_10 yecS_11 yecS_12
[13:43:30] Fixed 16 duplicate /gene - fabG_1 fabG_2 fabG_3 fabG_4 fabG_5 fabG_6 fabG_7 fabG_8 fabG_9 fabG_10 fabG_11 fabG_12 fabG_13 fabG_14 fabG_15 fabG_16
[13:43:30] Fixed 5 duplicate /gene - ugpA_1 ugpA_2 ugpA_3 ugpA_4 ugpA_5
[13:43:30] Fixed 2 duplicate /gene - speE_1 speE_2
[13:43:30] Fixed 2 duplicate /gene - yagS_1 yagS_2
[13:43:30] Fixed 2 duplicate /gene - ccrA2_1 ccrA2_2
[13:43:30] Fixed 2 duplicate /gene - eamA_1 eamA_2
[13:43:30] Fixed 20 duplicate /gene - ugpC_1 ugpC_2 ugpC_3 ugpC_4 ugpC_5 ugpC_6 ugpC_7 ugpC_8 ugpC_9 ugpC_10 ugpC_11 ugpC_12 ugpC_13 ugpC_14 ugpC_15 ugpC_16 ugpC_17 ugpC_18 ugpC_19 ugpC_20
[13:43:30] Fixed 16 duplicate /gene - sasA_1 sasA_2 sasA_3 sasA_4 sasA_5 sasA_6 sasA_7 sasA_8 sasA_9 sasA_10 sasA_11 sasA_12 sasA_13 sasA_14 sasA_15 sasA_16
[13:43:30] Fixed 3 duplicate /gene - sugC_1 sugC_2 sugC_3
[13:43:30] Fixed 2 duplicate /gene - aspC_1 aspC_2
[13:43:30] Fixed 2 duplicate /gene - ptsI_1 ptsI_2
[13:43:30] Fixed 2 duplicate /gene - aas_1 aas_2
[13:43:30] Fixed 2 duplicate /gene - yhhJ_1 yhhJ_2
[13:43:30] Fixed 6 duplicate /gene - dapA_1 dapA_2 dapA_3 dapA_4 dapA_5 dapA_6
[13:43:30] Fixed 3 duplicate /gene - ydhP_1 ydhP_2 ydhP_3
[13:43:30] Fixed 4 duplicate /gene - htrA_1 htrA_2 htrA_3 htrA_4
[13:43:30] Fixed 2 duplicate /gene - pcaR_1 pcaR_2
[13:43:30] Fixed 2 duplicate /gene - ade_1 ade_2
[13:43:30] Fixed 3 duplicate /gene - dnaJ_1 dnaJ_2 dnaJ_3
[13:43:30] Fixed 6 duplicate /gene - lacF_1 lacF_2 lacF_3 lacF_4 lacF_5 lacF_6
[13:43:30] Fixed 2 duplicate /gene - uppP_1 uppP_2
[13:43:30] Fixed 12 duplicate /gene - frcA_1 frcA_2 frcA_3 frcA_4 frcA_5 frcA_6 frcA_7 frcA_8 frcA_9 frcA_10 frcA_11 frcA_12
[13:43:30] Fixed 3 duplicate /gene - cpdA_1 cpdA_2 cpdA_3
[13:43:30] Fixed 9 duplicate /gene - betI_1 betI_2 betI_3 betI_4 betI_5 betI_6 betI_7 betI_8 betI_9
[13:43:30] Fixed 2 duplicate /gene - trmL_1 trmL_2
[13:43:30] Fixed 43 duplicate /gene - rbsC_1 rbsC_2 rbsC_3 rbsC_4 rbsC_5 rbsC_6 rbsC_7 rbsC_8 rbsC_9 rbsC_10 rbsC_11 rbsC_12 rbsC_13 rbsC_14 rbsC_15 rbsC_16 rbsC_17 rbsC_18 rbsC_19 rbsC_20 rbsC_21 rbsC_22 rbsC_23 rbsC_24 rbsC_25 rbsC_26 rbsC_27 rbsC_28 rbsC_29 rbsC_30 rbsC_31 rbsC_32 rbsC_33 rbsC_34 rbsC_35 rbsC_36 rbsC_37 rbsC_38 rbsC_39 rbsC_40 rbsC_41 rbsC_42 rbsC_43
[13:43:30] Fixed 4 duplicate /gene - betA_1 betA_2 betA_3 betA_4
[13:43:30] Fixed 2 duplicate /gene - rsmB_1 rsmB_2
[13:43:30] Fixed 2 duplicate /gene - nifA_1 nifA_2
[13:43:30] Fixed 3 duplicate /gene - cytR_1 cytR_2 cytR_3
[13:43:30] Fixed 2 duplicate /gene - rhtA_1 rhtA_2
[13:43:30] Fixed 3 duplicate /gene - rutC_1 rutC_2 rutC_3
[13:43:30] Fixed 11 duplicate /gene - lrp_1 lrp_2 lrp_3 lrp_4 lrp_5 lrp_6 lrp_7 lrp_8 lrp_9 lrp_10 lrp_11
[13:43:30] Fixed 4 duplicate /gene - aes_1 aes_2 aes_3 aes_4
[13:43:30] Fixed 2 duplicate /gene - coaA_1 coaA_2
[13:43:30] Fixed 2 duplicate /gene - phaA_1 phaA_2
[13:43:30] Fixed 2 duplicate /gene - hcnC_1 hcnC_2
[13:43:30] Fixed 3 duplicate /gene - dauA_1 dauA_2 dauA_3
[13:43:30] Fixed 2 duplicate /gene - rsmA_1 rsmA_2
[13:43:30] Fixed 2 duplicate /gene - gatC_1 gatC_2
[13:43:30] Fixed 3 duplicate /gene - pld1_1 pld1_2 pld1_3
[13:43:30] Fixed 2 duplicate /gene - cdd_1 cdd_2
[13:43:30] Fixed 2 duplicate /gene - exbD_1 exbD_2
[13:43:30] Fixed 3 duplicate /gene - crtI_1 crtI_2 crtI_3
[13:43:30] Fixed 2 duplicate /gene - sucD_1 sucD_2
[13:43:30] Fixed 2 duplicate /gene - clpP_1 clpP_2
[13:43:30] Fixed 2 duplicate /gene - dadA1_1 dadA1_2
[13:43:30] Fixed 2 duplicate /gene - perR_1 perR_2
[13:43:30] Fixed 3 duplicate /gene - araB_1 araB_2 araB_3
[13:43:30] Fixed 2 duplicate /gene - actIII_1 actIII_2
[13:43:30] Fixed 3 duplicate /gene - xthA_1 xthA_2 xthA_3
[13:43:30] Fixed 2 duplicate /gene - yjiA_1 yjiA_2
[13:43:30] Fixed 3 duplicate /gene - ubiG_1 ubiG_2 ubiG_3
[13:43:30] Fixed 2 duplicate /gene - ddpB_1 ddpB_2
[13:43:30] Fixed 2 duplicate /gene - baiA_1 baiA_2
[13:43:30] Fixed 2 duplicate /gene - imuB_1 imuB_2
[13:43:30] Fixed 3 duplicate /gene - bepF_1 bepF_2 bepF_3
[13:43:30] Fixed 3 duplicate /gene - nimR_1 nimR_2 nimR_3
[13:43:30] Fixed 3 duplicate /gene - virB4_1 virB4_2 virB4_3
[13:43:30] Fixed 2 duplicate /gene - ampR_1 ampR_2
[13:43:30] Fixed 5 duplicate /gene - soxB_1 soxB_2 soxB_3 soxB_4 soxB_5
[13:43:30] Fixed 8 duplicate /gene - sugB_1 sugB_2 sugB_3 sugB_4 sugB_5 sugB_6 sugB_7 sugB_8
[13:43:30] Fixed 2 duplicate /gene - fni_1 fni_2
[13:43:30] Fixed 2 duplicate /gene - fixN_1 fixN_2
[13:43:30] Fixed 3 duplicate /gene - stp_1 stp_2 stp_3
[13:43:30] Fixed 3 duplicate /gene - msrA_1 msrA_2 msrA_3
[13:43:30] Fixed 2 duplicate /gene - dctB_1 dctB_2
[13:43:30] Fixed 2 duplicate /gene - ulaR_1 ulaR_2
[13:43:30] Fixed 3 duplicate /gene - aphA_1 aphA_2 aphA_3
[13:43:30] Fixed 2 duplicate /gene - yoaE_1 yoaE_2
[13:43:30] Fixed 2 duplicate /gene - yeaW_1 yeaW_2
[13:43:30] Fixed 2 duplicate /gene - bcr_1 bcr_2
[13:43:30] Fixed 2 duplicate /gene - fmt_1 fmt_2
[13:43:30] Fixed 4 duplicate /gene - amiC_1 amiC_2 amiC_3 amiC_4
[13:43:30] Fixed 2 duplicate /gene - mrcA_1 mrcA_2
[13:43:30] Fixed 3 duplicate /gene - mdtC_1 mdtC_2 mdtC_3
[13:43:30] Fixed 2 duplicate /gene - iolC_1 iolC_2
[13:43:30] Fixed 2 duplicate /gene - ltaE_1 ltaE_2
[13:43:30] Fixed 3 duplicate /gene - mmgC_1 mmgC_2 mmgC_3
[13:43:30] Fixed 2 duplicate /gene - mcl2_1 mcl2_2
[13:43:30] Fixed 2 duplicate /gene - traG_1 traG_2
[13:43:30] Fixed 10 duplicate /gene - potB_1 potB_2 potB_3 potB_4 potB_5 potB_6 potB_7 potB_8 potB_9 potB_10
[13:43:30] Fixed 2 duplicate /gene - dctD_1 dctD_2
[13:43:30] Fixed 2 duplicate /gene - artQ_1 artQ_2
[13:43:30] Fixed 2 duplicate /gene - comR_1 comR_2
[13:43:30] Fixed 2 duplicate /gene - clcB_1 clcB_2
[13:43:30] Fixed 2 duplicate /gene - hdc_1 hdc_2
[13:43:30] Fixed 3 duplicate /gene - rhaM_1 rhaM_2 rhaM_3
[13:43:30] Fixed 4 duplicate /gene - xylH_1 xylH_2 xylH_3 xylH_4
[13:43:30] Fixed 2 duplicate /gene - dnaE2_1 dnaE2_2
[13:43:30] Fixed 2 duplicate /gene - bamA_1 bamA_2
[13:43:30] Fixed 3 duplicate /gene - aroE_1 aroE_2 aroE_3
[13:43:30] Fixed 2 duplicate /gene - folD_1 folD_2
[13:43:30] Fixed 5 duplicate /gene - dppB_1 dppB_2 dppB_3 dppB_4 dppB_5
[13:43:30] Fixed 2 duplicate /gene - bjaI_1 bjaI_2
[13:43:30] Fixed 4 duplicate /gene - xylG_1 xylG_2 xylG_3 xylG_4
[13:43:30] Fixed 2 duplicate /gene - bdhA_1 bdhA_2
[13:43:30] Fixed 5 duplicate /gene - lsrD_1 lsrD_2 lsrD_3 lsrD_4 lsrD_5
[13:43:30] Fixed 2 duplicate /gene - mhpC_1 mhpC_2
[13:43:30] Fixed 2 duplicate /gene - rep_1 rep_2
[13:43:30] Fixed 3 duplicate /gene - gfo_1 gfo_2 gfo_3
[13:43:30] Fixed 2 duplicate /gene - srlR_1 srlR_2
[13:43:30] Fixed 4 duplicate /gene - emrB_1 emrB_2 emrB_3 emrB_4
[13:43:30] Fixed 2 duplicate /gene - nylA_1 nylA_2
[13:43:30] Fixed 2 duplicate /gene - queE_1 queE_2
[13:43:30] Fixed 2 duplicate /gene - scpB_1 scpB_2
[13:43:30] Fixed 2 duplicate /gene - sucC_1 sucC_2
[13:43:30] Fixed 2 duplicate /gene - opuAB_1 opuAB_2
[13:43:30] Fixed 2 duplicate /gene - ppa_1 ppa_2
[13:43:30] Fixed 2 duplicate /gene - purF_1 purF_2
[13:43:30] Fixed 5 duplicate /gene - fdhL_1 fdhL_2 fdhL_3 fdhL_4 fdhL_5
[13:43:30] Fixed 4 duplicate /gene - potH_1 potH_2 potH_3 potH_4
[13:43:30] Fixed 6 duplicate /gene - kce_1 kce_2 kce_3 kce_4 kce_5 kce_6
[13:43:30] Fixed 5 duplicate /gene - gntR_1 gntR_2 gntR_3 gntR_4 gntR_5
[13:43:30] Fixed 5 duplicate /gene - lcfB_1 lcfB_2 lcfB_3 lcfB_4 lcfB_5
[13:43:30] Fixed 4 duplicate /gene - deoR_1 deoR_2 deoR_3 deoR_4
[13:43:30] Fixed 5 duplicate /gene - iolE_1 iolE_2 iolE_3 iolE_4 iolE_5
[13:43:30] Fixed 5 duplicate /gene - ucpA_1 ucpA_2 ucpA_3 ucpA_4 ucpA_5
[13:43:30] Fixed 3 duplicate /gene - arsC_1 arsC_2 arsC_3
[13:43:30] Fixed 3 duplicate /gene - ibpA_1 ibpA_2 ibpA_3
[13:43:30] Fixed 2 duplicate /gene - rutA_1 rutA_2
[13:43:30] Fixed 2 duplicate /gene - mtgA_1 mtgA_2
[13:43:30] Fixed 2 duplicate /gene - nodD2_1 nodD2_2
[13:43:30] Fixed 2 duplicate /gene - arnB_1 arnB_2
[13:43:30] Fixed 2 duplicate /gene - msrB_1 msrB_2
[13:43:30] Fixed 3 duplicate /gene - kdgR_1 kdgR_2 kdgR_3
[13:43:30] Fixed 11 duplicate /gene - bacC_1 bacC_2 bacC_3 bacC_4 bacC_5 bacC_6 bacC_7 bacC_8 bacC_9 bacC_10 bacC_11
[13:43:30] Fixed 4 duplicate /gene - hbpA_1 hbpA_2 hbpA_3 hbpA_4
[13:43:30] Fixed 3 duplicate /gene - entS_1 entS_2 entS_3
[13:43:30] Fixed 2 duplicate /gene - yurK_1 yurK_2
[13:43:30] Fixed 2 duplicate /gene - otcC_1 otcC_2
[13:43:30] Fixed 2 duplicate /gene - ftsZ_1 ftsZ_2
[13:43:30] Fixed 3 duplicate /gene - gatA_1 gatA_2 gatA_3
[13:43:30] Fixed 3 duplicate /gene - ybhL_1 ybhL_2 ybhL_3
[13:43:30] Fixed 2 duplicate /gene - aaeA_1 aaeA_2
[13:43:30] Fixed 2 duplicate /gene - etfA_1 etfA_2
[13:43:30] Fixed 2 duplicate /gene - hmuV_1 hmuV_2
[13:43:30] Fixed 2 duplicate /gene - yhjE_1 yhjE_2
[13:43:30] Fixed 2 duplicate /gene - tuf1_1 tuf1_2
[13:43:30] Fixed 2 duplicate /gene - purR_1 purR_2
[13:43:30] Fixed 2 duplicate /gene - abgB_1 abgB_2
[13:43:30] Fixed 3 duplicate /gene - spuD_1 spuD_2 spuD_3
[13:43:30] Fixed 12 duplicate /gene - gsiC_1 gsiC_2 gsiC_3 gsiC_4 gsiC_5 gsiC_6 gsiC_7 gsiC_8 gsiC_9 gsiC_10 gsiC_11 gsiC_12
[13:43:30] Fixed 2 duplicate /gene - acm_1 acm_2
[13:43:30] Fixed 2 duplicate /gene - azoR_1 azoR_2
[13:43:30] Fixed 4 duplicate /gene - yvoA_1 yvoA_2 yvoA_3 yvoA_4
[13:43:30] Fixed 2 duplicate /gene - alaS_1 alaS_2
[13:43:30] Fixed 7 duplicate /gene - ycjP_1 ycjP_2 ycjP_3 ycjP_4 ycjP_5 ycjP_6 ycjP_7
[13:43:30] Fixed 2 duplicate /gene - phoP_1 phoP_2
[13:43:30] Fixed 5 duplicate /gene - alsC_1 alsC_2 alsC_3 alsC_4 alsC_5
[13:43:30] Fixed 3 duplicate /gene - ydjH_1 ydjH_2 ydjH_3
[13:43:30] Fixed 2 duplicate /gene - osmC_1 osmC_2
[13:43:30] Fixed 15 duplicate /gene - livF_1 livF_2 livF_3 livF_4 livF_5 livF_6 livF_7 livF_8 livF_9 livF_10 livF_11 livF_12 livF_13 livF_14 livF_15
[13:43:30] Fixed 3 duplicate /gene - metK_1 metK_2 metK_3
[13:43:30] Fixed 4 duplicate /gene - gltC_1 gltC_2 gltC_3 gltC_4
[13:43:30] Fixed 3 duplicate /gene - eltP_1 eltP_2 eltP_3
[13:43:30] Fixed 3 duplicate /gene - davD_1 davD_2 davD_3
[13:43:30] Fixed 2 duplicate /gene - cobU_1 cobU_2
[13:43:30] Fixed 5 duplicate /gene - uctC_1 uctC_2 uctC_3 uctC_4 uctC_5
[13:43:30] Fixed 2 duplicate /gene - efeO_1 efeO_2
[13:43:30] Fixed 3 duplicate /gene - acdA_1 acdA_2 acdA_3
[13:43:30] Fixed 4 duplicate /gene - yabJ_1 yabJ_2 yabJ_3 yabJ_4
[13:43:30] Fixed 6 duplicate /gene - spuC_1 spuC_2 spuC_3 spuC_4 spuC_5 spuC_6
[13:43:30] Fixed 3 duplicate /gene - ugpB_1 ugpB_2 ugpB_3
[13:43:30] Fixed 3 duplicate /gene - ilvE_1 ilvE_2 ilvE_3
[13:43:30] Fixed 6 duplicate /gene - hdfR_1 hdfR_2 hdfR_3 hdfR_4 hdfR_5 hdfR_6
[13:43:30] Fixed 5 duplicate /gene - apc4_1 apc4_2 apc4_3 apc4_4 apc4_5
[13:43:30] Fixed 2 duplicate /gene - cutL_1 cutL_2
[13:43:30] Fixed 2 duplicate /gene - rpoH_1 rpoH_2
[13:43:30] Fixed 2 duplicate /gene - frcC_1 frcC_2
[13:43:30] Fixed 2 duplicate /gene - braC_1 braC_2
[13:43:30] Fixed 2 duplicate /gene - mntH_1 mntH_2
[13:43:30] Fixed 5 duplicate /gene - adh_1 adh_2 adh_3 adh_4 adh_5
[13:43:30] Fixed 2 duplicate /gene - cbs_1 cbs_2
[13:43:30] Fixed 4 duplicate /gene - dppA_1 dppA_2 dppA_3 dppA_4
[13:43:30] Fixed 2 duplicate /gene - glnP_1 glnP_2
[13:43:30] Fixed 6 duplicate /gene - hipO_1 hipO_2 hipO_3 hipO_4 hipO_5 hipO_6
[13:43:30] Fixed 2 duplicate /gene - qorB_1 qorB_2
[13:43:30] Fixed 2 duplicate /gene - yihV_1 yihV_2
[13:43:30] Fixed 2 duplicate /gene - dkgB_1 dkgB_2
[13:43:30] Fixed 3 duplicate /gene - ada_1 ada_2 ada_3
[13:43:30] Fixed 2 duplicate /gene - nadE_1 nadE_2
[13:43:30] Fixed 2 duplicate /gene - yhdJ_1 yhdJ_2
[13:43:30] Fixed 2 duplicate /gene - fadF_1 fadF_2
[13:43:30] Fixed 2 duplicate /gene - guaD_1 guaD_2
[13:43:30] Fixed 2 duplicate /gene - occM_1 occM_2
[13:43:30] Fixed 2 duplicate /gene - atm1_1 atm1_2
[13:43:30] Fixed 2 duplicate /gene - dppE_1 dppE_2
[13:43:30] Fixed 4 duplicate /gene - acsA_1 acsA_2 acsA_3 acsA_4
[13:43:30] Fixed 2 duplicate /gene - pdxB_1 pdxB_2
[13:43:30] Fixed 3 duplicate /gene - surE_1 surE_2 surE_3
[13:43:30] Fixed 2 duplicate /gene - add2_1 add2_2
[13:43:30] Fixed 2 duplicate /gene - gppA_1 gppA_2
[13:43:30] Fixed 21 duplicate /gene - gcvA_1 gcvA_2 gcvA_3 gcvA_4 gcvA_5 gcvA_6 gcvA_7 gcvA_8 gcvA_9 gcvA_10 gcvA_11 gcvA_12 gcvA_13 gcvA_14 gcvA_15 gcvA_16 gcvA_17 gcvA_18 gcvA_19 gcvA_20 gcvA_21
[13:43:30] Fixed 2 duplicate /gene - purC_1 purC_2
[13:43:30] Fixed 2 duplicate /gene - rclR_1 rclR_2
[13:43:30] Fixed 2 duplicate /gene - mepB_1 mepB_2
[13:43:30] Fixed 3 duplicate /gene - corA_1 corA_2 corA_3
[13:43:30] Fixed 2 duplicate /gene - fixJ_1 fixJ_2
[13:43:30] Fixed 2 duplicate /gene - cpnA_1 cpnA_2
[13:43:30] Fixed 2 duplicate /gene - bkdA2_1 bkdA2_2
[13:43:30] Fixed 2 duplicate /gene - groS1_1 groS1_2
[13:43:30] Fixed 5 duplicate /gene - dadA_1 dadA_2 dadA_3 dadA_4 dadA_5
[13:43:30] Fixed 5 duplicate /gene - panB_1 panB_2 panB_3 panB_4 panB_5
[13:43:30] Fixed 2 duplicate /gene - hisQ_1 hisQ_2
[13:43:30] Fixed 2 duplicate /gene - glpD_1 glpD_2
[13:43:30] Fixed 3 duplicate /gene - ddl_1 ddl_2 ddl_3
[13:43:30] Fixed 2 duplicate /gene - fucU_1 fucU_2
[13:43:30] Fixed 2 duplicate /gene - thadh_1 thadh_2
[13:43:30] Fixed 9 duplicate /gene - hcaB_1 hcaB_2 hcaB_3 hcaB_4 hcaB_5 hcaB_6 hcaB_7 hcaB_8 hcaB_9
[13:43:30] Fixed 2 duplicate /gene - hexR_1 hexR_2
[13:43:30] Fixed 2 duplicate /gene - menF_1 menF_2
[13:43:30] Fixed 3 duplicate /gene - paiB_1 paiB_2 paiB_3
[13:43:30] Fixed 2 duplicate /gene - groL1_1 groL1_2
[13:43:30] Fixed 2 duplicate /gene - mglB_1 mglB_2
[13:43:30] Fixed 2 duplicate /gene - caiD_1 caiD_2
[13:43:30] Fixed 7 duplicate /gene - dxs_1 dxs_2 dxs_3 dxs_4 dxs_5 dxs_6 dxs_7
[13:43:30] Fixed 3 duplicate /gene - gabR_1 gabR_2 gabR_3
[13:43:30] Fixed 3 duplicate /gene - proA_1 proA_2 proA_3
[13:43:30] Fixed 2 duplicate /gene - dhaT_1 dhaT_2
[13:43:30] Fixed 2 duplicate /gene - pitA_1 pitA_2
[13:43:30] Fixed 2 duplicate /gene - copA_1 copA_2
[13:43:30] Fixed 2 duplicate /gene - garD_1 garD_2
[13:43:30] Fixed 2 duplicate /gene - vatD_1 vatD_2
[13:43:30] Fixed 2 duplicate /gene - yibF_1 yibF_2
[13:43:30] Fixed 2 duplicate /gene - crcB_1 crcB_2
[13:43:30] Fixed 2 duplicate /gene - tauA_1 tauA_2
[13:43:30] Fixed 2 duplicate /gene - narL_1 narL_2
[13:43:30] Fixed 2 duplicate /gene - tctD_1 tctD_2
[13:43:30] Fixed 2 duplicate /gene - flgG_1 flgG_2
[13:43:30] Fixed 4 duplicate /gene - ftsH_1 ftsH_2 ftsH_3 ftsH_4
[13:43:30] Fixed 7 duplicate /gene - ycaD_1 ycaD_2 ycaD_3 ycaD_4 ycaD_5 ycaD_6 ycaD_7
[13:43:30] Fixed 2 duplicate /gene - ttuC'_1 ttuC'_2
[13:43:30] Fixed 5 duplicate /gene - lutR_1 lutR_2 lutR_3 lutR_4 lutR_5
[13:43:30] Fixed 2 duplicate /gene - yagR_1 yagR_2
[13:43:30] Fixed 4 duplicate /gene - ycjO_1 ycjO_2 ycjO_3 ycjO_4
[13:43:30] Fixed 2 duplicate /gene - yfcG_1 yfcG_2
[13:43:30] Fixed 6 duplicate /gene - argP_1 argP_2 argP_3 argP_4 argP_5 argP_6
[13:43:30] Fixed 4 duplicate /gene - ylmB_1 ylmB_2 ylmB_3 ylmB_4
[13:43:30] Fixed 3 duplicate /gene - hutH_1 hutH_2 hutH_3
[13:43:30] Fixed 2 duplicate /gene - etfB_1 etfB_2
[13:43:30] Fixed 2 duplicate /gene - regB_1 regB_2
[13:43:30] Fixed 2 duplicate /gene - ahcY_1 ahcY_2
[13:43:30] Fixed 2 duplicate /gene - dppC_1 dppC_2
[13:43:30] Fixed 3 duplicate /gene - dmdB_1 dmdB_2 dmdB_3
[13:43:30] Fixed 3 duplicate /gene - rbsR_1 rbsR_2 rbsR_3
[13:43:30] Fixed 3 duplicate /gene - hlyU_1 hlyU_2 hlyU_3
[13:43:30] Fixed 3 duplicate /gene - araG_1 araG_2 araG_3
[13:43:30] Fixed 2 duplicate /gene - dhaK-2_1 dhaK-2_2
[13:43:30] Fixed 2 duplicate /gene - emrK_1 emrK_2
[13:43:30] Fixed 2 duplicate /gene - yejF_1 yejF_2
[13:43:30] Fixed 2 duplicate /gene - mmsB_1 mmsB_2
[13:43:30] Fixed 2 duplicate /gene - yheS_1 yheS_2
[13:43:30] Fixed 2 duplicate /gene - araC_1 araC_2
[13:43:30] Fixed 5 duplicate /gene - ros_1 ros_2 ros_3 ros_4 ros_5
[13:43:30] Fixed 2 duplicate /gene - cobB_1 cobB_2
[13:43:30] Fixed 2 duplicate /gene - fbcH_1 fbcH_2
[13:43:30] Fixed 2 duplicate /gene - phoU_1 phoU_2
[13:43:30] Fixed 4 duplicate /gene - alkJ_1 alkJ_2 alkJ_3 alkJ_4
[13:43:30] Fixed 9 duplicate /gene - soxA_1 soxA_2 soxA_3 soxA_4 soxA_5 soxA_6 soxA_7 soxA_8 soxA_9
[13:43:30] Fixed 6 duplicate /gene - ribN_1 ribN_2 ribN_3 ribN_4 ribN_5 ribN_6
[13:43:30] Fixed 3 duplicate /gene - artJ_1 artJ_2 artJ_3
[13:43:30] Fixed 4 duplicate /gene - prmA_1 prmA_2 prmA_3 prmA_4
[13:43:30] Fixed 8 duplicate /gene - rhtB_1 rhtB_2 rhtB_3 rhtB_4 rhtB_5 rhtB_6 rhtB_7 rhtB_8
[13:43:30] Fixed 3 duplicate /gene - intA_1 intA_2 intA_3
[13:43:30] Fixed 2 duplicate /gene - rnr_1 rnr_2
[13:43:30] Fixed 5 duplicate /gene - tdh_1 tdh_2 tdh_3 tdh_4 tdh_5
[13:43:30] Fixed 2 duplicate /gene - yphB_1 yphB_2
[13:43:30] Fixed 5 duplicate /gene - ssuB_1 ssuB_2 ssuB_3 ssuB_4 ssuB_5
[13:43:30] Fixed 2 duplicate /gene - yddG_1 yddG_2
[13:43:30] Fixed 2 duplicate /gene - yciC_1 yciC_2
[13:43:30] Fixed 2 duplicate /gene - gutB_1 gutB_2
[13:43:30] Fixed 2 duplicate /gene - nagC_1 nagC_2
[13:43:30] Fixed 3 duplicate /gene - lysN_1 lysN_2 lysN_3
[13:43:30] Fixed 2 duplicate /gene - recD2_1 recD2_2
[13:43:30] Fixed 2 duplicate /gene - ku_1 ku_2
[13:43:30] Fixed 2 duplicate /gene - chaC_1 chaC_2
[13:43:30] Fixed 4 duplicate /gene - map_1 map_2 map_3 map_4
[13:43:30] Fixed 2 duplicate /gene - groL_1 groL_2
[13:43:30] Fixed 7 duplicate /gene - dgoD_1 dgoD_2 dgoD_3 dgoD_4 dgoD_5 dgoD_6 dgoD_7
[13:43:30] Fixed 2 duplicate /gene - ycdF_1 ycdF_2
[13:43:30] Fixed 5 duplicate /gene - araQ_1 araQ_2 araQ_3 araQ_4 araQ_5
[13:43:30] Fixed 2 duplicate /gene - nanK_1 nanK_2
[13:43:30] Fixed 5 duplicate /gene - mcbR_1 mcbR_2 mcbR_3 mcbR_4 mcbR_5
[13:43:30] Fixed 2 duplicate /gene - purN_1 purN_2
[13:43:30] Fixed 3 duplicate /gene - decR_1 decR_2 decR_3
[13:43:30] Fixed 2 duplicate /gene - lexA_1 lexA_2
[13:43:30] Fixed 3 duplicate /gene - tsaC1_1 tsaC1_2 tsaC1_3
[13:43:30] Fixed 2 duplicate /gene - fabI_1 fabI_2
[13:43:30] Fixed 3 duplicate /gene - degP_1 degP_2 degP_3
[13:43:30] Fixed 2 duplicate /gene - rlmB_1 rlmB_2
[13:43:30] Fixed 3 duplicate /gene - suhB_1 suhB_2 suhB_3
[13:43:30] Fixed 2 duplicate /gene - leuB_1 leuB_2
[13:43:30] Fixed 6 duplicate /gene - malK_1 malK_2 malK_3 malK_4 malK_5 malK_6
[13:43:30] Fixed 2 duplicate /gene - namA_1 namA_2
[13:43:30] Fixed 4 duplicate /gene - gabD_1 gabD_2 gabD_3 gabD_4
[13:43:30] Fixed 7 duplicate /gene - slyA_1 slyA_2 slyA_3 slyA_4 slyA_5 slyA_6 slyA_7
[13:43:30] Fixed 5 duplicate /gene - gno_1 gno_2 gno_3 gno_4 gno_5
[13:43:30] Fixed 2 duplicate /gene - gtaB_1 gtaB_2
[13:43:30] Fixed 2 duplicate /gene - budC_1 budC_2
[13:43:30] Fixed 2 duplicate /gene - btuB_1 btuB_2
[13:43:30] Fixed 2 duplicate /gene - fadJ_1 fadJ_2
[13:43:30] Fixed 4 duplicate /gene - soxD_1 soxD_2 soxD_3 soxD_4
[13:43:30] Fixed 2 duplicate /gene - metG_1 metG_2
[13:43:30] Fixed 2 duplicate /gene - cysL_1 cysL_2
[13:43:30] Fixed 2 duplicate /gene - ald_1 ald_2
[13:43:30] Fixed 2 duplicate /gene - echA8_1 echA8_2
[13:43:30] Fixed 2 duplicate /gene - rppH_1 rppH_2
[13:43:30] Fixed 2 duplicate /gene - wcaJ_1 wcaJ_2
[13:43:30] Fixed 3 duplicate /gene - rpaR_1 rpaR_2 rpaR_3
[13:43:30] Fixed 5 duplicate /gene - dapE_1 dapE_2 dapE_3 dapE_4 dapE_5
[13:43:30] Fixed 2 duplicate /gene - ghrA_1 ghrA_2
[13:43:30] Fixed 2 duplicate /gene - citE_1 citE_2
[13:43:30] Fixed 2 duplicate /gene - ghrB_1 ghrB_2
[13:43:30] Fixed 3 duplicate /gene - xerC_1 xerC_2 xerC_3
[13:43:30] Fixed 2 duplicate /gene - ccpA_1 ccpA_2
[13:43:30] Fixed 5 duplicate /gene - yieH_1 yieH_2 yieH_3 yieH_4 yieH_5
[13:43:30] Fixed 2 duplicate /gene - czcO_1 czcO_2
[13:43:30] Fixed 2 duplicate /gene - fucA_1 fucA_2
[13:43:30] Fixed 2 duplicate /gene - dnaN_1 dnaN_2
[13:43:30] Fixed 2 duplicate /gene - psdht_1 psdht_2
[13:43:30] Fixed 5 duplicate /gene - fixK_1 fixK_2 fixK_3 fixK_4 fixK_5
[13:43:30] Fixed 3 duplicate /gene - yyaP_1 yyaP_2 yyaP_3
[13:43:30] Fixed 13 duplicate /gene - abo_1 abo_2 abo_3 abo_4 abo_5 abo_6 abo_7 abo_8 abo_9 abo_10 abo_11 abo_12 abo_13
[13:43:30] Fixed 3 duplicate /gene - ecfG_1 ecfG_2 ecfG_3
[13:43:30] Fixed 2 duplicate /gene - ubiA_1 ubiA_2
[13:43:30] Fixed 2 duplicate /gene - ilvG_1 ilvG_2
[13:43:30] Fixed 3 duplicate /gene - guaB_1 guaB_2 guaB_3
[13:43:30] Fixed 3 duplicate /gene - oatA_1 oatA_2 oatA_3
[13:43:30] Fixed 2 duplicate /gene - arnC_1 arnC_2
[13:43:30] Fixed 6 duplicate /gene - ompR_1 ompR_2 ompR_3 ompR_4 ompR_5 ompR_6
[13:43:30] Fixed 3 duplicate /gene - rbsK_1 rbsK_2 rbsK_3
[13:43:30] Fixed 4 duplicate /gene - arcA_1 arcA_2 arcA_3 arcA_4
[13:43:30] Fixed 2 duplicate /gene - leuE_1 leuE_2
[13:43:30] Fixed 2 duplicate /gene - yqjF_1 yqjF_2
[13:43:30] Fixed 2 duplicate /gene - bfmBAB_1 bfmBAB_2
[13:43:30] Fixed 2 duplicate /gene - macA_1 macA_2
[13:43:30] Fixed 4 duplicate /gene - rutD_1 rutD_2 rutD_3 rutD_4
[13:43:30] Fixed 3 duplicate /gene - yhdN_1 yhdN_2 yhdN_3
[13:43:30] Fixed 2 duplicate /gene - rffG_1 rffG_2
[13:43:30] Fixed 2 duplicate /gene - trxB_1 trxB_2
[13:43:30] Fixed 9 duplicate /gene - oppD_1 oppD_2 oppD_3 oppD_4 oppD_5 oppD_6 oppD_7 oppD_8 oppD_9
[13:43:30] Fixed 3 duplicate /gene - srpC_1 srpC_2 srpC_3
[13:43:30] Fixed 3 duplicate /gene - rihA_1 rihA_2 rihA_3
[13:43:30] Fixed 4 duplicate /gene - tam_1 tam_2 tam_3 tam_4
[13:43:30] Fixed 2 duplicate /gene - efp_1 efp_2
[13:43:30] Fixed 2 duplicate /gene - mhqD_1 mhqD_2
[13:43:30] Fixed 3 duplicate /gene - hisD_1 hisD_2 hisD_3
[13:43:30] Fixed 2 duplicate /gene - pdhR_1 pdhR_2
[13:43:30] Fixed 2 duplicate /gene - norG_1 norG_2
[13:43:30] Fixed 3 duplicate /gene - hcaE_1 hcaE_2 hcaE_3
[13:43:30] Fixed 2 duplicate /gene - mobA_1 mobA_2
[13:43:30] Fixed 3 duplicate /gene - nhaK_1 nhaK_2 nhaK_3
[13:43:30] Fixed 2 duplicate /gene - htpG_1 htpG_2
[13:43:30] Fixed 2 duplicate /gene - doeB_1 doeB_2
[13:43:30] Fixed 4 duplicate /gene - rutB_1 rutB_2 rutB_3 rutB_4
[13:43:30] Fixed 7 duplicate /gene - fliY_1 fliY_2 fliY_3 fliY_4 fliY_5 fliY_6 fliY_7
[13:43:30] Fixed 3 duplicate /gene - gnl_1 gnl_2 gnl_3
[13:43:30] Fixed 9 duplicate /gene - rspR_1 rspR_2 rspR_3 rspR_4 rspR_5 rspR_6 rspR_7 rspR_8 rspR_9
[13:43:30] Fixed 2 duplicate /gene - phoB_1 phoB_2
[13:43:30] Fixed 9 duplicate /gene - glnQ_1 glnQ_2 glnQ_3 glnQ_4 glnQ_5 glnQ_6 glnQ_7 glnQ_8 glnQ_9
[13:43:30] Fixed 2 duplicate /gene - dapB_1 dapB_2
[13:43:30] Fixed 2 duplicate /gene - drrA_1 drrA_2
[13:43:30] Fixed 2 duplicate /gene - nifD_1 nifD_2
[13:43:30] Fixed 3 duplicate /gene - ssuD_1 ssuD_2 ssuD_3
[13:43:30] Fixed 2 duplicate /gene - nifK_1 nifK_2
[13:43:30] Fixed 2 duplicate /gene - dmdC_1 dmdC_2
[13:43:30] Fixed 4 duplicate /gene - oxyR_1 oxyR_2 oxyR_3 oxyR_4
[13:43:30] Fixed 2 duplicate /gene - degQ_1 degQ_2
[13:43:30] Fixed 5 duplicate /gene - gsiB_1 gsiB_2 gsiB_3 gsiB_4 gsiB_5
[13:43:30] Fixed 2 duplicate /gene - puuC_1 puuC_2
[13:43:30] Fixed 2 duplicate /gene - fruK_1 fruK_2
[13:43:30] Fixed 2 duplicate /gene - mgtA_1 mgtA_2
[13:43:30] Fixed 3 duplicate /gene - acoA_1 acoA_2 acoA_3
[13:43:30] Fixed 2 duplicate /gene - def_1 def_2
[13:43:30] Fixed 3 duplicate /gene - nodM_1 nodM_2 nodM_3
[13:43:30] Fixed 2 duplicate /gene - hprA_1 hprA_2
[13:43:30] Fixed 3 duplicate /gene - lsrR_1 lsrR_2 lsrR_3
[13:43:30] Fixed 2 duplicate /gene - hemA_1 hemA_2
[13:43:30] Fixed 4 duplicate /gene - puuA_1 puuA_2 puuA_3 puuA_4
[13:43:30] Fixed 2 duplicate /gene - gloA_1 gloA_2
[13:43:30] Fixed 2 duplicate /gene - fieF_1 fieF_2
[13:43:30] Fixed 2 duplicate /gene - murG_1 murG_2
[13:43:30] Fixed 2 duplicate /gene - thrB_1 thrB_2
[13:43:30] Fixed 8 duplicate /gene - hisC_1 hisC_2 hisC_3 hisC_4 hisC_5 hisC_6 hisC_7 hisC_8
[13:43:30] Fixed 2 duplicate /gene - ntaA_1 ntaA_2
[13:43:30] Fixed 2 duplicate /gene - lhgO_1 lhgO_2
[13:43:30] Fixed 8 duplicate /gene - sugA_1 sugA_2 sugA_3 sugA_4 sugA_5 sugA_6 sugA_7 sugA_8
[13:43:30] Fixed 2 duplicate /gene - dnaQ_1 dnaQ_2
[13:43:30] Fixed 3 duplicate /gene - rspA_1 rspA_2 rspA_3
[13:43:30] Fixed 15 duplicate /gene - dmlR_1 dmlR_2 dmlR_3 dmlR_4 dmlR_5 dmlR_6 dmlR_7 dmlR_8 dmlR_9 dmlR_10 dmlR_11 dmlR_12 dmlR_13 dmlR_14 dmlR_15
[13:43:30] Fixed 2 duplicate /gene - lex1_1 lex1_2
[13:43:30] Fixed 3 duplicate /gene - pdhC_1 pdhC_2 pdhC_3
[13:43:30] Fixed 4 duplicate /gene - hemN_1 hemN_2 hemN_3 hemN_4
[13:43:30] Fixed 3 duplicate /gene - tas_1 tas_2 tas_3
[13:43:30] Fixed 2 duplicate /gene - acuR_1 acuR_2
[13:43:30] Fixed 2 duplicate /gene - lolD_1 lolD_2
[13:43:30] Fixed 2 duplicate /gene - ilvD_1 ilvD_2
[13:43:30] Fixed 2 duplicate /gene - argF_1 argF_2
[13:43:30] Fixed 15 duplicate /gene - livH_1 livH_2 livH_3 livH_4 livH_5 livH_6 livH_7 livH_8 livH_9 livH_10 livH_11 livH_12 livH_13 livH_14 livH_15
[13:43:30] Fixed 3 duplicate /gene - queC_1 queC_2 queC_3
[13:43:30] Fixed 2 duplicate /gene - rnd_1 rnd_2
[13:43:30] Fixed 2 duplicate /gene - dddP_1 dddP_2
[13:43:30] Fixed 2 duplicate /gene - bmr3_1 bmr3_2
[13:43:30] Fixed 2 duplicate /gene - bepE_1 bepE_2
[13:43:30] Fixed 2 duplicate /gene - hmp_1 hmp_2
[13:43:30] Fixed 4 duplicate /gene - nanR_1 nanR_2 nanR_3 nanR_4
[13:43:30] Fixed 2 duplicate /gene - garL_1 garL_2
[13:43:30] Fixed 9 duplicate /gene - ddpC_1 ddpC_2 ddpC_3 ddpC_4 ddpC_5 ddpC_6 ddpC_7 ddpC_8 ddpC_9
[13:43:30] Fixed 2 duplicate /gene - gltX_1 gltX_2
[13:43:30] Fixed 4 duplicate /gene - bepA_1 bepA_2 bepA_3 bepA_4
[13:43:30] Fixed 4 duplicate /gene - hutI_1 hutI_2 hutI_3 hutI_4
[13:43:30] Fixed 2 duplicate /gene - mexA_1 mexA_2
[13:43:30] Fixed 11 duplicate /gene - mglA_1 mglA_2 mglA_3 mglA_4 mglA_5 mglA_6 mglA_7 mglA_8 mglA_9 mglA_10 mglA_11
[13:43:30] Fixed 5 duplicate /gene - gcvT_1 gcvT_2 gcvT_3 gcvT_4 gcvT_5
[13:43:30] Fixed 4 duplicate /gene - potD_1 potD_2 potD_3 potD_4
[13:43:30] Fixed 5 duplicate /gene - doeA_1 doeA_2 doeA_3 doeA_4 doeA_5
[13:43:30] Fixed 4 duplicate /gene - hsrA_1 hsrA_2 hsrA_3 hsrA_4
[13:43:30] Fixed 2 duplicate /gene - pheC_1 pheC_2
[13:43:30] Fixed 4 duplicate /gene - rhaR_1 rhaR_2 rhaR_3 rhaR_4
[13:43:30] Fixed 5 duplicate /gene - betB_1 betB_2 betB_3 betB_4 betB_5
[13:43:30] Fixed 4 duplicate /gene - lsrB_1 lsrB_2 lsrB_3 lsrB_4
[13:43:30] Fixed 16 duplicate /gene - ydcV_1 ydcV_2 ydcV_3 ydcV_4 ydcV_5 ydcV_6 ydcV_7 ydcV_8 ydcV_9 ydcV_10 ydcV_11 ydcV_12 ydcV_13 ydcV_14 ydcV_15 ydcV_16
[13:43:30] Fixed 3 duplicate /gene - lcdH_1 lcdH_2 lcdH_3
[13:43:30] Fixed 2 duplicate /gene - yagT_1 yagT_2
[13:43:30] Fixed 2 duplicate /gene - proC_1 proC_2
[13:43:30] Fixed 5 duplicate /gene - menH_1 menH_2 menH_3 menH_4 menH_5
[13:43:30] Fixed 3 duplicate /gene - fabF_1 fabF_2 fabF_3
[13:43:30] Fixed 3 duplicate /gene - omp2b_1 omp2b_2 omp2b_3
[13:43:30] Fixed 4 duplicate /gene - mdtB_1 mdtB_2 mdtB_3 mdtB_4
[13:43:30] Fixed 3 duplicate /gene - glmM_1 glmM_2 glmM_3
[13:43:30] Fixed 2 duplicate /gene - cpdR_1 cpdR_2
[13:43:30] Fixed 9 duplicate /gene - rhaS_1 rhaS_2 rhaS_3 rhaS_4 rhaS_5 rhaS_6 rhaS_7 rhaS_8 rhaS_9
[13:43:30] Fixed 2 duplicate /gene - accA1_1 accA1_2
[13:43:30] Fixed 3 duplicate /gene - LRA5_1 LRA5_2 LRA5_3
[13:43:30] Fixed 2 duplicate /gene - iolB_1 iolB_2
[13:43:30] Fixed 4 duplicate /gene - rplU_1 rplU_2 rplU_3 rplU_4
[13:43:30] Fixed 6 duplicate /gene - glpR_1 glpR_2 glpR_3 glpR_4 glpR_5 glpR_6
[13:43:30] Fixed 2 duplicate /gene - hyuC_1 hyuC_2
[13:43:30] Fixed 15 duplicate /gene - potA_1 potA_2 potA_3 potA_4 potA_5 potA_6 potA_7 potA_8 potA_9 potA_10 potA_11 potA_12 potA_13 potA_14 potA_15
[13:43:30] Fixed 2 duplicate /gene - algA_1 algA_2
[13:43:30] Fixed 9 duplicate /gene - mtgB_1 mtgB_2 mtgB_3 mtgB_4 mtgB_5 mtgB_6 mtgB_7 mtgB_8 mtgB_9
[13:43:30] Fixed 2 duplicate /gene - glmS_1 glmS_2
[13:43:30] Fixed 2 duplicate /gene - rafR_1 rafR_2
[13:43:30] Fixed 2 duplicate /gene - gltR_1 gltR_2
[13:43:30] Fixed 3 duplicate /gene - ndoA_1 ndoA_2 ndoA_3
[13:43:30] Fixed 2 duplicate /gene - aaeB_1 aaeB_2
[13:43:30] Fixed 573 colliding /gene names.
[13:43:30] Adding /locus_tag identifiers
[13:43:30] Assigned 6971 locus_tags to CDS and RNA features.
[13:43:30] Writing outputs to NZP2298_prokka_clean/
[13:43:36] Generating annotation statistics file
[13:43:36] Generating Genbank and Sequin files
[13:43:36] Running: tbl2asn -V b -a r10k -l paired-ends -M n -N 1 -y 'Annotated using prokka 1.13.3 from https://github.com/tseemann/prokka' -Z NZP2298_prokka_clean\/NZP2298\.err -i NZP2298_prokka_clean\/NZP2298\.fsa 2> /dev/null
[13:43:48] Deleting unwanted file: NZP2298_prokka_clean/errorsummary.val
[13:43:48] Deleting unwanted file: NZP2298_prokka_clean/NZP2298.dr
[13:43:48] Deleting unwanted file: NZP2298_prokka_clean/NZP2298.fixedproducts
[13:43:48] Deleting unwanted file: NZP2298_prokka_clean/NZP2298.ecn
[13:43:48] Deleting unwanted file: NZP2298_prokka_clean/NZP2298.val
[13:43:48] Repairing broken .GBK output that tbl2asn produces...
[13:43:48] Running: sed 's/COORDINATES: profile/COORDINATES:profile/' < NZP2298_prokka_clean\/NZP2298\.gbf > NZP2298_prokka_clean\/NZP2298\.gbk
[13:43:48] Deleting unwanted file: NZP2298_prokka_clean/NZP2298.gbf
[13:43:48] Output files:
[13:43:48] NZP2298_prokka_clean/NZP2298.log
[13:43:48] NZP2298_prokka_clean/NZP2298.ffn
[13:43:48] NZP2298_prokka_clean/NZP2298.tbl
[13:43:48] NZP2298_prokka_clean/NZP2298.sqn
[13:43:48] NZP2298_prokka_clean/NZP2298.txt
[13:43:48] NZP2298_prokka_clean/NZP2298.gbk
[13:43:48] NZP2298_prokka_clean/NZP2298.gff
[13:43:48] NZP2298_prokka_clean/NZP2298.err
[13:43:48] NZP2298_prokka_clean/NZP2298.faa
[13:43:48] NZP2298_prokka_clean/NZP2298.tsv
[13:43:48] NZP2298_prokka_clean/NZP2298.fsa
[13:43:48] NZP2298_prokka_clean/NZP2298.fna
[13:43:48] Annotation finished successfully.
[13:43:48] Walltime used: 3.07 minutes
[13:43:48] If you use this result please cite the Prokka paper:
[13:43:48] Seemann T (2014) Prokka: rapid prokaryotic genome annotation. Bioinformatics. 30(14):2068-9.
[13:43:48] Type 'prokka --citation' for more details.
[13:43:48] Thank you, come again.
