[13:43:48] This is prokka 1.13.3
[13:43:48] Written by Torsten Seemann <torsten.seemann@gmail.com>
[13:43:48] Homepage is https://github.com/tseemann/prokka
[13:43:48] Local time is Wed Oct 17 13:43:48 2018
[13:43:48] You are ronson
[13:43:48] Operating system is linux
[13:43:48] You have BioPerl 1.007002
[13:43:48] System has 16 cores.
[13:43:48] Will use maximum of 14 cores.
[13:43:48] Annotating as >>> Bacteria <<<
[13:43:48] Creating new output folder: R7A_prokka_clean
[13:43:48] Running: mkdir -p R7A_prokka_clean
[13:43:48] Using filename prefix: R7A.XXX
[13:43:48] Setting HMMER_NCPU=1
[13:43:48] Writing log to: R7A_prokka_clean/R7A.log
[13:43:48] Command: /home/ronson/miniconda3/envs/py36/bin/prokka --rawproduct --outdir R7A_prokka_clean --prefix R7A --locustag R7A --genus Mesorhizobium --species loti --strain R7A --mincontiglen 10000 --cpus 14 R7A.hybrid.final.fasta
[13:43:48] Appending to PATH: /home/ronson/miniconda3/envs/py36/bin
[13:43:48] Looking for 'aragorn' - found /home/ronson/miniconda3/envs/py36/bin/aragorn
[13:43:48] Determined aragorn version is 1.2
[13:43:48] Looking for 'barrnap' - found /home/ronson/miniconda3/envs/py36/bin/barrnap
[13:43:48] Determined barrnap version is 0.9
[13:43:48] Looking for 'blastp' - found /home/ronson/miniconda3/envs/py36/bin/blastp
[13:43:48] Determined blastp version is 2.7
[13:43:48] Looking for 'cmpress' - found /home/ronson/miniconda3/envs/py36/bin/cmpress
[13:43:48] Determined cmpress version is 1.1
[13:43:48] Looking for 'cmscan' - found /home/ronson/miniconda3/envs/py36/bin/cmscan
[13:43:48] Determined cmscan version is 1.1
[13:43:48] Looking for 'egrep' - found /bin/egrep
[13:43:48] Looking for 'find' - found /usr/bin/find
[13:43:48] Looking for 'grep' - found /bin/grep
[13:43:48] Looking for 'hmmpress' - found /home/ronson/miniconda3/envs/py36/bin/hmmpress
[13:43:48] Determined hmmpress version is 3.2
[13:43:48] Looking for 'hmmscan' - found /home/ronson/miniconda3/envs/py36/bin/hmmscan
[13:43:48] Determined hmmscan version is 3.2
[13:43:48] Looking for 'java' - found /home/ronson/miniconda3/envs/py36/bin/java
[13:43:48] Looking for 'less' - found /usr/bin/less
[13:43:48] Looking for 'makeblastdb' - found /home/ronson/miniconda3/envs/py36/bin/makeblastdb
[13:43:48] Determined makeblastdb version is 2.7
[13:43:48] Looking for 'minced' - found /home/ronson/miniconda3/envs/py36/bin/minced
[13:43:48] Determined minced version is 3.0
[13:43:48] Looking for 'parallel' - found /home/ronson/miniconda3/envs/py36/bin/parallel
[13:43:48] Determined parallel version is 20180922
[13:43:48] Looking for 'prodigal' - found /home/ronson/miniconda3/envs/py36/bin/prodigal
[13:43:48] Determined prodigal version is 2.6
[13:43:48] Looking for 'prokka-genbank_to_fasta_db' - found /home/ronson/miniconda3/envs/py36/bin/prokka-genbank_to_fasta_db
[13:43:48] Looking for 'sed' - found /bin/sed
[13:43:48] Looking for 'tbl2asn' - found /home/ronson/miniconda3/envs/py36/bin/tbl2asn
[13:43:48] Determined tbl2asn version is 25.6
[13:43:48] Using genetic code table 11.
[13:43:48] Loading and checking input file: R7A.hybrid.final.fasta
[13:43:49] Wrote 1 contigs totalling 6529994 bp.
[13:43:49] Predicting tRNAs and tmRNAs
[13:43:49] Running: aragorn -l -gc11  -w R7A_prokka_clean\/R7A\.fna
[13:43:52] 1 tRNA-Thr [84193,84268] 34 (cgt)
[13:43:52] 2 tRNA-Ala c[310676,310751] 34 (ggc)
[13:43:52] 3 tRNA-Arg c[525112,525188] 35 (ccg)
[13:43:52] 4 tRNA-Arg [636580,636656] 35 (acg)
[13:43:52] 5 tRNA-Leu c[732469,732553] 35 (cag)
[13:43:52] 6 tRNA-Gly c[895705,895779] 33 (gcc)
[13:43:52] 7 tRNA-Ser c[1010487,1010561] 36 (gct)
[13:43:52] 8 tRNA-Ala c[1087192,1087267] 34 (cgc)
[13:43:52] 9 tRNA-Ser c[1174342,1174431] 35 (cga)
[13:43:52] 10 tRNA-Glu [1377234,1377308] 34 (ctc)
[13:43:52] 11 tRNA-Arg c[1505439,1505515] 35 (cct)
[13:43:52] 12 tRNA-Leu [1590036,1590120] 35 (caa)
[13:43:52] 13 tRNA-Ile [1635829,1635905] 35 (gat)
[13:43:52] 14 tRNA-Ala [1635956,1636031] 34 (tgc)
[13:43:52] 15 tRNA-Met [1639841,1639917] 35 (cat)
[13:43:52] 16 tRNA-Ile [1643339,1643415] 35 (gat)
[13:43:52] 17 tRNA-Ala [1643466,1643541] 34 (tgc)
[13:43:52] 18 tRNA-Met [1647351,1647427] 35 (cat)
[13:43:52] 19 tRNA-Ser [1869875,1869964] 35 (gga)
[13:43:52] 20 tRNA-SeC [1880684,1880781] 37 (tca)
[13:43:52] 21 tRNA-Val c[1954753,1954827] 33 (gac)
[13:43:52] 22 tRNA-Met c[2141787,2141863] 35 (cat)
[13:43:52] 23 tRNA-Met [2446358,2446433] 34 (cat)
[13:43:52] 24 tRNA-Cys [2591888,2591963] 33 (gca)
[13:43:52] 25 tRNA-Gln c[2912850,2912923] 33 (ttg)
[13:43:52] 26 tmRNA* c[3169252,3169594] 214,252 ANDNYAEARLAA*
[13:43:52] 27 tRNA-Lys [3225539,3225614] 34 (ctt)
[13:43:52] 28 tRNA-Leu [3272067,3272151] 35 (gag)
[13:43:52] 29 tRNA-Tyr c[3403342,3403415] 33 (ata)
[13:43:52] 30 tRNA-Asn c[3456310,3456384] 33 (gtt)
[13:43:52] 31 tRNA-Cys [3457385,3457458] 33 (gca)
[13:43:52] 32 tRNA-Leu c[3501616,3501700] 36 (tag)
[13:43:52] 33 tRNA-Leu c[3503357,3503441] 35 (tag)
[13:43:52] 34 tRNA-Glu c[3539863,3539937] 34 (ttc)
[13:43:52] 35 tRNA-Lys [3746359,3746434] 34 (ttt)
[13:43:52] 36 tRNA-Ser [3756027,3756100] 34 (gct)
[13:43:52] 37 tRNA-Val c[3897413,3897487] 33 (cac)
[13:43:52] 38 tRNA-Ser c[3926084,3926173] 35 (tga)
[13:43:52] 39 tRNA-Trp c[4047622,4047697] 34 (cca)
[13:43:52] 40 tRNA-Gly c[4053909,4053982] 33 (tcc)
[13:43:52] 41 tRNA-Tyr c[4054073,4054157] 35 (gta)
[13:43:52] 42 tRNA-Thr [4061819,4061894] 34 (tgt)
[13:43:52] 43 tRNA-Thr [4067971,4068048] 36 (tgt)
[13:43:52] 44 tRNA-Leu [4127203,4127288] 35 (taa)
[13:43:52] 45 tRNA-Val c[4289583,4289658] 34 (tac)
[13:43:52] 46 tRNA-Asp [4289876,4289952] 35 (gtc)
[13:43:52] 47 tRNA-Pro [4340621,4340697] 35 (ggg)
[13:43:52] 48 tRNA-Gln [4409357,4409430] 33 (ctg)
[13:43:52] 49 tRNA-Arg c[4509516,4509602] 32 (ccg)
[13:43:52] 50 tRNA-Arg c[4634358,4634434] 35 (tct)
[13:43:52] 51 tRNA-Pro [4634912,4634988] 35 (tgg)
[13:43:52] 52 tRNA-Ser c[4799833,4799923] 35 (gct)
[13:43:52] 53 tRNA-Pro [4915554,4915630] 35 (cgg)
[13:43:52] 54 tRNA-Gln [4996341,4996415] 33 (ttg)
[13:43:52] 55 tRNA-Thr c[5379075,5379158] 31 (ggt)
[13:43:52] 56 tRNA-His c[5786398,5786474] 35 (gtg)
[13:43:52] 57 tRNA-Thr c[5875900,5875974] 33 (ggt)
[13:43:52] 58 tRNA-Phe [5899487,5899562] 34 (gaa)
[13:43:52] 59 tRNA-Gly [6453557,6453630] 33 (ccc)
[13:43:52] Found 59 tRNAs
[13:43:52] Predicting Ribosomal RNAs
[13:43:52] Running Barrnap with 14 threads
[13:43:57] 1 1 1634056 16S ribosomal RNA
[13:43:57] 2 1 1636460 23S ribosomal RNA
[13:43:57] 3 1 1639461 5S ribosomal RNA
[13:43:57] 4 1 1641566 16S ribosomal RNA
[13:43:57] 5 1 1643970 23S ribosomal RNA
[13:43:57] 6 1 1646971 5S ribosomal RNA
[13:43:57] Found 6 rRNAs
[13:43:57] Skipping ncRNA search, enable with --rfam if desired.
[13:43:57] Total of 64 tRNA + rRNA features
[13:43:57] Searching for CRISPR repeats
[13:43:58] Found 0 CRISPRs
[13:43:58] Predicting coding sequences
[13:43:58] Contigs total 6529994 bp, so using single mode
[13:43:58] Running: prodigal -i R7A_prokka_clean\/R7A\.fna -c -m -g 11 -p single -f sco -q
[13:44:09] Excluding CDS which overlaps existing RNA (tRNA) at 1:1879320..1880798 on - strand
[13:44:10] Excluding CDS which overlaps existing RNA (tRNA) at 1:3755353..3757122 on + strand
[13:44:11] Excluding CDS which overlaps existing RNA (tRNA) at 1:4509129..4510664 on - strand
[13:44:12] Excluding CDS which overlaps existing RNA (tRNA) at 1:5378366..5379166 on + strand
[13:44:12] Found 6230 CDS
[13:44:12] Connecting features back to sequences
[13:44:12] Not using genus-specific database. Try --usegenus to enable it.
[13:44:12] Annotating CDS, please be patient.
[13:44:12] Will use 14 CPUs for similarity searching.
[13:44:16] There are still 6230 unannotated CDS left (started with 6230)
[13:44:16] Will use blast to search against /home/ronson/miniconda3/envs/py36/db/kingdom/Bacteria/IS with 14 CPUs
[13:44:16] Running: cat R7A_prokka_clean\/IS\.faa | parallel --gnu --plain -j 14 --block 69403 --recstart '>' --pipe blastp -query - -db /home/ronson/miniconda3/envs/py36/db/kingdom/Bacteria/IS -evalue 1e-30 -qcov_hsp_perc 90 -num_threads 1 -num_descriptions 1 -num_alignments 1 -seg no > R7A_prokka_clean\/IS\.blast 2> /dev/null
[13:44:29] Deleting unwanted file: R7A_prokka_clean/IS.faa
[13:44:29] Deleting unwanted file: R7A_prokka_clean/IS.blast
[13:44:33] There are still 6197 unannotated CDS left (started with 6230)
[13:44:33] Will use blast to search against /home/ronson/miniconda3/envs/py36/db/kingdom/Bacteria/AMR with 14 CPUs
[13:44:33] Running: cat R7A_prokka_clean\/AMR\.faa | parallel --gnu --plain -j 14 --block 69141 --recstart '>' --pipe blastp -query - -db /home/ronson/miniconda3/envs/py36/db/kingdom/Bacteria/AMR -evalue 9.99999999999999e-301 -qcov_hsp_perc 90 -num_threads 1 -num_descriptions 1 -num_alignments 1 -seg no > R7A_prokka_clean\/AMR\.blast 2> /dev/null
[13:44:43] Deleting unwanted file: R7A_prokka_clean/AMR.faa
[13:44:43] Deleting unwanted file: R7A_prokka_clean/AMR.blast
[13:44:47] There are still 6196 unannotated CDS left (started with 6230)
[13:44:47] Will use blast to search against /home/ronson/miniconda3/envs/py36/db/kingdom/Bacteria/sprot with 14 CPUs
[13:44:47] Running: cat R7A_prokka_clean\/sprot\.faa | parallel --gnu --plain -j 14 --block 69102 --recstart '>' --pipe blastp -query - -db /home/ronson/miniconda3/envs/py36/db/kingdom/Bacteria/sprot -evalue 1e-09 -qcov_hsp_perc 80 -num_threads 1 -num_descriptions 1 -num_alignments 1 -seg no > R7A_prokka_clean\/sprot\.blast 2> /dev/null
[13:45:36] Deleting unwanted file: R7A_prokka_clean/sprot.faa
[13:45:36] Deleting unwanted file: R7A_prokka_clean/sprot.blast
[13:45:38] There are still 3393 unannotated CDS left (started with 6230)
[13:45:38] Will use hmmer3 to search against /home/ronson/miniconda3/envs/py36/db/hmm/HAMAP.hmm with 14 CPUs
[13:45:38] Running: cat R7A_prokka_clean\/HAMAP\.hmm\.faa | parallel --gnu --plain -j 14 --block 33232 --recstart '>' --pipe hmmscan --noali --notextw --acc -E 1e-09 --cpu 1 /home/ronson/miniconda3/envs/py36/db/hmm/HAMAP.hmm /dev/stdin > R7A_prokka_clean\/HAMAP\.hmm\.hmmer3 2> /dev/null
[13:46:14] Deleting unwanted file: R7A_prokka_clean/HAMAP.hmm.faa
[13:46:14] Deleting unwanted file: R7A_prokka_clean/HAMAP.hmm.hmmer3
[13:46:14] Labelling remaining 2978 proteins as 'hypothetical protein'
[13:46:14] Possible /pseudo 'Nitrilotriacetate monooxygenase component A' at 1 position 381482
[13:46:14] Possible /pseudo 'L-cystine transport system permease protein YecS' at 1 position 567816
[13:46:14] Possible /pseudo 'Regulator of nucleoside diphosphate kinase' at 1 position 1192739
[13:46:14] Possible /pseudo 'Transcriptional regulatory protein OmpR' at 1 position 1435724
[13:46:14] Possible /pseudo 'RCS-specific HTH-type transcriptional activator RclR' at 1 position 1679264
[13:46:14] Possible /pseudo '6-aminohexanoate-dimer hydrolase' at 1 position 2078460
[13:46:14] Possible /pseudo 'Nitrate transport protein NrtA' at 1 position 2111604
[13:46:14] Possible /pseudo 'Putative multidrug export ATP-binding/permease protein SA1683' at 1 position 2221144
[13:46:14] Possible /pseudo 'Cytochrome b/c1' at 1 position 2227311
[13:46:14] Possible /pseudo 'Cold shock protein CspA' at 1 position 2259606
[13:46:14] Possible /pseudo '2-iminobutanoate/2-iminopropanoate deaminase' at 1 position 2356583
[13:46:14] Possible /pseudo 'Putative serine protease HtrA' at 1 position 2438593
[13:46:14] Possible /pseudo 'Sensor histidine kinase RcsC' at 1 position 2460175
[13:46:14] Possible /pseudo 'Photosystem I assembly protein Ycf3' at 1 position 2607455
[13:46:14] Possible /pseudo 'Ribose import permease protein RbsC' at 1 position 2983801
[13:46:14] Possible /pseudo 'Low affinity potassium transport system protein kup' at 1 position 3209230
[13:46:14] Possible /pseudo 'FMN-dependent NADH-azoreductase' at 1 position 3303133
[13:46:14] Possible /pseudo 'UDP-glucose 4-epimerase' at 1 position 4689480
[13:46:14] Possible /pseudo 'Porin Omp2b' at 1 position 4800396
[13:46:14] Possible /pseudo 'ATP synthase subunit b' at 1 position 5083183
[13:46:14] Possible /pseudo 'Arginine/ornithine antiporter' at 1 position 5638121
[13:46:14] Possible /pseudo 'Tyrosine recombinase XerC' at 1 position 6174328
[13:46:14] Possible /pseudo 'Tyrosine recombinase XerC' at 1 position 6178542
[13:46:14] Possible /pseudo 'IS3 family transposase ISSme1' at 1 position 6378143
[13:46:14] Found 1927 unique /gene codes.
[13:46:14] Fixed 3 duplicate /gene - dnaJ_1 dnaJ_2 dnaJ_3
[13:46:14] Fixed 2 duplicate /gene - thrB_1 thrB_2
[13:46:14] Fixed 2 duplicate /gene - lpxD_1 lpxD_2
[13:46:14] Fixed 2 duplicate /gene - yoaE_1 yoaE_2
[13:46:14] Fixed 2 duplicate /gene - phnK_1 phnK_2
[13:46:14] Fixed 5 duplicate /gene - pcm_1 pcm_2 pcm_3 pcm_4 pcm_5
[13:46:14] Fixed 5 duplicate /gene - omp2b_1 omp2b_2 omp2b_3 omp2b_4 omp2b_5
[13:46:14] Fixed 2 duplicate /gene - atm1_1 atm1_2
[13:46:14] Fixed 2 duplicate /gene - melA_1 melA_2
[13:46:14] Fixed 2 duplicate /gene - prmC_1 prmC_2
[13:46:14] Fixed 3 duplicate /gene - lcdH_1 lcdH_2 lcdH_3
[13:46:14] Fixed 3 duplicate /gene - ecfG_1 ecfG_2 ecfG_3
[13:46:14] Fixed 2 duplicate /gene - phnH_1 phnH_2
[13:46:14] Fixed 2 duplicate /gene - ilvD_1 ilvD_2
[13:46:14] Fixed 2 duplicate /gene - aphA_1 aphA_2
[13:46:14] Fixed 2 duplicate /gene - nsrR_1 nsrR_2
[13:46:14] Fixed 2 duplicate /gene - osmC_1 osmC_2
[13:46:14] Fixed 4 duplicate /gene - prmA_1 prmA_2 prmA_3 prmA_4
[13:46:14] Fixed 2 duplicate /gene - flhA_1 flhA_2
[13:46:14] Fixed 2 duplicate /gene - dadA_1 dadA_2
[13:46:14] Fixed 5 duplicate /gene - acdA_1 acdA_2 acdA_3 acdA_4 acdA_5
[13:46:14] Fixed 2 duplicate /gene - glpD_1 glpD_2
[13:46:14] Fixed 3 duplicate /gene - ssuC_1 ssuC_2 ssuC_3
[13:46:14] Fixed 2 duplicate /gene - betA_1 betA_2
[13:46:14] Fixed 2 duplicate /gene - glmS_1 glmS_2
[13:46:14] Fixed 2 duplicate /gene - sgrR_1 sgrR_2
[13:46:14] Fixed 4 duplicate /gene - dgoD_1 dgoD_2 dgoD_3 dgoD_4
[13:46:14] Fixed 2 duplicate /gene - cnbH_1 cnbH_2
[13:46:14] Fixed 4 duplicate /gene - gabR_1 gabR_2 gabR_3 gabR_4
[13:46:14] Fixed 2 duplicate /gene - yibF_1 yibF_2
[13:46:14] Fixed 5 duplicate /gene - bepA_1 bepA_2 bepA_3 bepA_4 bepA_5
[13:46:14] Fixed 2 duplicate /gene - flgG_1 flgG_2
[13:46:14] Fixed 2 duplicate /gene - metXA_1 metXA_2
[13:46:14] Fixed 3 duplicate /gene - stp_1 stp_2 stp_3
[13:46:14] Fixed 2 duplicate /gene - rpoH_1 rpoH_2
[13:46:14] Fixed 2 duplicate /gene - bcr_1 bcr_2
[13:46:14] Fixed 3 duplicate /gene - xthA_1 xthA_2 xthA_3
[13:46:14] Fixed 19 duplicate /gene - fabG_1 fabG_2 fabG_3 fabG_4 fabG_5 fabG_6 fabG_7 fabG_8 fabG_9 fabG_10 fabG_11 fabG_12 fabG_13 fabG_14 fabG_15 fabG_16 fabG_17 fabG_18 fabG_19
[13:46:14] Fixed 2 duplicate /gene - queE_1 queE_2
[13:46:14] Fixed 2 duplicate /gene - queC_1 queC_2
[13:46:14] Fixed 3 duplicate /gene - dxs_1 dxs_2 dxs_3
[13:46:14] Fixed 2 duplicate /gene - wcaJ_1 wcaJ_2
[13:46:14] Fixed 2 duplicate /gene - lsrR_1 lsrR_2
[13:46:14] Fixed 2 duplicate /gene - coaA_1 coaA_2
[13:46:14] Fixed 2 duplicate /gene - cyoC_1 cyoC_2
[13:46:14] Fixed 4 duplicate /gene - fabF_1 fabF_2 fabF_3 fabF_4
[13:46:14] Fixed 3 duplicate /gene - ssuD_1 ssuD_2 ssuD_3
[13:46:14] Fixed 2 duplicate /gene - yciF_1 yciF_2
[13:46:14] Fixed 3 duplicate /gene - lsrD_1 lsrD_2 lsrD_3
[13:46:14] Fixed 2 duplicate /gene - mepA_1 mepA_2
[13:46:14] Fixed 4 duplicate /gene - aam_1 aam_2 aam_3 aam_4
[13:46:14] Fixed 2 duplicate /gene - arnC_1 arnC_2
[13:46:14] Fixed 2 duplicate /gene - rsmA_1 rsmA_2
[13:46:14] Fixed 2 duplicate /gene - gltC_1 gltC_2
[13:46:14] Fixed 3 duplicate /gene - decR_1 decR_2 decR_3
[13:46:14] Fixed 5 duplicate /gene - gcvT_1 gcvT_2 gcvT_3 gcvT_4 gcvT_5
[13:46:14] Fixed 2 duplicate /gene - kmo_1 kmo_2
[13:46:14] Fixed 2 duplicate /gene - paiB_1 paiB_2
[13:46:14] Fixed 5 duplicate /gene - ssuB_1 ssuB_2 ssuB_3 ssuB_4 ssuB_5
[13:46:14] Fixed 4 duplicate /gene - potH_1 potH_2 potH_3 potH_4
[13:46:14] Fixed 2 duplicate /gene - cmpD_1 cmpD_2
[13:46:14] Fixed 2 duplicate /gene - uppP_1 uppP_2
[13:46:14] Fixed 2 duplicate /gene - kdgR_1 kdgR_2
[13:46:14] Fixed 2 duplicate /gene - phnI_1 phnI_2
[13:46:14] Fixed 4 duplicate /gene - puuA_1 puuA_2 puuA_3 puuA_4
[13:46:14] Fixed 6 duplicate /gene - lptB_1 lptB_2 lptB_3 lptB_4 lptB_5 lptB_6
[13:46:14] Fixed 3 duplicate /gene - cytR_1 cytR_2 cytR_3
[13:46:14] Fixed 3 duplicate /gene - amiC_1 amiC_2 amiC_3
[13:46:14] Fixed 2 duplicate /gene - rhaM_1 rhaM_2
[13:46:14] Fixed 11 duplicate /gene - gsiC_1 gsiC_2 gsiC_3 gsiC_4 gsiC_5 gsiC_6 gsiC_7 gsiC_8 gsiC_9 gsiC_10 gsiC_11
[13:46:14] Fixed 6 duplicate /gene - spuC_1 spuC_2 spuC_3 spuC_4 spuC_5 spuC_6
[13:46:14] Fixed 4 duplicate /gene - acsA_1 acsA_2 acsA_3 acsA_4
[13:46:14] Fixed 2 duplicate /gene - ybjJ_1 ybjJ_2
[13:46:14] Fixed 2 duplicate /gene - exbD_1 exbD_2
[13:46:14] Fixed 2 duplicate /gene - ilvI_1 ilvI_2
[13:46:14] Fixed 2 duplicate /gene - menF_1 menF_2
[13:46:14] Fixed 2 duplicate /gene - entS_1 entS_2
[13:46:14] Fixed 3 duplicate /gene - degU_1 degU_2 degU_3
[13:46:14] Fixed 2 duplicate /gene - adh_1 adh_2
[13:46:14] Fixed 2 duplicate /gene - fbcH_1 fbcH_2
[13:46:14] Fixed 2 duplicate /gene - kup_1 kup_2
[13:46:14] Fixed 3 duplicate /gene - nodD2_1 nodD2_2 nodD2_3
[13:46:14] Fixed 2 duplicate /gene - ydjH_1 ydjH_2
[13:46:14] Fixed 4 duplicate /gene - yyaP_1 yyaP_2 yyaP_3 yyaP_4
[13:46:14] Fixed 2 duplicate /gene - norG_1 norG_2
[13:46:14] Fixed 3 duplicate /gene - prsE_1 prsE_2 prsE_3
[13:46:14] Fixed 2 duplicate /gene - echA8_1 echA8_2
[13:46:14] Fixed 2 duplicate /gene - fucU_1 fucU_2
[13:46:14] Fixed 2 duplicate /gene - puuR_1 puuR_2
[13:46:14] Fixed 2 duplicate /gene - yjiA_1 yjiA_2
[13:46:14] Fixed 3 duplicate /gene - lrpC_1 lrpC_2 lrpC_3
[13:46:14] Fixed 2 duplicate /gene - argP_1 argP_2
[13:46:14] Fixed 4 duplicate /gene - fixK_1 fixK_2 fixK_3 fixK_4
[13:46:14] Fixed 2 duplicate /gene - pitA_1 pitA_2
[13:46:14] Fixed 2 duplicate /gene - nhaK_1 nhaK_2
[13:46:14] Fixed 2 duplicate /gene - hcaE_1 hcaE_2
[13:46:14] Fixed 5 duplicate /gene - cspA_1 cspA_2 cspA_3 cspA_4 cspA_5
[13:46:14] Fixed 3 duplicate /gene - xylH_1 xylH_2 xylH_3
[13:46:14] Fixed 4 duplicate /gene - frcC_1 frcC_2 frcC_3 frcC_4
[13:46:14] Fixed 8 duplicate /gene - sugB_1 sugB_2 sugB_3 sugB_4 sugB_5 sugB_6 sugB_7 sugB_8
[13:46:14] Fixed 7 duplicate /gene - ugpA_1 ugpA_2 ugpA_3 ugpA_4 ugpA_5 ugpA_6 ugpA_7
[13:46:14] Fixed 2 duplicate /gene - livQ_1 livQ_2
[13:46:14] Fixed 2 duplicate /gene - hilA_1 hilA_2
[13:46:14] Fixed 2 duplicate /gene - cbs_1 cbs_2
[13:46:14] Fixed 2 duplicate /gene - add2_1 add2_2
[13:46:14] Fixed 3 duplicate /gene - yvoA_1 yvoA_2 yvoA_3
[13:46:14] Fixed 5 duplicate /gene - mdtA_1 mdtA_2 mdtA_3 mdtA_4 mdtA_5
[13:46:14] Fixed 2 duplicate /gene - catD_1 catD_2
[13:46:14] Fixed 10 duplicate /gene - ubiE_1 ubiE_2 ubiE_3 ubiE_4 ubiE_5 ubiE_6 ubiE_7 ubiE_8 ubiE_9 ubiE_10
[13:46:14] Fixed 2 duplicate /gene - prsD_1 prsD_2
[13:46:14] Fixed 2 duplicate /gene - groL1_1 groL1_2
[13:46:14] Fixed 2 duplicate /gene - bamA_1 bamA_2
[13:46:14] Fixed 2 duplicate /gene - devR_1 devR_2
[13:46:14] Fixed 2 duplicate /gene - kduD_1 kduD_2
[13:46:14] Fixed 3 duplicate /gene - corA_1 corA_2 corA_3
[13:46:14] Fixed 4 duplicate /gene - bepF_1 bepF_2 bepF_3 bepF_4
[13:46:14] Fixed 2 duplicate /gene - murA_1 murA_2
[13:46:14] Fixed 2 duplicate /gene - sigE_1 sigE_2
[13:46:14] Fixed 3 duplicate /gene - ubiG_1 ubiG_2 ubiG_3
[13:46:14] Fixed 2 duplicate /gene - tadA_1 tadA_2
[13:46:14] Fixed 4 duplicate /gene - qorA_1 qorA_2 qorA_3 qorA_4
[13:46:14] Fixed 11 duplicate /gene - btuD_1 btuD_2 btuD_3 btuD_4 btuD_5 btuD_6 btuD_7 btuD_8 btuD_9 btuD_10 btuD_11
[13:46:14] Fixed 2 duplicate /gene - nylB'_1 nylB'_2
[13:46:14] Fixed 2 duplicate /gene - gltD_1 gltD_2
[13:46:14] Fixed 2 duplicate /gene - mtgA_1 mtgA_2
[13:46:14] Fixed 2 duplicate /gene - dmdC_1 dmdC_2
[13:46:14] Fixed 8 duplicate /gene - xerC_1 xerC_2 xerC_3 xerC_4 xerC_5 xerC_6 xerC_7 xerC_8
[13:46:14] Fixed 2 duplicate /gene - gspK_1 gspK_2
[13:46:14] Fixed 2 duplicate /gene - pld1_1 pld1_2
[13:46:14] Fixed 2 duplicate /gene - greA_1 greA_2
[13:46:14] Fixed 2 duplicate /gene - yfcG_1 yfcG_2
[13:46:14] Fixed 3 duplicate /gene - yihV_1 yihV_2 yihV_3
[13:46:14] Fixed 11 duplicate /gene - frcA_1 frcA_2 frcA_3 frcA_4 frcA_5 frcA_6 frcA_7 frcA_8 frcA_9 frcA_10 frcA_11
[13:46:14] Fixed 7 duplicate /gene - lacF_1 lacF_2 lacF_3 lacF_4 lacF_5 lacF_6 lacF_7
[13:46:14] Fixed 7 duplicate /gene - potB_1 potB_2 potB_3 potB_4 potB_5 potB_6 potB_7
[13:46:14] Fixed 5 duplicate /gene - oxyR_1 oxyR_2 oxyR_3 oxyR_4 oxyR_5
[13:46:14] Fixed 2 duplicate /gene - caiD_1 caiD_2
[13:46:14] Fixed 2 duplicate /gene - davD_1 davD_2
[13:46:14] Fixed 3 duplicate /gene - ycjO_1 ycjO_2 ycjO_3
[13:46:14] Fixed 2 duplicate /gene - argH_1 argH_2
[13:46:14] Fixed 2 duplicate /gene - fixP_1 fixP_2
[13:46:14] Fixed 2 duplicate /gene - purD_1 purD_2
[13:46:14] Fixed 3 duplicate /gene - tam_1 tam_2 tam_3
[13:46:14] Fixed 2 duplicate /gene - czcO_1 czcO_2
[13:46:14] Fixed 2 duplicate /gene - gph_1 gph_2
[13:46:14] Fixed 2 duplicate /gene - phoB_1 phoB_2
[13:46:14] Fixed 2 duplicate /gene - ltaE_1 ltaE_2
[13:46:14] Fixed 20 duplicate /gene - rbsC_1 rbsC_2 rbsC_3 rbsC_4 rbsC_5 rbsC_6 rbsC_7 rbsC_8 rbsC_9 rbsC_10 rbsC_11 rbsC_12 rbsC_13 rbsC_14 rbsC_15 rbsC_16 rbsC_17 rbsC_18 rbsC_19 rbsC_20
[13:46:14] Fixed 3 duplicate /gene - ibpA_1 ibpA_2 ibpA_3
[13:46:14] Fixed 6 duplicate /gene - livH_1 livH_2 livH_3 livH_4 livH_5 livH_6
[13:46:14] Fixed 3 duplicate /gene - nanK_1 nanK_2 nanK_3
[13:46:14] Fixed 2 duplicate /gene - ppa_1 ppa_2
[13:46:14] Fixed 8 duplicate /gene - araQ_1 araQ_2 araQ_3 araQ_4 araQ_5 araQ_6 araQ_7 araQ_8
[13:46:14] Fixed 2 duplicate /gene - trxB_1 trxB_2
[13:46:14] Fixed 2 duplicate /gene - pgsA_1 pgsA_2
[13:46:14] Fixed 2 duplicate /gene - pdhC_1 pdhC_2
[13:46:14] Fixed 3 duplicate /gene - metC_1 metC_2 metC_3
[13:46:14] Fixed 2 duplicate /gene - rnr_1 rnr_2
[13:46:14] Fixed 9 duplicate /gene - hcaB_1 hcaB_2 hcaB_3 hcaB_4 hcaB_5 hcaB_6 hcaB_7 hcaB_8 hcaB_9
[13:46:14] Fixed 8 duplicate /gene - hdfR_1 hdfR_2 hdfR_3 hdfR_4 hdfR_5 hdfR_6 hdfR_7 hdfR_8
[13:46:14] Fixed 9 duplicate /gene - rhtB_1 rhtB_2 rhtB_3 rhtB_4 rhtB_5 rhtB_6 rhtB_7 rhtB_8 rhtB_9
[13:46:14] Fixed 5 duplicate /gene - betI_1 betI_2 betI_3 betI_4 betI_5
[13:46:14] Fixed 2 duplicate /gene - eltP_1 eltP_2
[13:46:14] Fixed 3 duplicate /gene - ada_1 ada_2 ada_3
[13:46:14] Fixed 2 duplicate /gene - glnH_1 glnH_2
[13:46:14] Fixed 2 duplicate /gene - hepA_1 hepA_2
[13:46:14] Fixed 2 duplicate /gene - dnaK_1 dnaK_2
[13:46:14] Fixed 2 duplicate /gene - fabI_1 fabI_2
[13:46:14] Fixed 2 duplicate /gene - yofA_1 yofA_2
[13:46:14] Fixed 3 duplicate /gene - sugA_1 sugA_2 sugA_3
[13:46:14] Fixed 2 duplicate /gene - msrB_1 msrB_2
[13:46:14] Fixed 2 duplicate /gene - rutC_1 rutC_2
[13:46:14] Fixed 3 duplicate /gene - lutR_1 lutR_2 lutR_3
[13:46:14] Fixed 2 duplicate /gene - mhqD_1 mhqD_2
[13:46:14] Fixed 2 duplicate /gene - bdhA_1 bdhA_2
[13:46:14] Fixed 3 duplicate /gene - dapH_1 dapH_2 dapH_3
[13:46:14] Fixed 3 duplicate /gene - tauB_1 tauB_2 tauB_3
[13:46:14] Fixed 2 duplicate /gene - adc_1 adc_2
[13:46:14] Fixed 2 duplicate /gene - mcl2_1 mcl2_2
[13:46:14] Fixed 2 duplicate /gene - tuf1_1 tuf1_2
[13:46:14] Fixed 5 duplicate /gene - iolS_1 iolS_2 iolS_3 iolS_4 iolS_5
[13:46:14] Fixed 4 duplicate /gene - yabJ_1 yabJ_2 yabJ_3 yabJ_4
[13:46:14] Fixed 7 duplicate /gene - puuB_1 puuB_2 puuB_3 puuB_4 puuB_5 puuB_6 puuB_7
[13:46:14] Fixed 7 duplicate /gene - rutB_1 rutB_2 rutB_3 rutB_4 rutB_5 rutB_6 rutB_7
[13:46:14] Fixed 2 duplicate /gene - phoP_1 phoP_2
[13:46:14] Fixed 3 duplicate /gene - hsrA_1 hsrA_2 hsrA_3
[13:46:14] Fixed 2 duplicate /gene - fieF_1 fieF_2
[13:46:14] Fixed 2 duplicate /gene - araB_1 araB_2
[13:46:14] Fixed 4 duplicate /gene - ycaD_1 ycaD_2 ycaD_3 ycaD_4
[13:46:14] Fixed 2 duplicate /gene - msrA_1 msrA_2
[13:46:14] Fixed 2 duplicate /gene - mrcA_1 mrcA_2
[13:46:14] Fixed 7 duplicate /gene - gsiA_1 gsiA_2 gsiA_3 gsiA_4 gsiA_5 gsiA_6 gsiA_7
[13:46:14] Fixed 3 duplicate /gene - nodM_1 nodM_2 nodM_3
[13:46:14] Fixed 3 duplicate /gene - nepI_1 nepI_2 nepI_3
[13:46:14] Fixed 2 duplicate /gene - clcB_1 clcB_2
[13:46:14] Fixed 5 duplicate /gene - slyA_1 slyA_2 slyA_3 slyA_4 slyA_5
[13:46:14] Fixed 3 duplicate /gene - groS1_1 groS1_2 groS1_3
[13:46:14] Fixed 2 duplicate /gene - nadE_1 nadE_2
[13:46:14] Fixed 7 duplicate /gene - ycjP_1 ycjP_2 ycjP_3 ycjP_4 ycjP_5 ycjP_6 ycjP_7
[13:46:14] Fixed 6 duplicate /gene - soxB_1 soxB_2 soxB_3 soxB_4 soxB_5 soxB_6
[13:46:14] Fixed 2 duplicate /gene - bepE_1 bepE_2
[13:46:14] Fixed 2 duplicate /gene - paaF_1 paaF_2
[13:46:14] Fixed 2 duplicate /gene - purC_1 purC_2
[13:46:14] Fixed 3 duplicate /gene - map_1 map_2 map_3
[13:46:14] Fixed 2 duplicate /gene - pdxB_1 pdxB_2
[13:46:14] Fixed 2 duplicate /gene - rbn_1 rbn_2
[13:46:14] Fixed 2 duplicate /gene - lexA_1 lexA_2
[13:46:14] Fixed 3 duplicate /gene - dapE_1 dapE_2 dapE_3
[13:46:14] Fixed 2 duplicate /gene - folD_1 folD_2
[13:46:14] Fixed 2 duplicate /gene - dprE1_1 dprE1_2
[13:46:14] Fixed 3 duplicate /gene - cpnA_1 cpnA_2 cpnA_3
[13:46:14] Fixed 2 duplicate /gene - doeB_1 doeB_2
[13:46:14] Fixed 2 duplicate /gene - rlmB_1 rlmB_2
[13:46:14] Fixed 3 duplicate /gene - pat_1 pat_2 pat_3
[13:46:14] Fixed 2 duplicate /gene - ddpD_1 ddpD_2
[13:46:14] Fixed 2 duplicate /gene - nanR_1 nanR_2
[13:46:14] Fixed 3 duplicate /gene - arcA_1 arcA_2 arcA_3
[13:46:14] Fixed 4 duplicate /gene - ligD_1 ligD_2 ligD_3 ligD_4
[13:46:14] Fixed 2 duplicate /gene - thadh_1 thadh_2
[13:46:14] Fixed 2 duplicate /gene - otcC_1 otcC_2
[13:46:14] Fixed 2 duplicate /gene - hmuV_1 hmuV_2
[13:46:14] Fixed 2 duplicate /gene - basR_1 basR_2
[13:46:14] Fixed 3 duplicate /gene - yheS_1 yheS_2 yheS_3
[13:46:14] Fixed 7 duplicate /gene - rhaS_1 rhaS_2 rhaS_3 rhaS_4 rhaS_5 rhaS_6 rhaS_7
[13:46:14] Fixed 2 duplicate /gene - murQ_1 murQ_2
[13:46:14] Fixed 2 duplicate /gene - gbpR_1 gbpR_2
[13:46:14] Fixed 6 duplicate /gene - mglA_1 mglA_2 mglA_3 mglA_4 mglA_5 mglA_6
[13:46:14] Fixed 2 duplicate /gene - fni_1 fni_2
[13:46:14] Fixed 2 duplicate /gene - rsmB_1 rsmB_2
[13:46:14] Fixed 9 duplicate /gene - gsiD_1 gsiD_2 gsiD_3 gsiD_4 gsiD_5 gsiD_6 gsiD_7 gsiD_8 gsiD_9
[13:46:14] Fixed 2 duplicate /gene - ade_1 ade_2
[13:46:14] Fixed 2 duplicate /gene - gloB_1 gloB_2
[13:46:14] Fixed 5 duplicate /gene - soxD_1 soxD_2 soxD_3 soxD_4 soxD_5
[13:46:14] Fixed 3 duplicate /gene - rutA_1 rutA_2 rutA_3
[13:46:14] Fixed 2 duplicate /gene - phnF_1 phnF_2
[13:46:14] Fixed 2 duplicate /gene - cobU_1 cobU_2
[13:46:14] Fixed 3 duplicate /gene - hyuC_1 hyuC_2 hyuC_3
[13:46:14] Fixed 2 duplicate /gene - lcfB_1 lcfB_2
[13:46:14] Fixed 2 duplicate /gene - tdh_1 tdh_2
[13:46:14] Fixed 2 duplicate /gene - fdxB_1 fdxB_2
[13:46:14] Fixed 3 duplicate /gene - betB_1 betB_2 betB_3
[13:46:14] Fixed 2 duplicate /gene - purK_1 purK_2
[13:46:14] Fixed 2 duplicate /gene - mdeA_1 mdeA_2
[13:46:14] Fixed 2 duplicate /gene - metG_1 metG_2
[13:46:14] Fixed 2 duplicate /gene - gpmA_1 gpmA_2
[13:46:14] Fixed 2 duplicate /gene - rhlE_1 rhlE_2
[13:46:14] Fixed 2 duplicate /gene - rgtE_1 rgtE_2
[13:46:14] Fixed 6 duplicate /gene - livF_1 livF_2 livF_3 livF_4 livF_5 livF_6
[13:46:14] Fixed 2 duplicate /gene - araP_1 araP_2
[13:46:14] Fixed 2 duplicate /gene - thiE_1 thiE_2
[13:46:14] Fixed 2 duplicate /gene - kbl_1 kbl_2
[13:46:14] Fixed 3 duplicate /gene - phnM_1 phnM_2 phnM_3
[13:46:14] Fixed 2 duplicate /gene - gltX1_1 gltX1_2
[13:46:14] Fixed 2 duplicate /gene - nrtA_1 nrtA_2
[13:46:14] Fixed 2 duplicate /gene - acoA_1 acoA_2
[13:46:14] Fixed 2 duplicate /gene - rnk_1 rnk_2
[13:46:14] Fixed 2 duplicate /gene - baiA_1 baiA_2
[13:46:14] Fixed 14 duplicate /gene - pgrR_1 pgrR_2 pgrR_3 pgrR_4 pgrR_5 pgrR_6 pgrR_7 pgrR_8 pgrR_9 pgrR_10 pgrR_11 pgrR_12 pgrR_13 pgrR_14
[13:46:14] Fixed 2 duplicate /gene - cckA_1 cckA_2
[13:46:14] Fixed 3 duplicate /gene - uctC_1 uctC_2 uctC_3
[13:46:14] Fixed 3 duplicate /gene - emrB_1 emrB_2 emrB_3
[13:46:14] Fixed 19 duplicate /gene - ugpC_1 ugpC_2 ugpC_3 ugpC_4 ugpC_5 ugpC_6 ugpC_7 ugpC_8 ugpC_9 ugpC_10 ugpC_11 ugpC_12 ugpC_13 ugpC_14 ugpC_15 ugpC_16 ugpC_17 ugpC_18 ugpC_19
[13:46:14] Fixed 2 duplicate /gene - nifD_1 nifD_2
[13:46:14] Fixed 2 duplicate /gene - ptsH_1 ptsH_2
[13:46:14] Fixed 7 duplicate /gene - ribN_1 ribN_2 ribN_3 ribN_4 ribN_5 ribN_6 ribN_7
[13:46:14] Fixed 4 duplicate /gene - glpR_1 glpR_2 glpR_3 glpR_4
[13:46:14] Fixed 12 duplicate /gene - ydcV_1 ydcV_2 ydcV_3 ydcV_4 ydcV_5 ydcV_6 ydcV_7 ydcV_8 ydcV_9 ydcV_10 ydcV_11 ydcV_12
[13:46:14] Fixed 6 duplicate /gene - mtgB_1 mtgB_2 mtgB_3 mtgB_4 mtgB_5 mtgB_6
[13:46:14] Fixed 5 duplicate /gene - ddpC_1 ddpC_2 ddpC_3 ddpC_4 ddpC_5
[13:46:14] Fixed 2 duplicate /gene - lasI_1 lasI_2
[13:46:14] Fixed 2 duplicate /gene - ddpA_1 ddpA_2
[13:46:14] Fixed 5 duplicate /gene - rclR_1 rclR_2 rclR_3 rclR_4 rclR_5
[13:46:14] Fixed 5 duplicate /gene - ros_1 ros_2 ros_3 ros_4 ros_5
[13:46:14] Fixed 2 duplicate /gene - nifK_1 nifK_2
[13:46:14] Fixed 2 duplicate /gene - arcB_1 arcB_2
[13:46:14] Fixed 3 duplicate /gene - pepA_1 pepA_2 pepA_3
[13:46:14] Fixed 3 duplicate /gene - dauA_1 dauA_2 dauA_3
[13:46:14] Fixed 5 duplicate /gene - ucpA_1 ucpA_2 ucpA_3 ucpA_4 ucpA_5
[13:46:14] Fixed 2 duplicate /gene - lysDH_1 lysDH_2
[13:46:14] Fixed 3 duplicate /gene - adhT_1 adhT_2 adhT_3
[13:46:14] Fixed 2 duplicate /gene - hisD_1 hisD_2
[13:46:14] Fixed 2 duplicate /gene - carA_1 carA_2
[13:46:14] Fixed 2 duplicate /gene - rhlG_1 rhlG_2
[13:46:14] Fixed 15 duplicate /gene - gcvA_1 gcvA_2 gcvA_3 gcvA_4 gcvA_5 gcvA_6 gcvA_7 gcvA_8 gcvA_9 gcvA_10 gcvA_11 gcvA_12 gcvA_13 gcvA_14 gcvA_15
[13:46:14] Fixed 3 duplicate /gene - leuE_1 leuE_2 leuE_3
[13:46:14] Fixed 3 duplicate /gene - rbsK_1 rbsK_2 rbsK_3
[13:46:14] Fixed 3 duplicate /gene - emrK_1 emrK_2 emrK_3
[13:46:14] Fixed 4 duplicate /gene - rplU_1 rplU_2 rplU_3 rplU_4
[13:46:14] Fixed 2 duplicate /gene - rnd_1 rnd_2
[13:46:14] Fixed 2 duplicate /gene - dppE_1 dppE_2
[13:46:14] Fixed 3 duplicate /gene - deoR_1 deoR_2 deoR_3
[13:46:14] Fixed 2 duplicate /gene - arcD_1 arcD_2
[13:46:14] Fixed 14 duplicate /gene - lrp_1 lrp_2 lrp_3 lrp_4 lrp_5 lrp_6 lrp_7 lrp_8 lrp_9 lrp_10 lrp_11 lrp_12 lrp_13 lrp_14
[13:46:14] Fixed 2 duplicate /gene - recQ_1 recQ_2
[13:46:14] Fixed 3 duplicate /gene - guaB_1 guaB_2 guaB_3
[13:46:14] Fixed 3 duplicate /gene - ycf3_1 ycf3_2 ycf3_3
[13:46:14] Fixed 2 duplicate /gene - gsiB_1 gsiB_2
[13:46:14] Fixed 2 duplicate /gene - cutL_1 cutL_2
[13:46:14] Fixed 2 duplicate /gene - spuE_1 spuE_2
[13:46:14] Fixed 2 duplicate /gene - copA_1 copA_2
[13:46:14] Fixed 3 duplicate /gene - mtlK_1 mtlK_2 mtlK_3
[13:46:14] Fixed 3 duplicate /gene - oatA_1 oatA_2 oatA_3
[13:46:14] Fixed 2 duplicate /gene - hisN_1 hisN_2
[13:46:14] Fixed 5 duplicate /gene - yecS_1 yecS_2 yecS_3 yecS_4 yecS_5
[13:46:14] Fixed 2 duplicate /gene - apc4_1 apc4_2
[13:46:14] Fixed 3 duplicate /gene - yejF_1 yejF_2 yejF_3
[13:46:14] Fixed 4 duplicate /gene - azoR_1 azoR_2 azoR_3 azoR_4
[13:46:14] Fixed 2 duplicate /gene - purF_1 purF_2
[13:46:14] Fixed 2 duplicate /gene - Hgd_1 Hgd_2
[13:46:14] Fixed 3 duplicate /gene - ndoA_1 ndoA_2 ndoA_3
[13:46:14] Fixed 2 duplicate /gene - virB4_1 virB4_2
[13:46:14] Fixed 7 duplicate /gene - hisC_1 hisC_2 hisC_3 hisC_4 hisC_5 hisC_6 hisC_7
[13:46:14] Fixed 2 duplicate /gene - scpB_1 scpB_2
[13:46:14] Fixed 2 duplicate /gene - pldh-t_1 pldh-t_2
[13:46:14] Fixed 2 duplicate /gene - accA1_1 accA1_2
[13:46:14] Fixed 3 duplicate /gene - potD_1 potD_2 potD_3
[13:46:14] Fixed 8 duplicate /gene - doeA_1 doeA_2 doeA_3 doeA_4 doeA_5 doeA_6 doeA_7 doeA_8
[13:46:14] Fixed 4 duplicate /gene - ccpA_1 ccpA_2 ccpA_3 ccpA_4
[13:46:14] Fixed 15 duplicate /gene - potA_1 potA_2 potA_3 potA_4 potA_5 potA_6 potA_7 potA_8 potA_9 potA_10 potA_11 potA_12 potA_13 potA_14 potA_15
[13:46:14] Fixed 9 duplicate /gene - abo_1 abo_2 abo_3 abo_4 abo_5 abo_6 abo_7 abo_8 abo_9
[13:46:14] Fixed 2 duplicate /gene - eamA_1 eamA_2
[13:46:14] Fixed 2 duplicate /gene - ald_1 ald_2
[13:46:14] Fixed 6 duplicate /gene - alkJ_1 alkJ_2 alkJ_3 alkJ_4 alkJ_5 alkJ_6
[13:46:14] Fixed 2 duplicate /gene - plsY_1 plsY_2
[13:46:14] Fixed 2 duplicate /gene - tsaD_1 tsaD_2
[13:46:14] Fixed 2 duplicate /gene - trmL_1 trmL_2
[13:46:14] Fixed 4 duplicate /gene - ntaA_1 ntaA_2 ntaA_3 ntaA_4
[13:46:14] Fixed 2 duplicate /gene - phaB_1 phaB_2
[13:46:14] Fixed 2 duplicate /gene - recF_1 recF_2
[13:46:14] Fixed 3 duplicate /gene - mcbR_1 mcbR_2 mcbR_3
[13:46:14] Fixed 10 duplicate /gene - cdhR_1 cdhR_2 cdhR_3 cdhR_4 cdhR_5 cdhR_6 cdhR_7 cdhR_8 cdhR_9 cdhR_10
[13:46:14] Fixed 2 duplicate /gene - gtaB_1 gtaB_2
[13:46:14] Fixed 2 duplicate /gene - galE_1 galE_2
[13:46:14] Fixed 2 duplicate /gene - pknD_1 pknD_2
[13:46:14] Fixed 2 duplicate /gene - aas_1 aas_2
[13:46:14] Fixed 2 duplicate /gene - lldD_1 lldD_2
[13:46:14] Fixed 2 duplicate /gene - gatA_1 gatA_2
[13:46:14] Fixed 2 duplicate /gene - hemA_1 hemA_2
[13:46:14] Fixed 2 duplicate /gene - efp_1 efp_2
[13:46:14] Fixed 3 duplicate /gene - htrA_1 htrA_2 htrA_3
[13:46:14] Fixed 2 duplicate /gene - ldc_1 ldc_2
[13:46:14] Fixed 2 duplicate /gene - bioF_1 bioF_2
[13:46:14] Fixed 2 duplicate /gene - sigG_1 sigG_2
[13:46:14] Fixed 2 duplicate /gene - ftsH_1 ftsH_2
[13:46:14] Fixed 2 duplicate /gene - namA_1 namA_2
[13:46:14] Fixed 2 duplicate /gene - malL_1 malL_2
[13:46:14] Fixed 2 duplicate /gene - prr_1 prr_2
[13:46:14] Fixed 3 duplicate /gene - cetB_1 cetB_2 cetB_3
[13:46:14] Fixed 2 duplicate /gene - crtI_1 crtI_2
[13:46:14] Fixed 13 duplicate /gene - rbsA_1 rbsA_2 rbsA_3 rbsA_4 rbsA_5 rbsA_6 rbsA_7 rbsA_8 rbsA_9 rbsA_10 rbsA_11 rbsA_12 rbsA_13
[13:46:14] Fixed 3 duplicate /gene - ydhP_1 ydhP_2 ydhP_3
[13:46:14] Fixed 2 duplicate /gene - ulaR_1 ulaR_2
[13:46:14] Fixed 4 duplicate /gene - iolE_1 iolE_2 iolE_3 iolE_4
[13:46:14] Fixed 2 duplicate /gene - fixN_1 fixN_2
[13:46:14] Fixed 3 duplicate /gene - rutD_1 rutD_2 rutD_3
[13:46:14] Fixed 3 duplicate /gene - yybR_1 yybR_2 yybR_3
[13:46:14] Fixed 5 duplicate /gene - yieH_1 yieH_2 yieH_3 yieH_4 yieH_5
[13:46:14] Fixed 2 duplicate /gene - vatD_1 vatD_2
[13:46:14] Fixed 3 duplicate /gene - aes_1 aes_2 aes_3
[13:46:14] Fixed 2 duplicate /gene - cpo_1 cpo_2
[13:46:14] Fixed 3 duplicate /gene - hipO_1 hipO_2 hipO_3
[13:46:14] Fixed 3 duplicate /gene - dadA1_1 dadA1_2 dadA1_3
[13:46:14] Fixed 2 duplicate /gene - guaA_1 guaA_2
[13:46:14] Fixed 4 duplicate /gene - artJ_1 artJ_2 artJ_3 artJ_4
[13:46:14] Fixed 3 duplicate /gene - afr_1 afr_2 afr_3
[13:46:14] Fixed 2 duplicate /gene - csd_1 csd_2
[13:46:14] Fixed 2 duplicate /gene - ohrB_1 ohrB_2
[13:46:14] Fixed 2 duplicate /gene - phnL_1 phnL_2
[13:46:14] Fixed 2 duplicate /gene - comR_1 comR_2
[13:46:14] Fixed 2 duplicate /gene - aspC_1 aspC_2
[13:46:14] Fixed 2 duplicate /gene - apxIB_1 apxIB_2
[13:46:14] Fixed 2 duplicate /gene - araC_1 araC_2
[13:46:14] Fixed 7 duplicate /gene - rspR_1 rspR_2 rspR_3 rspR_4 rspR_5 rspR_6 rspR_7
[13:46:14] Fixed 2 duplicate /gene - lvr_1 lvr_2
[13:46:14] Fixed 2 duplicate /gene - nifS_1 nifS_2
[13:46:14] Fixed 2 duplicate /gene - mobA_1 mobA_2
[13:46:14] Fixed 5 duplicate /gene - oppD_1 oppD_2 oppD_3 oppD_4 oppD_5
[13:46:14] Fixed 2 duplicate /gene - glnP_1 glnP_2
[13:46:14] Fixed 5 duplicate /gene - dppA_1 dppA_2 dppA_3 dppA_4 dppA_5
[13:46:14] Fixed 2 duplicate /gene - yphB_1 yphB_2
[13:46:14] Fixed 2 duplicate /gene - phoU_1 phoU_2
[13:46:14] Fixed 2 duplicate /gene - fcl_1 fcl_2
[13:46:14] Fixed 2 duplicate /gene - gppA_1 gppA_2
[13:46:14] Fixed 2 duplicate /gene - LRA5_1 LRA5_2
[13:46:14] Fixed 3 duplicate /gene - blh_1 blh_2 blh_3
[13:46:14] Fixed 10 duplicate /gene - iolG_1 iolG_2 iolG_3 iolG_4 iolG_5 iolG_6 iolG_7 iolG_8 iolG_9 iolG_10
[13:46:14] Fixed 4 duplicate /gene - ilvE_1 ilvE_2 ilvE_3 ilvE_4
[13:46:14] Fixed 2 duplicate /gene - yceJ_1 yceJ_2
[13:46:14] Fixed 2 duplicate /gene - nifA_1 nifA_2
[13:46:14] Fixed 2 duplicate /gene - proC_1 proC_2
[13:46:14] Fixed 2 duplicate /gene - queD_1 queD_2
[13:46:14] Fixed 3 duplicate /gene - degP_1 degP_2 degP_3
[13:46:14] Fixed 3 duplicate /gene - xerD_1 xerD_2 xerD_3
[13:46:14] Fixed 4 duplicate /gene - gabD_1 gabD_2 gabD_3 gabD_4
[13:46:14] Fixed 3 duplicate /gene - kdgK_1 kdgK_2 kdgK_3
[13:46:14] Fixed 5 duplicate /gene - oppF_1 oppF_2 oppF_3 oppF_4 oppF_5
[13:46:14] Fixed 7 duplicate /gene - azoB_1 azoB_2 azoB_3 azoB_4 azoB_5 azoB_6 azoB_7
[13:46:14] Fixed 5 duplicate /gene - ribX_1 ribX_2 ribX_3 ribX_4 ribX_5
[13:46:14] Fixed 2 duplicate /gene - ptsI_1 ptsI_2
[13:46:14] Fixed 2 duplicate /gene - oleD_1 oleD_2
[13:46:14] Fixed 2 duplicate /gene - cypM_1 cypM_2
[13:46:14] Fixed 2 duplicate /gene - crt_1 crt_2
[13:46:14] Fixed 2 duplicate /gene - clpP_1 clpP_2
[13:46:14] Fixed 3 duplicate /gene - gfo_1 gfo_2 gfo_3
[13:46:14] Fixed 5 duplicate /gene - malK_1 malK_2 malK_3 malK_4 malK_5
[13:46:14] Fixed 4 duplicate /gene - sugC_1 sugC_2 sugC_3 sugC_4
[13:46:14] Fixed 2 duplicate /gene - luxA_1 luxA_2
[13:46:14] Fixed 2 duplicate /gene - ftsZ_1 ftsZ_2
[13:46:14] Fixed 2 duplicate /gene - ghrA_1 ghrA_2
[13:46:14] Fixed 2 duplicate /gene - mshD_1 mshD_2
[13:46:14] Fixed 2 duplicate /gene - dddP_1 dddP_2
[13:46:14] Fixed 2 duplicate /gene - dhaK_1 dhaK_2
[13:46:14] Fixed 2 duplicate /gene - glmM_1 glmM_2
[13:46:14] Fixed 4 duplicate /gene - dapA_1 dapA_2 dapA_3 dapA_4
[13:46:14] Fixed 2 duplicate /gene - pcrA_1 pcrA_2
[13:46:14] Fixed 2 duplicate /gene - regB_1 regB_2
[13:46:14] Fixed 3 duplicate /gene - purR_1 purR_2 purR_3
[13:46:14] Fixed 2 duplicate /gene - msmE_1 msmE_2
[13:46:14] Fixed 5 duplicate /gene - dppB_1 dppB_2 dppB_3 dppB_4 dppB_5
[13:46:14] Fixed 2 duplicate /gene - yhbO_1 yhbO_2
[13:46:14] Fixed 2 duplicate /gene - polS_1 polS_2
[13:46:14] Fixed 9 duplicate /gene - mshA_1 mshA_2 mshA_3 mshA_4 mshA_5 mshA_6 mshA_7 mshA_8 mshA_9
[13:46:14] Fixed 2 duplicate /gene - ghrB_1 ghrB_2
[13:46:14] Fixed 9 duplicate /gene - soxA_1 soxA_2 soxA_3 soxA_4 soxA_5 soxA_6 soxA_7 soxA_8 soxA_9
[13:46:14] Fixed 5 duplicate /gene - rhaR_1 rhaR_2 rhaR_3 rhaR_4 rhaR_5
[13:46:14] Fixed 2 duplicate /gene - rob_1 rob_2
[13:46:14] Fixed 2 duplicate /gene - mmgB_1 mmgB_2
[13:46:14] Fixed 2 duplicate /gene - lysN_1 lysN_2
[13:46:14] Fixed 2 duplicate /gene - fusA_1 fusA_2
[13:46:14] Fixed 2 duplicate /gene - dctB_1 dctB_2
[13:46:14] Fixed 2 duplicate /gene - ctaB_1 ctaB_2
[13:46:14] Fixed 17 duplicate /gene - dmlR_1 dmlR_2 dmlR_3 dmlR_4 dmlR_5 dmlR_6 dmlR_7 dmlR_8 dmlR_9 dmlR_10 dmlR_11 dmlR_12 dmlR_13 dmlR_14 dmlR_15 dmlR_16 dmlR_17
[13:46:14] Fixed 3 duplicate /gene - dhaA_1 dhaA_2 dhaA_3
[13:46:14] Fixed 2 duplicate /gene - suhB_1 suhB_2
[13:46:14] Fixed 4 duplicate /gene - fliY_1 fliY_2 fliY_3 fliY_4
[13:46:14] Fixed 2 duplicate /gene - arsC_1 arsC_2
[13:46:14] Fixed 2 duplicate /gene - ku_1 ku_2
[13:46:14] Fixed 2 duplicate /gene - gmd_1 gmd_2
[13:46:14] Fixed 2 duplicate /gene - nudC_1 nudC_2
[13:46:14] Fixed 2 duplicate /gene - spuD_1 spuD_2
[13:46:14] Fixed 4 duplicate /gene - hemN_1 hemN_2 hemN_3 hemN_4
[13:46:14] Fixed 2 duplicate /gene - tas_1 tas_2
[13:46:14] Fixed 2 duplicate /gene - cpdR_1 cpdR_2
[13:46:14] Fixed 2 duplicate /gene - atpF_1 atpF_2
[13:46:14] Fixed 2 duplicate /gene - sucD_1 sucD_2
[13:46:14] Fixed 3 duplicate /gene - oppA_1 oppA_2 oppA_3
[13:46:14] Fixed 6 duplicate /gene - ompR_1 ompR_2 ompR_3 ompR_4 ompR_5 ompR_6
[13:46:14] Fixed 2 duplicate /gene - cpdA_1 cpdA_2
[13:46:14] Fixed 4 duplicate /gene - hutH_1 hutH_2 hutH_3 hutH_4
[13:46:14] Fixed 2 duplicate /gene - phnJ_1 phnJ_2
[13:46:14] Fixed 4 duplicate /gene - glnQ_1 glnQ_2 glnQ_3 glnQ_4
[13:46:14] Fixed 2 duplicate /gene - sucC_1 sucC_2
[13:46:14] Fixed 13 duplicate /gene - rcsC_1 rcsC_2 rcsC_3 rcsC_4 rcsC_5 rcsC_6 rcsC_7 rcsC_8 rcsC_9 rcsC_10 rcsC_11 rcsC_12 rcsC_13
[13:46:14] Fixed 16 duplicate /gene - sasA_1 sasA_2 sasA_3 sasA_4 sasA_5 sasA_6 sasA_7 sasA_8 sasA_9 sasA_10 sasA_11 sasA_12 sasA_13 sasA_14 sasA_15 sasA_16
[13:46:14] Fixed 2 duplicate /gene - coxM_1 coxM_2
[13:46:14] Fixed 2 duplicate /gene - dctD_1 dctD_2
[13:46:14] Fixed 2 duplicate /gene - apc3_1 apc3_2
[13:46:14] Fixed 2 duplicate /gene - vdh_1 vdh_2
[13:46:14] Fixed 2 duplicate /gene - mdtC_1 mdtC_2
[13:46:14] Fixed 3 duplicate /gene - asnB_1 asnB_2 asnB_3
[13:46:14] Fixed 2 duplicate /gene - alaS_1 alaS_2
[13:46:14] Fixed 2 duplicate /gene - actIII_1 actIII_2
[13:46:14] Fixed 2 duplicate /gene - regA_1 regA_2
[13:46:14] Fixed 2 duplicate /gene - dapB_1 dapB_2
[13:46:14] Fixed 3 duplicate /gene - panB_1 panB_2 panB_3
[13:46:14] Fixed 3 duplicate /gene - dhmA_1 dhmA_2 dhmA_3
[13:46:14] Fixed 2 duplicate /gene - gbsA_1 gbsA_2
[13:46:14] Fixed 9 duplicate /gene - rbsB_1 rbsB_2 rbsB_3 rbsB_4 rbsB_5 rbsB_6 rbsB_7 rbsB_8 rbsB_9
[13:46:14] Fixed 2 duplicate /gene - ymdB_1 ymdB_2
[13:46:14] Fixed 2 duplicate /gene - ybhL_1 ybhL_2
[13:46:14] Fixed 3 duplicate /gene - kce_1 kce_2 kce_3
[13:46:14] Fixed 2 duplicate /gene - murG_1 murG_2
[13:46:14] Fixed 2 duplicate /gene - groL5_1 groL5_2
[13:46:14] Fixed 3 duplicate /gene - metK_1 metK_2 metK_3
[13:46:14] Fixed 2 duplicate /gene - purN_1 purN_2
[13:46:14] Fixed 475 colliding /gene names.
[13:46:14] Adding /locus_tag identifiers
[13:46:14] Assigned 6295 locus_tags to CDS and RNA features.
[13:46:14] Writing outputs to R7A_prokka_clean/
[13:46:19] Generating annotation statistics file
[13:46:19] Generating Genbank and Sequin files
[13:46:19] Running: tbl2asn -V b -a r10k -l paired-ends -M n -N 1 -y 'Annotated using prokka 1.13.3 from https://github.com/tseemann/prokka' -Z R7A_prokka_clean\/R7A\.err -i R7A_prokka_clean\/R7A\.fsa 2> /dev/null
[13:46:29] Deleting unwanted file: R7A_prokka_clean/errorsummary.val
[13:46:29] Deleting unwanted file: R7A_prokka_clean/R7A.dr
[13:46:29] Deleting unwanted file: R7A_prokka_clean/R7A.fixedproducts
[13:46:29] Deleting unwanted file: R7A_prokka_clean/R7A.ecn
[13:46:29] Deleting unwanted file: R7A_prokka_clean/R7A.val
[13:46:29] Repairing broken .GBK output that tbl2asn produces...
[13:46:29] Running: sed 's/COORDINATES: profile/COORDINATES:profile/' < R7A_prokka_clean\/R7A\.gbf > R7A_prokka_clean\/R7A\.gbk
[13:46:29] Deleting unwanted file: R7A_prokka_clean/R7A.gbf
[13:46:29] Output files:
[13:46:29] R7A_prokka_clean/R7A.gff
[13:46:29] R7A_prokka_clean/R7A.tbl
[13:46:29] R7A_prokka_clean/R7A.fsa
[13:46:29] R7A_prokka_clean/R7A.log
[13:46:29] R7A_prokka_clean/R7A.ffn
[13:46:29] R7A_prokka_clean/R7A.tsv
[13:46:29] R7A_prokka_clean/R7A.txt
[13:46:29] R7A_prokka_clean/R7A.sqn
[13:46:29] R7A_prokka_clean/R7A.err
[13:46:29] R7A_prokka_clean/R7A.faa
[13:46:29] R7A_prokka_clean/R7A.gbk
[13:46:29] R7A_prokka_clean/R7A.fna
[13:46:29] Annotation finished successfully.
[13:46:29] Walltime used: 2.68 minutes
[13:46:29] If you use this result please cite the Prokka paper:
[13:46:29] Seemann T (2014) Prokka: rapid prokaryotic genome annotation. Bioinformatics. 30(14):2068-9.
[13:46:29] Type 'prokka --citation' for more details.
[13:46:29] Share and enjoy!
