[13:29:23] This is prokka 1.13.3
[13:29:23] Written by Torsten Seemann <torsten.seemann@gmail.com>
[13:29:23] Homepage is https://github.com/tseemann/prokka
[13:29:23] Local time is Wed Oct 17 13:29:23 2018
[13:29:23] You are ronson
[13:29:23] Operating system is linux
[13:29:23] You have BioPerl 1.007002
[13:29:23] System has 16 cores.
[13:29:23] Will use maximum of 14 cores.
[13:29:23] Annotating as >>> Bacteria <<<
[13:29:23] Creating new output folder: NZP2014_prokka_clean
[13:29:23] Running: mkdir -p NZP2014_prokka_clean
[13:29:23] Using filename prefix: NZP2014.XXX
[13:29:23] Setting HMMER_NCPU=1
[13:29:23] Writing log to: NZP2014_prokka_clean/NZP2014.log
[13:29:23] Command: /home/ronson/miniconda3/envs/py36/bin/prokka --rawproduct --outdir NZP2014_prokka_clean --prefix NZP2014 --locustag NZP2014 --genus Mesorhizobium --species loti --strain NZP2014 --mincontiglen 10000 --cpus 14 NZP2014.hybrid.final.fasta
[13:29:23] Appending to PATH: /home/ronson/miniconda3/envs/py36/bin
[13:29:23] Looking for 'aragorn' - found /home/ronson/miniconda3/envs/py36/bin/aragorn
[13:29:23] Determined aragorn version is 1.2
[13:29:23] Looking for 'barrnap' - found /home/ronson/miniconda3/envs/py36/bin/barrnap
[13:29:23] Determined barrnap version is 0.9
[13:29:23] Looking for 'blastp' - found /home/ronson/miniconda3/envs/py36/bin/blastp
[13:29:23] Determined blastp version is 2.7
[13:29:23] Looking for 'cmpress' - found /home/ronson/miniconda3/envs/py36/bin/cmpress
[13:29:23] Determined cmpress version is 1.1
[13:29:23] Looking for 'cmscan' - found /home/ronson/miniconda3/envs/py36/bin/cmscan
[13:29:23] Determined cmscan version is 1.1
[13:29:23] Looking for 'egrep' - found /bin/egrep
[13:29:23] Looking for 'find' - found /usr/bin/find
[13:29:23] Looking for 'grep' - found /bin/grep
[13:29:23] Looking for 'hmmpress' - found /home/ronson/miniconda3/envs/py36/bin/hmmpress
[13:29:23] Determined hmmpress version is 3.2
[13:29:23] Looking for 'hmmscan' - found /home/ronson/miniconda3/envs/py36/bin/hmmscan
[13:29:23] Determined hmmscan version is 3.2
[13:29:23] Looking for 'java' - found /home/ronson/miniconda3/envs/py36/bin/java
[13:29:23] Looking for 'less' - found /usr/bin/less
[13:29:23] Looking for 'makeblastdb' - found /home/ronson/miniconda3/envs/py36/bin/makeblastdb
[13:29:23] Determined makeblastdb version is 2.7
[13:29:23] Looking for 'minced' - found /home/ronson/miniconda3/envs/py36/bin/minced
[13:29:23] Determined minced version is 3.0
[13:29:23] Looking for 'parallel' - found /home/ronson/miniconda3/envs/py36/bin/parallel
[13:29:24] Determined parallel version is 20180922
[13:29:24] Looking for 'prodigal' - found /home/ronson/miniconda3/envs/py36/bin/prodigal
[13:29:24] Determined prodigal version is 2.6
[13:29:24] Looking for 'prokka-genbank_to_fasta_db' - found /home/ronson/miniconda3/envs/py36/bin/prokka-genbank_to_fasta_db
[13:29:24] Looking for 'sed' - found /bin/sed
[13:29:24] Looking for 'tbl2asn' - found /home/ronson/miniconda3/envs/py36/bin/tbl2asn
[13:29:24] Determined tbl2asn version is 25.6
[13:29:24] Using genetic code table 11.
[13:29:24] Loading and checking input file: NZP2014.hybrid.final.fasta
[13:29:24] Skipping short (<10000 bp) contig: 2
[13:29:24] Wrote 1 contigs totalling 6602217 bp.
[13:29:24] Predicting tRNAs and tmRNAs
[13:29:24] Running: aragorn -l -gc11  -w NZP2014_prokka_clean\/NZP2014\.fna
[13:29:27] 1 tRNA-Thr [82729,82804] 34 (cgt)
[13:29:27] 2 tRNA-Ala c[338874,338949] 34 (ggc)
[13:29:27] 3 tRNA-Arg c[603267,603343] 35 (ccg)
[13:29:27] 4 tRNA-Gly c[701793,701887] 36 (gcc)
[13:29:27] 5 tRNA-Arg [720035,720111] 35 (acg)
[13:29:27] 6 tRNA-Leu c[816757,816841] 35 (cag)
[13:29:27] 7 tRNA-Gly c[983323,983397] 33 (gcc)
[13:29:27] 8 tRNA-Ala c[1181042,1181117] 34 (cgc)
[13:29:27] 9 tRNA-Ser c[1260909,1260998] 35 (cga)
[13:29:27] 10 tRNA-Glu [1464565,1464639] 34 (ctc)
[13:29:27] 11 tRNA-Arg c[1579886,1579962] 35 (cct)
[13:29:27] 12 tRNA-Leu [1662684,1662768] 35 (caa)
[13:29:27] 13 tRNA-Ile [1704901,1704977] 35 (gat)
[13:29:27] 14 tRNA-Ala [1705009,1705084] 34 (tgc)
[13:29:27] 15 tRNA-Met [1708961,1709037] 35 (cat)
[13:29:27] 16 tRNA-Ile [1712627,1712703] 35 (gat)
[13:29:27] 17 tRNA-Ala [1712735,1712810] 34 (tgc)
[13:29:27] 18 tRNA-Met [1716687,1716763] 35 (cat)
[13:29:27] 19 tRNA-Ser [1971782,1971871] 35 (gga)
[13:29:27] 20 tRNA-Val c[2050548,2050621] 32 (gac)
[13:29:27] 21 tRNA-Val c[2060608,2060682] 33 (gac)
[13:29:27] 22 tRNA-Met c[2280959,2281035] 35 (cat)
[13:29:27] 23 tRNA-Met [2601660,2601735] 34 (cat)
[13:29:27] 24 tRNA-Cys [2721088,2721163] 33 (gca)
[13:29:27] 25 tRNA-Gln c[3040288,3040361] 33 (ttg)
[13:29:27] 26 tmRNA* c[3317649,3317991] 214,252 ANDNYAEARLAA*
[13:29:27] 27 tRNA-Lys [3391380,3391455] 34 (ctt)
[13:29:27] 28 tRNA-Leu [3438200,3438284] 35 (gag)
[13:29:27] 29 tRNA-Met c[3570017,3570091] 34 (cat)
[13:29:27] 30 tRNA-Tyr c[3570089,3570162] 33 (ata)
[13:29:27] 31 tRNA-Asn c[3621937,3622011] 33 (gtt)
[13:29:27] 32 tRNA-Cys [3623018,3623091] 33 (gca)
[13:29:27] 33 tRNA-Leu c[3670544,3670626] 35 (tag)
[13:29:27] 34 tRNA-Glu c[3691968,3692042] 34 (ttc)
[13:29:27] 35 tRNA-Lys [3889467,3889542] 34 (ttt)
[13:29:27] 36 tRNA-Val c[4020839,4020913] 33 (cac)
[13:29:27] 37 tRNA-Ser c[4049860,4049949] 35 (tga)
[13:29:27] 38 tRNA-Trp c[4168496,4168571] 34 (cca)
[13:29:27] 39 tRNA-Gly c[4174549,4174622] 33 (tcc)
[13:29:27] 40 tRNA-Tyr c[4174712,4174796] 35 (gta)
[13:29:27] 41 tRNA-Thr [4182633,4182708] 34 (tgt)
[13:29:27] 42 tRNA-Leu [4253128,4253213] 35 (taa)
[13:29:27] 43 tRNA-Val c[4367861,4367936] 34 (tac)
[13:29:27] 44 tRNA-Asp [4368154,4368230] 35 (gtc)
[13:29:27] 45 tRNA-Pro [4414765,4414841] 35 (ggg)
[13:29:27] 46 tRNA-Gln [4508914,4508987] 33 (ctg)
[13:29:27] 47 tRNA-Cys [4535291,4535364] 33 (gca)
[13:29:27] 48 tRNA-Arg c[4708200,4708276] 35 (tct)
[13:29:27] 49 tRNA-Pro [4708755,4708831] 35 (tgg)
[13:29:27] 50 tRNA-Ser [4864221,4864311] 35 (gct)
[13:29:27] 51 tRNA-Pro [4966212,4966288] 35 (cgg)
[13:29:27] 52 tRNA-Gln [5045332,5045406] 33 (ttg)
[13:29:27] 53 tRNA-His c[5839471,5839547] 35 (gtg)
[13:29:27] 54 tRNA-Asn [5914506,5914583] 36 (gtt)
[13:29:27] 55 tRNA-Thr c[5926069,5926143] 33 (ggt)
[13:29:27] 56 tRNA-Phe [5949487,5949562] 34 (gaa)
[13:29:27] 57 tRNA-Gly [6526877,6526950] 33 (ccc)
[13:29:27] Found 57 tRNAs
[13:29:27] Predicting Ribosomal RNAs
[13:29:27] Running Barrnap with 14 threads
[13:29:32] 1 1 1703119 16S ribosomal RNA
[13:29:32] 2 1 1705487 23S ribosomal RNA
[13:29:32] 3 1 1708551 5S ribosomal RNA
[13:29:32] 4 1 1710845 16S ribosomal RNA
[13:29:32] 5 1 1713213 23S ribosomal RNA
[13:29:32] 6 1 1716277 5S ribosomal RNA
[13:29:32] Found 6 rRNAs
[13:29:32] Skipping ncRNA search, enable with --rfam if desired.
[13:29:32] Total of 62 tRNA + rRNA features
[13:29:32] Searching for CRISPR repeats
[13:29:33] Found 0 CRISPRs
[13:29:33] Predicting coding sequences
[13:29:33] Contigs total 6602217 bp, so using single mode
[13:29:33] Running: prodigal -i NZP2014_prokka_clean\/NZP2014\.fna -c -m -g 11 -p single -f sco -q
[13:29:43] Excluding CDS which overlaps existing RNA (tRNA) at 1:700833..702332 on - strand
[13:29:46] Excluding CDS which overlaps existing RNA (tRNA) at 1:3569674..3570504 on + strand
[13:29:46] Excluding CDS which overlaps existing RNA (tRNA) at 1:4049204..4050049 on + strand
[13:29:47] Excluding CDS which overlaps existing RNA (tRNA) at 1:5913990..5922407 on + strand
[13:29:48] Found 6261 CDS
[13:29:48] Connecting features back to sequences
[13:29:48] Not using genus-specific database. Try --usegenus to enable it.
[13:29:48] Annotating CDS, please be patient.
[13:29:48] Will use 14 CPUs for similarity searching.
[13:29:52] There are still 6261 unannotated CDS left (started with 6261)
[13:29:52] Will use blast to search against /home/ronson/miniconda3/envs/py36/db/kingdom/Bacteria/IS with 14 CPUs
[13:29:52] Running: cat NZP2014_prokka_clean\/IS\.faa | parallel --gnu --plain -j 14 --block 70231 --recstart '>' --pipe blastp -query - -db /home/ronson/miniconda3/envs/py36/db/kingdom/Bacteria/IS -evalue 1e-30 -qcov_hsp_perc 90 -num_threads 1 -num_descriptions 1 -num_alignments 1 -seg no > NZP2014_prokka_clean\/IS\.blast 2> /dev/null
[13:30:05] Deleting unwanted file: NZP2014_prokka_clean/IS.faa
[13:30:05] Deleting unwanted file: NZP2014_prokka_clean/IS.blast
[13:30:09] There are still 6204 unannotated CDS left (started with 6261)
[13:30:09] Will use blast to search against /home/ronson/miniconda3/envs/py36/db/kingdom/Bacteria/AMR with 14 CPUs
[13:30:09] Running: cat NZP2014_prokka_clean\/AMR\.faa | parallel --gnu --plain -j 14 --block 69599 --recstart '>' --pipe blastp -query - -db /home/ronson/miniconda3/envs/py36/db/kingdom/Bacteria/AMR -evalue 9.99999999999999e-301 -qcov_hsp_perc 90 -num_threads 1 -num_descriptions 1 -num_alignments 1 -seg no > NZP2014_prokka_clean\/AMR\.blast 2> /dev/null
[13:30:19] Deleting unwanted file: NZP2014_prokka_clean/AMR.faa
[13:30:19] Deleting unwanted file: NZP2014_prokka_clean/AMR.blast
[13:30:23] There are still 6204 unannotated CDS left (started with 6261)
[13:30:23] Will use blast to search against /home/ronson/miniconda3/envs/py36/db/kingdom/Bacteria/sprot with 14 CPUs
[13:30:23] Running: cat NZP2014_prokka_clean\/sprot\.faa | parallel --gnu --plain -j 14 --block 69599 --recstart '>' --pipe blastp -query - -db /home/ronson/miniconda3/envs/py36/db/kingdom/Bacteria/sprot -evalue 1e-09 -qcov_hsp_perc 80 -num_threads 1 -num_descriptions 1 -num_alignments 1 -seg no > NZP2014_prokka_clean\/sprot\.blast 2> /dev/null
[13:31:14] Deleting unwanted file: NZP2014_prokka_clean/sprot.faa
[13:31:14] Deleting unwanted file: NZP2014_prokka_clean/sprot.blast
[13:31:16] There are still 3339 unannotated CDS left (started with 6261)
[13:31:16] Will use hmmer3 to search against /home/ronson/miniconda3/envs/py36/db/hmm/HAMAP.hmm with 14 CPUs
[13:31:16] Running: cat NZP2014_prokka_clean\/HAMAP\.hmm\.faa | parallel --gnu --plain -j 14 --block 32713 --recstart '>' --pipe hmmscan --noali --notextw --acc -E 1e-09 --cpu 1 /home/ronson/miniconda3/envs/py36/db/hmm/HAMAP.hmm /dev/stdin > NZP2014_prokka_clean\/HAMAP\.hmm\.hmmer3 2> /dev/null
[13:31:50] Deleting unwanted file: NZP2014_prokka_clean/HAMAP.hmm.faa
[13:31:50] Deleting unwanted file: NZP2014_prokka_clean/HAMAP.hmm.hmmer3
[13:31:50] Labelling remaining 2900 proteins as 'hypothetical protein'
[13:31:50] Possible /pseudo 'Multidrug resistance protein MdtA' at 1 position 47362
[13:31:50] Possible /pseudo 'Lipooligosaccharide biosynthesis protein lex-1' at 1 position 229980
[13:31:50] Possible /pseudo 'Lipooligosaccharide biosynthesis protein lex-1' at 1 position 230783
[13:31:50] Possible /pseudo 'Spermidine/putrescine-binding periplasmic protein' at 1 position 1510865
[13:31:50] Possible /pseudo 'Transcriptional regulatory protein OmpR' at 1 position 1523132
[13:31:50] Possible /pseudo '6-aminohexanoate-dimer hydrolase' at 1 position 2192340
[13:31:50] Possible /pseudo 'Nitrate transport protein NrtA' at 1 position 2232181
[13:31:50] Possible /pseudo 'Cytochrome b/c1' at 1 position 2368224
[13:31:50] Possible /pseudo 'Cold shock protein CspA' at 1 position 2408924
[13:31:50] Possible /pseudo 'Putative serine protease HtrA' at 1 position 2591458
[13:31:50] Possible /pseudo 'Maltose/maltodextrin import ATP-binding protein MalK' at 1 position 3080515
[13:31:50] Possible /pseudo 'Ribose import permease protein RbsC' at 1 position 3129775
[13:31:50] Possible /pseudo 'Low affinity potassium transport system protein kup' at 1 position 3371416
[13:31:50] Possible /pseudo 'Uncharacterized MFS-type transporter YcaD' at 1 position 3542104
[13:31:50] Possible /pseudo 'L-cystine transport system permease protein YecS' at 1 position 4281282
[13:31:50] Possible /pseudo 'Uncharacterized zinc protease Rv2782c' at 1 position 4611744
[13:31:50] Possible /pseudo 'UDP-glucose 4-epimerase' at 1 position 4757660
[13:31:50] Possible /pseudo 'D-inositol-3-phosphate glycosyltransferase' at 1 position 5009254
[13:31:50] Possible /pseudo 'D-inositol-3-phosphate glycosyltransferase' at 1 position 5010509
[13:31:50] Possible /pseudo 'D-inositol-3-phosphate glycosyltransferase' at 1 position 5017214
[13:31:50] Possible /pseudo 'Vitamin B12 import ATP-binding protein BtuD' at 1 position 5244579
[13:31:50] Possible /pseudo 'Ribose import permease protein RbsC' at 1 position 5367909
[13:31:50] Possible /pseudo 'D-inositol-3-phosphate glycosyltransferase' at 1 position 5666072
[13:31:50] Possible /pseudo 'IS3 family transposase ISPye3' at 1 position 5988918
[13:31:50] Possible /pseudo 'IS3 family transposase ISPye3' at 1 position 5989589
[13:31:50] Possible /pseudo 'Low specificity L-threonine aldolase' at 1 position 6122630
[13:31:50] Possible /pseudo 'C4-dicarboxylate transport transcriptional regulatory protein DctD' at 1 position 6369125
[13:31:51] Found 1947 unique /gene codes.
[13:31:51] Fixed 2 duplicate /gene - yoaE_1 yoaE_2
[13:31:51] Fixed 3 duplicate /gene - ydhP_1 ydhP_2 ydhP_3
[13:31:51] Fixed 6 duplicate /gene - hdfR_1 hdfR_2 hdfR_3 hdfR_4 hdfR_5 hdfR_6
[13:31:51] Fixed 2 duplicate /gene - rbsR_1 rbsR_2
[13:31:51] Fixed 19 duplicate /gene - fabG_1 fabG_2 fabG_3 fabG_4 fabG_5 fabG_6 fabG_7 fabG_8 fabG_9 fabG_10 fabG_11 fabG_12 fabG_13 fabG_14 fabG_15 fabG_16 fabG_17 fabG_18 fabG_19
[13:31:51] Fixed 2 duplicate /gene - nodM_1 nodM_2
[13:31:51] Fixed 3 duplicate /gene - ade_1 ade_2 ade_3
[13:31:51] Fixed 2 duplicate /gene - virB4_1 virB4_2
[13:31:51] Fixed 2 duplicate /gene - pcpR_1 pcpR_2
[13:31:51] Fixed 2 duplicate /gene - cydB_1 cydB_2
[13:31:51] Fixed 2 duplicate /gene - atpG_1 atpG_2
[13:31:51] Fixed 2 duplicate /gene - tuf1_1 tuf1_2
[13:31:51] Fixed 2 duplicate /gene - murG_1 murG_2
[13:31:51] Fixed 4 duplicate /gene - prsE_1 prsE_2 prsE_3 prsE_4
[13:31:51] Fixed 2 duplicate /gene - melA_1 melA_2
[13:31:51] Fixed 2 duplicate /gene - hmuV_1 hmuV_2
[13:31:51] Fixed 4 duplicate /gene - gsiB_1 gsiB_2 gsiB_3 gsiB_4
[13:31:51] Fixed 3 duplicate /gene - ghrB_1 ghrB_2 ghrB_3
[13:31:51] Fixed 2 duplicate /gene - gph_1 gph_2
[13:31:51] Fixed 3 duplicate /gene - hyuC_1 hyuC_2 hyuC_3
[13:31:51] Fixed 2 duplicate /gene - nodD2_1 nodD2_2
[13:31:51] Fixed 2 duplicate /gene - dhaK_1 dhaK_2
[13:31:51] Fixed 5 duplicate /gene - rclR_1 rclR_2 rclR_3 rclR_4 rclR_5
[13:31:51] Fixed 2 duplicate /gene - phoB_1 phoB_2
[13:31:51] Fixed 2 duplicate /gene - uppP_1 uppP_2
[13:31:51] Fixed 2 duplicate /gene - scrK_1 scrK_2
[13:31:51] Fixed 8 duplicate /gene - mtgB_1 mtgB_2 mtgB_3 mtgB_4 mtgB_5 mtgB_6 mtgB_7 mtgB_8
[13:31:51] Fixed 2 duplicate /gene - nifK_1 nifK_2
[13:31:51] Fixed 2 duplicate /gene - proA_1 proA_2
[13:31:51] Fixed 2 duplicate /gene - sigK_1 sigK_2
[13:31:51] Fixed 2 duplicate /gene - mhqD_1 mhqD_2
[13:31:51] Fixed 2 duplicate /gene - ptsI_1 ptsI_2
[13:31:51] Fixed 2 duplicate /gene - mepA_1 mepA_2
[13:31:51] Fixed 3 duplicate /gene - galE_1 galE_2 galE_3
[13:31:51] Fixed 2 duplicate /gene - fbcH_1 fbcH_2
[13:31:51] Fixed 8 duplicate /gene - betI_1 betI_2 betI_3 betI_4 betI_5 betI_6 betI_7 betI_8
[13:31:51] Fixed 2 duplicate /gene - fusA_1 fusA_2
[13:31:51] Fixed 2 duplicate /gene - ycdF_1 ycdF_2
[13:31:51] Fixed 2 duplicate /gene - dnaA_1 dnaA_2
[13:31:51] Fixed 2 duplicate /gene - dprE1_1 dprE1_2
[13:31:51] Fixed 5 duplicate /gene - ddpC_1 ddpC_2 ddpC_3 ddpC_4 ddpC_5
[13:31:51] Fixed 4 duplicate /gene - acsA_1 acsA_2 acsA_3 acsA_4
[13:31:51] Fixed 2 duplicate /gene - glnM_1 glnM_2
[13:31:51] Fixed 2 duplicate /gene - fmt_1 fmt_2
[13:31:51] Fixed 2 duplicate /gene - fabH_1 fabH_2
[13:31:51] Fixed 4 duplicate /gene - arcA_1 arcA_2 arcA_3 arcA_4
[13:31:51] Fixed 2 duplicate /gene - qorA_1 qorA_2
[13:31:51] Fixed 2 duplicate /gene - aphA_1 aphA_2
[13:31:51] Fixed 4 duplicate /gene - bepA_1 bepA_2 bepA_3 bepA_4
[13:31:51] Fixed 2 duplicate /gene - clcB_1 clcB_2
[13:31:51] Fixed 2 duplicate /gene - bepF_1 bepF_2
[13:31:51] Fixed 2 duplicate /gene - ndoA_1 ndoA_2
[13:31:51] Fixed 2 duplicate /gene - yjiA_1 yjiA_2
[13:31:51] Fixed 3 duplicate /gene - linC_1 linC_2 linC_3
[13:31:51] Fixed 2 duplicate /gene - miaB_1 miaB_2
[13:31:51] Fixed 2 duplicate /gene - mdtC_1 mdtC_2
[13:31:51] Fixed 4 duplicate /gene - lutR_1 lutR_2 lutR_3 lutR_4
[13:31:51] Fixed 7 duplicate /gene - lacF_1 lacF_2 lacF_3 lacF_4 lacF_5 lacF_6 lacF_7
[13:31:51] Fixed 3 duplicate /gene - adhT_1 adhT_2 adhT_3
[13:31:51] Fixed 2 duplicate /gene - nodO_1 nodO_2
[13:31:51] Fixed 3 duplicate /gene - acdA_1 acdA_2 acdA_3
[13:31:51] Fixed 8 duplicate /gene - malK_1 malK_2 malK_3 malK_4 malK_5 malK_6 malK_7 malK_8
[13:31:51] Fixed 2 duplicate /gene - dnaK_1 dnaK_2
[13:31:51] Fixed 2 duplicate /gene - maiA_1 maiA_2
[13:31:51] Fixed 2 duplicate /gene - yagS_1 yagS_2
[13:31:51] Fixed 3 duplicate /gene - lex1_1 lex1_2 lex1_3
[13:31:51] Fixed 2 duplicate /gene - kup_1 kup_2
[13:31:51] Fixed 2 duplicate /gene - mop_1 mop_2
[13:31:51] Fixed 3 duplicate /gene - ibpA_1 ibpA_2 ibpA_3
[13:31:51] Fixed 2 duplicate /gene - dmdC_1 dmdC_2
[13:31:51] Fixed 2 duplicate /gene - pld1_1 pld1_2
[13:31:51] Fixed 2 duplicate /gene - aspC_1 aspC_2
[13:31:51] Fixed 11 duplicate /gene - ubiE_1 ubiE_2 ubiE_3 ubiE_4 ubiE_5 ubiE_6 ubiE_7 ubiE_8 ubiE_9 ubiE_10 ubiE_11
[13:31:51] Fixed 7 duplicate /gene - xerC_1 xerC_2 xerC_3 xerC_4 xerC_5 xerC_6 xerC_7
[13:31:51] Fixed 3 duplicate /gene - dppD_1 dppD_2 dppD_3
[13:31:51] Fixed 4 duplicate /gene - rplU_1 rplU_2 rplU_3 rplU_4
[13:31:51] Fixed 2 duplicate /gene - yxeP_1 yxeP_2
[13:31:51] Fixed 9 duplicate /gene - rhaS_1 rhaS_2 rhaS_3 rhaS_4 rhaS_5 rhaS_6 rhaS_7 rhaS_8 rhaS_9
[13:31:51] Fixed 2 duplicate /gene - pdhC_1 pdhC_2
[13:31:51] Fixed 2 duplicate /gene - nifD_1 nifD_2
[13:31:51] Fixed 3 duplicate /gene - namA_1 namA_2 namA_3
[13:31:51] Fixed 2 duplicate /gene - queE_1 queE_2
[13:31:51] Fixed 2 duplicate /gene - galE1_1 galE1_2
[13:31:51] Fixed 9 duplicate /gene - puuB_1 puuB_2 puuB_3 puuB_4 puuB_5 puuB_6 puuB_7 puuB_8 puuB_9
[13:31:51] Fixed 2 duplicate /gene - mmgB_1 mmgB_2
[13:31:51] Fixed 2 duplicate /gene - regB_1 regB_2
[13:31:51] Fixed 2 duplicate /gene - groL1_1 groL1_2
[13:31:51] Fixed 2 duplicate /gene - rfbC_1 rfbC_2
[13:31:51] Fixed 2 duplicate /gene - hbpA_1 hbpA_2
[13:31:51] Fixed 11 duplicate /gene - ydcV_1 ydcV_2 ydcV_3 ydcV_4 ydcV_5 ydcV_6 ydcV_7 ydcV_8 ydcV_9 ydcV_10 ydcV_11
[13:31:51] Fixed 6 duplicate /gene - sugA_1 sugA_2 sugA_3 sugA_4 sugA_5 sugA_6
[13:31:51] Fixed 2 duplicate /gene - tadA_1 tadA_2
[13:31:51] Fixed 3 duplicate /gene - xthA_1 xthA_2 xthA_3
[13:31:51] Fixed 2 duplicate /gene - fucU_1 fucU_2
[13:31:51] Fixed 2 duplicate /gene - dppE_1 dppE_2
[13:31:51] Fixed 3 duplicate /gene - nsrR_1 nsrR_2 nsrR_3
[13:31:51] Fixed 2 duplicate /gene - paiB_1 paiB_2
[13:31:51] Fixed 2 duplicate /gene - chaC_1 chaC_2
[13:31:51] Fixed 2 duplicate /gene - gpmA_1 gpmA_2
[13:31:51] Fixed 2 duplicate /gene - metK_1 metK_2
[13:31:51] Fixed 3 duplicate /gene - argE_1 argE_2 argE_3
[13:31:51] Fixed 5 duplicate /gene - pgrR_1 pgrR_2 pgrR_3 pgrR_4 pgrR_5
[13:31:51] Fixed 2 duplicate /gene - udh_1 udh_2
[13:31:51] Fixed 7 duplicate /gene - ribN_1 ribN_2 ribN_3 ribN_4 ribN_5 ribN_6 ribN_7
[13:31:51] Fixed 5 duplicate /gene - iolS_1 iolS_2 iolS_3 iolS_4 iolS_5
[13:31:51] Fixed 2 duplicate /gene - gspK_1 gspK_2
[13:31:51] Fixed 2 duplicate /gene - dapH_1 dapH_2
[13:31:51] Fixed 2 duplicate /gene - rutD_1 rutD_2
[13:31:51] Fixed 2 duplicate /gene - virD4_1 virD4_2
[13:31:51] Fixed 2 duplicate /gene - flhA_1 flhA_2
[13:31:51] Fixed 2 duplicate /gene - folD_1 folD_2
[13:31:51] Fixed 2 duplicate /gene - ldc_1 ldc_2
[13:31:51] Fixed 2 duplicate /gene - algA_1 algA_2
[13:31:51] Fixed 6 duplicate /gene - cspA_1 cspA_2 cspA_3 cspA_4 cspA_5 cspA_6
[13:31:51] Fixed 5 duplicate /gene - rhaR_1 rhaR_2 rhaR_3 rhaR_4 rhaR_5
[13:31:51] Fixed 2 duplicate /gene - def_1 def_2
[13:31:51] Fixed 2 duplicate /gene - vatD_1 vatD_2
[13:31:51] Fixed 19 duplicate /gene - sasA_1 sasA_2 sasA_3 sasA_4 sasA_5 sasA_6 sasA_7 sasA_8 sasA_9 sasA_10 sasA_11 sasA_12 sasA_13 sasA_14 sasA_15 sasA_16 sasA_17 sasA_18 sasA_19
[13:31:51] Fixed 2 duplicate /gene - dppC_1 dppC_2
[13:31:51] Fixed 4 duplicate /gene - dadA1_1 dadA1_2 dadA1_3 dadA1_4
[13:31:51] Fixed 5 duplicate /gene - pcm_1 pcm_2 pcm_3 pcm_4 pcm_5
[13:31:51] Fixed 2 duplicate /gene - carA_1 carA_2
[13:31:51] Fixed 2 duplicate /gene - msrB_1 msrB_2
[13:31:51] Fixed 2 duplicate /gene - hisQ_1 hisQ_2
[13:31:51] Fixed 2 duplicate /gene - caiA_1 caiA_2
[13:31:51] Fixed 3 duplicate /gene - fdxB_1 fdxB_2 fdxB_3
[13:31:51] Fixed 2 duplicate /gene - rsmA_1 rsmA_2
[13:31:51] Fixed 2 duplicate /gene - yagR_1 yagR_2
[13:31:51] Fixed 5 duplicate /gene - iolE_1 iolE_2 iolE_3 iolE_4 iolE_5
[13:31:51] Fixed 12 duplicate /gene - rcsC_1 rcsC_2 rcsC_3 rcsC_4 rcsC_5 rcsC_6 rcsC_7 rcsC_8 rcsC_9 rcsC_10 rcsC_11 rcsC_12
[13:31:51] Fixed 2 duplicate /gene - menF_1 menF_2
[13:31:51] Fixed 2 duplicate /gene - mhpC_1 mhpC_2
[13:31:51] Fixed 2 duplicate /gene - rspA_1 rspA_2
[13:31:51] Fixed 2 duplicate /gene - mntH_1 mntH_2
[13:31:51] Fixed 3 duplicate /gene - rihA_1 rihA_2 rihA_3
[13:31:51] Fixed 6 duplicate /gene - dppB_1 dppB_2 dppB_3 dppB_4 dppB_5 dppB_6
[13:31:51] Fixed 4 duplicate /gene - cmpD_1 cmpD_2 cmpD_3 cmpD_4
[13:31:51] Fixed 2 duplicate /gene - regA_1 regA_2
[13:31:51] Fixed 7 duplicate /gene - potB_1 potB_2 potB_3 potB_4 potB_5 potB_6 potB_7
[13:31:51] Fixed 3 duplicate /gene - ltaE_1 ltaE_2 ltaE_3
[13:31:51] Fixed 3 duplicate /gene - cytR_1 cytR_2 cytR_3
[13:31:51] Fixed 4 duplicate /gene - yfcG_1 yfcG_2 yfcG_3 yfcG_4
[13:31:51] Fixed 2 duplicate /gene - thrB_1 thrB_2
[13:31:51] Fixed 2 duplicate /gene - macA_1 macA_2
[13:31:51] Fixed 7 duplicate /gene - alkJ_1 alkJ_2 alkJ_3 alkJ_4 alkJ_5 alkJ_6 alkJ_7
[13:31:51] Fixed 3 duplicate /gene - dadA_1 dadA_2 dadA_3
[13:31:51] Fixed 3 duplicate /gene - htrA_1 htrA_2 htrA_3
[13:31:51] Fixed 2 duplicate /gene - chrR_1 chrR_2
[13:31:51] Fixed 3 duplicate /gene - eltP_1 eltP_2 eltP_3
[13:31:51] Fixed 2 duplicate /gene - ilvD_1 ilvD_2
[13:31:51] Fixed 2 duplicate /gene - polS_1 polS_2
[13:31:51] Fixed 2 duplicate /gene - cobD_1 cobD_2
[13:31:51] Fixed 2 duplicate /gene - yhbO_1 yhbO_2
[13:31:51] Fixed 2 duplicate /gene - nudC_1 nudC_2
[13:31:51] Fixed 12 duplicate /gene - lrp_1 lrp_2 lrp_3 lrp_4 lrp_5 lrp_6 lrp_7 lrp_8 lrp_9 lrp_10 lrp_11 lrp_12
[13:31:51] Fixed 2 duplicate /gene - trmL_1 trmL_2
[13:31:51] Fixed 2 duplicate /gene - nhaK_1 nhaK_2
[13:31:51] Fixed 8 duplicate /gene - livH_1 livH_2 livH_3 livH_4 livH_5 livH_6 livH_7 livH_8
[13:31:51] Fixed 2 duplicate /gene - fixP_1 fixP_2
[13:31:51] Fixed 3 duplicate /gene - sigW_1 sigW_2 sigW_3
[13:31:51] Fixed 2 duplicate /gene - hexR_1 hexR_2
[13:31:51] Fixed 8 duplicate /gene - mdtA_1 mdtA_2 mdtA_3 mdtA_4 mdtA_5 mdtA_6 mdtA_7 mdtA_8
[13:31:51] Fixed 2 duplicate /gene - hmrR_1 hmrR_2
[13:31:51] Fixed 3 duplicate /gene - ucpA_1 ucpA_2 ucpA_3
[13:31:51] Fixed 2 duplicate /gene - puuD_1 puuD_2
[13:31:51] Fixed 2 duplicate /gene - tcyC_1 tcyC_2
[13:31:51] Fixed 2 duplicate /gene - cfa_1 cfa_2
[13:31:51] Fixed 3 duplicate /gene - tam_1 tam_2 tam_3
[13:31:51] Fixed 14 duplicate /gene - frcA_1 frcA_2 frcA_3 frcA_4 frcA_5 frcA_6 frcA_7 frcA_8 frcA_9 frcA_10 frcA_11 frcA_12 frcA_13 frcA_14
[13:31:51] Fixed 2 duplicate /gene - cnbH_1 cnbH_2
[13:31:51] Fixed 3 duplicate /gene - azoR_1 azoR_2 azoR_3
[13:31:51] Fixed 3 duplicate /gene - yvoA_1 yvoA_2 yvoA_3
[13:31:51] Fixed 5 duplicate /gene - hcaB_1 hcaB_2 hcaB_3 hcaB_4 hcaB_5
[13:31:51] Fixed 11 duplicate /gene - iolG_1 iolG_2 iolG_3 iolG_4 iolG_5 iolG_6 iolG_7 iolG_8 iolG_9 iolG_10 iolG_11
[13:31:51] Fixed 6 duplicate /gene - cpdA_1 cpdA_2 cpdA_3 cpdA_4 cpdA_5 cpdA_6
[13:31:51] Fixed 2 duplicate /gene - mshD_1 mshD_2
[13:31:51] Fixed 3 duplicate /gene - greA_1 greA_2 greA_3
[13:31:51] Fixed 4 duplicate /gene - purR_1 purR_2 purR_3 purR_4
[13:31:51] Fixed 2 duplicate /gene - arnC_1 arnC_2
[13:31:51] Fixed 2 duplicate /gene - efp_1 efp_2
[13:31:51] Fixed 2 duplicate /gene - fni_1 fni_2
[13:31:51] Fixed 4 duplicate /gene - ssuB_1 ssuB_2 ssuB_3 ssuB_4
[13:31:51] Fixed 2 duplicate /gene - nepI_1 nepI_2
[13:31:51] Fixed 3 duplicate /gene - artJ_1 artJ_2 artJ_3
[13:31:51] Fixed 3 duplicate /gene - gno_1 gno_2 gno_3
[13:31:51] Fixed 2 duplicate /gene - bdhA_1 bdhA_2
[13:31:51] Fixed 6 duplicate /gene - gabD_1 gabD_2 gabD_3 gabD_4 gabD_5 gabD_6
[13:31:51] Fixed 13 duplicate /gene - gsiC_1 gsiC_2 gsiC_3 gsiC_4 gsiC_5 gsiC_6 gsiC_7 gsiC_8 gsiC_9 gsiC_10 gsiC_11 gsiC_12 gsiC_13
[13:31:51] Fixed 4 duplicate /gene - oppF_1 oppF_2 oppF_3 oppF_4
[13:31:51] Fixed 2 duplicate /gene - dapB_1 dapB_2
[13:31:51] Fixed 2 duplicate /gene - dcd_1 dcd_2
[13:31:51] Fixed 2 duplicate /gene - afr_1 afr_2
[13:31:51] Fixed 5 duplicate /gene - fcl_1 fcl_2 fcl_3 fcl_4 fcl_5
[13:31:51] Fixed 2 duplicate /gene - fabI_1 fabI_2
[13:31:51] Fixed 4 duplicate /gene - puuA_1 puuA_2 puuA_3 puuA_4
[13:31:51] Fixed 2 duplicate /gene - prs_1 prs_2
[13:31:51] Fixed 2 duplicate /gene - nylB_1 nylB_2
[13:31:51] Fixed 2 duplicate /gene - catD_1 catD_2
[13:31:51] Fixed 2 duplicate /gene - hisD_1 hisD_2
[13:31:51] Fixed 2 duplicate /gene - ydjH_1 ydjH_2
[13:31:51] Fixed 2 duplicate /gene - gbsA_1 gbsA_2
[13:31:51] Fixed 4 duplicate /gene - hipO_1 hipO_2 hipO_3 hipO_4
[13:31:51] Fixed 2 duplicate /gene - bcr_1 bcr_2
[13:31:51] Fixed 3 duplicate /gene - crt_1 crt_2 crt_3
[13:31:51] Fixed 2 duplicate /gene - crnA_1 crnA_2
[13:31:51] Fixed 2 duplicate /gene - pitA_1 pitA_2
[13:31:51] Fixed 2 duplicate /gene - accA1_1 accA1_2
[13:31:51] Fixed 3 duplicate /gene - gabR_1 gabR_2 gabR_3
[13:31:51] Fixed 3 duplicate /gene - decR_1 decR_2 decR_3
[13:31:51] Fixed 2 duplicate /gene - dauA_1 dauA_2
[13:31:51] Fixed 5 duplicate /gene - oxyR_1 oxyR_2 oxyR_3 oxyR_4 oxyR_5
[13:31:51] Fixed 2 duplicate /gene - mdeA_1 mdeA_2
[13:31:51] Fixed 2 duplicate /gene - davD_1 davD_2
[13:31:51] Fixed 4 duplicate /gene - ald_1 ald_2 ald_3 ald_4
[13:31:51] Fixed 3 duplicate /gene - ecfG_1 ecfG_2 ecfG_3
[13:31:51] Fixed 2 duplicate /gene - ugpB_1 ugpB_2
[13:31:51] Fixed 4 duplicate /gene - ghrA_1 ghrA_2 ghrA_3 ghrA_4
[13:31:51] Fixed 11 duplicate /gene - dmlR_1 dmlR_2 dmlR_3 dmlR_4 dmlR_5 dmlR_6 dmlR_7 dmlR_8 dmlR_9 dmlR_10 dmlR_11
[13:31:51] Fixed 9 duplicate /gene - gsiA_1 gsiA_2 gsiA_3 gsiA_4 gsiA_5 gsiA_6 gsiA_7 gsiA_8 gsiA_9
[13:31:51] Fixed 2 duplicate /gene - gbpR_1 gbpR_2
[13:31:51] Fixed 3 duplicate /gene - degU_1 degU_2 degU_3
[13:31:51] Fixed 2 duplicate /gene - wzxC_1 wzxC_2
[13:31:51] Fixed 2 duplicate /gene - mepB_1 mepB_2
[13:31:51] Fixed 2 duplicate /gene - occQ_1 occQ_2
[13:31:51] Fixed 2 duplicate /gene - fdhL_1 fdhL_2
[13:31:51] Fixed 2 duplicate /gene - argF_1 argF_2
[13:31:51] Fixed 2 duplicate /gene - surE_1 surE_2
[13:31:51] Fixed 2 duplicate /gene - nifA_1 nifA_2
[13:31:51] Fixed 2 duplicate /gene - iolX_1 iolX_2
[13:31:51] Fixed 3 duplicate /gene - occM_1 occM_2 occM_3
[13:31:51] Fixed 2 duplicate /gene - Hgd_1 Hgd_2
[13:31:51] Fixed 7 duplicate /gene - yecS_1 yecS_2 yecS_3 yecS_4 yecS_5 yecS_6 yecS_7
[13:31:51] Fixed 3 duplicate /gene - rutA_1 rutA_2 rutA_3
[13:31:51] Fixed 2 duplicate /gene - mmgC_1 mmgC_2
[13:31:51] Fixed 4 duplicate /gene - nanR_1 nanR_2 nanR_3 nanR_4
[13:31:51] Fixed 2 duplicate /gene - kdgR_1 kdgR_2
[13:31:51] Fixed 2 duplicate /gene - fixN_1 fixN_2
[13:31:51] Fixed 2 duplicate /gene - ssuD_1 ssuD_2
[13:31:51] Fixed 2 duplicate /gene - yddG_1 yddG_2
[13:31:51] Fixed 2 duplicate /gene - murQ_1 murQ_2
[13:31:51] Fixed 2 duplicate /gene - clpP_1 clpP_2
[13:31:51] Fixed 2 duplicate /gene - sgrR_1 sgrR_2
[13:31:51] Fixed 2 duplicate /gene - pat_1 pat_2
[13:31:51] Fixed 4 duplicate /gene - glnQ_1 glnQ_2 glnQ_3 glnQ_4
[13:31:51] Fixed 3 duplicate /gene - prmA_1 prmA_2 prmA_3
[13:31:51] Fixed 2 duplicate /gene - fieF_1 fieF_2
[13:31:51] Fixed 2 duplicate /gene - bamA_1 bamA_2
[13:31:51] Fixed 2 duplicate /gene - thadh_1 thadh_2
[13:31:51] Fixed 2 duplicate /gene - metXA_1 metXA_2
[13:31:51] Fixed 2 duplicate /gene - pldh-t_1 pldh-t_2
[13:31:51] Fixed 2 duplicate /gene - fixJ_1 fixJ_2
[13:31:51] Fixed 4 duplicate /gene - slyA_1 slyA_2 slyA_3 slyA_4
[13:31:51] Fixed 6 duplicate /gene - hisC_1 hisC_2 hisC_3 hisC_4 hisC_5 hisC_6
[13:31:51] Fixed 2 duplicate /gene - phoU_1 phoU_2
[13:31:51] Fixed 2 duplicate /gene - suhB_1 suhB_2
[13:31:51] Fixed 2 duplicate /gene - aaeA_1 aaeA_2
[13:31:51] Fixed 4 duplicate /gene - nagC_1 nagC_2 nagC_3 nagC_4
[13:31:51] Fixed 2 duplicate /gene - otcC_1 otcC_2
[13:31:51] Fixed 5 duplicate /gene - soxB_1 soxB_2 soxB_3 soxB_4 soxB_5
[13:31:51] Fixed 3 duplicate /gene - yejF_1 yejF_2 yejF_3
[13:31:51] Fixed 13 duplicate /gene - abo_1 abo_2 abo_3 abo_4 abo_5 abo_6 abo_7 abo_8 abo_9 abo_10 abo_11 abo_12 abo_13
[13:31:51] Fixed 2 duplicate /gene - glmS_1 glmS_2
[13:31:51] Fixed 7 duplicate /gene - ycjP_1 ycjP_2 ycjP_3 ycjP_4 ycjP_5 ycjP_6 ycjP_7
[13:31:51] Fixed 2 duplicate /gene - gutB_1 gutB_2
[13:31:51] Fixed 2 duplicate /gene - ku_1 ku_2
[13:31:51] Fixed 2 duplicate /gene - patA_1 patA_2
[13:31:51] Fixed 3 duplicate /gene - tas_1 tas_2 tas_3
[13:31:51] Fixed 2 duplicate /gene - srlR_1 srlR_2
[13:31:51] Fixed 2 duplicate /gene - acoA_1 acoA_2
[13:31:51] Fixed 2 duplicate /gene - allB_1 allB_2
[13:31:51] Fixed 2 duplicate /gene - aam_1 aam_2
[13:31:51] Fixed 2 duplicate /gene - yhjX_1 yhjX_2
[13:31:51] Fixed 7 duplicate /gene - spuC_1 spuC_2 spuC_3 spuC_4 spuC_5 spuC_6 spuC_7
[13:31:51] Fixed 2 duplicate /gene - drrA_1 drrA_2
[13:31:51] Fixed 7 duplicate /gene - ycaD_1 ycaD_2 ycaD_3 ycaD_4 ycaD_5 ycaD_6 ycaD_7
[13:31:51] Fixed 24 duplicate /gene - rbsC_1 rbsC_2 rbsC_3 rbsC_4 rbsC_5 rbsC_6 rbsC_7 rbsC_8 rbsC_9 rbsC_10 rbsC_11 rbsC_12 rbsC_13 rbsC_14 rbsC_15 rbsC_16 rbsC_17 rbsC_18 rbsC_19 rbsC_20 rbsC_21 rbsC_22 rbsC_23 rbsC_24
[13:31:51] Fixed 2 duplicate /gene - rpoH_1 rpoH_2
[13:31:51] Fixed 4 duplicate /gene - soxD_1 soxD_2 soxD_3 soxD_4
[13:31:51] Fixed 4 duplicate /gene - xerD_1 xerD_2 xerD_3 xerD_4
[13:31:51] Fixed 2 duplicate /gene - rimK_1 rimK_2
[13:31:51] Fixed 2 duplicate /gene - lrpC_1 lrpC_2
[13:31:51] Fixed 6 duplicate /gene - fliY_1 fliY_2 fliY_3 fliY_4 fliY_5 fliY_6
[13:31:51] Fixed 10 duplicate /gene - sugB_1 sugB_2 sugB_3 sugB_4 sugB_5 sugB_6 sugB_7 sugB_8 sugB_9 sugB_10
[13:31:51] Fixed 7 duplicate /gene - oppD_1 oppD_2 oppD_3 oppD_4 oppD_5 oppD_6 oppD_7
[13:31:51] Fixed 2 duplicate /gene - flgG_1 flgG_2
[13:31:51] Fixed 3 duplicate /gene - metC_1 metC_2 metC_3
[13:31:51] Fixed 4 duplicate /gene - dgoD_1 dgoD_2 dgoD_3 dgoD_4
[13:31:51] Fixed 3 duplicate /gene - guaB_1 guaB_2 guaB_3
[13:31:51] Fixed 16 duplicate /gene - ugpC_1 ugpC_2 ugpC_3 ugpC_4 ugpC_5 ugpC_6 ugpC_7 ugpC_8 ugpC_9 ugpC_10 ugpC_11 ugpC_12 ugpC_13 ugpC_14 ugpC_15 ugpC_16
[13:31:51] Fixed 2 duplicate /gene - ddpA_1 ddpA_2
[13:31:51] Fixed 2 duplicate /gene - bepE_1 bepE_2
[13:31:51] Fixed 3 duplicate /gene - corA_1 corA_2 corA_3
[13:31:51] Fixed 2 duplicate /gene - cbs_1 cbs_2
[13:31:51] Fixed 2 duplicate /gene - ddlB_1 ddlB_2
[13:31:51] Fixed 2 duplicate /gene - srpC_1 srpC_2
[13:31:51] Fixed 2 duplicate /gene - ppa_1 ppa_2
[13:31:51] Fixed 2 duplicate /gene - metG_1 metG_2
[13:31:51] Fixed 2 duplicate /gene - rbsK_1 rbsK_2
[13:31:51] Fixed 2 duplicate /gene - rhlG_1 rhlG_2
[13:31:51] Fixed 2 duplicate /gene - msbA_1 msbA_2
[13:31:51] Fixed 4 duplicate /gene - kce_1 kce_2 kce_3 kce_4
[13:31:51] Fixed 2 duplicate /gene - mtlK_1 mtlK_2
[13:31:51] Fixed 2 duplicate /gene - lsrR_1 lsrR_2
[13:31:51] Fixed 2 duplicate /gene - fgd_1 fgd_2
[13:31:51] Fixed 4 duplicate /gene - ssuC_1 ssuC_2 ssuC_3 ssuC_4
[13:31:51] Fixed 2 duplicate /gene - iolC_1 iolC_2
[13:31:51] Fixed 2 duplicate /gene - occP_1 occP_2
[13:31:51] Fixed 2 duplicate /gene - groS1_1 groS1_2
[13:31:51] Fixed 3 duplicate /gene - rsmB_1 rsmB_2 rsmB_3
[13:31:51] Fixed 2 duplicate /gene - speB_1 speB_2
[13:31:51] Fixed 2 duplicate /gene - hemA_1 hemA_2
[13:31:51] Fixed 4 duplicate /gene - dppA_1 dppA_2 dppA_3 dppA_4
[13:31:51] Fixed 4 duplicate /gene - fixK_1 fixK_2 fixK_3 fixK_4
[13:31:51] Fixed 3 duplicate /gene - yihV_1 yihV_2 yihV_3
[13:31:51] Fixed 3 duplicate /gene - lolD_1 lolD_2 lolD_3
[13:31:51] Fixed 2 duplicate /gene - alaS_1 alaS_2
[13:31:51] Fixed 2 duplicate /gene - yheS_1 yheS_2
[13:31:51] Fixed 3 duplicate /gene - msrA_1 msrA_2 msrA_3
[13:31:51] Fixed 3 duplicate /gene - deoR_1 deoR_2 deoR_3
[13:31:51] Fixed 3 duplicate /gene - vdh_1 vdh_2 vdh_3
[13:31:51] Fixed 2 duplicate /gene - mcl2_1 mcl2_2
[13:31:51] Fixed 5 duplicate /gene - yieH_1 yieH_2 yieH_3 yieH_4 yieH_5
[13:31:51] Fixed 3 duplicate /gene - panB_1 panB_2 panB_3
[13:31:51] Fixed 2 duplicate /gene - blh_1 blh_2
[13:31:51] Fixed 2 duplicate /gene - caiD_1 caiD_2
[13:31:51] Fixed 5 duplicate /gene - dapA_1 dapA_2 dapA_3 dapA_4 dapA_5
[13:31:51] Fixed 2 duplicate /gene - gntR_1 gntR_2
[13:31:51] Fixed 2 duplicate /gene - purD_1 purD_2
[13:31:51] Fixed 4 duplicate /gene - yabJ_1 yabJ_2 yabJ_3 yabJ_4
[13:31:51] Fixed 2 duplicate /gene - gltX1_1 gltX1_2
[13:31:51] Fixed 3 duplicate /gene - ada_1 ada_2 ada_3
[13:31:51] Fixed 2 duplicate /gene - rob_1 rob_2
[13:31:51] Fixed 2 duplicate /gene - adc_1 adc_2
[13:31:51] Fixed 2 duplicate /gene - tdh_1 tdh_2
[13:31:51] Fixed 4 duplicate /gene - uctC_1 uctC_2 uctC_3 uctC_4
[13:31:51] Fixed 7 duplicate /gene - bacC_1 bacC_2 bacC_3 bacC_4 bacC_5 bacC_6 bacC_7
[13:31:51] Fixed 2 duplicate /gene - phaC_1 phaC_2
[13:31:51] Fixed 2 duplicate /gene - xylG_1 xylG_2
[13:31:51] Fixed 4 duplicate /gene - hsrA_1 hsrA_2 hsrA_3 hsrA_4
[13:31:51] Fixed 3 duplicate /gene - gpuA_1 gpuA_2 gpuA_3
[13:31:51] Fixed 2 duplicate /gene - gloB_1 gloB_2
[13:31:51] Fixed 4 duplicate /gene - fabF_1 fabF_2 fabF_3 fabF_4
[13:31:51] Fixed 2 duplicate /gene - yadH_1 yadH_2
[13:31:51] Fixed 2 duplicate /gene - phyR_1 phyR_2
[13:31:51] Fixed 2 duplicate /gene - ybhL_1 ybhL_2
[13:31:51] Fixed 2 duplicate /gene - queD_1 queD_2
[13:31:51] Fixed 3 duplicate /gene - pepA_1 pepA_2 pepA_3
[13:31:51] Fixed 2 duplicate /gene - mgtA_1 mgtA_2
[13:31:51] Fixed 3 duplicate /gene - mdtB_1 mdtB_2 mdtB_3
[13:31:51] Fixed 2 duplicate /gene - alsC_1 alsC_2
[13:31:51] Fixed 2 duplicate /gene - novR_1 novR_2
[13:31:51] Fixed 2 duplicate /gene - puuR_1 puuR_2
[13:31:51] Fixed 2 duplicate /gene - gloA_1 gloA_2
[13:31:51] Fixed 2 duplicate /gene - entS_1 entS_2
[13:31:51] Fixed 7 duplicate /gene - lptB_1 lptB_2 lptB_3 lptB_4 lptB_5 lptB_6 lptB_7
[13:31:51] Fixed 2 duplicate /gene - apc3_1 apc3_2
[13:31:51] Fixed 2 duplicate /gene - rnd_1 rnd_2
[13:31:51] Fixed 2 duplicate /gene - nodA_1 nodA_2
[13:31:51] Fixed 2 duplicate /gene - nrtA_1 nrtA_2
[13:31:51] Fixed 2 duplicate /gene - crtI_1 crtI_2
[13:31:51] Fixed 2 duplicate /gene - czcO_1 czcO_2
[13:31:51] Fixed 2 duplicate /gene - osmC_1 osmC_2
[13:31:51] Fixed 4 duplicate /gene - potH_1 potH_2 potH_3 potH_4
[13:31:51] Fixed 3 duplicate /gene - nanK_1 nanK_2 nanK_3
[13:31:51] Fixed 7 duplicate /gene - ugpA_1 ugpA_2 ugpA_3 ugpA_4 ugpA_5 ugpA_6 ugpA_7
[13:31:51] Fixed 3 duplicate /gene - dctD_1 dctD_2 dctD_3
[13:31:51] Fixed 7 duplicate /gene - soxA_1 soxA_2 soxA_3 soxA_4 soxA_5 soxA_6 soxA_7
[13:31:51] Fixed 7 duplicate /gene - livF_1 livF_2 livF_3 livF_4 livF_5 livF_6 livF_7
[13:31:51] Fixed 2 duplicate /gene - rhlE_1 rhlE_2
[13:31:51] Fixed 3 duplicate /gene - hutH_1 hutH_2 hutH_3
[13:31:51] Fixed 2 duplicate /gene - gfo_1 gfo_2
[13:31:51] Fixed 2 duplicate /gene - rnr_1 rnr_2
[13:31:51] Fixed 2 duplicate /gene - sucC_1 sucC_2
[13:31:51] Fixed 3 duplicate /gene - emrB_1 emrB_2 emrB_3
[13:31:51] Fixed 2 duplicate /gene - yknY_1 yknY_2
[13:31:51] Fixed 2 duplicate /gene - murR_1 murR_2
[13:31:51] Fixed 6 duplicate /gene - araQ_1 araQ_2 araQ_3 araQ_4 araQ_5 araQ_6
[13:31:51] Fixed 2 duplicate /gene - araC_1 araC_2
[13:31:51] Fixed 2 duplicate /gene - hcaE_1 hcaE_2
[13:31:51] Fixed 3 duplicate /gene - stp_1 stp_2 stp_3
[13:31:51] Fixed 2 duplicate /gene - nagL_1 nagL_2
[13:31:51] Fixed 2 duplicate /gene - rlmB_1 rlmB_2
[13:31:51] Fixed 2 duplicate /gene - copA_1 copA_2
[13:31:51] Fixed 3 duplicate /gene - araB_1 araB_2 araB_3
[13:31:51] Fixed 5 duplicate /gene - glpR_1 glpR_2 glpR_3 glpR_4 glpR_5
[13:31:51] Fixed 5 duplicate /gene - potD_1 potD_2 potD_3 potD_4 potD_5
[13:31:51] Fixed 4 duplicate /gene - xylH_1 xylH_2 xylH_3 xylH_4
[13:31:51] Fixed 4 duplicate /gene - ycjO_1 ycjO_2 ycjO_3 ycjO_4
[13:31:51] Fixed 3 duplicate /gene - rutC_1 rutC_2 rutC_3
[13:31:51] Fixed 8 duplicate /gene - rspR_1 rspR_2 rspR_3 rspR_4 rspR_5 rspR_6 rspR_7 rspR_8
[13:31:51] Fixed 4 duplicate /gene - aes_1 aes_2 aes_3 aes_4
[13:31:51] Fixed 25 duplicate /gene - btuD_1 btuD_2 btuD_3 btuD_4 btuD_5 btuD_6 btuD_7 btuD_8 btuD_9 btuD_10 btuD_11 btuD_12 btuD_13 btuD_14 btuD_15 btuD_16 btuD_17 btuD_18 btuD_19 btuD_20 btuD_21 btuD_22 btuD_23 btuD_24 btuD_25
[13:31:51] Fixed 2 duplicate /gene - lolE_1 lolE_2
[13:31:51] Fixed 2 duplicate /gene - purC_1 purC_2
[13:31:51] Fixed 3 duplicate /gene - sugC_1 sugC_2 sugC_3
[13:31:51] Fixed 2 duplicate /gene - queC_1 queC_2
[13:31:51] Fixed 2 duplicate /gene - yhdN_1 yhdN_2
[13:31:51] Fixed 4 duplicate /gene - ribX_1 ribX_2 ribX_3 ribX_4
[13:31:51] Fixed 2 duplicate /gene - betA_1 betA_2
[13:31:51] Fixed 2 duplicate /gene - malL_1 malL_2
[13:31:51] Fixed 2 duplicate /gene - cutM_1 cutM_2
[13:31:51] Fixed 2 duplicate /gene - ccmE_1 ccmE_2
[13:31:51] Fixed 3 duplicate /gene - csd_1 csd_2 csd_3
[13:31:51] Fixed 5 duplicate /gene - amiC_1 amiC_2 amiC_3 amiC_4 amiC_5
[13:31:51] Fixed 2 duplicate /gene - ligD_1 ligD_2
[13:31:51] Fixed 3 duplicate /gene - ccpA_1 ccpA_2 ccpA_3
[13:31:51] Fixed 13 duplicate /gene - rbsA_1 rbsA_2 rbsA_3 rbsA_4 rbsA_5 rbsA_6 rbsA_7 rbsA_8 rbsA_9 rbsA_10 rbsA_11 rbsA_12 rbsA_13
[13:31:51] Fixed 2 duplicate /gene - ftsZ_1 ftsZ_2
[13:31:51] Fixed 2 duplicate /gene - cobU_1 cobU_2
[13:31:51] Fixed 3 duplicate /gene - glpD_1 glpD_2 glpD_3
[13:31:51] Fixed 8 duplicate /gene - cdhR_1 cdhR_2 cdhR_3 cdhR_4 cdhR_5 cdhR_6 cdhR_7 cdhR_8
[13:31:51] Fixed 3 duplicate /gene - prsD_1 prsD_2 prsD_3
[13:31:51] Fixed 3 duplicate /gene - mcbR_1 mcbR_2 mcbR_3
[13:31:51] Fixed 4 duplicate /gene - mtgA_1 mtgA_2 mtgA_3 mtgA_4
[13:31:51] Fixed 6 duplicate /gene - ros_1 ros_2 ros_3 ros_4 ros_5 ros_6
[13:31:51] Fixed 2 duplicate /gene - yagT_1 yagT_2
[13:31:51] Fixed 5 duplicate /gene - yyaP_1 yyaP_2 yyaP_3 yyaP_4 yyaP_5
[13:31:51] Fixed 2 duplicate /gene - gtaB_1 gtaB_2
[13:31:51] Fixed 2 duplicate /gene - acm_1 acm_2
[13:31:51] Fixed 6 duplicate /gene - ompR_1 ompR_2 ompR_3 ompR_4 ompR_5 ompR_6
[13:31:51] Fixed 9 duplicate /gene - gsiD_1 gsiD_2 gsiD_3 gsiD_4 gsiD_5 gsiD_6 gsiD_7 gsiD_8 gsiD_9
[13:31:51] Fixed 2 duplicate /gene - rhaM_1 rhaM_2
[13:31:51] Fixed 4 duplicate /gene - dapE_1 dapE_2 dapE_3 dapE_4
[13:31:51] Fixed 4 duplicate /gene - rutB_1 rutB_2 rutB_3 rutB_4
[13:31:51] Fixed 2 duplicate /gene - plsY_1 plsY_2
[13:31:51] Fixed 2 duplicate /gene - nicR_1 nicR_2
[13:31:51] Fixed 4 duplicate /gene - gmd_1 gmd_2 gmd_3 gmd_4
[13:31:51] Fixed 2 duplicate /gene - murA_1 murA_2
[13:31:51] Fixed 3 duplicate /gene - tctD_1 tctD_2 tctD_3
[13:31:51] Fixed 2 duplicate /gene - murF_1 murF_2
[13:31:51] Fixed 14 duplicate /gene - potA_1 potA_2 potA_3 potA_4 potA_5 potA_6 potA_7 potA_8 potA_9 potA_10 potA_11 potA_12 potA_13 potA_14
[13:31:51] Fixed 3 duplicate /gene - frcC_1 frcC_2 frcC_3
[13:31:51] Fixed 2 duplicate /gene - purF_1 purF_2
[13:31:51] Fixed 2 duplicate /gene - tmd_1 tmd_2
[13:31:51] Fixed 16 duplicate /gene - gcvA_1 gcvA_2 gcvA_3 gcvA_4 gcvA_5 gcvA_6 gcvA_7 gcvA_8 gcvA_9 gcvA_10 gcvA_11 gcvA_12 gcvA_13 gcvA_14 gcvA_15 gcvA_16
[13:31:51] Fixed 2 duplicate /gene - trxB_1 trxB_2
[13:31:51] Fixed 11 duplicate /gene - mshA_1 mshA_2 mshA_3 mshA_4 mshA_5 mshA_6 mshA_7 mshA_8 mshA_9 mshA_10 mshA_11
[13:31:51] Fixed 2 duplicate /gene - nylA_1 nylA_2
[13:31:51] Fixed 2 duplicate /gene - perR_1 perR_2
[13:31:51] Fixed 2 duplicate /gene - atm1_1 atm1_2
[13:31:51] Fixed 4 duplicate /gene - hemN_1 hemN_2 hemN_3 hemN_4
[13:31:51] Fixed 3 duplicate /gene - map_1 map_2 map_3
[13:31:51] Fixed 3 duplicate /gene - wcaJ_1 wcaJ_2 wcaJ_3
[13:31:51] Fixed 3 duplicate /gene - ilvE_1 ilvE_2 ilvE_3
[13:31:51] Fixed 2 duplicate /gene - mobA_1 mobA_2
[13:31:51] Fixed 2 duplicate /gene - eamA_1 eamA_2
[13:31:51] Fixed 2 duplicate /gene - petE_1 petE_2
[13:31:51] Fixed 3 duplicate /gene - dnaJ_1 dnaJ_2 dnaJ_3
[13:31:51] Fixed 4 duplicate /gene - yceJ_1 yceJ_2 yceJ_3 yceJ_4
[13:31:51] Fixed 3 duplicate /gene - arcB_1 arcB_2 arcB_3
[13:31:51] Fixed 7 duplicate /gene - rhtB_1 rhtB_2 rhtB_3 rhtB_4 rhtB_5 rhtB_6 rhtB_7
[13:31:51] Fixed 4 duplicate /gene - spuD_1 spuD_2 spuD_3 spuD_4
[13:31:51] Fixed 3 duplicate /gene - leuE_1 leuE_2 leuE_3
[13:31:51] Fixed 2 duplicate /gene - coaA_1 coaA_2
[13:31:51] Fixed 4 duplicate /gene - omp2b_1 omp2b_2 omp2b_3 omp2b_4
[13:31:51] Fixed 2 duplicate /gene - ycf3_1 ycf3_2
[13:31:51] Fixed 3 duplicate /gene - puuC_1 puuC_2 puuC_3
[13:31:51] Fixed 2 duplicate /gene - glnH_1 glnH_2
[13:31:51] Fixed 2 duplicate /gene - sppA_1 sppA_2
[13:31:51] Fixed 2 duplicate /gene - purN_1 purN_2
[13:31:51] Fixed 2 duplicate /gene - aas_1 aas_2
[13:31:51] Fixed 2 duplicate /gene - frcB_1 frcB_2
[13:31:51] Fixed 2 duplicate /gene - cpdR_1 cpdR_2
[13:31:51] Fixed 4 duplicate /gene - dxs_1 dxs_2 dxs_3 dxs_4
[13:31:51] Fixed 2 duplicate /gene - lsrD_1 lsrD_2
[13:31:51] Fixed 2 duplicate /gene - ulaR_1 ulaR_2
[13:31:51] Fixed 2 duplicate /gene - gppA_1 gppA_2
[13:31:51] Fixed 3 duplicate /gene - degP_1 degP_2 degP_3
[13:31:51] Fixed 2 duplicate /gene - lexA_1 lexA_2
[13:31:51] Fixed 7 duplicate /gene - doeA_1 doeA_2 doeA_3 doeA_4 doeA_5 doeA_6 doeA_7
[13:31:51] Fixed 4 duplicate /gene - betB_1 betB_2 betB_3 betB_4
[13:31:51] Fixed 2 duplicate /gene - thiE_1 thiE_2
[13:31:51] Fixed 8 duplicate /gene - mglA_1 mglA_2 mglA_3 mglA_4 mglA_5 mglA_6 mglA_7 mglA_8
[13:31:51] Fixed 3 duplicate /gene - lcdH_1 lcdH_2 lcdH_3
[13:31:51] Fixed 2 duplicate /gene - nodF_1 nodF_2
[13:31:51] Fixed 2 duplicate /gene - dddP_1 dddP_2
[13:31:51] Fixed 2 duplicate /gene - fitB_1 fitB_2
[13:31:51] Fixed 5 duplicate /gene - gcvT_1 gcvT_2 gcvT_3 gcvT_4 gcvT_5
[13:31:51] Fixed 2 duplicate /gene - sucD_1 sucD_2
[13:31:51] Fixed 10 duplicate /gene - rbsB_1 rbsB_2 rbsB_3 rbsB_4 rbsB_5 rbsB_6 rbsB_7 rbsB_8 rbsB_9 rbsB_10
[13:31:51] Fixed 480 colliding /gene names.
[13:31:51] Adding /locus_tag identifiers
[13:31:51] Assigned 6324 locus_tags to CDS and RNA features.
[13:31:51] Writing outputs to NZP2014_prokka_clean/
[13:31:56] Generating annotation statistics file
[13:31:56] Generating Genbank and Sequin files
[13:31:56] Running: tbl2asn -V b -a r10k -l paired-ends -M n -N 1 -y 'Annotated using prokka 1.13.3 from https://github.com/tseemann/prokka' -Z NZP2014_prokka_clean\/NZP2014\.err -i NZP2014_prokka_clean\/NZP2014\.fsa 2> /dev/null
[13:32:06] Deleting unwanted file: NZP2014_prokka_clean/errorsummary.val
[13:32:06] Deleting unwanted file: NZP2014_prokka_clean/NZP2014.dr
[13:32:06] Deleting unwanted file: NZP2014_prokka_clean/NZP2014.fixedproducts
[13:32:06] Deleting unwanted file: NZP2014_prokka_clean/NZP2014.ecn
[13:32:06] Deleting unwanted file: NZP2014_prokka_clean/NZP2014.val
[13:32:06] Repairing broken .GBK output that tbl2asn produces...
[13:32:06] Running: sed 's/COORDINATES: profile/COORDINATES:profile/' < NZP2014_prokka_clean\/NZP2014\.gbf > NZP2014_prokka_clean\/NZP2014\.gbk
[13:32:06] Deleting unwanted file: NZP2014_prokka_clean/NZP2014.gbf
[13:32:06] Output files:
[13:32:06] NZP2014_prokka_clean/NZP2014.fsa
[13:32:06] NZP2014_prokka_clean/NZP2014.faa
[13:32:06] NZP2014_prokka_clean/NZP2014.sqn
[13:32:06] NZP2014_prokka_clean/NZP2014.gff
[13:32:06] NZP2014_prokka_clean/NZP2014.err
[13:32:06] NZP2014_prokka_clean/NZP2014.log
[13:32:06] NZP2014_prokka_clean/NZP2014.gbk
[13:32:06] NZP2014_prokka_clean/NZP2014.txt
[13:32:06] NZP2014_prokka_clean/NZP2014.tsv
[13:32:06] NZP2014_prokka_clean/NZP2014.fna
[13:32:06] NZP2014_prokka_clean/NZP2014.tbl
[13:32:06] NZP2014_prokka_clean/NZP2014.ffn
[13:32:06] Annotation finished successfully.
[13:32:06] Walltime used: 2.72 minutes
[13:32:06] If you use this result please cite the Prokka paper:
[13:32:06] Seemann T (2014) Prokka: rapid prokaryotic genome annotation. Bioinformatics. 30(14):2068-9.
[13:32:06] Type 'prokka --citation' for more details.
[13:32:06] Share and enjoy!
