[13:32:06] This is prokka 1.13.3
[13:32:06] Written by Torsten Seemann <torsten.seemann@gmail.com>
[13:32:06] Homepage is https://github.com/tseemann/prokka
[13:32:06] Local time is Wed Oct 17 13:32:06 2018
[13:32:06] You are ronson
[13:32:06] Operating system is linux
[13:32:06] You have BioPerl 1.007002
[13:32:06] System has 16 cores.
[13:32:06] Will use maximum of 14 cores.
[13:32:06] Annotating as >>> Bacteria <<<
[13:32:06] Creating new output folder: NZP2042_prokka_clean
[13:32:06] Running: mkdir -p NZP2042_prokka_clean
[13:32:06] Using filename prefix: NZP2042.XXX
[13:32:06] Setting HMMER_NCPU=1
[13:32:06] Writing log to: NZP2042_prokka_clean/NZP2042.log
[13:32:06] Command: /home/ronson/miniconda3/envs/py36/bin/prokka --rawproduct --outdir NZP2042_prokka_clean --prefix NZP2042 --locustag NZP2042 --genus Mesorhizobium --species loti --strain NZP2042 --mincontiglen 10000 --cpus 14 NZP2042.hybrid.final.fasta
[13:32:06] Appending to PATH: /home/ronson/miniconda3/envs/py36/bin
[13:32:06] Looking for 'aragorn' - found /home/ronson/miniconda3/envs/py36/bin/aragorn
[13:32:06] Determined aragorn version is 1.2
[13:32:06] Looking for 'barrnap' - found /home/ronson/miniconda3/envs/py36/bin/barrnap
[13:32:06] Determined barrnap version is 0.9
[13:32:06] Looking for 'blastp' - found /home/ronson/miniconda3/envs/py36/bin/blastp
[13:32:07] Determined blastp version is 2.7
[13:32:07] Looking for 'cmpress' - found /home/ronson/miniconda3/envs/py36/bin/cmpress
[13:32:07] Determined cmpress version is 1.1
[13:32:07] Looking for 'cmscan' - found /home/ronson/miniconda3/envs/py36/bin/cmscan
[13:32:07] Determined cmscan version is 1.1
[13:32:07] Looking for 'egrep' - found /bin/egrep
[13:32:07] Looking for 'find' - found /usr/bin/find
[13:32:07] Looking for 'grep' - found /bin/grep
[13:32:07] Looking for 'hmmpress' - found /home/ronson/miniconda3/envs/py36/bin/hmmpress
[13:32:07] Determined hmmpress version is 3.2
[13:32:07] Looking for 'hmmscan' - found /home/ronson/miniconda3/envs/py36/bin/hmmscan
[13:32:07] Determined hmmscan version is 3.2
[13:32:07] Looking for 'java' - found /home/ronson/miniconda3/envs/py36/bin/java
[13:32:07] Looking for 'less' - found /usr/bin/less
[13:32:07] Looking for 'makeblastdb' - found /home/ronson/miniconda3/envs/py36/bin/makeblastdb
[13:32:07] Determined makeblastdb version is 2.7
[13:32:07] Looking for 'minced' - found /home/ronson/miniconda3/envs/py36/bin/minced
[13:32:07] Determined minced version is 3.0
[13:32:07] Looking for 'parallel' - found /home/ronson/miniconda3/envs/py36/bin/parallel
[13:32:07] Determined parallel version is 20180922
[13:32:07] Looking for 'prodigal' - found /home/ronson/miniconda3/envs/py36/bin/prodigal
[13:32:07] Determined prodigal version is 2.6
[13:32:07] Looking for 'prokka-genbank_to_fasta_db' - found /home/ronson/miniconda3/envs/py36/bin/prokka-genbank_to_fasta_db
[13:32:07] Looking for 'sed' - found /bin/sed
[13:32:07] Looking for 'tbl2asn' - found /home/ronson/miniconda3/envs/py36/bin/tbl2asn
[13:32:07] Determined tbl2asn version is 25.6
[13:32:07] Using genetic code table 11.
[13:32:07] Loading and checking input file: NZP2042.hybrid.final.fasta
[13:32:07] Skipping short (<10000 bp) contig: 2
[13:32:07] Wrote 1 contigs totalling 6870350 bp.
[13:32:07] Predicting tRNAs and tmRNAs
[13:32:07] Running: aragorn -l -gc11  -w NZP2042_prokka_clean\/NZP2042\.fna
[13:32:11] 1 tRNA-Thr [83248,83323] 34 (cgt)
[13:32:11] 2 tRNA-Leu c[320851,320937] 32 (cag)
[13:32:11] 3 tRNA-Ala c[342245,342320] 34 (ggc)
[13:32:11] 4 tRNA-Arg c[633735,633811] 35 (ccg)
[13:32:11] 5 tRNA-Arg [753590,753666] 35 (acg)
[13:32:11] 6 tRNA-Leu c[892894,892978] 35 (cag)
[13:32:11] 7 tRNA-Gly c[1058437,1058511] 33 (gcc)
[13:32:11] 8 tRNA-Ala c[1270125,1270200] 34 (cgc)
[13:32:11] 9 tRNA-Ser c[1367930,1368019] 35 (cga)
[13:32:11] 10 tRNA-Glu [1576829,1576903] 34 (ctc)
[13:32:11] 11 tRNA-Arg c[1711585,1711661] 35 (cct)
[13:32:11] 12 tRNA-Leu [1794662,1794746] 35 (caa)
[13:32:11] 13 tRNA-Ile [1835023,1835099] 35 (gat)
[13:32:11] 14 tRNA-Ala [1835148,1835223] 34 (tgc)
[13:32:11] 15 tRNA-Met [1838917,1838993] 35 (cat)
[13:32:11] 16 tRNA-Ser [1998167,1998256] 35 (gga)
[13:32:11] 17 tRNA-Val c[2081541,2081615] 33 (gac)
[13:32:11] 18 tRNA-Leu [2166893,2166981] 34 (gag)
[13:32:11] 19 tRNA-Met c[2250852,2250928] 35 (cat)
[13:32:11] 20 tRNA-Met [2562542,2562617] 34 (cat)
[13:32:11] 21 tRNA-Phe c[2576002,2576077] 34 (gaa)
[13:32:11] 22 tRNA-Thr [2583717,2583791] 33 (ggt)
[13:32:11] 23 tRNA-His [2681897,2681973] 35 (gtg)
[13:32:11] 24 tRNA-Tyr c[2961397,2961471] 30 (gta)
[13:32:11] 25 tRNA-Cys [3236014,3236089] 33 (gca)
[13:32:11] 26 tRNA-Gln c[3550515,3550588] 33 (ttg)
[13:32:11] 27 tmRNA* c[3864722,3865064] 214,252 ANDNYAEARLAA*
[13:32:11] 28 tRNA-Lys [3925530,3925605] 34 (ctt)
[13:32:11] 29 tRNA-Leu [3971435,3971519] 35 (gag)
[13:32:11] 30 tRNA-Asn c[4148606,4148680] 33 (gtt)
[13:32:11] 31 tRNA-Cys [4149676,4149749] 33 (gca)
[13:32:11] 32 tRNA-Leu c[4198596,4198678] 35 (tag)
[13:32:11] 33 tRNA-Glu c[4284515,4284589] 34 (ttc)
[13:32:11] 34 tRNA-Pro [4345261,4345358] 36 (ggg)
[13:32:11] 35 tRNA-Lys c[4487914,4487989] 34 (ttt)
[13:32:11] 36 tRNA-Val c[4618121,4618195] 33 (cac)
[13:32:11] 37 tRNA-Ser c[4645690,4645779] 35 (tga)
[13:32:11] 38 tRNA-Trp c[4773524,4773599] 34 (cca)
[13:32:11] 39 tRNA-Gly c[4779830,4779903] 33 (tcc)
[13:32:11] 40 tRNA-Tyr c[4779994,4780078] 35 (gta)
[13:32:11] 41 tRNA-Thr [4787767,4787842] 34 (tgt)
[13:32:11] 42 tRNA-Leu [4852987,4853072] 35 (taa)
[13:32:11] 43 tRNA-Val c[5021320,5021395] 34 (tac)
[13:32:11] 44 tRNA-Asp [5021612,5021688] 35 (gtc)
[13:32:11] 45 tRNA-Pro c[5069719,5069795] 35 (ggg)
[13:32:11] 46 tRNA-Gln [5137101,5137174] 33 (ctg)
[13:32:11] 47 tRNA-Arg c[5252083,5252170] 33 (ccg)
[13:32:11] 48 tRNA-Arg c[5309328,5309404] 35 (tct)
[13:32:11] 49 tRNA-Pro [5309884,5309960] 35 (tgg)
[13:32:11] 50 tRNA-Ser [5469199,5469289] 35 (gct)
[13:32:11] 51 tRNA-Pro [5568237,5568313] 35 (cgg)
[13:32:11] 52 tRNA-Gln [5650602,5650676] 33 (ttg)
[13:32:11] 53 tRNA-Gly [6786532,6786605] 33 (ccc)
[13:32:11] Found 53 tRNAs
[13:32:11] Predicting Ribosomal RNAs
[13:32:11] Running Barrnap with 14 threads
[13:32:15] 1 1 1833306 16S ribosomal RNA
[13:32:15] 2 1 1835606 23S ribosomal RNA
[13:32:15] 3 1 1838552 5S ribosomal RNA
[13:32:15] Found 3 rRNAs
[13:32:15] Skipping ncRNA search, enable with --rfam if desired.
[13:32:15] Total of 55 tRNA + rRNA features
[13:32:15] Searching for CRISPR repeats
[13:32:16] Found 0 CRISPRs
[13:32:16] Predicting coding sequences
[13:32:16] Contigs total 6870350 bp, so using single mode
[13:32:16] Running: prodigal -i NZP2042_prokka_clean\/NZP2042\.fna -c -m -g 11 -p single -f sco -q
[13:32:28] Excluding CDS which overlaps existing RNA (tRNA) at 1:318144..321029 on + strand
[13:32:29] Excluding CDS which overlaps existing RNA (tRNA) at 1:2166533..2167576 on - strand
[13:32:30] Excluding CDS which overlaps existing RNA (tRNA) at 1:2960497..2961585 on - strand
[13:32:31] Excluding CDS which overlaps existing RNA (tRNA) at 1:4345010..4346563 on + strand
[13:32:32] Excluding CDS which overlaps existing RNA (tRNA) at 1:5251696..5253231 on - strand
[13:32:33] Found 6570 CDS
[13:32:33] Connecting features back to sequences
[13:32:33] Not using genus-specific database. Try --usegenus to enable it.
[13:32:33] Annotating CDS, please be patient.
[13:32:33] Will use 14 CPUs for similarity searching.
[13:32:37] There are still 6570 unannotated CDS left (started with 6570)
[13:32:37] Will use blast to search against /home/ronson/miniconda3/envs/py36/db/kingdom/Bacteria/IS with 14 CPUs
[13:32:37] Running: cat NZP2042_prokka_clean\/IS\.faa | parallel --gnu --plain -j 14 --block 73268 --recstart '>' --pipe blastp -query - -db /home/ronson/miniconda3/envs/py36/db/kingdom/Bacteria/IS -evalue 1e-30 -qcov_hsp_perc 90 -num_threads 1 -num_descriptions 1 -num_alignments 1 -seg no > NZP2042_prokka_clean\/IS\.blast 2> /dev/null
[13:32:51] Deleting unwanted file: NZP2042_prokka_clean/IS.faa
[13:32:51] Deleting unwanted file: NZP2042_prokka_clean/IS.blast
[13:32:55] There are still 6521 unannotated CDS left (started with 6570)
[13:32:55] Will use blast to search against /home/ronson/miniconda3/envs/py36/db/kingdom/Bacteria/AMR with 14 CPUs
[13:32:55] Running: cat NZP2042_prokka_clean\/AMR\.faa | parallel --gnu --plain -j 14 --block 72774 --recstart '>' --pipe blastp -query - -db /home/ronson/miniconda3/envs/py36/db/kingdom/Bacteria/AMR -evalue 9.99999999999999e-301 -qcov_hsp_perc 90 -num_threads 1 -num_descriptions 1 -num_alignments 1 -seg no > NZP2042_prokka_clean\/AMR\.blast 2> /dev/null
[13:33:06] Deleting unwanted file: NZP2042_prokka_clean/AMR.faa
[13:33:06] Deleting unwanted file: NZP2042_prokka_clean/AMR.blast
[13:33:10] There are still 6521 unannotated CDS left (started with 6570)
[13:33:10] Will use blast to search against /home/ronson/miniconda3/envs/py36/db/kingdom/Bacteria/sprot with 14 CPUs
[13:33:10] Running: cat NZP2042_prokka_clean\/sprot\.faa | parallel --gnu --plain -j 14 --block 72774 --recstart '>' --pipe blastp -query - -db /home/ronson/miniconda3/envs/py36/db/kingdom/Bacteria/sprot -evalue 1e-09 -qcov_hsp_perc 80 -num_threads 1 -num_descriptions 1 -num_alignments 1 -seg no > NZP2042_prokka_clean\/sprot\.blast 2> /dev/null
[13:34:03] Deleting unwanted file: NZP2042_prokka_clean/sprot.faa
[13:34:03] Deleting unwanted file: NZP2042_prokka_clean/sprot.blast
[13:34:05] There are still 3522 unannotated CDS left (started with 6570)
[13:34:05] Will use hmmer3 to search against /home/ronson/miniconda3/envs/py36/db/hmm/HAMAP.hmm with 14 CPUs
[13:34:05] Running: cat NZP2042_prokka_clean\/HAMAP\.hmm\.faa | parallel --gnu --plain -j 14 --block 34280 --recstart '>' --pipe hmmscan --noali --notextw --acc -E 1e-09 --cpu 1 /home/ronson/miniconda3/envs/py36/db/hmm/HAMAP.hmm /dev/stdin > NZP2042_prokka_clean\/HAMAP\.hmm\.hmmer3 2> /dev/null
[13:34:42] Deleting unwanted file: NZP2042_prokka_clean/HAMAP.hmm.faa
[13:34:42] Deleting unwanted file: NZP2042_prokka_clean/HAMAP.hmm.hmmer3
[13:34:42] Labelling remaining 3065 proteins as 'hypothetical protein'
[13:34:42] Possible /pseudo 'L-cystine transport system permease protein YecS' at 1 position 562696
[13:34:42] Possible /pseudo 'Regulator of nucleoside diphosphate kinase' at 1 position 1388917
[13:34:42] Possible /pseudo 'Probable glutamine ABC transporter permease protein GlnP' at 1 position 1528477
[13:34:42] Possible /pseudo 'Transcriptional regulatory protein OmpR' at 1 position 1642770
[13:34:42] Possible /pseudo '6-aminohexanoate-dimer hydrolase' at 1 position 2207341
[13:34:42] Possible /pseudo 'Cytochrome b/c1' at 1 position 2341443
[13:34:42] Possible /pseudo 'Cold shock protein CspA' at 1 position 2373636
[13:34:42] Possible /pseudo '2-iminobutanoate/2-iminopropanoate deaminase' at 1 position 2462092
[13:34:42] Possible /pseudo 'Putative serine protease HtrA' at 1 position 2554720
[13:34:42] Possible /pseudo '4-methylaminobutanoate oxidase (formaldehyde-forming)' at 1 position 2757414
[13:34:42] Possible /pseudo 'Glutathione import ATP-binding protein GsiA' at 1 position 3068299
[13:34:42] Possible /pseudo 'Ribose import permease protein RbsC' at 1 position 3135435
[13:34:42] Possible /pseudo 'Maltose/maltodextrin import ATP-binding protein MalK' at 1 position 3632934
[13:34:42] Possible /pseudo 'Ribose import permease protein RbsC' at 1 position 3681969
[13:34:42] Possible /pseudo 'FMN-dependent NADH-azoreductase' at 1 position 3996843
[13:34:42] Possible /pseudo 'Uncharacterized MFS-type transporter YcaD' at 1 position 4068993
[13:34:42] Possible /pseudo 'Ribose import permease protein RbsC' at 1 position 4203809
[13:34:42] Possible /pseudo 'Ribose import permease protein RbsC' at 1 position 4589480
[13:34:42] Possible /pseudo 'L-cystine transport system permease protein YecS' at 1 position 4888847
[13:34:42] Possible /pseudo 'Inner membrane protein YqjF' at 1 position 5287367
[13:34:42] Possible /pseudo 'Ribose import permease protein RbsC' at 1 position 6263660
[13:34:42] Possible /pseudo 'DNA primase TraC' at 1 position 6416805
[13:34:42] Possible /pseudo 'Dihydrolipoyllysine-residue acetyltransferase component of pyruvate dehydrogenase complex' at 1 position 6492162
[13:34:42] Found 1994 unique /gene codes.
[13:34:42] Fixed 4 duplicate /gene - deoR_1 deoR_2 deoR_3 deoR_4
[13:34:42] Fixed 2 duplicate /gene - efp_1 efp_2
[13:34:42] Fixed 2 duplicate /gene - ymdB_1 ymdB_2
[13:34:42] Fixed 2 duplicate /gene - atm1_1 atm1_2
[13:34:42] Fixed 6 duplicate /gene - dppA_1 dppA_2 dppA_3 dppA_4 dppA_5 dppA_6
[13:34:42] Fixed 4 duplicate /gene - lutR_1 lutR_2 lutR_3 lutR_4
[13:34:42] Fixed 2 duplicate /gene - nodD2_1 nodD2_2
[13:34:42] Fixed 6 duplicate /gene - betB_1 betB_2 betB_3 betB_4 betB_5 betB_6
[13:34:42] Fixed 2 duplicate /gene - aas_1 aas_2
[13:34:42] Fixed 2 duplicate /gene - perR_1 perR_2
[13:34:42] Fixed 2 duplicate /gene - carA_1 carA_2
[13:34:42] Fixed 2 duplicate /gene - nifK_1 nifK_2
[13:34:42] Fixed 2 duplicate /gene - sgrR_1 sgrR_2
[13:34:42] Fixed 3 duplicate /gene - dppD_1 dppD_2 dppD_3
[13:34:42] Fixed 3 duplicate /gene - glxR_1 glxR_2 glxR_3
[13:34:42] Fixed 5 duplicate /gene - iolE_1 iolE_2 iolE_3 iolE_4 iolE_5
[13:34:42] Fixed 2 duplicate /gene - def_1 def_2
[13:34:42] Fixed 2 duplicate /gene - crcB_1 crcB_2
[13:34:42] Fixed 2 duplicate /gene - ros_1 ros_2
[13:34:42] Fixed 3 duplicate /gene - rhaM_1 rhaM_2 rhaM_3
[13:34:42] Fixed 7 duplicate /gene - slyA_1 slyA_2 slyA_3 slyA_4 slyA_5 slyA_6 slyA_7
[13:34:42] Fixed 2 duplicate /gene - nsrR_1 nsrR_2
[13:34:42] Fixed 2 duplicate /gene - polS_1 polS_2
[13:34:42] Fixed 2 duplicate /gene - cbs_1 cbs_2
[13:34:42] Fixed 3 duplicate /gene - betA_1 betA_2 betA_3
[13:34:42] Fixed 2 duplicate /gene - yihV_1 yihV_2
[13:34:42] Fixed 3 duplicate /gene - alkJ_1 alkJ_2 alkJ_3
[13:34:42] Fixed 4 duplicate /gene - soxD_1 soxD_2 soxD_3 soxD_4
[13:34:42] Fixed 2 duplicate /gene - czcO_1 czcO_2
[13:34:42] Fixed 7 duplicate /gene - ddpC_1 ddpC_2 ddpC_3 ddpC_4 ddpC_5 ddpC_6 ddpC_7
[13:34:42] Fixed 2 duplicate /gene - ldc_1 ldc_2
[13:34:42] Fixed 2 duplicate /gene - ampR_1 ampR_2
[13:34:42] Fixed 2 duplicate /gene - cynR_1 cynR_2
[13:34:42] Fixed 4 duplicate /gene - rplU_1 rplU_2 rplU_3 rplU_4
[13:34:42] Fixed 2 duplicate /gene - ligD_1 ligD_2
[13:34:42] Fixed 3 duplicate /gene - htrA_1 htrA_2 htrA_3
[13:34:42] Fixed 2 duplicate /gene - dhaK_1 dhaK_2
[13:34:42] Fixed 3 duplicate /gene - eltP_1 eltP_2 eltP_3
[13:34:42] Fixed 2 duplicate /gene - yoaE_1 yoaE_2
[13:34:42] Fixed 3 duplicate /gene - alsC_1 alsC_2 alsC_3
[13:34:42] Fixed 3 duplicate /gene - fitB_1 fitB_2 fitB_3
[13:34:42] Fixed 2 duplicate /gene - nodA_1 nodA_2
[13:34:42] Fixed 5 duplicate /gene - fixK_1 fixK_2 fixK_3 fixK_4 fixK_5
[13:34:42] Fixed 2 duplicate /gene - hemA_1 hemA_2
[13:34:42] Fixed 2 duplicate /gene - nhaK_1 nhaK_2
[13:34:42] Fixed 4 duplicate /gene - araQ_1 araQ_2 araQ_3 araQ_4
[13:34:42] Fixed 3 duplicate /gene - stcD_1 stcD_2 stcD_3
[13:34:42] Fixed 4 duplicate /gene - ilvE_1 ilvE_2 ilvE_3 ilvE_4
[13:34:42] Fixed 2 duplicate /gene - garD_1 garD_2
[13:34:42] Fixed 6 duplicate /gene - ompR_1 ompR_2 ompR_3 ompR_4 ompR_5 ompR_6
[13:34:42] Fixed 3 duplicate /gene - degP_1 degP_2 degP_3
[13:34:42] Fixed 2 duplicate /gene - fmt_1 fmt_2
[13:34:42] Fixed 2 duplicate /gene - phnM_1 phnM_2
[13:34:42] Fixed 6 duplicate /gene - bacC_1 bacC_2 bacC_3 bacC_4 bacC_5 bacC_6
[13:34:42] Fixed 3 duplicate /gene - rutC_1 rutC_2 rutC_3
[13:34:42] Fixed 2 duplicate /gene - yadH_1 yadH_2
[13:34:42] Fixed 7 duplicate /gene - cspA_1 cspA_2 cspA_3 cspA_4 cspA_5 cspA_6 cspA_7
[13:34:42] Fixed 2 duplicate /gene - hdc_1 hdc_2
[13:34:42] Fixed 2 duplicate /gene - proC_1 proC_2
[13:34:42] Fixed 2 duplicate /gene - ddpD_1 ddpD_2
[13:34:42] Fixed 2 duplicate /gene - traG_1 traG_2
[13:34:42] Fixed 2 duplicate /gene - hmuU_1 hmuU_2
[13:34:42] Fixed 2 duplicate /gene - norG_1 norG_2
[13:34:42] Fixed 2 duplicate /gene - yddG_1 yddG_2
[13:34:42] Fixed 2 duplicate /gene - ousX_1 ousX_2
[13:34:42] Fixed 2 duplicate /gene - msrB_1 msrB_2
[13:34:42] Fixed 3 duplicate /gene - ssuD_1 ssuD_2 ssuD_3
[13:34:42] Fixed 2 duplicate /gene - adc_1 adc_2
[13:34:42] Fixed 2 duplicate /gene - nylA_1 nylA_2
[13:34:42] Fixed 2 duplicate /gene - comM_1 comM_2
[13:34:42] Fixed 3 duplicate /gene - xthA_1 xthA_2 xthA_3
[13:34:42] Fixed 2 duplicate /gene - rlmB_1 rlmB_2
[13:34:42] Fixed 2 duplicate /gene - nusG_1 nusG_2
[13:34:42] Fixed 2 duplicate /gene - cdd_1 cdd_2
[13:34:42] Fixed 2 duplicate /gene - gpmA_1 gpmA_2
[13:34:42] Fixed 2 duplicate /gene - thpA_1 thpA_2
[13:34:42] Fixed 7 duplicate /gene - cdhR_1 cdhR_2 cdhR_3 cdhR_4 cdhR_5 cdhR_6 cdhR_7
[13:34:42] Fixed 2 duplicate /gene - metXA_1 metXA_2
[13:34:42] Fixed 2 duplicate /gene - hisQ_1 hisQ_2
[13:34:42] Fixed 2 duplicate /gene - rhlE_1 rhlE_2
[13:34:42] Fixed 2 duplicate /gene - gutB_1 gutB_2
[13:34:42] Fixed 3 duplicate /gene - lsrD_1 lsrD_2 lsrD_3
[13:34:42] Fixed 2 duplicate /gene - rnd_1 rnd_2
[13:34:42] Fixed 2 duplicate /gene - vatD_1 vatD_2
[13:34:42] Fixed 2 duplicate /gene - tdcF_1 tdcF_2
[13:34:42] Fixed 2 duplicate /gene - gltD_1 gltD_2
[13:34:42] Fixed 10 duplicate /gene - gsiD_1 gsiD_2 gsiD_3 gsiD_4 gsiD_5 gsiD_6 gsiD_7 gsiD_8 gsiD_9 gsiD_10
[13:34:42] Fixed 2 duplicate /gene - ku_1 ku_2
[13:34:42] Fixed 2 duplicate /gene - argH_1 argH_2
[13:34:42] Fixed 3 duplicate /gene - groS1_1 groS1_2 groS1_3
[13:34:42] Fixed 2 duplicate /gene - gtaB_1 gtaB_2
[13:34:42] Fixed 2 duplicate /gene - menF_1 menF_2
[13:34:42] Fixed 5 duplicate /gene - acoA_1 acoA_2 acoA_3 acoA_4 acoA_5
[13:34:42] Fixed 2 duplicate /gene - yqjF_1 yqjF_2
[13:34:42] Fixed 3 duplicate /gene - arnC_1 arnC_2 arnC_3
[13:34:42] Fixed 2 duplicate /gene - cnbH_1 cnbH_2
[13:34:42] Fixed 2 duplicate /gene - malL_1 malL_2
[13:34:42] Fixed 4 duplicate /gene - prmA_1 prmA_2 prmA_3 prmA_4
[13:34:42] Fixed 2 duplicate /gene - psdht_1 psdht_2
[13:34:42] Fixed 2 duplicate /gene - purD_1 purD_2
[13:34:42] Fixed 3 duplicate /gene - pdhC_1 pdhC_2 pdhC_3
[13:34:42] Fixed 6 duplicate /gene - glpR_1 glpR_2 glpR_3 glpR_4 glpR_5 glpR_6
[13:34:42] Fixed 2 duplicate /gene - leuB_1 leuB_2
[13:34:42] Fixed 4 duplicate /gene - artJ_1 artJ_2 artJ_3 artJ_4
[13:34:42] Fixed 2 duplicate /gene - algA_1 algA_2
[13:34:42] Fixed 2 duplicate /gene - mmsB_1 mmsB_2
[13:34:42] Fixed 2 duplicate /gene - lcdH_1 lcdH_2
[13:34:42] Fixed 2 duplicate /gene - qorA_1 qorA_2
[13:34:42] Fixed 10 duplicate /gene - betI_1 betI_2 betI_3 betI_4 betI_5 betI_6 betI_7 betI_8 betI_9 betI_10
[13:34:42] Fixed 3 duplicate /gene - fdxB_1 fdxB_2 fdxB_3
[13:34:42] Fixed 2 duplicate /gene - iolC_1 iolC_2
[13:34:42] Fixed 2 duplicate /gene - queD_1 queD_2
[13:34:42] Fixed 2 duplicate /gene - thrB_1 thrB_2
[13:34:42] Fixed 5 duplicate /gene - ubiG_1 ubiG_2 ubiG_3 ubiG_4 ubiG_5
[13:34:42] Fixed 4 duplicate /gene - uctC_1 uctC_2 uctC_3 uctC_4
[13:34:42] Fixed 9 duplicate /gene - puuB_1 puuB_2 puuB_3 puuB_4 puuB_5 puuB_6 puuB_7 puuB_8 puuB_9
[13:34:42] Fixed 2 duplicate /gene - dhaA_1 dhaA_2
[13:34:42] Fixed 2 duplicate /gene - regA_1 regA_2
[13:34:42] Fixed 2 duplicate /gene - dhaL_1 dhaL_2
[13:34:42] Fixed 2 duplicate /gene - mltC_1 mltC_2
[13:34:42] Fixed 2 duplicate /gene - nagC_1 nagC_2
[13:34:42] Fixed 2 duplicate /gene - dhaK-2_1 dhaK-2_2
[13:34:42] Fixed 3 duplicate /gene - entS_1 entS_2 entS_3
[13:34:42] Fixed 2 duplicate /gene - hmuT_1 hmuT_2
[13:34:42] Fixed 4 duplicate /gene - fcl_1 fcl_2 fcl_3 fcl_4
[13:34:42] Fixed 2 duplicate /gene - dmdC_1 dmdC_2
[13:34:42] Fixed 7 duplicate /gene - sugB_1 sugB_2 sugB_3 sugB_4 sugB_5 sugB_6 sugB_7
[13:34:42] Fixed 2 duplicate /gene - tsaD_1 tsaD_2
[13:34:42] Fixed 2 duplicate /gene - ddpB_1 ddpB_2
[13:34:42] Fixed 3 duplicate /gene - ydhP_1 ydhP_2 ydhP_3
[13:34:42] Fixed 3 duplicate /gene - paiB_1 paiB_2 paiB_3
[13:34:42] Fixed 2 duplicate /gene - mprF_1 mprF_2
[13:34:42] Fixed 3 duplicate /gene - murR_1 murR_2 murR_3
[13:34:42] Fixed 2 duplicate /gene - thiE_1 thiE_2
[13:34:42] Fixed 13 duplicate /gene - dmlR_1 dmlR_2 dmlR_3 dmlR_4 dmlR_5 dmlR_6 dmlR_7 dmlR_8 dmlR_9 dmlR_10 dmlR_11 dmlR_12 dmlR_13
[13:34:42] Fixed 2 duplicate /gene - fucU_1 fucU_2
[13:34:42] Fixed 2 duplicate /gene - allA_1 allA_2
[13:34:42] Fixed 3 duplicate /gene - corA_1 corA_2 corA_3
[13:34:42] Fixed 2 duplicate /gene - kdgR_1 kdgR_2
[13:34:42] Fixed 8 duplicate /gene - hdfR_1 hdfR_2 hdfR_3 hdfR_4 hdfR_5 hdfR_6 hdfR_7 hdfR_8
[13:34:42] Fixed 3 duplicate /gene - kdgK_1 kdgK_2 kdgK_3
[13:34:42] Fixed 2 duplicate /gene - bdhA_1 bdhA_2
[13:34:42] Fixed 2 duplicate /gene - dddP_1 dddP_2
[13:34:42] Fixed 4 duplicate /gene - pcm_1 pcm_2 pcm_3 pcm_4
[13:34:42] Fixed 2 duplicate /gene - yibF_1 yibF_2
[13:34:42] Fixed 6 duplicate /gene - dapA_1 dapA_2 dapA_3 dapA_4 dapA_5 dapA_6
[13:34:42] Fixed 2 duplicate /gene - hpbD_1 hpbD_2
[13:34:42] Fixed 2 duplicate /gene - yedK_1 yedK_2
[13:34:42] Fixed 2 duplicate /gene - nodO_1 nodO_2
[13:34:42] Fixed 2 duplicate /gene - lsrB_1 lsrB_2
[13:34:42] Fixed 4 duplicate /gene - kce_1 kce_2 kce_3 kce_4
[13:34:42] Fixed 5 duplicate /gene - yabJ_1 yabJ_2 yabJ_3 yabJ_4 yabJ_5
[13:34:42] Fixed 2 duplicate /gene - haeIIIM_1 haeIIIM_2
[13:34:42] Fixed 2 duplicate /gene - phoU_1 phoU_2
[13:34:42] Fixed 2 duplicate /gene - pdxB_1 pdxB_2
[13:34:42] Fixed 2 duplicate /gene - cpnA_1 cpnA_2
[13:34:42] Fixed 4 duplicate /gene - tdh_1 tdh_2 tdh_3 tdh_4
[13:34:42] Fixed 3 duplicate /gene - gno_1 gno_2 gno_3
[13:34:42] Fixed 12 duplicate /gene - rcsC_1 rcsC_2 rcsC_3 rcsC_4 rcsC_5 rcsC_6 rcsC_7 rcsC_8 rcsC_9 rcsC_10 rcsC_11 rcsC_12
[13:34:42] Fixed 2 duplicate /gene - yagR_1 yagR_2
[13:34:42] Fixed 2 duplicate /gene - gspK_1 gspK_2
[13:34:42] Fixed 14 duplicate /gene - gsiC_1 gsiC_2 gsiC_3 gsiC_4 gsiC_5 gsiC_6 gsiC_7 gsiC_8 gsiC_9 gsiC_10 gsiC_11 gsiC_12 gsiC_13 gsiC_14
[13:34:42] Fixed 2 duplicate /gene - yejF_1 yejF_2
[13:34:42] Fixed 2 duplicate /gene - acoR_1 acoR_2
[13:34:42] Fixed 2 duplicate /gene - purC_1 purC_2
[13:34:42] Fixed 2 duplicate /gene - rnr_1 rnr_2
[13:34:42] Fixed 2 duplicate /gene - nadE_1 nadE_2
[13:34:42] Fixed 2 duplicate /gene - cysA_1 cysA_2
[13:34:42] Fixed 2 duplicate /gene - araE_1 araE_2
[13:34:42] Fixed 7 duplicate /gene - ribN_1 ribN_2 ribN_3 ribN_4 ribN_5 ribN_6 ribN_7
[13:34:42] Fixed 10 duplicate /gene - lptB_1 lptB_2 lptB_3 lptB_4 lptB_5 lptB_6 lptB_7 lptB_8 lptB_9 lptB_10
[13:34:42] Fixed 2 duplicate /gene - dctD_1 dctD_2
[13:34:42] Fixed 6 duplicate /gene - spuC_1 spuC_2 spuC_3 spuC_4 spuC_5 spuC_6
[13:34:42] Fixed 2 duplicate /gene - rpoH_1 rpoH_2
[13:34:42] Fixed 2 duplicate /gene - nepI_1 nepI_2
[13:34:42] Fixed 2 duplicate /gene - sucD_1 sucD_2
[13:34:42] Fixed 5 duplicate /gene - bepA_1 bepA_2 bepA_3 bepA_4 bepA_5
[13:34:42] Fixed 2 duplicate /gene - lpxD_1 lpxD_2
[13:34:42] Fixed 2 duplicate /gene - abgB_1 abgB_2
[13:34:42] Fixed 3 duplicate /gene - yyaP_1 yyaP_2 yyaP_3
[13:34:42] Fixed 3 duplicate /gene - doeA_1 doeA_2 doeA_3
[13:34:42] Fixed 3 duplicate /gene - omp2b_1 omp2b_2 omp2b_3
[13:34:42] Fixed 2 duplicate /gene - yfdE_1 yfdE_2
[13:34:42] Fixed 4 duplicate /gene - gmd_1 gmd_2 gmd_3 gmd_4
[13:34:42] Fixed 2 duplicate /gene - intA_1 intA_2
[13:34:42] Fixed 2 duplicate /gene - gppA_1 gppA_2
[13:34:42] Fixed 2 duplicate /gene - gloB_1 gloB_2
[13:34:42] Fixed 2 duplicate /gene - cobU_1 cobU_2
[13:34:42] Fixed 2 duplicate /gene - baiA_1 baiA_2
[13:34:42] Fixed 3 duplicate /gene - hisD_1 hisD_2 hisD_3
[13:34:42] Fixed 3 duplicate /gene - catD_1 catD_2 catD_3
[13:34:42] Fixed 2 duplicate /gene - ghrA_1 ghrA_2
[13:34:42] Fixed 2 duplicate /gene - sigF_1 sigF_2
[13:34:42] Fixed 2 duplicate /gene - aes_1 aes_2
[13:34:42] Fixed 2 duplicate /gene - dat_1 dat_2
[13:34:42] Fixed 5 duplicate /gene - iolS_1 iolS_2 iolS_3 iolS_4 iolS_5
[13:34:42] Fixed 2 duplicate /gene - fusA_1 fusA_2
[13:34:42] Fixed 2 duplicate /gene - hlyU_1 hlyU_2
[13:34:42] Fixed 6 duplicate /gene - ycjP_1 ycjP_2 ycjP_3 ycjP_4 ycjP_5 ycjP_6
[13:34:42] Fixed 4 duplicate /gene - ribX_1 ribX_2 ribX_3 ribX_4
[13:34:42] Fixed 3 duplicate /gene - davD_1 davD_2 davD_3
[13:34:42] Fixed 2 duplicate /gene - csd_1 csd_2
[13:34:42] Fixed 2 duplicate /gene - ftsZ_1 ftsZ_2
[13:34:42] Fixed 3 duplicate /gene - ibpA_1 ibpA_2 ibpA_3
[13:34:42] Fixed 6 duplicate /gene - sugA_1 sugA_2 sugA_3 sugA_4 sugA_5 sugA_6
[13:34:42] Fixed 3 duplicate /gene - leuE_1 leuE_2 leuE_3
[13:34:42] Fixed 2 duplicate /gene - ufaA1_1 ufaA1_2
[13:34:42] Fixed 3 duplicate /gene - acdA_1 acdA_2 acdA_3
[13:34:42] Fixed 15 duplicate /gene - ydcV_1 ydcV_2 ydcV_3 ydcV_4 ydcV_5 ydcV_6 ydcV_7 ydcV_8 ydcV_9 ydcV_10 ydcV_11 ydcV_12 ydcV_13 ydcV_14 ydcV_15
[13:34:42] Fixed 3 duplicate /gene - adhT_1 adhT_2 adhT_3
[13:34:42] Fixed 3 duplicate /gene - comR_1 comR_2 comR_3
[13:34:42] Fixed 3 duplicate /gene - ada_1 ada_2 ada_3
[13:34:42] Fixed 2 duplicate /gene - aspC_1 aspC_2
[13:34:42] Fixed 2 duplicate /gene - trmL_1 trmL_2
[13:34:42] Fixed 2 duplicate /gene - allB_1 allB_2
[13:34:42] Fixed 2 duplicate /gene - mrcA_1 mrcA_2
[13:34:42] Fixed 2 duplicate /gene - caiD_1 caiD_2
[13:34:42] Fixed 2 duplicate /gene - mcl2_1 mcl2_2
[13:34:42] Fixed 5 duplicate /gene - fabF_1 fabF_2 fabF_3 fabF_4 fabF_5
[13:34:42] Fixed 15 duplicate /gene - potA_1 potA_2 potA_3 potA_4 potA_5 potA_6 potA_7 potA_8 potA_9 potA_10 potA_11 potA_12 potA_13 potA_14 potA_15
[13:34:42] Fixed 2 duplicate /gene - gloA_1 gloA_2
[13:34:42] Fixed 7 duplicate /gene - fliY_1 fliY_2 fliY_3 fliY_4 fliY_5 fliY_6 fliY_7
[13:34:42] Fixed 3 duplicate /gene - yfcG_1 yfcG_2 yfcG_3
[13:34:42] Fixed 9 duplicate /gene - potB_1 potB_2 potB_3 potB_4 potB_5 potB_6 potB_7 potB_8 potB_9
[13:34:42] Fixed 4 duplicate /gene - gntR_1 gntR_2 gntR_3 gntR_4
[13:34:42] Fixed 4 duplicate /gene - hsrA_1 hsrA_2 hsrA_3 hsrA_4
[13:34:42] Fixed 2 duplicate /gene - fucA_1 fucA_2
[13:34:42] Fixed 3 duplicate /gene - decR_1 decR_2 decR_3
[13:34:42] Fixed 2 duplicate /gene - greA_1 greA_2
[13:34:42] Fixed 24 duplicate /gene - btuD_1 btuD_2 btuD_3 btuD_4 btuD_5 btuD_6 btuD_7 btuD_8 btuD_9 btuD_10 btuD_11 btuD_12 btuD_13 btuD_14 btuD_15 btuD_16 btuD_17 btuD_18 btuD_19 btuD_20 btuD_21 btuD_22 btuD_23 btuD_24
[13:34:42] Fixed 2 duplicate /gene - dhaT_1 dhaT_2
[13:34:42] Fixed 2 duplicate /gene - gnl_1 gnl_2
[13:34:42] Fixed 2 duplicate /gene - araB_1 araB_2
[13:34:42] Fixed 2 duplicate /gene - metG_1 metG_2
[13:34:42] Fixed 2 duplicate /gene - cpdR_1 cpdR_2
[13:34:42] Fixed 3 duplicate /gene - tam_1 tam_2 tam_3
[13:34:42] Fixed 2 duplicate /gene - rppH_1 rppH_2
[13:34:42] Fixed 4 duplicate /gene - ucpA_1 ucpA_2 ucpA_3 ucpA_4
[13:34:42] Fixed 2 duplicate /gene - ade_1 ade_2
[13:34:42] Fixed 3 duplicate /gene - dapH_1 dapH_2 dapH_3
[13:34:42] Fixed 7 duplicate /gene - rspR_1 rspR_2 rspR_3 rspR_4 rspR_5 rspR_6 rspR_7
[13:34:42] Fixed 2 duplicate /gene - ilvD_1 ilvD_2
[13:34:42] Fixed 2 duplicate /gene - argD_1 argD_2
[13:34:42] Fixed 2 duplicate /gene - mhqD_1 mhqD_2
[13:34:42] Fixed 3 duplicate /gene - cpdA_1 cpdA_2 cpdA_3
[13:34:42] Fixed 4 duplicate /gene - nodM_1 nodM_2 nodM_3 nodM_4
[13:34:42] Fixed 4 duplicate /gene - azoR_1 azoR_2 azoR_3 azoR_4
[13:34:42] Fixed 17 duplicate /gene - sasA_1 sasA_2 sasA_3 sasA_4 sasA_5 sasA_6 sasA_7 sasA_8 sasA_9 sasA_10 sasA_11 sasA_12 sasA_13 sasA_14 sasA_15 sasA_16 sasA_17
[13:34:42] Fixed 3 duplicate /gene - msrA_1 msrA_2 msrA_3
[13:34:42] Fixed 3 duplicate /gene - virB4_1 virB4_2 virB4_3
[13:34:42] Fixed 2 duplicate /gene - groL1_1 groL1_2
[13:34:42] Fixed 2 duplicate /gene - dnaK_1 dnaK_2
[13:34:42] Fixed 2 duplicate /gene - atpG_1 atpG_2
[13:34:42] Fixed 3 duplicate /gene - emrA_1 emrA_2 emrA_3
[13:34:42] Fixed 2 duplicate /gene - ubiI_1 ubiI_2
[13:34:42] Fixed 2 duplicate /gene - phaA_1 phaA_2
[13:34:42] Fixed 2 duplicate /gene - uppP_1 uppP_2
[13:34:42] Fixed 2 duplicate /gene - arcB_1 arcB_2
[13:34:42] Fixed 4 duplicate /gene - panB_1 panB_2 panB_3 panB_4
[13:34:42] Fixed 2 duplicate /gene - nifA_1 nifA_2
[13:34:42] Fixed 2 duplicate /gene - exbD_1 exbD_2
[13:34:42] Fixed 6 duplicate /gene - gsiB_1 gsiB_2 gsiB_3 gsiB_4 gsiB_5 gsiB_6
[13:34:42] Fixed 2 duplicate /gene - mtlK_1 mtlK_2
[13:34:42] Fixed 3 duplicate /gene - gabR_1 gabR_2 gabR_3
[13:34:42] Fixed 2 duplicate /gene - mobA_1 mobA_2
[13:34:42] Fixed 2 duplicate /gene - sucC_1 sucC_2
[13:34:42] Fixed 9 duplicate /gene - mglA_1 mglA_2 mglA_3 mglA_4 mglA_5 mglA_6 mglA_7 mglA_8 mglA_9
[13:34:42] Fixed 2 duplicate /gene - sigW_1 sigW_2
[13:34:42] Fixed 2 duplicate /gene - gatC_1 gatC_2
[13:34:42] Fixed 4 duplicate /gene - tas_1 tas_2 tas_3 tas_4
[13:34:42] Fixed 2 duplicate /gene - LRA5_1 LRA5_2
[13:34:42] Fixed 2 duplicate /gene - guaD_1 guaD_2
[13:34:42] Fixed 2 duplicate /gene - pytH_1 pytH_2
[13:34:42] Fixed 3 duplicate /gene - yvoA_1 yvoA_2 yvoA_3
[13:34:42] Fixed 2 duplicate /gene - groL5_1 groL5_2
[13:34:42] Fixed 4 duplicate /gene - potH_1 potH_2 potH_3 potH_4
[13:34:42] Fixed 3 duplicate /gene - dppE_1 dppE_2 dppE_3
[13:34:42] Fixed 2 duplicate /gene - mhpC_1 mhpC_2
[13:34:42] Fixed 2 duplicate /gene - cobB_1 cobB_2
[13:34:42] Fixed 2 duplicate /gene - murQ_1 murQ_2
[13:34:42] Fixed 10 duplicate /gene - mtgB_1 mtgB_2 mtgB_3 mtgB_4 mtgB_5 mtgB_6 mtgB_7 mtgB_8 mtgB_9 mtgB_10
[13:34:42] Fixed 2 duplicate /gene - ptsI_1 ptsI_2
[13:34:42] Fixed 2 duplicate /gene - tolB_1 tolB_2
[13:34:42] Fixed 12 duplicate /gene - ubiE_1 ubiE_2 ubiE_3 ubiE_4 ubiE_5 ubiE_6 ubiE_7 ubiE_8 ubiE_9 ubiE_10 ubiE_11 ubiE_12
[13:34:42] Fixed 3 duplicate /gene - ntaA_1 ntaA_2 ntaA_3
[13:34:42] Fixed 2 duplicate /gene - rhtA_1 rhtA_2
[13:34:42] Fixed 2 duplicate /gene - rsmB_1 rsmB_2
[13:34:42] Fixed 2 duplicate /gene - cutL_1 cutL_2
[13:34:42] Fixed 2 duplicate /gene - gltC_1 gltC_2
[13:34:42] Fixed 4 duplicate /gene - ycjO_1 ycjO_2 ycjO_3 ycjO_4
[13:34:42] Fixed 3 duplicate /gene - ddpA_1 ddpA_2 ddpA_3
[13:34:42] Fixed 2 duplicate /gene - accA1_1 accA1_2
[13:34:42] Fixed 4 duplicate /gene - dppB_1 dppB_2 dppB_3 dppB_4
[13:34:42] Fixed 2 duplicate /gene - appA_1 appA_2
[13:34:42] Fixed 2 duplicate /gene - gbsA_1 gbsA_2
[13:34:42] Fixed 2 duplicate /gene - rbsK_1 rbsK_2
[13:34:42] Fixed 8 duplicate /gene - rhtB_1 rhtB_2 rhtB_3 rhtB_4 rhtB_5 rhtB_6 rhtB_7 rhtB_8
[13:34:42] Fixed 2 duplicate /gene - murA_1 murA_2
[13:34:42] Fixed 2 duplicate /gene - bepE_1 bepE_2
[13:34:42] Fixed 2 duplicate /gene - dnaJ_1 dnaJ_2
[13:34:42] Fixed 2 duplicate /gene - tctD_1 tctD_2
[13:34:42] Fixed 2 duplicate /gene - hexR_1 hexR_2
[13:34:42] Fixed 2 duplicate /gene - yjiE_1 yjiE_2
[13:34:42] Fixed 17 duplicate /gene - ugpC_1 ugpC_2 ugpC_3 ugpC_4 ugpC_5 ugpC_6 ugpC_7 ugpC_8 ugpC_9 ugpC_10 ugpC_11 ugpC_12 ugpC_13 ugpC_14 ugpC_15 ugpC_16 ugpC_17
[13:34:42] Fixed 2 duplicate /gene - phyR_1 phyR_2
[13:34:42] Fixed 11 duplicate /gene - livF_1 livF_2 livF_3 livF_4 livF_5 livF_6 livF_7 livF_8 livF_9 livF_10 livF_11
[13:34:42] Fixed 2 duplicate /gene - clcB_1 clcB_2
[13:34:42] Fixed 2 duplicate /gene - stp_1 stp_2
[13:34:42] Fixed 2 duplicate /gene - dapB_1 dapB_2
[13:34:42] Fixed 8 duplicate /gene - glnQ_1 glnQ_2 glnQ_3 glnQ_4 glnQ_5 glnQ_6 glnQ_7 glnQ_8
[13:34:42] Fixed 2 duplicate /gene - adiC_1 adiC_2
[13:34:42] Fixed 2 duplicate /gene - bamA_1 bamA_2
[13:34:42] Fixed 2 duplicate /gene - acm_1 acm_2
[13:34:42] Fixed 2 duplicate /gene - ulaR_1 ulaR_2
[13:34:42] Fixed 2 duplicate /gene - cysL_1 cysL_2
[13:34:42] Fixed 8 duplicate /gene - oppD_1 oppD_2 oppD_3 oppD_4 oppD_5 oppD_6 oppD_7 oppD_8
[13:34:42] Fixed 3 duplicate /gene - prmC_1 prmC_2 prmC_3
[13:34:42] Fixed 2 duplicate /gene - apc3_1 apc3_2
[13:34:42] Fixed 4 duplicate /gene - rbsB_1 rbsB_2 rbsB_3 rbsB_4
[13:34:42] Fixed 2 duplicate /gene - ahcY_1 ahcY_2
[13:34:42] Fixed 2 duplicate /gene - rutD_1 rutD_2
[13:34:42] Fixed 3 duplicate /gene - mdtC_1 mdtC_2 mdtC_3
[13:34:42] Fixed 2 duplicate /gene - tadA_1 tadA_2
[13:34:42] Fixed 2 duplicate /gene - purF_1 purF_2
[13:34:42] Fixed 10 duplicate /gene - pgrR_1 pgrR_2 pgrR_3 pgrR_4 pgrR_5 pgrR_6 pgrR_7 pgrR_8 pgrR_9 pgrR_10
[13:34:42] Fixed 2 duplicate /gene - xylG_1 xylG_2
[13:34:42] Fixed 2 duplicate /gene - ybhL_1 ybhL_2
[13:34:42] Fixed 2 duplicate /gene - suhB_1 suhB_2
[13:34:42] Fixed 2 duplicate /gene - rnk_1 rnk_2
[13:34:42] Fixed 12 duplicate /gene - lrp_1 lrp_2 lrp_3 lrp_4 lrp_5 lrp_6 lrp_7 lrp_8 lrp_9 lrp_10 lrp_11 lrp_12
[13:34:42] Fixed 2 duplicate /gene - blh_1 blh_2
[13:34:42] Fixed 2 duplicate /gene - clpP_1 clpP_2
[13:34:42] Fixed 2 duplicate /gene - crt_1 crt_2
[13:34:42] Fixed 2 duplicate /gene - rihA_1 rihA_2
[13:34:42] Fixed 2 duplicate /gene - tauR_1 tauR_2
[13:34:42] Fixed 2 duplicate /gene - pgsA_1 pgsA_2
[13:34:42] Fixed 5 duplicate /gene - cmpD_1 cmpD_2 cmpD_3 cmpD_4 cmpD_5
[13:34:42] Fixed 3 duplicate /gene - rhaR_1 rhaR_2 rhaR_3
[13:34:42] Fixed 2 duplicate /gene - xecD_1 xecD_2
[13:34:42] Fixed 2 duplicate /gene - cydB_1 cydB_2
[13:34:42] Fixed 4 duplicate /gene - acsA_1 acsA_2 acsA_3 acsA_4
[13:34:42] Fixed 5 duplicate /gene - soxB_1 soxB_2 soxB_3 soxB_4 soxB_5
[13:34:42] Fixed 4 duplicate /gene - ssuC_1 ssuC_2 ssuC_3 ssuC_4
[13:34:42] Fixed 2 duplicate /gene - yagS_1 yagS_2
[13:34:42] Fixed 2 duplicate /gene - yhdY_1 yhdY_2
[13:34:42] Fixed 3 duplicate /gene - yceJ_1 yceJ_2 yceJ_3
[13:34:42] Fixed 2 duplicate /gene - mepB_1 mepB_2
[13:34:42] Fixed 3 duplicate /gene - purR_1 purR_2 purR_3
[13:34:42] Fixed 2 duplicate /gene - yjiA_1 yjiA_2
[13:34:42] Fixed 2 duplicate /gene - ddl_1 ddl_2
[13:34:42] Fixed 2 duplicate /gene - yagT_1 yagT_2
[13:34:42] Fixed 8 duplicate /gene - malK_1 malK_2 malK_3 malK_4 malK_5 malK_6 malK_7 malK_8
[13:34:42] Fixed 4 duplicate /gene - amiC_1 amiC_2 amiC_3 amiC_4
[13:34:42] Fixed 3 duplicate /gene - mmgC_1 mmgC_2 mmgC_3
[13:34:42] Fixed 2 duplicate /gene - flgG_1 flgG_2
[13:34:42] Fixed 2 duplicate /gene - mtgA_1 mtgA_2
[13:34:42] Fixed 2 duplicate /gene - speE_1 speE_2
[13:34:42] Fixed 12 duplicate /gene - livH_1 livH_2 livH_3 livH_4 livH_5 livH_6 livH_7 livH_8 livH_9 livH_10 livH_11 livH_12
[13:34:42] Fixed 4 duplicate /gene - puuA_1 puuA_2 puuA_3 puuA_4
[13:34:42] Fixed 2 duplicate /gene - crtI_1 crtI_2
[13:34:42] Fixed 2 duplicate /gene - rsmA_1 rsmA_2
[13:34:42] Fixed 2 duplicate /gene - aaeA_1 aaeA_2
[13:34:42] Fixed 3 duplicate /gene - hcaE_1 hcaE_2 hcaE_3
[13:34:42] Fixed 3 duplicate /gene - mshD_1 mshD_2 mshD_3
[13:34:42] Fixed 2 duplicate /gene - nanK_1 nanK_2
[13:34:42] Fixed 5 duplicate /gene - yieH_1 yieH_2 yieH_3 yieH_4 yieH_5
[13:34:42] Fixed 2 duplicate /gene - fni_1 fni_2
[13:34:42] Fixed 3 duplicate /gene - adh_1 adh_2 adh_3
[13:34:42] Fixed 3 duplicate /gene - spuD_1 spuD_2 spuD_3
[13:34:42] Fixed 2 duplicate /gene - tcyB_1 tcyB_2
[13:34:42] Fixed 2 duplicate /gene - regB_1 regB_2
[13:34:42] Fixed 2 duplicate /gene - ltaE_1 ltaE_2
[13:34:42] Fixed 2 duplicate /gene - queC_1 queC_2
[13:34:42] Fixed 2 duplicate /gene - nifD_1 nifD_2
[13:34:42] Fixed 2 duplicate /gene - thadh_1 thadh_2
[13:34:42] Fixed 2 duplicate /gene - fbcH_1 fbcH_2
[13:34:42] Fixed 7 duplicate /gene - rutB_1 rutB_2 rutB_3 rutB_4 rutB_5 rutB_6 rutB_7
[13:34:42] Fixed 3 duplicate /gene - lsrR_1 lsrR_2 lsrR_3
[13:34:42] Fixed 3 duplicate /gene - hemN_1 hemN_2 hemN_3
[13:34:42] Fixed 2 duplicate /gene - namA_1 namA_2
[13:34:42] Fixed 3 duplicate /gene - yhdW_1 yhdW_2 yhdW_3
[13:34:42] Fixed 2 duplicate /gene - yxeP_1 yxeP_2
[13:34:42] Fixed 2 duplicate /gene - yheS_1 yheS_2
[13:34:42] Fixed 2 duplicate /gene - yddA_1 yddA_2
[13:34:42] Fixed 5 duplicate /gene - degU_1 degU_2 degU_3 degU_4 degU_5
[13:34:42] Fixed 3 duplicate /gene - emrB_1 emrB_2 emrB_3
[13:34:42] Fixed 3 duplicate /gene - azoB_1 azoB_2 azoB_3
[13:34:42] Fixed 2 duplicate /gene - queE_1 queE_2
[13:34:42] Fixed 2 duplicate /gene - ppa_1 ppa_2
[13:34:42] Fixed 3 duplicate /gene - fdhL_1 fdhL_2 fdhL_3
[13:34:42] Fixed 27 duplicate /gene - rbsC_1 rbsC_2 rbsC_3 rbsC_4 rbsC_5 rbsC_6 rbsC_7 rbsC_8 rbsC_9 rbsC_10 rbsC_11 rbsC_12 rbsC_13 rbsC_14 rbsC_15 rbsC_16 rbsC_17 rbsC_18 rbsC_19 rbsC_20 rbsC_21 rbsC_22 rbsC_23 rbsC_24 rbsC_25 rbsC_26 rbsC_27
[13:34:42] Fixed 2 duplicate /gene - dppC_1 dppC_2
[13:34:42] Fixed 2 duplicate /gene - fixN_1 fixN_2
[13:34:42] Fixed 2 duplicate /gene - tuf1_1 tuf1_2
[13:34:42] Fixed 21 duplicate /gene - fabG_1 fabG_2 fabG_3 fabG_4 fabG_5 fabG_6 fabG_7 fabG_8 fabG_9 fabG_10 fabG_11 fabG_12 fabG_13 fabG_14 fabG_15 fabG_16 fabG_17 fabG_18 fabG_19 fabG_20 fabG_21
[13:34:42] Fixed 2 duplicate /gene - aaeB_1 aaeB_2
[13:34:42] Fixed 2 duplicate /gene - hilA_1 hilA_2
[13:34:42] Fixed 2 duplicate /gene - etfA_1 etfA_2
[13:34:42] Fixed 2 duplicate /gene - cfa_1 cfa_2
[13:34:42] Fixed 15 duplicate /gene - abo_1 abo_2 abo_3 abo_4 abo_5 abo_6 abo_7 abo_8 abo_9 abo_10 abo_11 abo_12 abo_13 abo_14 abo_15
[13:34:42] Fixed 2 duplicate /gene - tmd_1 tmd_2
[13:34:42] Fixed 4 duplicate /gene - potD_1 potD_2 potD_3 potD_4
[13:34:42] Fixed 10 duplicate /gene - frcA_1 frcA_2 frcA_3 frcA_4 frcA_5 frcA_6 frcA_7 frcA_8 frcA_9 frcA_10
[13:34:42] Fixed 2 duplicate /gene - fabI_1 fabI_2
[13:34:42] Fixed 2 duplicate /gene - pld1_1 pld1_2
[13:34:42] Fixed 2 duplicate /gene - lipA_1 lipA_2
[13:34:42] Fixed 3 duplicate /gene - hutH_1 hutH_2 hutH_3
[13:34:42] Fixed 3 duplicate /gene - metC_1 metC_2 metC_3
[13:34:42] Fixed 7 duplicate /gene - hcaB_1 hcaB_2 hcaB_3 hcaB_4 hcaB_5 hcaB_6 hcaB_7
[13:34:42] Fixed 2 duplicate /gene - ald_1 ald_2
[13:34:42] Fixed 2 duplicate /gene - hutI_1 hutI_2
[13:34:42] Fixed 2 duplicate /gene - hmuV_1 hmuV_2
[13:34:42] Fixed 8 duplicate /gene - mshA_1 mshA_2 mshA_3 mshA_4 mshA_5 mshA_6 mshA_7 mshA_8
[13:34:42] Fixed 2 duplicate /gene - menH_1 menH_2
[13:34:42] Fixed 2 duplicate /gene - glnH_1 glnH_2
[13:34:42] Fixed 2 duplicate /gene - wbgU_1 wbgU_2
[13:34:42] Fixed 2 duplicate /gene - iolX_1 iolX_2
[13:34:42] Fixed 2 duplicate /gene - nudC_1 nudC_2
[13:34:42] Fixed 6 duplicate /gene - soxA_1 soxA_2 soxA_3 soxA_4 soxA_5 soxA_6
[13:34:42] Fixed 2 duplicate /gene - mntH_1 mntH_2
[13:34:42] Fixed 2 duplicate /gene - hesB1_1 hesB1_2
[13:34:42] Fixed 2 duplicate /gene - mdoB_1 mdoB_2
[13:34:42] Fixed 2 duplicate /gene - apc4_1 apc4_2
[13:34:42] Fixed 2 duplicate /gene - glpD_1 glpD_2
[13:34:42] Fixed 2 duplicate /gene - paaF_1 paaF_2
[13:34:42] Fixed 2 duplicate /gene - copA_1 copA_2
[13:34:42] Fixed 2 duplicate /gene - lcfB_1 lcfB_2
[13:34:42] Fixed 2 duplicate /gene - tcyC_1 tcyC_2
[13:34:42] Fixed 2 duplicate /gene - echA8_1 echA8_2
[13:34:42] Fixed 2 duplicate /gene - ghrB_1 ghrB_2
[13:34:42] Fixed 2 duplicate /gene - glnA_1 glnA_2
[13:34:42] Fixed 10 duplicate /gene - rhaS_1 rhaS_2 rhaS_3 rhaS_4 rhaS_5 rhaS_6 rhaS_7 rhaS_8 rhaS_9 rhaS_10
[13:34:42] Fixed 3 duplicate /gene - glnP_1 glnP_2 glnP_3
[13:34:42] Fixed 3 duplicate /gene - aam_1 aam_2 aam_3
[13:34:42] Fixed 5 duplicate /gene - prsE_1 prsE_2 prsE_3 prsE_4 prsE_5
[13:34:42] Fixed 2 duplicate /gene - baeR_1 baeR_2
[13:34:42] Fixed 20 duplicate /gene - gcvA_1 gcvA_2 gcvA_3 gcvA_4 gcvA_5 gcvA_6 gcvA_7 gcvA_8 gcvA_9 gcvA_10 gcvA_11 gcvA_12 gcvA_13 gcvA_14 gcvA_15 gcvA_16 gcvA_17 gcvA_18 gcvA_19 gcvA_20
[13:34:42] Fixed 2 duplicate /gene - hyuC_1 hyuC_2
[13:34:42] Fixed 2 duplicate /gene - sigK_1 sigK_2
[13:34:42] Fixed 3 duplicate /gene - oxyR_1 oxyR_2 oxyR_3
[13:34:42] Fixed 7 duplicate /gene - lacF_1 lacF_2 lacF_3 lacF_4 lacF_5 lacF_6 lacF_7
[13:34:42] Fixed 3 duplicate /gene - ipuC_1 ipuC_2 ipuC_3
[13:34:42] Fixed 2 duplicate /gene - dauA_1 dauA_2
[13:34:42] Fixed 4 duplicate /gene - map_1 map_2 map_3 map_4
[13:34:42] Fixed 2 duplicate /gene - purN_1 purN_2
[13:34:42] Fixed 2 duplicate /gene - araC_1 araC_2
[13:34:42] Fixed 2 duplicate /gene - frcC_1 frcC_2
[13:34:42] Fixed 3 duplicate /gene - ylmB_1 ylmB_2 ylmB_3
[13:34:42] Fixed 3 duplicate /gene - xerD_1 xerD_2 xerD_3
[13:34:42] Fixed 2 duplicate /gene - dctB_1 dctB_2
[13:34:42] Fixed 2 duplicate /gene - lhgO_1 lhgO_2
[13:34:42] Fixed 2 duplicate /gene - fieF_1 fieF_2
[13:34:42] Fixed 2 duplicate /gene - gph_1 gph_2
[13:34:42] Fixed 2 duplicate /gene - murG_1 murG_2
[13:34:42] Fixed 2 duplicate /gene - yhjE_1 yhjE_2
[13:34:42] Fixed 2 duplicate /gene - nodF_1 nodF_2
[13:34:42] Fixed 2 duplicate /gene - sigG_1 sigG_2
[13:34:42] Fixed 2 duplicate /gene - alaS_1 alaS_2
[13:34:42] Fixed 2 duplicate /gene - glmM_1 glmM_2
[13:34:42] Fixed 3 duplicate /gene - dapE_1 dapE_2 dapE_3
[13:34:42] Fixed 2 duplicate /gene - lexA_1 lexA_2
[13:34:42] Fixed 3 duplicate /gene - tsaC1_1 tsaC1_2 tsaC1_3
[13:34:42] Fixed 3 duplicate /gene - mdeA_1 mdeA_2 mdeA_3
[13:34:42] Fixed 5 duplicate /gene - mcbR_1 mcbR_2 mcbR_3 mcbR_4 mcbR_5
[13:34:42] Fixed 2 duplicate /gene - afr_1 afr_2
[13:34:42] Fixed 2 duplicate /gene - gltX_1 gltX_2
[13:34:42] Fixed 2 duplicate /gene - folD_1 folD_2
[13:34:42] Fixed 2 duplicate /gene - gbpR_1 gbpR_2
[13:34:42] Fixed 3 duplicate /gene - guaB_1 guaB_2 guaB_3
[13:34:42] Fixed 2 duplicate /gene - gfo_1 gfo_2
[13:34:42] Fixed 4 duplicate /gene - gabD_1 gabD_2 gabD_3 gabD_4
[13:34:42] Fixed 4 duplicate /gene - bfmBAB_1 bfmBAB_2 bfmBAB_3 bfmBAB_4
[13:34:42] Fixed 2 duplicate /gene - ccpA_1 ccpA_2
[13:34:42] Fixed 2 duplicate /gene - ssuA_1 ssuA_2
[13:34:42] Fixed 2 duplicate /gene - virD4_1 virD4_2
[13:34:42] Fixed 3 duplicate /gene - ydjH_1 ydjH_2 ydjH_3
[13:34:42] Fixed 7 duplicate /gene - ycaD_1 ycaD_2 ycaD_3 ycaD_4 ycaD_5 ycaD_6 ycaD_7
[13:34:42] Fixed 3 duplicate /gene - dadA_1 dadA_2 dadA_3
[13:34:42] Fixed 2 duplicate /gene - ycdF_1 ycdF_2
[13:34:42] Fixed 2 duplicate /gene - glnM_1 glnM_2
[13:34:42] Fixed 2 duplicate /gene - pka_1 pka_2
[13:34:42] Fixed 2 duplicate /gene - cutM_1 cutM_2
[13:34:42] Fixed 3 duplicate /gene - puuC_1 puuC_2 puuC_3
[13:34:42] Fixed 2 duplicate /gene - hpxO_1 hpxO_2
[13:34:42] Fixed 2 duplicate /gene - bepF_1 bepF_2
[13:34:42] Fixed 3 duplicate /gene - arcA_1 arcA_2 arcA_3
[13:34:42] Fixed 4 duplicate /gene - dadA1_1 dadA1_2 dadA1_3 dadA1_4
[13:34:42] Fixed 12 duplicate /gene - rbsA_1 rbsA_2 rbsA_3 rbsA_4 rbsA_5 rbsA_6 rbsA_7 rbsA_8 rbsA_9 rbsA_10 rbsA_11 rbsA_12
[13:34:42] Fixed 2 duplicate /gene - bcr_1 bcr_2
[13:34:42] Fixed 2 duplicate /gene - doeB_1 doeB_2
[13:34:42] Fixed 3 duplicate /gene - surE_1 surE_2 surE_3
[13:34:42] Fixed 9 duplicate /gene - gsiA_1 gsiA_2 gsiA_3 gsiA_4 gsiA_5 gsiA_6 gsiA_7 gsiA_8 gsiA_9
[13:34:42] Fixed 2 duplicate /gene - fabH_1 fabH_2
[13:34:42] Fixed 12 duplicate /gene - iolG_1 iolG_2 iolG_3 iolG_4 iolG_5 iolG_6 iolG_7 iolG_8 iolG_9 iolG_10 iolG_11 iolG_12
[13:34:42] Fixed 3 duplicate /gene - sugC_1 sugC_2 sugC_3
[13:34:42] Fixed 2 duplicate /gene - yhjX_1 yhjX_2
[13:34:42] Fixed 3 duplicate /gene - argP_1 argP_2 argP_3
[13:34:42] Fixed 3 duplicate /gene - pepA_1 pepA_2 pepA_3
[13:34:42] Fixed 3 duplicate /gene - dgoD_1 dgoD_2 dgoD_3
[13:34:42] Fixed 2 duplicate /gene - traC_1 traC_2
[13:34:42] Fixed 2 duplicate /gene - Hgd_1 Hgd_2
[13:34:42] Fixed 8 duplicate /gene - mdtA_1 mdtA_2 mdtA_3 mdtA_4 mdtA_5 mdtA_6 mdtA_7 mdtA_8
[13:34:42] Fixed 2 duplicate /gene - mgtA_1 mgtA_2
[13:34:42] Fixed 10 duplicate /gene - yecS_1 yecS_2 yecS_3 yecS_4 yecS_5 yecS_6 yecS_7 yecS_8 yecS_9 yecS_10
[13:34:42] Fixed 2 duplicate /gene - gatA_1 gatA_2
[13:34:42] Fixed 3 duplicate /gene - ugpB_1 ugpB_2 ugpB_3
[13:34:42] Fixed 4 duplicate /gene - ugpA_1 ugpA_2 ugpA_3 ugpA_4
[13:34:42] Fixed 2 duplicate /gene - aphA_1 aphA_2
[13:34:42] Fixed 2 duplicate /gene - lolD_1 lolD_2
[13:34:42] Fixed 2 duplicate /gene - kbl_1 kbl_2
[13:34:42] Fixed 4 duplicate /gene - xylH_1 xylH_2 xylH_3 xylH_4
[13:34:42] Fixed 2 duplicate /gene - eamA_1 eamA_2
[13:34:42] Fixed 8 duplicate /gene - hisC_1 hisC_2 hisC_3 hisC_4 hisC_5 hisC_6 hisC_7 hisC_8
[13:34:42] Fixed 3 duplicate /gene - prsD_1 prsD_2 prsD_3
[13:34:42] Fixed 6 duplicate /gene - ssuB_1 ssuB_2 ssuB_3 ssuB_4 ssuB_5 ssuB_6
[13:34:42] Fixed 5 duplicate /gene - dxs_1 dxs_2 dxs_3 dxs_4 dxs_5
[13:34:42] Fixed 3 duplicate /gene - hipO_1 hipO_2 hipO_3
[13:34:42] Fixed 2 duplicate /gene - pcpR_1 pcpR_2
[13:34:42] Fixed 2 duplicate /gene - add2_1 add2_2
[13:34:42] Fixed 2 duplicate /gene - flhA_1 flhA_2
[13:34:42] Fixed 2 duplicate /gene - rutA_1 rutA_2
[13:34:42] Fixed 2 duplicate /gene - cytR_1 cytR_2
[13:34:42] Fixed 3 duplicate /gene - hbpA_1 hbpA_2 hbpA_3
[13:34:42] Fixed 5 duplicate /gene - gcvT_1 gcvT_2 gcvT_3 gcvT_4 gcvT_5
[13:34:42] Fixed 2 duplicate /gene - coaA_1 coaA_2
[13:34:42] Fixed 2 duplicate /gene - ndoA_1 ndoA_2
[13:34:42] Fixed 3 duplicate /gene - gpuA_1 gpuA_2 gpuA_3
[13:34:42] Fixed 2 duplicate /gene - thpR_1 thpR_2
[13:34:42] Fixed 2 duplicate /gene - yhbO_1 yhbO_2
[13:34:42] Fixed 5 duplicate /gene - xerC_1 xerC_2 xerC_3 xerC_4 xerC_5
[13:34:42] Fixed 3 duplicate /gene - ecfG_1 ecfG_2 ecfG_3
[13:34:42] Fixed 2 duplicate /gene - metK_1 metK_2
[13:34:42] Fixed 2 duplicate /gene - msbA_1 msbA_2
[13:34:42] Fixed 5 duplicate /gene - oppF_1 oppF_2 oppF_3 oppF_4 oppF_5
[13:34:42] Fixed 2 duplicate /gene - secA_1 secA_2
[13:34:42] Fixed 2 duplicate /gene - pat_1 pat_2
[13:34:42] Fixed 2 duplicate /gene - yurK_1 yurK_2
[13:34:42] Fixed 2 duplicate /gene - asnB_1 asnB_2
[13:34:42] Fixed 538 colliding /gene names.
[13:34:42] Adding /locus_tag identifiers
[13:34:42] Assigned 6626 locus_tags to CDS and RNA features.
[13:34:42] Writing outputs to NZP2042_prokka_clean/
[13:34:48] Generating annotation statistics file
[13:34:48] Generating Genbank and Sequin files
[13:34:48] Running: tbl2asn -V b -a r10k -l paired-ends -M n -N 1 -y 'Annotated using prokka 1.13.3 from https://github.com/tseemann/prokka' -Z NZP2042_prokka_clean\/NZP2042\.err -i NZP2042_prokka_clean\/NZP2042\.fsa 2> /dev/null
[13:34:58] Deleting unwanted file: NZP2042_prokka_clean/errorsummary.val
[13:34:58] Deleting unwanted file: NZP2042_prokka_clean/NZP2042.dr
[13:34:58] Deleting unwanted file: NZP2042_prokka_clean/NZP2042.fixedproducts
[13:34:58] Deleting unwanted file: NZP2042_prokka_clean/NZP2042.ecn
[13:34:58] Deleting unwanted file: NZP2042_prokka_clean/NZP2042.val
[13:34:58] Repairing broken .GBK output that tbl2asn produces...
[13:34:58] Running: sed 's/COORDINATES: profile/COORDINATES:profile/' < NZP2042_prokka_clean\/NZP2042\.gbf > NZP2042_prokka_clean\/NZP2042\.gbk
[13:34:58] Deleting unwanted file: NZP2042_prokka_clean/NZP2042.gbf
[13:34:58] Output files:
[13:34:58] NZP2042_prokka_clean/NZP2042.ffn
[13:34:58] NZP2042_prokka_clean/NZP2042.faa
[13:34:58] NZP2042_prokka_clean/NZP2042.fna
[13:34:58] NZP2042_prokka_clean/NZP2042.log
[13:34:58] NZP2042_prokka_clean/NZP2042.gbk
[13:34:58] NZP2042_prokka_clean/NZP2042.tsv
[13:34:58] NZP2042_prokka_clean/NZP2042.txt
[13:34:58] NZP2042_prokka_clean/NZP2042.sqn
[13:34:58] NZP2042_prokka_clean/NZP2042.gff
[13:34:58] NZP2042_prokka_clean/NZP2042.fsa
[13:34:58] NZP2042_prokka_clean/NZP2042.tbl
[13:34:58] NZP2042_prokka_clean/NZP2042.err
[13:34:58] Annotation finished successfully.
[13:34:58] Walltime used: 2.87 minutes
[13:34:58] If you use this result please cite the Prokka paper:
[13:34:58] Seemann T (2014) Prokka: rapid prokaryotic genome annotation. Bioinformatics. 30(14):2068-9.
[13:34:58] Type 'prokka --citation' for more details.
[13:34:58] Thank you, come again.
