[13:26:25] This is prokka 1.13.3
[13:26:25] Written by Torsten Seemann <torsten.seemann@gmail.com>
[13:26:25] Homepage is https://github.com/tseemann/prokka
[13:26:25] Local time is Wed Oct 17 13:26:25 2018
[13:26:25] You are ronson
[13:26:25] Operating system is linux
[13:26:25] You have BioPerl 1.007002
[13:26:25] System has 16 cores.
[13:26:25] Will use maximum of 14 cores.
[13:26:25] Annotating as >>> Bacteria <<<
[13:26:25] Creating new output folder: ATCC700743_prokka_clean
[13:26:25] Running: mkdir -p ATCC700743_prokka_clean
[13:26:25] Using filename prefix: ATCC700743.XXX
[13:26:25] Setting HMMER_NCPU=1
[13:26:25] Writing log to: ATCC700743_prokka_clean/ATCC700743.log
[13:26:25] Command: /home/ronson/miniconda3/envs/py36/bin/prokka --rawproduct --outdir ATCC700743_prokka_clean --prefix ATCC700743 --locustag ATCC700743 --genus Mesorhizobium --species loti --strain ATCC700743 --mincontiglen 10000 --cpus 14 ATCC700743.hybrid.final.fasta
[13:26:25] Appending to PATH: /home/ronson/miniconda3/envs/py36/bin
[13:26:25] Looking for 'aragorn' - found /home/ronson/miniconda3/envs/py36/bin/aragorn
[13:26:25] Determined aragorn version is 1.2
[13:26:25] Looking for 'barrnap' - found /home/ronson/miniconda3/envs/py36/bin/barrnap
[13:26:25] Determined barrnap version is 0.9
[13:26:25] Looking for 'blastp' - found /home/ronson/miniconda3/envs/py36/bin/blastp
[13:26:25] Determined blastp version is 2.7
[13:26:25] Looking for 'cmpress' - found /home/ronson/miniconda3/envs/py36/bin/cmpress
[13:26:25] Determined cmpress version is 1.1
[13:26:25] Looking for 'cmscan' - found /home/ronson/miniconda3/envs/py36/bin/cmscan
[13:26:25] Determined cmscan version is 1.1
[13:26:25] Looking for 'egrep' - found /bin/egrep
[13:26:25] Looking for 'find' - found /usr/bin/find
[13:26:25] Looking for 'grep' - found /bin/grep
[13:26:25] Looking for 'hmmpress' - found /home/ronson/miniconda3/envs/py36/bin/hmmpress
[13:26:25] Determined hmmpress version is 3.2
[13:26:25] Looking for 'hmmscan' - found /home/ronson/miniconda3/envs/py36/bin/hmmscan
[13:26:25] Determined hmmscan version is 3.2
[13:26:25] Looking for 'java' - found /home/ronson/miniconda3/envs/py36/bin/java
[13:26:25] Looking for 'less' - found /usr/bin/less
[13:26:25] Looking for 'makeblastdb' - found /home/ronson/miniconda3/envs/py36/bin/makeblastdb
[13:26:25] Determined makeblastdb version is 2.7
[13:26:25] Looking for 'minced' - found /home/ronson/miniconda3/envs/py36/bin/minced
[13:26:25] Determined minced version is 3.0
[13:26:25] Looking for 'parallel' - found /home/ronson/miniconda3/envs/py36/bin/parallel
[13:26:25] Determined parallel version is 20180922
[13:26:25] Looking for 'prodigal' - found /home/ronson/miniconda3/envs/py36/bin/prodigal
[13:26:25] Determined prodigal version is 2.6
[13:26:25] Looking for 'prokka-genbank_to_fasta_db' - found /home/ronson/miniconda3/envs/py36/bin/prokka-genbank_to_fasta_db
[13:26:25] Looking for 'sed' - found /bin/sed
[13:26:25] Looking for 'tbl2asn' - found /home/ronson/miniconda3/envs/py36/bin/tbl2asn
[13:26:25] Determined tbl2asn version is 25.6
[13:26:25] Using genetic code table 11.
[13:26:25] Loading and checking input file: ATCC700743.hybrid.final.fasta
[13:26:25] Wrote 3 contigs totalling 7201057 bp.
[13:26:25] Predicting tRNAs and tmRNAs
[13:26:25] Running: aragorn -l -gc11  -w ATCC700743_prokka_clean\/ATCC700743\.fna
[13:26:29] 1 tRNA-Thr [82583,82658] 34 (cgt)
[13:26:29] 2 tRNA-Ala c[320999,321074] 34 (ggc)
[13:26:29] 3 tRNA-Arg c[570333,570409] 35 (ccg)
[13:26:29] 4 tRNA-Arg [686066,686142] 35 (acg)
[13:26:29] 5 tRNA-Leu c[801133,801217] 35 (cag)
[13:26:29] 6 tRNA-Gly c[960277,960351] 33 (gcc)
[13:26:29] 7 tRNA-Ala c[1151779,1151854] 34 (cgc)
[13:26:29] 8 tRNA-Ser c[1233229,1233318] 35 (cga)
[13:26:29] 9 tRNA-Glu [1435887,1435961] 34 (ctc)
[13:26:29] 10 tRNA-Arg c[1562318,1562394] 35 (cct)
[13:26:29] 11 tRNA-Leu [1644574,1644658] 35 (caa)
[13:26:29] 12 tRNA-Ile [1690895,1690971] 35 (gat)
[13:26:29] 13 tRNA-Ala [1690992,1691067] 34 (tgc)
[13:26:29] 14 tRNA-Met [1694716,1694792] 35 (cat)
[13:26:29] 15 tRNA-Ile [1698390,1698466] 35 (gat)
[13:26:29] 16 tRNA-Ala [1698487,1698562] 34 (tgc)
[13:26:29] 17 tRNA-Met [1702211,1702287] 35 (cat)
[13:26:29] 18 tRNA-Ser [1880489,1880578] 35 (gga)
[13:26:29] 19 tRNA-Val c[1958015,1958089] 33 (gac)
[13:26:29] 20 tRNA-Met c[2172189,2172265] 35 (cat)
[13:26:29] 21 tRNA-Met [2475469,2475544] 34 (cat)
[13:26:29] 22 tRNA-Phe c[2481747,2481822] 34 (gaa)
[13:26:29] 23 tRNA-Thr [2505221,2505295] 33 (ggt)
[13:26:29] 24 tRNA-His [2630910,2630986] 35 (gtg)
[13:26:29] 25 tRNA-Tyr c[2964955,2965029] 30 (gta)
[13:26:29] 26 tRNA-Cys [3241582,3241657] 33 (gca)
[13:26:29] 27 tRNA-Ser c[3246381,3246471] 33 (cga)
[13:26:29] 28 tRNA-Gln c[3560536,3560609] 33 (ttg)
[13:26:29] 29 tRNA-Ala c[3712652,3712739] 30 (cgc)
[13:26:29] 30 tmRNA* c[3824221,3824563] 214,252 ANDNYAEARLAA*
[13:26:29] 31 tRNA-Lys [3891988,3892063] 34 (ctt)
[13:26:29] 32 tRNA-Leu [3937585,3937669] 35 (gag)
[13:26:29] tRNA c[4069454,4069529] is a pseudo/wacky gene - skipping.
[13:26:29] 34 tRNA-Asn c[4120981,4121055] 33 (gtt)
[13:26:29] 35 tRNA-Cys [4122059,4122132] 33 (gca)
[13:26:29] 36 tRNA-Leu c[4168762,4168846] 35 (tag)
[13:26:29] 37 tRNA-Glu c[4241553,4241627] 34 (ttc)
[13:26:29] 38 tRNA-Lys [4450243,4450318] 34 (ttt)
[13:26:29] 39 tRNA-Val c[4644837,4644911] 33 (cac)
[13:26:29] 40 tRNA-Ser c[4680981,4681070] 35 (tga)
[13:26:29] 41 tRNA-Trp c[4805899,4805974] 34 (cca)
[13:26:29] 42 tRNA-Gly c[4812192,4812265] 33 (tcc)
[13:26:29] 43 tRNA-Tyr c[4812356,4812440] 35 (gta)
[13:26:29] 44 tRNA-Thr [4820105,4820180] 34 (tgt)
[13:26:29] 45 tRNA-Leu [4889653,4889738] 35 (taa)
[13:26:29] 46 tRNA-Val c[5061946,5062021] 34 (tac)
[13:26:29] 47 tRNA-Asp [5062239,5062315] 35 (gtc)
[13:26:29] 48 tRNA-Pro [5113627,5113703] 35 (ggg)
[13:26:29] 49 tRNA-Gln [5183996,5184069] 33 (ctg)
[13:26:29] 50 tRNA-Cys [5186161,5186234] 33 (gca)
[13:26:29] 51 tRNA-Arg c[5288880,5288966] 32 (ccg)
[13:26:29] 52 tRNA-Arg c[5371217,5371293] 35 (tct)
[13:26:29] 53 tRNA-Pro [5371771,5371847] 35 (tgg)
[13:26:29] 54 tRNA-Ser [5544638,5544728] 35 (gct)
[13:26:29] 55 tRNA-Pro [5661935,5662011] 35 (cgg)
[13:26:29] 56 tRNA-Gln [5738291,5738365] 33 (ttg)
[13:26:29] 57 tRNA-Leu c[6230473,6230553] 31 (gag)
[13:26:29] 58 tRNA-Gly [6860653,6860726] 33 (ccc)
[13:26:29] Found 57 tRNAs
[13:26:29] Predicting Ribosomal RNAs
[13:26:29] Running Barrnap with 14 threads
[13:26:34] 1 1 1689183 16S ribosomal RNA
[13:26:34] 2 1 1691448 23S ribosomal RNA
[13:26:34] 3 1 1694447 5S ribosomal RNA
[13:26:34] 4 1 1696678 16S ribosomal RNA
[13:26:34] 5 1 1698943 23S ribosomal RNA
[13:26:34] 6 1 1701942 5S ribosomal RNA
[13:26:34] Found 6 rRNAs
[13:26:34] Skipping ncRNA search, enable with --rfam if desired.
[13:26:34] Total of 62 tRNA + rRNA features
[13:26:34] Searching for CRISPR repeats
[13:26:35] Found 0 CRISPRs
[13:26:35] Predicting coding sequences
[13:26:35] Contigs total 7201057 bp, so using single mode
[13:26:35] Running: prodigal -i ATCC700743_prokka_clean\/ATCC700743\.fna -c -m -g 11 -p single -f sco -q
[13:26:46] Excluding CDS which overlaps existing RNA (tRNA) at 1:1694594..1695211 on + strand
[13:26:46] Excluding CDS which overlaps existing RNA (tRNA) at 1:1880334..1880510 on + strand
[13:26:47] Excluding CDS which overlaps existing RNA (tRNA) at 1:2170604..2172232 on + strand
[13:26:47] Excluding CDS which overlaps existing RNA (tRNA) at 1:2964055..2965143 on - strand
[13:26:47] Excluding CDS which overlaps existing RNA (tRNA) at 1:3246418..3246915 on + strand
[13:26:48] Excluding CDS which overlaps existing RNA (tRNA) at 1:3711380..3713029 on + strand
[13:26:48] Excluding CDS which overlaps existing RNA (tRNA) at 1:3892026..3892220 on - strand
[13:26:49] Excluding CDS which overlaps existing RNA (tRNA) at 1:5288493..5290028 on - strand
[13:26:50] Excluding CDS which overlaps existing RNA (tRNA) at 1:6230344..6231243 on + strand
[13:26:50] Found 6999 CDS
[13:26:50] Connecting features back to sequences
[13:26:50] Not using genus-specific database. Try --usegenus to enable it.
[13:26:50] Annotating CDS, please be patient.
[13:26:50] Will use 14 CPUs for similarity searching.
[13:26:55] There are still 6999 unannotated CDS left (started with 6999)
[13:26:55] Will use blast to search against /home/ronson/miniconda3/envs/py36/db/kingdom/Bacteria/IS with 14 CPUs
[13:26:55] Running: cat ATCC700743_prokka_clean\/IS\.faa | parallel --gnu --plain -j 14 --block 76136 --recstart '>' --pipe blastp -query - -db /home/ronson/miniconda3/envs/py36/db/kingdom/Bacteria/IS -evalue 1e-30 -qcov_hsp_perc 90 -num_threads 1 -num_descriptions 1 -num_alignments 1 -seg no > ATCC700743_prokka_clean\/IS\.blast 2> /dev/null
[13:27:09] Deleting unwanted file: ATCC700743_prokka_clean/IS.faa
[13:27:09] Deleting unwanted file: ATCC700743_prokka_clean/IS.blast
[13:27:13] There are still 6949 unannotated CDS left (started with 6999)
[13:27:13] Will use blast to search against /home/ronson/miniconda3/envs/py36/db/kingdom/Bacteria/AMR with 14 CPUs
[13:27:13] Running: cat ATCC700743_prokka_clean\/AMR\.faa | parallel --gnu --plain -j 14 --block 75659 --recstart '>' --pipe blastp -query - -db /home/ronson/miniconda3/envs/py36/db/kingdom/Bacteria/AMR -evalue 9.99999999999999e-301 -qcov_hsp_perc 90 -num_threads 1 -num_descriptions 1 -num_alignments 1 -seg no > ATCC700743_prokka_clean\/AMR\.blast 2> /dev/null
[13:27:25] Deleting unwanted file: ATCC700743_prokka_clean/AMR.faa
[13:27:25] Deleting unwanted file: ATCC700743_prokka_clean/AMR.blast
[13:27:29] There are still 6949 unannotated CDS left (started with 6999)
[13:27:29] Will use blast to search against /home/ronson/miniconda3/envs/py36/db/kingdom/Bacteria/sprot with 14 CPUs
[13:27:29] Running: cat ATCC700743_prokka_clean\/sprot\.faa | parallel --gnu --plain -j 14 --block 75659 --recstart '>' --pipe blastp -query - -db /home/ronson/miniconda3/envs/py36/db/kingdom/Bacteria/sprot -evalue 1e-09 -qcov_hsp_perc 80 -num_threads 1 -num_descriptions 1 -num_alignments 1 -seg no > ATCC700743_prokka_clean\/sprot\.blast 2> /dev/null
[13:28:23] Deleting unwanted file: ATCC700743_prokka_clean/sprot.faa
[13:28:23] Deleting unwanted file: ATCC700743_prokka_clean/sprot.blast
[13:28:25] There are still 3899 unannotated CDS left (started with 6999)
[13:28:25] Will use hmmer3 to search against /home/ronson/miniconda3/envs/py36/db/hmm/HAMAP.hmm with 14 CPUs
[13:28:25] Running: cat ATCC700743_prokka_clean\/HAMAP\.hmm\.faa | parallel --gnu --plain -j 14 --block 36879 --recstart '>' --pipe hmmscan --noali --notextw --acc -E 1e-09 --cpu 1 /home/ronson/miniconda3/envs/py36/db/hmm/HAMAP.hmm /dev/stdin > ATCC700743_prokka_clean\/HAMAP\.hmm\.hmmer3 2> /dev/null
[13:29:05] Deleting unwanted file: ATCC700743_prokka_clean/HAMAP.hmm.faa
[13:29:05] Deleting unwanted file: ATCC700743_prokka_clean/HAMAP.hmm.hmmer3
[13:29:05] Labelling remaining 3447 proteins as 'hypothetical protein'
[13:29:05] Possible /pseudo 'Regulator of nucleoside diphosphate kinase' at 1 position 1251608
[13:29:05] Possible /pseudo 'Transcriptional regulatory protein OmpR' at 1 position 1494868
[13:29:05] Possible /pseudo 'Inner membrane protein YqaA' at 1 position 1561332
[13:29:05] Possible /pseudo 'RCS-specific HTH-type transcriptional activator RclR' at 1 position 1732613
[13:29:05] Possible /pseudo '6-aminohexanoate-dimer hydrolase' at 1 position 2089378
[13:29:05] Possible /pseudo 'HTH-type transcriptional activator RhaS' at 1 position 2133095
[13:29:05] Possible /pseudo 'Putative multidrug export ATP-binding/permease protein SA1683' at 1 position 2251903
[13:29:05] Possible /pseudo 'Cytochrome b/c1' at 1 position 2258071
[13:29:05] Possible /pseudo 'Cold shock protein CspA' at 1 position 2290357
[13:29:05] Possible /pseudo '2-iminobutanoate/2-iminopropanoate deaminase' at 1 position 2384595
[13:29:05] Possible /pseudo 'Putative serine protease HtrA' at 1 position 2467420
[13:29:05] Possible /pseudo 'Bifunctional protein FolD' at 1 position 2932872
[13:29:05] Possible /pseudo 'Ribose import permease protein RbsC' at 1 position 3644468
[13:29:05] Possible /pseudo 'Low affinity potassium transport system protein kup' at 1 position 3872409
[13:29:05] Possible /pseudo 'Uncharacterized MFS-type transporter YcaD' at 1 position 4037902
[13:29:05] Possible /pseudo 'IS5 family transposase IS427' at 1 position 4731244
[13:29:05] Possible /pseudo 'UDP-glucose 4-epimerase' at 1 position 5430524
[13:29:05] Possible /pseudo 'Porin Omp2b' at 1 position 5545023
[13:29:05] Possible /pseudo 'IS5 family transposase IS427' at 1 position 5596471
[13:29:05] Possible /pseudo 'ATP synthase subunit b' at 1 position 5825575
[13:29:05] Possible /pseudo 'Ribose import permease protein RbsC' at 1 position 6248480
[13:29:05] Possible /pseudo 'Low specificity L-threonine aldolase' at 1 position 6497708
[13:29:05] Possible /pseudo 'Tyrosine recombinase XerC' at 1 position 6546114
[13:29:05] Possible /pseudo 'Tyrosine recombinase XerC' at 1 position 6580750
[13:29:05] Possible /pseudo 'IS3 family transposase ISRj2' at 1 position 6765771
[13:29:05] Possible /pseudo 'Sensor histidine kinase RcsC' at 2 position 212721
[13:29:05] Found 1982 unique /gene codes.
[13:29:05] Fixed 4 duplicate /gene - purR_1 purR_2 purR_3 purR_4
[13:29:05] Fixed 2 duplicate /gene - pdeB_1 pdeB_2
[13:29:05] Fixed 2 duplicate /gene - puuR_1 puuR_2
[13:29:05] Fixed 2 duplicate /gene - purC_1 purC_2
[13:29:05] Fixed 10 duplicate /gene - ligD_1 ligD_2 ligD_3 ligD_4 ligD_5 ligD_6 ligD_7 ligD_8 ligD_9 ligD_10
[13:29:05] Fixed 2 duplicate /gene - cutS_1 cutS_2
[13:29:05] Fixed 2 duplicate /gene - phoU_1 phoU_2
[13:29:05] Fixed 2 duplicate /gene - yadH_1 yadH_2
[13:29:05] Fixed 4 duplicate /gene - amiC_1 amiC_2 amiC_3 amiC_4
[13:29:05] Fixed 2 duplicate /gene - bdcA_1 bdcA_2
[13:29:05] Fixed 2 duplicate /gene - yxeN_1 yxeN_2
[13:29:05] Fixed 3 duplicate /gene - chrR_1 chrR_2 chrR_3
[13:29:05] Fixed 2 duplicate /gene - nodA_1 nodA_2
[13:29:05] Fixed 13 duplicate /gene - lptB_1 lptB_2 lptB_3 lptB_4 lptB_5 lptB_6 lptB_7 lptB_8 lptB_9 lptB_10 lptB_11 lptB_12 lptB_13
[13:29:05] Fixed 3 duplicate /gene - betA_1 betA_2 betA_3
[13:29:05] Fixed 7 duplicate /gene - hcaB_1 hcaB_2 hcaB_3 hcaB_4 hcaB_5 hcaB_6 hcaB_7
[13:29:05] Fixed 3 duplicate /gene - mcl2_1 mcl2_2 mcl2_3
[13:29:05] Fixed 2 duplicate /gene - eltP_1 eltP_2
[13:29:05] Fixed 2 duplicate /gene - pgdA_1 pgdA_2
[13:29:05] Fixed 2 duplicate /gene - dapB_1 dapB_2
[13:29:05] Fixed 3 duplicate /gene - yphB_1 yphB_2 yphB_3
[13:29:05] Fixed 2 duplicate /gene - rhlG_1 rhlG_2
[13:29:05] Fixed 2 duplicate /gene - hpf_1 hpf_2
[13:29:05] Fixed 3 duplicate /gene - dadA_1 dadA_2 dadA_3
[13:29:05] Fixed 2 duplicate /gene - acoA_1 acoA_2
[13:29:05] Fixed 3 duplicate /gene - pepA_1 pepA_2 pepA_3
[13:29:05] Fixed 2 duplicate /gene - yegS_1 yegS_2
[13:29:05] Fixed 2 duplicate /gene - pitA_1 pitA_2
[13:29:05] Fixed 2 duplicate /gene - lolD_1 lolD_2
[13:29:05] Fixed 2 duplicate /gene - kup_1 kup_2
[13:29:05] Fixed 3 duplicate /gene - ycjO_1 ycjO_2 ycjO_3
[13:29:05] Fixed 2 duplicate /gene - entS_1 entS_2
[13:29:05] Fixed 2 duplicate /gene - clcB_1 clcB_2
[13:29:05] Fixed 2 duplicate /gene - dmdC_1 dmdC_2
[13:29:05] Fixed 2 duplicate /gene - dctD_1 dctD_2
[13:29:05] Fixed 3 duplicate /gene - udh_1 udh_2 udh_3
[13:29:05] Fixed 2 duplicate /gene - gppA_1 gppA_2
[13:29:05] Fixed 2 duplicate /gene - tadA_1 tadA_2
[13:29:05] Fixed 2 duplicate /gene - mshD_1 mshD_2
[13:29:05] Fixed 3 duplicate /gene - fdxB_1 fdxB_2 fdxB_3
[13:29:05] Fixed 2 duplicate /gene - mobA_1 mobA_2
[13:29:05] Fixed 2 duplicate /gene - cutL_1 cutL_2
[13:29:05] Fixed 2 duplicate /gene - msrA_1 msrA_2
[13:29:05] Fixed 2 duplicate /gene - norG_1 norG_2
[13:29:05] Fixed 2 duplicate /gene - sucD_1 sucD_2
[13:29:05] Fixed 3 duplicate /gene - dnaJ_1 dnaJ_2 dnaJ_3
[13:29:05] Fixed 2 duplicate /gene - rhlE_1 rhlE_2
[13:29:05] Fixed 2 duplicate /gene - ubiA_1 ubiA_2
[13:29:05] Fixed 2 duplicate /gene - clpP_1 clpP_2
[13:29:05] Fixed 2 duplicate /gene - queE_1 queE_2
[13:29:05] Fixed 2 duplicate /gene - tsaD_1 tsaD_2
[13:29:05] Fixed 2 duplicate /gene - ilvE_1 ilvE_2
[13:29:05] Fixed 2 duplicate /gene - dat_1 dat_2
[13:29:05] Fixed 2 duplicate /gene - purF_1 purF_2
[13:29:05] Fixed 5 duplicate /gene - nanR_1 nanR_2 nanR_3 nanR_4 nanR_5
[13:29:05] Fixed 7 duplicate /gene - doeA_1 doeA_2 doeA_3 doeA_4 doeA_5 doeA_6 doeA_7
[13:29:05] Fixed 3 duplicate /gene - ucpA_1 ucpA_2 ucpA_3
[13:29:05] Fixed 2 duplicate /gene - arnC_1 arnC_2
[13:29:05] Fixed 10 duplicate /gene - rhtB_1 rhtB_2 rhtB_3 rhtB_4 rhtB_5 rhtB_6 rhtB_7 rhtB_8 rhtB_9 rhtB_10
[13:29:05] Fixed 2 duplicate /gene - nylB_1 nylB_2
[13:29:05] Fixed 2 duplicate /gene - purD_1 purD_2
[13:29:05] Fixed 2 duplicate /gene - rffG_1 rffG_2
[13:29:05] Fixed 6 duplicate /gene - malK_1 malK_2 malK_3 malK_4 malK_5 malK_6
[13:29:05] Fixed 4 duplicate /gene - degP_1 degP_2 degP_3 degP_4
[13:29:05] Fixed 4 duplicate /gene - sugC_1 sugC_2 sugC_3 sugC_4
[13:29:05] Fixed 3 duplicate /gene - tas_1 tas_2 tas_3
[13:29:05] Fixed 2 duplicate /gene - murA_1 murA_2
[13:29:05] Fixed 2 duplicate /gene - allB_1 allB_2
[13:29:05] Fixed 7 duplicate /gene - dgoD_1 dgoD_2 dgoD_3 dgoD_4 dgoD_5 dgoD_6 dgoD_7
[13:29:05] Fixed 2 duplicate /gene - mtgA_1 mtgA_2
[13:29:05] Fixed 4 duplicate /gene - yvoA_1 yvoA_2 yvoA_3 yvoA_4
[13:29:05] Fixed 2 duplicate /gene - metG_1 metG_2
[13:29:05] Fixed 5 duplicate /gene - soxB_1 soxB_2 soxB_3 soxB_4 soxB_5
[13:29:05] Fixed 3 duplicate /gene - azoR_1 azoR_2 azoR_3
[13:29:05] Fixed 2 duplicate /gene - thadh_1 thadh_2
[13:29:05] Fixed 2 duplicate /gene - hprA_1 hprA_2
[13:29:05] Fixed 2 duplicate /gene - rnj_1 rnj_2
[13:29:05] Fixed 2 duplicate /gene - dctB_1 dctB_2
[13:29:05] Fixed 6 duplicate /gene - decR_1 decR_2 decR_3 decR_4 decR_5 decR_6
[13:29:05] Fixed 2 duplicate /gene - rppH_1 rppH_2
[13:29:05] Fixed 2 duplicate /gene - glmS_1 glmS_2
[13:29:05] Fixed 2 duplicate /gene - gno_1 gno_2
[13:29:05] Fixed 4 duplicate /gene - kce_1 kce_2 kce_3 kce_4
[13:29:05] Fixed 2 duplicate /gene - fixN_1 fixN_2
[13:29:05] Fixed 5 duplicate /gene - artJ_1 artJ_2 artJ_3 artJ_4 artJ_5
[13:29:05] Fixed 4 duplicate /gene - aam_1 aam_2 aam_3 aam_4
[13:29:05] Fixed 2 duplicate /gene - mlc_1 mlc_2
[13:29:05] Fixed 13 duplicate /gene - livH_1 livH_2 livH_3 livH_4 livH_5 livH_6 livH_7 livH_8 livH_9 livH_10 livH_11 livH_12 livH_13
[13:29:05] Fixed 3 duplicate /gene - metC_1 metC_2 metC_3
[13:29:05] Fixed 2 duplicate /gene - rfbB_1 rfbB_2
[13:29:05] Fixed 5 duplicate /gene - pcm_1 pcm_2 pcm_3 pcm_4 pcm_5
[13:29:05] Fixed 9 duplicate /gene - xerC_1 xerC_2 xerC_3 xerC_4 xerC_5 xerC_6 xerC_7 xerC_8 xerC_9
[13:29:05] Fixed 2 duplicate /gene - metK_1 metK_2
[13:29:05] Fixed 4 duplicate /gene - puuA_1 puuA_2 puuA_3 puuA_4
[13:29:05] Fixed 11 duplicate /gene - iolG_1 iolG_2 iolG_3 iolG_4 iolG_5 iolG_6 iolG_7 iolG_8 iolG_9 iolG_10 iolG_11
[13:29:05] Fixed 2 duplicate /gene - alsC_1 alsC_2
[13:29:05] Fixed 3 duplicate /gene - glxR_1 glxR_2 glxR_3
[13:29:05] Fixed 3 duplicate /gene - mntH_1 mntH_2 mntH_3
[13:29:05] Fixed 2 duplicate /gene - osmC_1 osmC_2
[13:29:05] Fixed 13 duplicate /gene - dmlR_1 dmlR_2 dmlR_3 dmlR_4 dmlR_5 dmlR_6 dmlR_7 dmlR_8 dmlR_9 dmlR_10 dmlR_11 dmlR_12 dmlR_13
[13:29:05] Fixed 8 duplicate /gene - potB_1 potB_2 potB_3 potB_4 potB_5 potB_6 potB_7 potB_8
[13:29:05] Fixed 6 duplicate /gene - ompR_1 ompR_2 ompR_3 ompR_4 ompR_5 ompR_6
[13:29:05] Fixed 2 duplicate /gene - ilvD_1 ilvD_2
[13:29:05] Fixed 2 duplicate /gene - araP_1 araP_2
[13:29:05] Fixed 2 duplicate /gene - qorB_1 qorB_2
[13:29:05] Fixed 2 duplicate /gene - nifD_1 nifD_2
[13:29:05] Fixed 2 duplicate /gene - vdh_1 vdh_2
[13:29:05] Fixed 2 duplicate /gene - nusG_1 nusG_2
[13:29:05] Fixed 4 duplicate /gene - rbsK_1 rbsK_2 rbsK_3 rbsK_4
[13:29:05] Fixed 2 duplicate /gene - suhB_1 suhB_2
[13:29:05] Fixed 2 duplicate /gene - bepE_1 bepE_2
[13:29:05] Fixed 5 duplicate /gene - ugpA_1 ugpA_2 ugpA_3 ugpA_4 ugpA_5
[13:29:05] Fixed 4 duplicate /gene - dadA1_1 dadA1_2 dadA1_3 dadA1_4
[13:29:05] Fixed 2 duplicate /gene - ligC_1 ligC_2
[13:29:05] Fixed 4 duplicate /gene - ghrB_1 ghrB_2 ghrB_3 ghrB_4
[13:29:05] Fixed 2 duplicate /gene - sppA_1 sppA_2
[13:29:05] Fixed 2 duplicate /gene - araC_1 araC_2
[13:29:05] Fixed 2 duplicate /gene - rihA_1 rihA_2
[13:29:05] Fixed 2 duplicate /gene - iorB_1 iorB_2
[13:29:05] Fixed 3 duplicate /gene - scpB_1 scpB_2 scpB_3
[13:29:05] Fixed 5 duplicate /gene - bacC_1 bacC_2 bacC_3 bacC_4 bacC_5
[13:29:05] Fixed 13 duplicate /gene - livF_1 livF_2 livF_3 livF_4 livF_5 livF_6 livF_7 livF_8 livF_9 livF_10 livF_11 livF_12 livF_13
[13:29:05] Fixed 9 duplicate /gene - rhaS_1 rhaS_2 rhaS_3 rhaS_4 rhaS_5 rhaS_6 rhaS_7 rhaS_8 rhaS_9
[13:29:05] Fixed 2 duplicate /gene - yihV_1 yihV_2
[13:29:05] Fixed 2 duplicate /gene - menH_1 menH_2
[13:29:05] Fixed 2 duplicate /gene - pgsA_1 pgsA_2
[13:29:05] Fixed 2 duplicate /gene - dppC_1 dppC_2
[13:29:05] Fixed 2 duplicate /gene - rpoH_1 rpoH_2
[13:29:05] Fixed 5 duplicate /gene - cpdA_1 cpdA_2 cpdA_3 cpdA_4 cpdA_5
[13:29:05] Fixed 2 duplicate /gene - ulaR_1 ulaR_2
[13:29:05] Fixed 7 duplicate /gene - oxyR_1 oxyR_2 oxyR_3 oxyR_4 oxyR_5 oxyR_6 oxyR_7
[13:29:05] Fixed 2 duplicate /gene - gbsA_1 gbsA_2
[13:29:05] Fixed 4 duplicate /gene - dppB_1 dppB_2 dppB_3 dppB_4
[13:29:05] Fixed 2 duplicate /gene - nodF_1 nodF_2
[13:29:05] Fixed 4 duplicate /gene - acsA_1 acsA_2 acsA_3 acsA_4
[13:29:05] Fixed 2 duplicate /gene - cpdR_1 cpdR_2
[13:29:05] Fixed 8 duplicate /gene - glnQ_1 glnQ_2 glnQ_3 glnQ_4 glnQ_5 glnQ_6 glnQ_7 glnQ_8
[13:29:05] Fixed 2 duplicate /gene - carA_1 carA_2
[13:29:05] Fixed 2 duplicate /gene - novR_1 novR_2
[13:29:05] Fixed 15 duplicate /gene - btuD_1 btuD_2 btuD_3 btuD_4 btuD_5 btuD_6 btuD_7 btuD_8 btuD_9 btuD_10 btuD_11 btuD_12 btuD_13 btuD_14 btuD_15
[13:29:05] Fixed 2 duplicate /gene - fieF_1 fieF_2
[13:29:05] Fixed 2 duplicate /gene - artQ_1 artQ_2
[13:29:05] Fixed 6 duplicate /gene - gsiA_1 gsiA_2 gsiA_3 gsiA_4 gsiA_5 gsiA_6
[13:29:05] Fixed 3 duplicate /gene - lcdH_1 lcdH_2 lcdH_3
[13:29:05] Fixed 3 duplicate /gene - lexA_1 lexA_2 lexA_3
[13:29:05] Fixed 2 duplicate /gene - fcl_1 fcl_2
[13:29:05] Fixed 2 duplicate /gene - phyR_1 phyR_2
[13:29:05] Fixed 2 duplicate /gene - gpmA_1 gpmA_2
[13:29:05] Fixed 2 duplicate /gene - melA_1 melA_2
[13:29:05] Fixed 2 duplicate /gene - malL_1 malL_2
[13:29:05] Fixed 2 duplicate /gene - copA_1 copA_2
[13:29:05] Fixed 2 duplicate /gene - rsmB_1 rsmB_2
[13:29:05] Fixed 3 duplicate /gene - sufS_1 sufS_2 sufS_3
[13:29:05] Fixed 2 duplicate /gene - accB_1 accB_2
[13:29:05] Fixed 2 duplicate /gene - yhbO_1 yhbO_2
[13:29:05] Fixed 2 duplicate /gene - kefG_1 kefG_2
[13:29:05] Fixed 2 duplicate /gene - otsA_1 otsA_2
[13:29:05] Fixed 4 duplicate /gene - ectB_1 ectB_2 ectB_3 ectB_4
[13:29:05] Fixed 2 duplicate /gene - lolA_1 lolA_2
[13:29:05] Fixed 2 duplicate /gene - dprE1_1 dprE1_2
[13:29:05] Fixed 5 duplicate /gene - ribX_1 ribX_2 ribX_3 ribX_4 ribX_5
[13:29:05] Fixed 2 duplicate /gene - ssuD_1 ssuD_2
[13:29:05] Fixed 2 duplicate /gene - surE_1 surE_2
[13:29:05] Fixed 2 duplicate /gene - kdgR_1 kdgR_2
[13:29:05] Fixed 11 duplicate /gene - abo_1 abo_2 abo_3 abo_4 abo_5 abo_6 abo_7 abo_8 abo_9 abo_10 abo_11
[13:29:05] Fixed 2 duplicate /gene - cobB_1 cobB_2
[13:29:05] Fixed 8 duplicate /gene - araQ_1 araQ_2 araQ_3 araQ_4 araQ_5 araQ_6 araQ_7 araQ_8
[13:29:05] Fixed 2 duplicate /gene - regA_1 regA_2
[13:29:05] Fixed 2 duplicate /gene - phaB_1 phaB_2
[13:29:05] Fixed 2 duplicate /gene - smc_1 smc_2
[13:29:05] Fixed 7 duplicate /gene - gsiD_1 gsiD_2 gsiD_3 gsiD_4 gsiD_5 gsiD_6 gsiD_7
[13:29:05] Fixed 2 duplicate /gene - pdhC_1 pdhC_2
[13:29:05] Fixed 8 duplicate /gene - mdtA_1 mdtA_2 mdtA_3 mdtA_4 mdtA_5 mdtA_6 mdtA_7 mdtA_8
[13:29:05] Fixed 2 duplicate /gene - trmL_1 trmL_2
[13:29:05] Fixed 2 duplicate /gene - ku_1 ku_2
[13:29:05] Fixed 2 duplicate /gene - gutB_1 gutB_2
[13:29:05] Fixed 2 duplicate /gene - dhaK_1 dhaK_2
[13:29:05] Fixed 2 duplicate /gene - kmo_1 kmo_2
[13:29:05] Fixed 3 duplicate /gene - lrpC_1 lrpC_2 lrpC_3
[13:29:05] Fixed 3 duplicate /gene - glpD_1 glpD_2 glpD_3
[13:29:05] Fixed 3 duplicate /gene - ada_1 ada_2 ada_3
[13:29:05] Fixed 4 duplicate /gene - rplU_1 rplU_2 rplU_3 rplU_4
[13:29:05] Fixed 2 duplicate /gene - ubiI_1 ubiI_2
[13:29:05] Fixed 3 duplicate /gene - mdtC_1 mdtC_2 mdtC_3
[13:29:05] Fixed 4 duplicate /gene - degU_1 degU_2 degU_3 degU_4
[13:29:05] Fixed 2 duplicate /gene - crtI_1 crtI_2
[13:29:05] Fixed 2 duplicate /gene - regB_1 regB_2
[13:29:05] Fixed 17 duplicate /gene - rbsA_1 rbsA_2 rbsA_3 rbsA_4 rbsA_5 rbsA_6 rbsA_7 rbsA_8 rbsA_9 rbsA_10 rbsA_11 rbsA_12 rbsA_13 rbsA_14 rbsA_15 rbsA_16 rbsA_17
[13:29:05] Fixed 3 duplicate /gene - groS1_1 groS1_2 groS1_3
[13:29:05] Fixed 2 duplicate /gene - msrB_1 msrB_2
[13:29:05] Fixed 2 duplicate /gene - dnaE2_1 dnaE2_2
[13:29:05] Fixed 3 duplicate /gene - aes_1 aes_2 aes_3
[13:29:05] Fixed 2 duplicate /gene - xylF_1 xylF_2
[13:29:05] Fixed 3 duplicate /gene - mmgB_1 mmgB_2 mmgB_3
[13:29:05] Fixed 2 duplicate /gene - groL1_1 groL1_2
[13:29:05] Fixed 2 duplicate /gene - thiE_1 thiE_2
[13:29:05] Fixed 4 duplicate /gene - dapA_1 dapA_2 dapA_3 dapA_4
[13:29:05] Fixed 2 duplicate /gene - rbsR_1 rbsR_2
[13:29:05] Fixed 5 duplicate /gene - gcvT_1 gcvT_2 gcvT_3 gcvT_4 gcvT_5
[13:29:05] Fixed 2 duplicate /gene - fabG2_1 fabG2_2
[13:29:05] Fixed 2 duplicate /gene - phnM_1 phnM_2
[13:29:05] Fixed 3 duplicate /gene - folD_1 folD_2 folD_3
[13:29:05] Fixed 2 duplicate /gene - yofA_1 yofA_2
[13:29:05] Fixed 3 duplicate /gene - pka_1 pka_2 pka_3
[13:29:05] Fixed 2 duplicate /gene - lsrR_1 lsrR_2
[13:29:05] Fixed 2 duplicate /gene - frcC_1 frcC_2
[13:29:05] Fixed 2 duplicate /gene - actIII_1 actIII_2
[13:29:05] Fixed 2 duplicate /gene - npcC_1 npcC_2
[13:29:05] Fixed 2 duplicate /gene - ftsZ_1 ftsZ_2
[13:29:05] Fixed 7 duplicate /gene - cspA_1 cspA_2 cspA_3 cspA_4 cspA_5 cspA_6 cspA_7
[13:29:05] Fixed 2 duplicate /gene - lysDH_1 lysDH_2
[13:29:05] Fixed 2 duplicate /gene - tuf1_1 tuf1_2
[13:29:05] Fixed 2 duplicate /gene - cbs_1 cbs_2
[13:29:05] Fixed 2 duplicate /gene - ybhL_1 ybhL_2
[13:29:05] Fixed 2 duplicate /gene - gloB_1 gloB_2
[13:29:05] Fixed 6 duplicate /gene - iolS_1 iolS_2 iolS_3 iolS_4 iolS_5 iolS_6
[13:29:05] Fixed 3 duplicate /gene - dppA_1 dppA_2 dppA_3
[13:29:05] Fixed 2 duplicate /gene - ldc_1 ldc_2
[13:29:05] Fixed 4 duplicate /gene - hipO_1 hipO_2 hipO_3 hipO_4
[13:29:05] Fixed 4 duplicate /gene - panB_1 panB_2 panB_3 panB_4
[13:29:05] Fixed 4 duplicate /gene - oppD_1 oppD_2 oppD_3 oppD_4
[13:29:05] Fixed 2 duplicate /gene - tcyB_1 tcyB_2
[13:29:05] Fixed 3 duplicate /gene - ndoA_1 ndoA_2 ndoA_3
[13:29:05] Fixed 4 duplicate /gene - betB_1 betB_2 betB_3 betB_4
[13:29:05] Fixed 3 duplicate /gene - yjiA_1 yjiA_2 yjiA_3
[13:29:05] Fixed 2 duplicate /gene - flhA_1 flhA_2
[13:29:05] Fixed 8 duplicate /gene - betI_1 betI_2 betI_3 betI_4 betI_5 betI_6 betI_7 betI_8
[13:29:05] Fixed 2 duplicate /gene - fitB_1 fitB_2
[13:29:05] Fixed 4 duplicate /gene - dapE_1 dapE_2 dapE_3 dapE_4
[13:29:05] Fixed 2 duplicate /gene - csd_1 csd_2
[13:29:05] Fixed 2 duplicate /gene - nhaK_1 nhaK_2
[13:29:05] Fixed 3 duplicate /gene - asnB_1 asnB_2 asnB_3
[13:29:05] Fixed 2 duplicate /gene - traG_1 traG_2
[13:29:05] Fixed 3 duplicate /gene - lldD_1 lldD_2 lldD_3
[13:29:05] Fixed 4 duplicate /gene - yciF_1 yciF_2 yciF_3 yciF_4
[13:29:05] Fixed 2 duplicate /gene - polS_1 polS_2
[13:29:05] Fixed 2 duplicate /gene - caiD_1 caiD_2
[13:29:05] Fixed 5 duplicate /gene - stp_1 stp_2 stp_3 stp_4 stp_5
[13:29:05] Fixed 6 duplicate /gene - ribN_1 ribN_2 ribN_3 ribN_4 ribN_5 ribN_6
[13:29:05] Fixed 2 duplicate /gene - yurK_1 yurK_2
[13:29:05] Fixed 5 duplicate /gene - fixK_1 fixK_2 fixK_3 fixK_4 fixK_5
[13:29:05] Fixed 3 duplicate /gene - emrB_1 emrB_2 emrB_3
[13:29:05] Fixed 3 duplicate /gene - mdtB_1 mdtB_2 mdtB_3
[13:29:05] Fixed 3 duplicate /gene - gfo_1 gfo_2 gfo_3
[13:29:05] Fixed 2 duplicate /gene - nadE_1 nadE_2
[13:29:05] Fixed 2 duplicate /gene - paiB_1 paiB_2
[13:29:05] Fixed 3 duplicate /gene - acdA_1 acdA_2 acdA_3
[13:29:05] Fixed 5 duplicate /gene - kduD_1 kduD_2 kduD_3 kduD_4 kduD_5
[13:29:05] Fixed 2 duplicate /gene - gtaB_1 gtaB_2
[13:29:05] Fixed 2 duplicate /gene - livQ_1 livQ_2
[13:29:05] Fixed 2 duplicate /gene - dkgB_1 dkgB_2
[13:29:05] Fixed 2 duplicate /gene - rep_1 rep_2
[13:29:05] Fixed 5 duplicate /gene - prsE_1 prsE_2 prsE_3 prsE_4 prsE_5
[13:29:05] Fixed 2 duplicate /gene - wbgU_1 wbgU_2
[13:29:05] Fixed 2 duplicate /gene - guaB_1 guaB_2
[13:29:05] Fixed 3 duplicate /gene - ltaE_1 ltaE_2 ltaE_3
[13:29:05] Fixed 3 duplicate /gene - apc3_1 apc3_2 apc3_3
[13:29:05] Fixed 2 duplicate /gene - nadA_1 nadA_2
[13:29:05] Fixed 2 duplicate /gene - glnH_1 glnH_2
[13:29:05] Fixed 3 duplicate /gene - recD2_1 recD2_2 recD2_3
[13:29:05] Fixed 2 duplicate /gene - cyoC_1 cyoC_2
[13:29:05] Fixed 2 duplicate /gene - xylG_1 xylG_2
[13:29:05] Fixed 2 duplicate /gene - nylA_1 nylA_2
[13:29:05] Fixed 2 duplicate /gene - accC_1 accC_2
[13:29:05] Fixed 2 duplicate /gene - gbpR_1 gbpR_2
[13:29:05] Fixed 2 duplicate /gene - yhdN_1 yhdN_2
[13:29:05] Fixed 2 duplicate /gene - bcr_1 bcr_2
[13:29:05] Fixed 2 duplicate /gene - prmC_1 prmC_2
[13:29:05] Fixed 8 duplicate /gene - cdhR_1 cdhR_2 cdhR_3 cdhR_4 cdhR_5 cdhR_6 cdhR_7 cdhR_8
[13:29:05] Fixed 17 duplicate /gene - sasA_1 sasA_2 sasA_3 sasA_4 sasA_5 sasA_6 sasA_7 sasA_8 sasA_9 sasA_10 sasA_11 sasA_12 sasA_13 sasA_14 sasA_15 sasA_16 sasA_17
[13:29:05] Fixed 2 duplicate /gene - bepF_1 bepF_2
[13:29:05] Fixed 5 duplicate /gene - soxD_1 soxD_2 soxD_3 soxD_4 soxD_5
[13:29:05] Fixed 2 duplicate /gene - garR_1 garR_2
[13:29:05] Fixed 2 duplicate /gene - exbD_1 exbD_2
[13:29:05] Fixed 2 duplicate /gene - pdxB_1 pdxB_2
[13:29:05] Fixed 3 duplicate /gene - ddpC_1 ddpC_2 ddpC_3
[13:29:05] Fixed 2 duplicate /gene - msmE_1 msmE_2
[13:29:05] Fixed 8 duplicate /gene - hdfR_1 hdfR_2 hdfR_3 hdfR_4 hdfR_5 hdfR_6 hdfR_7 hdfR_8
[13:29:05] Fixed 2 duplicate /gene - araB_1 araB_2
[13:29:05] Fixed 2 duplicate /gene - groL5_1 groL5_2
[13:29:05] Fixed 11 duplicate /gene - rbsB_1 rbsB_2 rbsB_3 rbsB_4 rbsB_5 rbsB_6 rbsB_7 rbsB_8 rbsB_9 rbsB_10 rbsB_11
[13:29:05] Fixed 2 duplicate /gene - ycf3_1 ycf3_2
[13:29:05] Fixed 2 duplicate /gene - rsmA_1 rsmA_2
[13:29:05] Fixed 2 duplicate /gene - nifA_1 nifA_2
[13:29:05] Fixed 3 duplicate /gene - arcA_1 arcA_2 arcA_3
[13:29:05] Fixed 5 duplicate /gene - rutB_1 rutB_2 rutB_3 rutB_4 rutB_5
[13:29:05] Fixed 3 duplicate /gene - doeB_1 doeB_2 doeB_3
[13:29:05] Fixed 3 duplicate /gene - mcbR_1 mcbR_2 mcbR_3
[13:29:05] Fixed 2 duplicate /gene - argF_1 argF_2
[13:29:05] Fixed 2 duplicate /gene - ubiG_1 ubiG_2
[13:29:05] Fixed 4 duplicate /gene - xthA_1 xthA_2 xthA_3 xthA_4
[13:29:05] Fixed 2 duplicate /gene - gmd_1 gmd_2
[13:29:05] Fixed 2 duplicate /gene - kdgK_1 kdgK_2
[13:29:05] Fixed 4 duplicate /gene - uctC_1 uctC_2 uctC_3 uctC_4
[13:29:05] Fixed 3 duplicate /gene - ydhP_1 ydhP_2 ydhP_3
[13:29:05] Fixed 2 duplicate /gene - dddP_1 dddP_2
[13:29:05] Fixed 3 duplicate /gene - apc4_1 apc4_2 apc4_3
[13:29:05] Fixed 33 duplicate /gene - rbsC_1 rbsC_2 rbsC_3 rbsC_4 rbsC_5 rbsC_6 rbsC_7 rbsC_8 rbsC_9 rbsC_10 rbsC_11 rbsC_12 rbsC_13 rbsC_14 rbsC_15 rbsC_16 rbsC_17 rbsC_18 rbsC_19 rbsC_20 rbsC_21 rbsC_22 rbsC_23 rbsC_24 rbsC_25 rbsC_26 rbsC_27 rbsC_28 rbsC_29 rbsC_30 rbsC_31 rbsC_32 rbsC_33
[13:29:05] Fixed 4 duplicate /gene - hsrA_1 hsrA_2 hsrA_3 hsrA_4
[13:29:05] Fixed 8 duplicate /gene - spuC_1 spuC_2 spuC_3 spuC_4 spuC_5 spuC_6 spuC_7 spuC_8
[13:29:05] Fixed 2 duplicate /gene - yqaA_1 yqaA_2
[13:29:05] Fixed 3 duplicate /gene - catD_1 catD_2 catD_3
[13:29:05] Fixed 3 duplicate /gene - yfcG_1 yfcG_2 yfcG_3
[13:29:05] Fixed 2 duplicate /gene - crt_1 crt_2
[13:29:05] Fixed 3 duplicate /gene - cnbH_1 cnbH_2 cnbH_3
[13:29:05] Fixed 3 duplicate /gene - bdhA_1 bdhA_2 bdhA_3
[13:29:05] Fixed 4 duplicate /gene - qorA_1 qorA_2 qorA_3 qorA_4
[13:29:05] Fixed 2 duplicate /gene - maiA_1 maiA_2
[13:29:05] Fixed 2 duplicate /gene - cmpD_1 cmpD_2
[13:29:05] Fixed 2 duplicate /gene - rnr_1 rnr_2
[13:29:05] Fixed 2 duplicate /gene - dhaA_1 dhaA_2
[13:29:05] Fixed 4 duplicate /gene - nodD2_1 nodD2_2 nodD2_3 nodD2_4
[13:29:05] Fixed 3 duplicate /gene - ecfG_1 ecfG_2 ecfG_3
[13:29:05] Fixed 2 duplicate /gene - cytR_1 cytR_2
[13:29:05] Fixed 3 duplicate /gene - nodM_1 nodM_2 nodM_3
[13:29:05] Fixed 2 duplicate /gene - flgG_1 flgG_2
[13:29:05] Fixed 2 duplicate /gene - rnk_1 rnk_2
[13:29:05] Fixed 4 duplicate /gene - azoB_1 azoB_2 azoB_3 azoB_4
[13:29:05] Fixed 7 duplicate /gene - ycjP_1 ycjP_2 ycjP_3 ycjP_4 ycjP_5 ycjP_6 ycjP_7
[13:29:05] Fixed 2 duplicate /gene - thrB_1 thrB_2
[13:29:05] Fixed 2 duplicate /gene - hexR_1 hexR_2
[13:29:05] Fixed 3 duplicate /gene - sigW_1 sigW_2 sigW_3
[13:29:05] Fixed 3 duplicate /gene - nepI_1 nepI_2 nepI_3
[13:29:05] Fixed 2 duplicate /gene - mepA_1 mepA_2
[13:29:05] Fixed 2 duplicate /gene - spuD_1 spuD_2
[13:29:05] Fixed 6 duplicate /gene - soxA_1 soxA_2 soxA_3 soxA_4 soxA_5 soxA_6
[13:29:05] Fixed 4 duplicate /gene - rutA_1 rutA_2 rutA_3 rutA_4
[13:29:05] Fixed 2 duplicate /gene - gpuA_1 gpuA_2
[13:29:05] Fixed 8 duplicate /gene - mshA_1 mshA_2 mshA_3 mshA_4 mshA_5 mshA_6 mshA_7 mshA_8
[13:29:05] Fixed 2 duplicate /gene - galE_1 galE_2
[13:29:05] Fixed 2 duplicate /gene - ghrA_1 ghrA_2
[13:29:05] Fixed 2 duplicate /gene - hepA_1 hepA_2
[13:29:05] Fixed 3 duplicate /gene - rutF_1 rutF_2 rutF_3
[13:29:05] Fixed 2 duplicate /gene - intA_1 intA_2
[13:29:05] Fixed 2 duplicate /gene - aas_1 aas_2
[13:29:05] Fixed 3 duplicate /gene - ccpA_1 ccpA_2 ccpA_3
[13:29:05] Fixed 2 duplicate /gene - hlyU_1 hlyU_2
[13:29:05] Fixed 11 duplicate /gene - ubiE_1 ubiE_2 ubiE_3 ubiE_4 ubiE_5 ubiE_6 ubiE_7 ubiE_8 ubiE_9 ubiE_10 ubiE_11
[13:29:05] Fixed 3 duplicate /gene - yejF_1 yejF_2 yejF_3
[13:29:05] Fixed 2 duplicate /gene - czcO_1 czcO_2
[13:29:05] Fixed 2 duplicate /gene - nudC_1 nudC_2
[13:29:05] Fixed 2 duplicate /gene - cutC_1 cutC_2
[13:29:05] Fixed 2 duplicate /gene - yceJ_1 yceJ_2
[13:29:05] Fixed 5 duplicate /gene - ssuB_1 ssuB_2 ssuB_3 ssuB_4 ssuB_5
[13:29:05] Fixed 2 duplicate /gene - msbA_1 msbA_2
[13:29:05] Fixed 2 duplicate /gene - yoaE_1 yoaE_2
[13:29:05] Fixed 2 duplicate /gene - fixP_1 fixP_2
[13:29:05] Fixed 2 duplicate /gene - afr_1 afr_2
[13:29:05] Fixed 2 duplicate /gene - cysL_1 cysL_2
[13:29:05] Fixed 2 duplicate /gene - ptsI_1 ptsI_2
[13:29:05] Fixed 3 duplicate /gene - ald_1 ald_2 ald_3
[13:29:05] Fixed 21 duplicate /gene - fabG_1 fabG_2 fabG_3 fabG_4 fabG_5 fabG_6 fabG_7 fabG_8 fabG_9 fabG_10 fabG_11 fabG_12 fabG_13 fabG_14 fabG_15 fabG_16 fabG_17 fabG_18 fabG_19 fabG_20 fabG_21
[13:29:05] Fixed 3 duplicate /gene - oppA_1 oppA_2 oppA_3
[13:29:05] Fixed 9 duplicate /gene - sugB_1 sugB_2 sugB_3 sugB_4 sugB_5 sugB_6 sugB_7 sugB_8 sugB_9
[13:29:05] Fixed 4 duplicate /gene - dauA_1 dauA_2 dauA_3 dauA_4
[13:29:05] Fixed 2 duplicate /gene - queD_1 queD_2
[13:29:05] Fixed 14 duplicate /gene - potA_1 potA_2 potA_3 potA_4 potA_5 potA_6 potA_7 potA_8 potA_9 potA_10 potA_11 potA_12 potA_13 potA_14
[13:29:05] Fixed 2 duplicate /gene - Hgd_1 Hgd_2
[13:29:05] Fixed 5 duplicate /gene - yyaP_1 yyaP_2 yyaP_3 yyaP_4 yyaP_5
[13:29:05] Fixed 2 duplicate /gene - lpxD_1 lpxD_2
[13:29:05] Fixed 2 duplicate /gene - purN_1 purN_2
[13:29:05] Fixed 8 duplicate /gene - yecS_1 yecS_2 yecS_3 yecS_4 yecS_5 yecS_6 yecS_7 yecS_8
[13:29:05] Fixed 4 duplicate /gene - dxs_1 dxs_2 dxs_3 dxs_4
[13:29:05] Fixed 2 duplicate /gene - rnd_1 rnd_2
[13:29:05] Fixed 2 duplicate /gene - paaF_1 paaF_2
[13:29:05] Fixed 2 duplicate /gene - phoP_1 phoP_2
[13:29:05] Fixed 10 duplicate /gene - lacF_1 lacF_2 lacF_3 lacF_4 lacF_5 lacF_6 lacF_7 lacF_8 lacF_9 lacF_10
[13:29:05] Fixed 2 duplicate /gene - dnaK_1 dnaK_2
[13:29:05] Fixed 2 duplicate /gene - aphA_1 aphA_2
[13:29:05] Fixed 2 duplicate /gene - ssuC_1 ssuC_2
[13:29:05] Fixed 2 duplicate /gene - acm_1 acm_2
[13:29:05] Fixed 2 duplicate /gene - adc_1 adc_2
[13:29:05] Fixed 7 duplicate /gene - ycaD_1 ycaD_2 ycaD_3 ycaD_4 ycaD_5 ycaD_6 ycaD_7
[13:29:05] Fixed 2 duplicate /gene - gatA_1 gatA_2
[13:29:05] Fixed 3 duplicate /gene - htrA_1 htrA_2 htrA_3
[13:29:05] Fixed 3 duplicate /gene - nanK_1 nanK_2 nanK_3
[13:29:05] Fixed 2 duplicate /gene - emrK_1 emrK_2
[13:29:05] Fixed 5 duplicate /gene - yieH_1 yieH_2 yieH_3 yieH_4 yieH_5
[13:29:05] Fixed 3 duplicate /gene - fucU_1 fucU_2 fucU_3
[13:29:05] Fixed 3 duplicate /gene - adhT_1 adhT_2 adhT_3
[13:29:05] Fixed 2 duplicate /gene - dppE_1 dppE_2
[13:29:05] Fixed 3 duplicate /gene - gntR_1 gntR_2 gntR_3
[13:29:05] Fixed 6 duplicate /gene - gabD_1 gabD_2 gabD_3 gabD_4 gabD_5 gabD_6
[13:29:05] Fixed 2 duplicate /gene - nrtA_1 nrtA_2
[13:29:05] Fixed 2 duplicate /gene - mhqD_1 mhqD_2
[13:29:05] Fixed 5 duplicate /gene - ros_1 ros_2 ros_3 ros_4 ros_5
[13:29:05] Fixed 7 duplicate /gene - puuB_1 puuB_2 puuB_3 puuB_4 puuB_5 puuB_6 puuB_7
[13:29:05] Fixed 2 duplicate /gene - coxM_1 coxM_2
[13:29:05] Fixed 3 duplicate /gene - map_1 map_2 map_3
[13:29:05] Fixed 2 duplicate /gene - phaA_1 phaA_2
[13:29:05] Fixed 4 duplicate /gene - omp2b_1 omp2b_2 omp2b_3 omp2b_4
[13:29:05] Fixed 4 duplicate /gene - xylH_1 xylH_2 xylH_3 xylH_4
[13:29:05] Fixed 2 duplicate /gene - mltC_1 mltC_2
[13:29:05] Fixed 10 duplicate /gene - gsiC_1 gsiC_2 gsiC_3 gsiC_4 gsiC_5 gsiC_6 gsiC_7 gsiC_8 gsiC_9 gsiC_10
[13:29:05] Fixed 2 duplicate /gene - fabI_1 fabI_2
[13:29:05] Fixed 2 duplicate /gene - ybjJ_1 ybjJ_2
[13:29:05] Fixed 11 duplicate /gene - pgrR_1 pgrR_2 pgrR_3 pgrR_4 pgrR_5 pgrR_6 pgrR_7 pgrR_8 pgrR_9 pgrR_10 pgrR_11
[13:29:05] Fixed 2 duplicate /gene - yknY_1 yknY_2
[13:29:05] Fixed 3 duplicate /gene - hemN_1 hemN_2 hemN_3
[13:29:05] Fixed 2 duplicate /gene - fusA_1 fusA_2
[13:29:05] Fixed 2 duplicate /gene - comR_1 comR_2
[13:29:05] Fixed 2 duplicate /gene - gspK_1 gspK_2
[13:29:05] Fixed 2 duplicate /gene - tctD_1 tctD_2
[13:29:05] Fixed 2 duplicate /gene - fdhL_1 fdhL_2
[13:29:05] Fixed 2 duplicate /gene - namA_1 namA_2
[13:29:05] Fixed 2 duplicate /gene - add2_1 add2_2
[13:29:05] Fixed 5 duplicate /gene - oatA_1 oatA_2 oatA_3 oatA_4 oatA_5
[13:29:05] Fixed 2 duplicate /gene - phrA_1 phrA_2
[13:29:05] Fixed 3 duplicate /gene - hyuC_1 hyuC_2 hyuC_3
[13:29:05] Fixed 2 duplicate /gene - hcrA_1 hcrA_2
[13:29:05] Fixed 4 duplicate /gene - fabF_1 fabF_2 fabF_3 fabF_4
[13:29:05] Fixed 2 duplicate /gene - hspA_1 hspA_2
[13:29:05] Fixed 4 duplicate /gene - potH_1 potH_2 potH_3 potH_4
[13:29:05] Fixed 3 duplicate /gene - lcfB_1 lcfB_2 lcfB_3
[13:29:05] Fixed 11 duplicate /gene - mglA_1 mglA_2 mglA_3 mglA_4 mglA_5 mglA_6 mglA_7 mglA_8 mglA_9 mglA_10 mglA_11
[13:29:05] Fixed 13 duplicate /gene - ydcV_1 ydcV_2 ydcV_3 ydcV_4 ydcV_5 ydcV_6 ydcV_7 ydcV_8 ydcV_9 ydcV_10 ydcV_11 ydcV_12 ydcV_13
[13:29:05] Fixed 2 duplicate /gene - ytcD_1 ytcD_2
[13:29:05] Fixed 2 duplicate /gene - mrcA_1 mrcA_2
[13:29:05] Fixed 2 duplicate /gene - atm1_1 atm1_2
[13:29:05] Fixed 5 duplicate /gene - rspR_1 rspR_2 rspR_3 rspR_4 rspR_5
[13:29:05] Fixed 2 duplicate /gene - echA8_1 echA8_2
[13:29:05] Fixed 4 duplicate /gene - deoR_1 deoR_2 deoR_3 deoR_4
[13:29:05] Fixed 5 duplicate /gene - sugA_1 sugA_2 sugA_3 sugA_4 sugA_5
[13:29:05] Fixed 2 duplicate /gene - ackA_1 ackA_2
[13:29:05] Fixed 2 duplicate /gene - kynB_1 kynB_2
[13:29:05] Fixed 2 duplicate /gene - hisD_1 hisD_2
[13:29:05] Fixed 2 duplicate /gene - accA1_1 accA1_2
[13:29:05] Fixed 2 duplicate /gene - proC_1 proC_2
[13:29:05] Fixed 3 duplicate /gene - pld1_1 pld1_2 pld1_3
[13:29:05] Fixed 2 duplicate /gene - glmM_1 glmM_2
[13:29:05] Fixed 2 duplicate /gene - higB-1_1 higB-1_2
[13:29:05] Fixed 2 duplicate /gene - efp_1 efp_2
[13:29:05] Fixed 2 duplicate /gene - coaA_1 coaA_2
[13:29:05] Fixed 3 duplicate /gene - gloA_1 gloA_2 gloA_3
[13:29:05] Fixed 2 duplicate /gene - cpo_1 cpo_2
[13:29:05] Fixed 2 duplicate /gene - pldh-t_1 pldh-t_2
[13:29:05] Fixed 2 duplicate /gene - gltX1_1 gltX1_2
[13:29:05] Fixed 16 duplicate /gene - lrp_1 lrp_2 lrp_3 lrp_4 lrp_5 lrp_6 lrp_7 lrp_8 lrp_9 lrp_10 lrp_11 lrp_12 lrp_13 lrp_14 lrp_15 lrp_16
[13:29:05] Fixed 3 duplicate /gene - ntaA_1 ntaA_2 ntaA_3
[13:29:05] Fixed 2 duplicate /gene - hbpA_1 hbpA_2
[13:29:05] Fixed 2 duplicate /gene - stcD_1 stcD_2
[13:29:05] Fixed 2 duplicate /gene - rpaR_1 rpaR_2
[13:29:05] Fixed 2 duplicate /gene - rhaM_1 rhaM_2
[13:29:05] Fixed 2 duplicate /gene - glnM_1 glnM_2
[13:29:05] Fixed 3 duplicate /gene - prsD_1 prsD_2 prsD_3
[13:29:05] Fixed 2 duplicate /gene - fbcH_1 fbcH_2
[13:29:05] Fixed 2 duplicate /gene - atpF_1 atpF_2
[13:29:05] Fixed 2 duplicate /gene - phoB_1 phoB_2
[13:29:05] Fixed 2 duplicate /gene - ymdB_1 ymdB_2
[13:29:05] Fixed 2 duplicate /gene - nsrR_1 nsrR_2
[13:29:05] Fixed 2 duplicate /gene - murG_1 murG_2
[13:29:05] Fixed 6 duplicate /gene - glpR_1 glpR_2 glpR_3 glpR_4 glpR_5 glpR_6
[13:29:05] Fixed 2 duplicate /gene - davD_1 davD_2
[13:29:05] Fixed 5 duplicate /gene - rclR_1 rclR_2 rclR_3 rclR_4 rclR_5
[13:29:05] Fixed 2 duplicate /gene - nifK_1 nifK_2
[13:29:05] Fixed 7 duplicate /gene - mtgB_1 mtgB_2 mtgB_3 mtgB_4 mtgB_5 mtgB_6 mtgB_7
[13:29:05] Fixed 3 duplicate /gene - mtlK_1 mtlK_2 mtlK_3
[13:29:05] Fixed 2 duplicate /gene - cypM_1 cypM_2
[13:29:05] Fixed 17 duplicate /gene - gcvA_1 gcvA_2 gcvA_3 gcvA_4 gcvA_5 gcvA_6 gcvA_7 gcvA_8 gcvA_9 gcvA_10 gcvA_11 gcvA_12 gcvA_13 gcvA_14 gcvA_15 gcvA_16 gcvA_17
[13:29:05] Fixed 4 duplicate /gene - oppF_1 oppF_2 oppF_3 oppF_4
[13:29:05] Fixed 2 duplicate /gene - gph_1 gph_2
[13:29:05] Fixed 6 duplicate /gene - bepA_1 bepA_2 bepA_3 bepA_4 bepA_5 bepA_6
[13:29:05] Fixed 2 duplicate /gene - gnl_1 gnl_2
[13:29:05] Fixed 3 duplicate /gene - yheS_1 yheS_2 yheS_3
[13:29:05] Fixed 4 duplicate /gene - ydjH_1 ydjH_2 ydjH_3 ydjH_4
[13:29:05] Fixed 2 duplicate /gene - hemA_1 hemA_2
[13:29:05] Fixed 6 duplicate /gene - alkJ_1 alkJ_2 alkJ_3 alkJ_4 alkJ_5 alkJ_6
[13:29:05] Fixed 2 duplicate /gene - rlmB_1 rlmB_2
[13:29:05] Fixed 16 duplicate /gene - rcsC_1 rcsC_2 rcsC_3 rcsC_4 rcsC_5 rcsC_6 rcsC_7 rcsC_8 rcsC_9 rcsC_10 rcsC_11 rcsC_12 rcsC_13 rcsC_14 rcsC_15 rcsC_16
[13:29:05] Fixed 2 duplicate /gene - aspC_1 aspC_2
[13:29:05] Fixed 2 duplicate /gene - mdeA_1 mdeA_2
[13:29:05] Fixed 3 duplicate /gene - virB4_1 virB4_2 virB4_3
[13:29:05] Fixed 2 duplicate /gene - menF_1 menF_2
[13:29:05] Fixed 2 duplicate /gene - fabH_1 fabH_2
[13:29:05] Fixed 3 duplicate /gene - virD4_1 virD4_2 virD4_3
[13:29:05] Fixed 2 duplicate /gene - alaS_1 alaS_2
[13:29:05] Fixed 2 duplicate /gene - hmuV_1 hmuV_2
[13:29:05] Fixed 4 duplicate /gene - gabR_1 gabR_2 gabR_3 gabR_4
[13:29:05] Fixed 4 duplicate /gene - yabJ_1 yabJ_2 yabJ_3 yabJ_4
[13:29:05] Fixed 3 duplicate /gene - greA_1 greA_2 greA_3
[13:29:05] Fixed 2 duplicate /gene - rutD_1 rutD_2
[13:29:05] Fixed 2 duplicate /gene - fadJ_1 fadJ_2
[13:29:05] Fixed 3 duplicate /gene - gltC_1 gltC_2 gltC_3
[13:29:05] Fixed 14 duplicate /gene - frcA_1 frcA_2 frcA_3 frcA_4 frcA_5 frcA_6 frcA_7 frcA_8 frcA_9 frcA_10 frcA_11 frcA_12 frcA_13 frcA_14
[13:29:05] Fixed 3 duplicate /gene - dapH_1 dapH_2 dapH_3
[13:29:05] Fixed 3 duplicate /gene - corA_1 corA_2 corA_3
[13:29:05] Fixed 3 duplicate /gene - rhaR_1 rhaR_2 rhaR_3
[13:29:05] Fixed 2 duplicate /gene - metXA_1 metXA_2
[13:29:05] Fixed 2 duplicate /gene - murQ_1 murQ_2
[13:29:05] Fixed 4 duplicate /gene - slyA_1 slyA_2 slyA_3 slyA_4
[13:29:05] Fixed 2 duplicate /gene - ctaB_1 ctaB_2
[13:29:05] Fixed 8 duplicate /gene - fliY_1 fliY_2 fliY_3 fliY_4 fliY_5 fliY_6 fliY_7 fliY_8
[13:29:05] Fixed 2 duplicate /gene - ugpB_1 ugpB_2
[13:29:05] Fixed 2 duplicate /gene - ppa_1 ppa_2
[13:29:05] Fixed 2 duplicate /gene - sigK_1 sigK_2
[13:29:05] Fixed 2 duplicate /gene - dnaA_1 dnaA_2
[13:29:05] Fixed 2 duplicate /gene - bamA_1 bamA_2
[13:29:05] Fixed 2 duplicate /gene - traC_1 traC_2
[13:29:05] Fixed 9 duplicate /gene - hisC_1 hisC_2 hisC_3 hisC_4 hisC_5 hisC_6 hisC_7 hisC_8 hisC_9
[13:29:05] Fixed 5 duplicate /gene - tam_1 tam_2 tam_3 tam_4 tam_5
[13:29:05] Fixed 2 duplicate /gene - queC_1 queC_2
[13:29:05] Fixed 4 duplicate /gene - xerD_1 xerD_2 xerD_3 xerD_4
[13:29:05] Fixed 5 duplicate /gene - iolE_1 iolE_2 iolE_3 iolE_4 iolE_5
[13:29:05] Fixed 2 duplicate /gene - uppP_1 uppP_2
[13:29:05] Fixed 2 duplicate /gene - mmgC_1 mmgC_2
[13:29:05] Fixed 2 duplicate /gene - arcB_1 arcB_2
[13:29:05] Fixed 2 duplicate /gene - clpB_1 clpB_2
[13:29:05] Fixed 20 duplicate /gene - ugpC_1 ugpC_2 ugpC_3 ugpC_4 ugpC_5 ugpC_6 ugpC_7 ugpC_8 ugpC_9 ugpC_10 ugpC_11 ugpC_12 ugpC_13 ugpC_14 ugpC_15 ugpC_16 ugpC_17 ugpC_18 ugpC_19 ugpC_20
[13:29:05] Fixed 8 duplicate /gene - lutR_1 lutR_2 lutR_3 lutR_4 lutR_5 lutR_6 lutR_7 lutR_8
[13:29:05] Fixed 4 duplicate /gene - potD_1 potD_2 potD_3 potD_4
[13:29:05] Fixed 2 duplicate /gene - fni_1 fni_2
[13:29:05] Fixed 3 duplicate /gene - prmA_1 prmA_2 prmA_3
[13:29:05] Fixed 4 duplicate /gene - ibpA_1 ibpA_2 ibpA_3 ibpA_4
[13:29:05] Fixed 2 duplicate /gene - dinB_1 dinB_2
[13:29:05] Fixed 2 duplicate /gene - blh_1 blh_2
[13:29:05] Fixed 2 duplicate /gene - cobU_1 cobU_2
[13:29:05] Fixed 2 duplicate /gene - sucC_1 sucC_2
[13:29:05] Fixed 2 duplicate /gene - mgtA_1 mgtA_2
[13:29:05] Fixed 2 duplicate /gene - trxB_1 trxB_2
[13:29:05] Fixed 4 duplicate /gene - hutH_1 hutH_2 hutH_3 hutH_4
[13:29:05] Fixed 2 duplicate /gene - hcaE_1 hcaE_2
[13:29:05] Fixed 2 duplicate /gene - gltD_1 gltD_2
[13:29:05] Fixed 4 duplicate /gene - lsrD_1 lsrD_2 lsrD_3 lsrD_4
[13:29:05] Fixed 2 duplicate /gene - rob_1 rob_2
[13:29:05] Fixed 524 colliding /gene names.
[13:29:05] Adding /locus_tag identifiers
[13:29:05] Assigned 7062 locus_tags to CDS and RNA features.
[13:29:05] Writing outputs to ATCC700743_prokka_clean/
[13:29:12] Generating annotation statistics file
[13:29:12] Generating Genbank and Sequin files
[13:29:12] Running: tbl2asn -V b -a r10k -l paired-ends -M n -N 1 -y 'Annotated using prokka 1.13.3 from https://github.com/tseemann/prokka' -Z ATCC700743_prokka_clean\/ATCC700743\.err -i ATCC700743_prokka_clean\/ATCC700743\.fsa 2> /dev/null
[13:29:23] Deleting unwanted file: ATCC700743_prokka_clean/errorsummary.val
[13:29:23] Deleting unwanted file: ATCC700743_prokka_clean/ATCC700743.dr
[13:29:23] Deleting unwanted file: ATCC700743_prokka_clean/ATCC700743.fixedproducts
[13:29:23] Deleting unwanted file: ATCC700743_prokka_clean/ATCC700743.ecn
[13:29:23] Deleting unwanted file: ATCC700743_prokka_clean/ATCC700743.val
[13:29:23] Repairing broken .GBK output that tbl2asn produces...
[13:29:23] Running: sed 's/COORDINATES: profile/COORDINATES:profile/' < ATCC700743_prokka_clean\/ATCC700743\.gbf > ATCC700743_prokka_clean\/ATCC700743\.gbk
[13:29:23] Deleting unwanted file: ATCC700743_prokka_clean/ATCC700743.gbf
[13:29:23] Output files:
[13:29:23] ATCC700743_prokka_clean/ATCC700743.tbl
[13:29:23] ATCC700743_prokka_clean/ATCC700743.txt
[13:29:23] ATCC700743_prokka_clean/ATCC700743.fna
[13:29:23] ATCC700743_prokka_clean/ATCC700743.tsv
[13:29:23] ATCC700743_prokka_clean/ATCC700743.sqn
[13:29:23] ATCC700743_prokka_clean/ATCC700743.ffn
[13:29:23] ATCC700743_prokka_clean/ATCC700743.gff
[13:29:23] ATCC700743_prokka_clean/ATCC700743.fsa
[13:29:23] ATCC700743_prokka_clean/ATCC700743.faa
[13:29:23] ATCC700743_prokka_clean/ATCC700743.gbk
[13:29:23] ATCC700743_prokka_clean/ATCC700743.log
[13:29:23] ATCC700743_prokka_clean/ATCC700743.err
[13:29:23] Annotation finished successfully.
[13:29:23] Walltime used: 2.97 minutes
[13:29:23] If you use this result please cite the Prokka paper:
[13:29:23] Seemann T (2014) Prokka: rapid prokaryotic genome annotation. Bioinformatics. 30(14):2068-9.
[13:29:23] Type 'prokka --citation' for more details.
[13:29:23] Thank you, come again.
